Total count: 180, Total time: 2799.49s
5.9650
16.8967
2.7082
9.9863
4.2478
17.6590
2.8282
17.6016
3.5451
20.7024
1.9741
7.1994
4.6785
17.7066
2.2893
6.6965
4.7671
16.7530
1.4788
12.6317
4.2436
19.4651
3.7737
9.6875
4.8419
20.1562
1.6392
8.1725
4.2777
16.1811
2.8766
11.2319
4.7723
18.3890
4.1265
17.2920
5.0343
15.6418
1.4381
12.2583
5.8028
22.8529
2.1718
12.9525
3.7369
20.7085
6.0391
18.9172
5.1894
38.3435
1.8589
18.5525
4.3038
28.9955
2.9614
24.9609
7.9208
27.5656
2.3582
18.3102
7.1739
30.0647
2.1584
21.7468
4.4934
38.2643
8.2981
20.5308
5.5499
29.5651
2.9745
26.2380
5.5687
30.6783
3.5555
26.4124
5.2679
31.6361
4.0092
28.9840
13.4470
29.3378
4.4649
22.0849
5.0860
32.2654
1.9196
23.2544
6.0894
41.6025
1.9142
22.2465
5.0506
47.2527
2.0172
26.8542
5.6811
32.8346
1.3696
21.3637
5.9501
35.0860
3.4656
27.3503
6.1396
41.3074
2.1666
31.5754
6.4614
40.7005
3.3011
31.2245
5.3413
40.1196
1.9307
29.8367
4.7299
49.1804
3.9654
28.5801
5.2974
43.2164
4.3525
36.2529
6.5818
43.7038
3.8864
28.4779
5.2504
33.9933
3.6121
28.0385
5.5457
36.6911
3.5550
19.6744
5.2761
34.6350
3.8930
25.9849
4.2650
35.6078
4.3464
24.2732
4.2014
34.9927
2.4125
25.4062
4.8802
40.9923
2.0772
33.2246
5.2179
37.3751
4.3914
23.5392
5.2471
36.3713
4.6880
24.8470
5.0320
36.0074
2.1507
23.0492
7.4236
32.2109
2.1952
20.6493
5.1214
33.9251
4.2524
26.9007
4.2478
48.4017
1.4377
24.0507
4.8328
34.9883
1.9937
28.3034
