443.28	-22.463190	-22.463190
443.28	-22.463190	inf
443.28	-22.463190	inf
443.28	-22.463190	inf
443.28	-22.463190	inf
443.28	-22.463190	inf
443.28	-22.463190	inf
443.28	-22.463190	inf
443.28	-22.463190	inf
443.28	-22.463190	inf
443.29	-22.463190	inf
443.29	-22.463190	inf
443.29	-22.463190	inf
443.29	-22.463190	inf
443.29	-22.463190	inf
443.29	-22.463190	inf
443.29	-22.463190	inf
443.29	-22.463190	inf
443.29	-22.463190	inf
443.29	-22.463190	inf
443.29	-22.463190	inf
443.29	-22.463190	inf
443.29	-22.463190	inf
443.29	-22.463190	inf
443.29	-22.463190	inf
443.29	-22.463190	inf
443.29	-22.463190	inf
443.29	-22.463190	-21.573036
443.29	-22.463190	-22.316658
443.29	-22.463190	-22.316658
831.05	inf	-22.316658
831.05	inf	-22.316658
831.05	inf	-22.316658
831.05	inf	-22.316658
831.05	-16.889370	-22.316658
831.05	-16.889370	-22.316658
831.05	-16.889370	-22.316658
831.05	-16.889370	-22.316658
831.05	-16.889370	-22.316658
831.05	-16.889370	-22.316658
831.05	-16.889370	-22.316658
831.05	-16.889370	-22.316658
831.05	-16.889370	-22.316658
831.05	-16.889370	-22.316658
831.05	-16.889370	-22.316658
831.05	-16.889370	-22.316658
831.05	-22.100720	-22.352016
831.05	-22.475850	-22.427042
831.05	-22.475850	-22.455786
831.05	-22.475850	-22.455786
831.05	-22.475850	-22.455786
831.05	-22.475850	-22.455786
831.05	-22.475850	-22.455786
831.05	-22.475850	-22.455786
831.05	-22.475850	-22.455786
831.05	-22.475850	-22.455786
831.05	-22.475850	-22.455786
831.05	-22.475850	-22.455786
831.05	-22.475850	-22.455786
831.05	-22.475850	-22.455786
1277.89	-22.425640	-22.458856
1277.89	-22.464530	-22.466634
1277.89	-22.477900	-22.470298
1277.89	-22.477900	-22.470298
1277.89	-22.477900	-22.470298
1277.89	-22.477900	-22.470298
1277.89	-22.477900	-22.470298
1277.89	-22.477900	-22.470298
1277.89	-22.477900	-22.470298
1277.89	-22.477900	-22.470298
1277.89	-22.477900	-22.470298
1277.89	-22.477900	-22.470298
1277.89	-22.477900	-22.470298
1277.89	-22.477900	-22.470298
1277.89	-22.477900	-22.470298
1277.89	-22.477900	-22.470298
1277.90	-22.477900	-22.470298
1277.90	-22.477900	-22.470298
1277.90	-22.477900	-22.470298
1277.90	-22.477900	-22.470298
1277.90	-22.477900	-22.470298
1277.90	-22.477900	-22.470298
1277.90	-22.477900	-22.470298
1277.90	-22.477900	-22.470298
1277.90	-22.477900	-22.470298
1277.90	-22.477900	-22.470298
1277.90	-22.477900	-22.470298
1277.90	-22.477900	-22.470298
1277.90	-22.477900	-22.470298
1277.90	-22.477900	-22.470298
1277.90	-22.477900	-22.470298
1702.73	-22.466550	-22.470970
1702.74	-22.466550	-22.470970
1702.74	-22.466550	-22.470970
1702.74	-22.466550	-22.470970
1702.74	-22.466550	-22.470970
1702.74	-22.466550	-22.470970
1702.74	-22.466550	-22.470970
1702.74	-22.466550	-22.470970
1702.74	-22.466550	-22.470970
1702.74	-22.466550	-22.470970
1702.74	-22.466550	-22.470970
1702.74	-22.466550	-22.470970
1702.74	-22.466550	-22.470970
1702.74	-22.466550	-22.470970
1702.74	-22.466550	-22.470970
1702.74	-22.466550	-22.470970
1702.74	-22.466550	-22.470970
1702.74	-22.466550	-22.470970
1702.74	-22.466550	-22.470970
1702.74	-22.466550	-22.470970
1702.74	-22.466550	-22.470970
1702.74	-22.466550	-22.470970
1702.74	-22.466550	-22.470970
1702.74	-22.466550	-22.470970
1702.74	-22.466550	-22.470970
1702.75	-22.466550	-22.470970
1702.75	-22.466550	-22.470970
1702.75	-22.466550	-22.470970
1702.75	-22.466550	-22.470970
1702.75	-22.466550	-22.470970
1702.75	-22.477900	-22.470970
2344.59	inf	-22.470970
2344.59	inf	-22.470970
2344.59	inf	-22.470970
2344.59	inf	-22.470970
2344.59	inf	-22.470970
2344.59	-16.393120	-22.470970
2344.59	-22.415260	-22.470970
2344.59	-22.415260	-22.470970
2344.59	-22.463760	-22.470970
2344.59	-22.463760	-22.470970
2344.59	-22.463760	-22.470970
2344.59	-22.463760	-22.470970
2344.59	-22.463760	-22.470970
2344.59	-22.463760	-22.470970
2344.59	-22.463760	-22.470970
2344.59	-22.463760	-22.470970
2344.59	-22.463760	-22.470970
2344.59	-22.463760	-22.470970
2344.59	-22.463760	-22.470970
2344.59	-22.463760	-22.470970
2344.59	-22.463760	-22.470970
2344.59	-22.463760	-22.470970
2344.59	-22.463760	-22.470970
2344.59	-22.463760	-22.470970
2344.59	-22.463760	-22.470970
2344.59	-22.463760	-22.470970
2344.59	-22.463760	-22.470970
2344.59	-22.463760	-22.470970
2344.59	-22.463760	-22.470970
2344.59	-22.463760	-22.470970
2344.59	-22.477900	-22.470970
2738.24	-22.296400	-22.470970
2738.24	-22.296400	-22.470970
2738.24	-22.296400	-22.470970
2738.24	-22.296400	-22.470970
2738.24	-22.296400	-22.470970
2738.24	-22.296400	-22.470970
2738.24	-22.296400	-22.470970
2738.24	-22.296400	-22.470970
2738.24	-22.296400	-22.470970
2738.24	-22.296400	-22.470970
2738.24	-22.296400	-22.470970
2738.24	-22.296400	-22.470970
2738.24	-22.296400	-22.470970
2738.24	-22.296400	-22.470970
2738.24	-22.296400	-22.470970
2738.24	-22.296400	-22.470970
2738.24	-22.296400	-22.470970
2738.24	-22.296400	-22.470970
2738.24	-22.296400	-22.470970
2738.24	-22.296400	-22.470970
2738.24	-22.296400	-22.470970
2738.24	-22.296400	-22.470970
2738.24	-22.296400	-22.470970
2738.24	-22.296400	-22.470970
2738.25	-22.296400	-22.470970
2738.25	-22.296400	-22.470970
2738.25	-22.296400	-22.470970
2738.25	-22.296400	-22.470970
2738.25	-22.296400	-22.470970
2738.25	-22.296400	-22.470970
2738.25	-22.477900	-22.470970
3209.09	-22.468660	-22.471796
3209.09	-22.468660	-22.471796
3209.09	-22.468660	-22.471796
3209.09	-22.468660	-22.471796
3209.09	-22.468660	-22.471796
3209.09	-22.468660	-22.471796
3209.09	-22.468660	-22.471796
3209.09	-22.468660	-22.471796
3209.09	-22.468660	-22.471796
3209.09	-22.468660	-22.471796
3209.09	-22.468660	-22.471796
3209.09	-22.468660	-22.471796
3209.09	-22.468660	-22.471796
3209.09	-22.468660	-22.471796
3209.09	-22.468660	-22.471796
3209.09	-22.468660	-22.471796
3209.10	-22.468660	-22.471796
3209.10	-22.468660	-22.471796
3209.10	-22.468660	-22.471796
3209.10	-22.468660	-22.471796
3209.10	-22.468660	-22.471796
3209.10	-22.468660	-22.471796
3209.10	-22.468660	-22.471796
3209.10	-22.468660	-22.471796
3209.10	-22.468660	-22.471796
3209.10	-22.468660	-22.471796
3209.10	-22.468660	-22.471796
3209.10	-22.468660	-22.471796
3209.10	-22.468660	-22.471796
3209.10	-22.468660	-22.471796
3209.10	-22.477900	-22.471796
3648.55	inf	-22.471796
3648.55	inf	-22.471796
3648.55	inf	-22.471796
3648.55	inf	-22.471796
3648.55	inf	-22.471796
3648.55	-22.000040	-22.471796
3648.55	-22.451900	-22.471796
3648.55	-22.465270	-22.471796
3648.55	-22.465270	-22.471796
3648.55	-22.465270	-22.471796
3648.55	-22.465270	-22.471796
3648.55	-22.465270	-22.471796
3648.55	-22.465270	-22.471796
3648.55	-22.465270	-22.471796
3648.55	-22.465270	-22.471796
3648.55	-22.465270	-22.471796
3648.56	-22.465270	-22.471796
3648.56	-22.465270	-22.471796
3648.56	-22.465270	-22.471796
3648.56	-22.465270	-22.471796
3648.56	-22.465270	-22.471796
3648.56	-22.465270	-22.471796
3648.56	-22.465270	-22.471796
3648.56	-22.465270	-22.471796
3648.56	-22.465270	-22.471796
3648.56	-22.465270	-22.471796
3648.56	-22.465270	-22.471796
3648.56	-22.465270	-22.471796
3648.56	-22.465270	-22.471796
3648.56	-22.465270	-22.471796
3648.56	-22.477900	-22.471796
4233.23	inf	-22.471796
4233.23	inf	-22.471796
4233.23	inf	-22.471796
4233.23	inf	-22.471796
4233.23	inf	-22.471796
4233.23	inf	-22.471796
4233.23	inf	-22.471796
4233.23	inf	-22.471796
4233.24	inf	-22.471796
4233.24	inf	-22.471796
4233.24	inf	-22.471796
4233.24	inf	-22.471796
4233.24	inf	-22.471796
4233.24	inf	-22.471796
4233.24	inf	-22.471796
4233.24	inf	-22.471796
4233.24	inf	-22.471796
4233.24	inf	-22.471796
4233.24	-16.801540	-22.471796
4233.24	-16.801540	-22.471796
4233.24	-16.801540	-22.471796
4233.24	-18.446850	-22.471796
4233.24	-18.446850	-22.471796
4233.24	-18.446850	-22.471796
4233.24	-18.446850	-22.471796
4233.24	-18.446850	-22.471796
4233.24	-22.443790	-22.471796
4233.24	-22.454310	-22.471796
4233.24	-22.454310	-22.471796
4233.24	-22.460100	-22.471796
4233.24	-22.477900	-22.471796
4742.09	inf	-22.471796
4742.09	-22.450810	-22.471796
4742.09	-22.462750	-22.471796
4742.09	-22.462750	-22.471796
4742.09	-22.462750	-22.471796
4742.09	-22.462750	-22.471796
4742.09	-22.462750	-22.471796
4742.09	-22.462750	-22.471796
4742.09	-22.462750	-22.471796
4742.09	-22.462750	-22.471796
4742.09	-22.462750	-22.471796
4742.09	-22.462750	-22.471796
4742.09	-22.462750	-22.471796
4742.09	-22.462750	-22.471796
4742.09	-22.462750	-22.471796
4742.09	-22.462750	-22.471796
4742.09	-22.462750	-22.471796
4742.09	-22.462750	-22.471796
4742.09	-22.462750	-22.471796
4742.09	-22.462750	-22.471796
4742.09	-22.462750	-22.471796
4742.09	-22.462750	-22.471796
4742.09	-22.462750	-22.471796
4742.09	-22.462750	-22.471796
4742.09	-22.462750	-22.471796
4742.09	-22.462750	-22.471796
4742.09	-22.462750	-22.471796
4742.09	-22.462750	-22.471796
4742.09	-22.462750	-22.471796
4742.09	-22.462750	-22.471796
4742.09	-22.477900	-22.471796
5245.89	inf	-22.471796
5245.89	inf	-22.471796
5245.89	inf	-22.471796
5245.89	inf	-22.471796
5245.89	inf	-22.471796
5245.89	inf	-22.471796
5245.89	inf	-22.471796
5245.89	inf	-22.471796
5245.89	inf	-22.471796
5245.89	inf	-22.471796
5245.89	inf	-22.471796
5245.89	inf	-22.471796
5245.89	inf	-22.471796
5245.89	inf	-22.471796
5245.89	inf	-22.471796
5245.89	inf	-22.471796
5245.89	inf	-22.471796
5245.90	inf	-22.471796
5245.90	inf	-22.471796
5245.90	-22.215360	-22.471796
5245.90	-22.215360	-22.471796
5245.90	-22.215360	-22.471796
5245.90	-22.215360	-22.471796
5245.90	-22.215360	-22.471796
5245.90	-22.215360	-22.471796
5245.90	-22.215360	-22.471796
5245.90	-22.215360	-22.471796
5245.90	-22.215360	-22.471796
5245.90	-22.215360	-22.471796
5245.90	-22.215360	-22.471796
5245.90	-22.477900	-22.471796
5715.14	-15.963590	-22.471796
5715.14	-21.771380	-22.471796
5715.14	-21.771380	-22.471796
5715.14	-21.771380	-22.471796
5715.14	-21.771380	-22.471796
5715.14	-21.771380	-22.471796
5715.14	-21.771380	-22.471796
5715.14	-21.771380	-22.471796
5715.14	-21.771380	-22.471796
5715.14	-21.771380	-22.471796
5715.14	-21.771380	-22.471796
5715.14	-21.771380	-22.471796
5715.14	-21.771380	-22.471796
5715.14	-21.771380	-22.471796
5715.14	-21.771380	-22.471796
5715.14	-21.771380	-22.471796
5715.14	-21.771380	-22.471796
5715.14	-21.771380	-22.471796
5715.14	-21.771380	-22.471796
5715.14	-21.771380	-22.471796
5715.14	-21.771380	-22.471796
5715.14	-21.771380	-22.471796
5715.14	-21.771380	-22.471796
5715.14	-21.771380	-22.471796
5715.14	-21.771380	-22.471796
5715.14	-21.771380	-22.471796
5715.14	-21.771380	-22.471796
5715.14	-21.771380	-22.471796
5715.14	-21.771380	-22.471796
5715.14	-21.771380	-22.471796
5715.14	-22.477900	-22.471796
6069.67	-21.750650	-22.471796
6069.67	-21.750650	-22.471796
6069.67	-21.750650	-22.471796
6069.67	-21.750650	-22.471796
6069.67	-21.750650	-22.471796
6069.67	-21.750650	-22.471796
6069.67	-21.750650	-22.471796
6069.67	-21.750650	-22.471796
6069.67	-21.750650	-22.471796
6069.67	-21.750650	-22.471796
6069.67	-21.750650	-22.471796
6069.67	-21.750650	-22.471796
6069.67	-21.750650	-22.471796
6069.67	-21.750650	-22.471796
6069.67	-21.750650	-22.471796
6069.67	-21.750650	-22.471796
6069.67	-21.750650	-22.471796
6069.67	-21.750650	-22.471796
6069.68	-21.750650	-22.471796
6069.68	-21.750650	-22.471796
6069.68	-21.750650	-22.471796
6069.68	-21.750650	-22.471796
6069.68	-21.750650	-22.471796
6069.68	-21.750650	-22.471796
6069.68	-21.750650	-22.471796
6069.68	-21.750650	-22.471796
6069.68	-21.750650	-22.471796
6069.68	-21.750650	-22.471796
6069.68	-21.750650	-22.471796
6069.68	-21.750650	-22.471796
6069.68	-22.477900	-22.471796
6579.96	-22.028610	-22.471796
6579.96	-22.460420	-22.471796
6579.96	-22.460420	-22.471796
6579.96	-22.460420	-22.471796
6579.96	-22.460420	-22.471796
6579.96	-22.460420	-22.471796
6579.96	-22.460420	-22.471796
6579.96	-22.460420	-22.471796
6579.96	-22.460420	-22.471796
6579.96	-22.460420	-22.471796
6579.96	-22.460420	-22.471796
6579.96	-22.460420	-22.471796
6579.96	-22.460420	-22.471796
6579.96	-22.460420	-22.471796
6579.96	-22.460420	-22.471796
6579.96	-22.460420	-22.471796
6579.96	-22.460420	-22.471796
6579.96	-22.460420	-22.471796
6579.96	-22.460420	-22.471796
6579.96	-22.460870	-22.471796
6579.96	-22.463760	-22.471796
6579.96	-22.463760	-22.471796
6579.96	-22.463760	-22.471796
6579.96	-22.463760	-22.471796
6579.96	-22.463760	-22.471796
6579.97	-22.463760	-22.471796
6579.97	-22.463760	-22.471796
6579.97	-22.463760	-22.471796
6579.97	-22.463760	-22.471796
6579.97	-22.463760	-22.471796
6579.97	-22.477900	-22.471796
7021.15	-22.365730	-22.471796
7021.15	-22.412450	-22.471796
7021.15	-22.475550	-22.473596
7021.16	-22.475550	-22.473596
7021.16	-22.475550	-22.473596
7021.16	-22.475550	-22.473596
7021.16	-22.475550	-22.473596
7021.16	-22.475550	-22.473596
7021.16	-22.475550	-22.473596
7021.16	-22.475550	-22.473596
7021.16	-22.475550	-22.473596
7021.16	-22.475550	-22.473596
7021.16	-22.475550	-22.473596
7021.16	-22.475550	-22.473596
7021.16	-22.475550	-22.473596
7021.16	-22.475550	-22.473596
7021.16	-22.475550	-22.473596
7021.16	-22.475550	-22.473596
7021.16	-22.475550	-22.473596
7021.16	-22.475550	-22.473596
7021.16	-22.475550	-22.473596
7021.16	-22.475550	-22.473596
7021.16	-22.475550	-22.473596
7021.16	-22.475550	-22.473596
7021.16	-22.475550	-22.473596
7021.16	-22.475550	-22.473596
7021.16	-22.475550	-22.473596
7021.16	-22.475550	-22.473596
7021.16	-22.475550	-22.473596
7021.16	-22.475550	-22.473596
7021.16	-22.477900	-22.473596
7408.90	-22.459820	-22.473596
7408.90	-22.459820	-22.473596
7408.90	-22.459820	-22.473596
7408.90	-22.459820	-22.473596
7408.90	-22.459820	-22.473596
7408.90	-22.459820	-22.473596
7408.90	-22.459820	-22.473596
7408.90	-22.459820	-22.473596
7408.90	-22.459820	-22.473596
7408.90	-22.459820	-22.473596
7408.90	-22.459820	-22.473596
7408.90	-22.459820	-22.473596
7408.90	-22.459820	-22.473596
7408.90	-22.459820	-22.473596
7408.90	-22.459820	-22.473596
7408.90	-22.459820	-22.473596
7408.90	-22.478960	-22.475656
7408.90	-22.478960	-22.475656
7408.90	-22.478960	-22.475656
7408.90	-22.478960	-22.475656
7408.90	-22.478960	-22.475656
7408.90	-22.478960	-22.475656
7408.90	-22.478960	-22.475656
7408.90	-22.478960	-22.475656
7408.90	-22.478960	-22.475656
7408.90	-22.478960	-22.475656
7408.90	-22.478960	-22.475656
7408.90	-22.478960	-22.475656
7408.90	-22.478960	-22.475656
7408.90	-22.478960	-22.475656
7408.90	-22.478960	-22.475656
7611.59	inf	-22.475656
7611.59	inf	-22.475656
7611.59	inf	-22.475656
7611.59	inf	-22.475656
7611.59	inf	-22.475656
7611.59	inf	-22.475656
7611.59	inf	-22.475656
7611.60	inf	-22.475656
7611.60	inf	-22.475656
7611.60	inf	-22.475656
7611.60	inf	-22.475656
7611.60	inf	-22.475656
7611.60	inf	-22.475656
7611.60	inf	-22.475656
7611.60	inf	-22.475656
7611.60	inf	-22.475656
7611.60	inf	-22.475656
7611.60	inf	-22.475656
7611.60	inf	-22.475656
7611.60	inf	-22.475656
7611.60	inf	-22.475656
7611.60	inf	-22.475656
7611.60	inf	-22.475656
7611.60	inf	-22.475656
7611.60	inf	-22.475656
7611.60	inf	-22.475656
7611.60	inf	-22.475656
7611.60	inf	-22.475656
7611.60	inf	-22.475656
7611.60	inf	-22.475656
7611.60	-22.478960	-22.475656
7840.86	inf	-22.475656
7840.86	inf	-22.475656
7840.86	inf	-22.475656
7840.87	inf	-22.475656
7840.87	inf	-22.475656
7840.87	inf	-22.475656
7840.87	inf	-22.475656
7840.87	inf	-22.475656
7840.87	inf	-22.475656
7840.87	inf	-22.475656
7840.87	inf	-22.475656
7840.87	inf	-22.475656
7840.87	inf	-22.475656
7840.87	inf	-22.475656
7840.87	inf	-22.475656
7840.87	inf	-22.475656
7840.87	inf	-22.475656
7840.87	inf	-22.475656
7840.87	inf	-22.475656
7840.87	inf	-22.475656
7840.87	inf	-22.475656
7840.87	inf	-22.475656
7840.87	inf	-22.475656
7840.87	inf	-22.475656
7840.87	inf	-22.475656
7840.87	inf	-22.475656
7840.87	inf	-22.475656
7840.87	inf	-22.475656
7840.87	inf	-22.475656
7840.87	inf	-22.475656
7840.87	-22.478960	-22.475656
8082.57	inf	-22.475656
8082.58	inf	-22.475656
8082.58	inf	-22.475656
8082.58	inf	-22.475656
8082.58	inf	-22.475656
8082.58	inf	-22.475656
8082.58	inf	-22.475656
8082.58	inf	-22.475656
8082.58	inf	-22.475656
8082.58	inf	-22.475656
8082.58	inf	-22.475656
8082.58	inf	-22.475656
8082.58	inf	-22.475656
8082.58	inf	-22.475656
8082.58	inf	-22.475656
8082.58	inf	-22.475656
8082.58	inf	-22.475656
8082.58	inf	-22.475656
8082.58	inf	-22.475656
8082.58	inf	-22.475656
8082.58	inf	-22.475656
8082.58	inf	-22.475656
8082.58	inf	-22.475656
8082.58	inf	-22.475656
8082.58	inf	-22.475656
8082.58	inf	-22.475656
8082.58	inf	-22.475656
8082.58	inf	-22.475656
8082.58	inf	-22.475656
8082.58	inf	-22.475656
8082.58	-22.478960	-22.475656
8299.18	inf	-22.475656
8299.18	inf	-22.475656
8299.18	inf	-22.475656
8299.18	inf	-22.475656
8299.18	inf	-22.475656
8299.18	inf	-22.475656
8299.18	inf	-22.475656
8299.18	inf	-22.475656
8299.19	inf	-22.475656
8299.19	inf	-22.475656
8299.19	inf	-22.475656
8299.19	inf	-22.475656
8299.19	inf	-22.475656
8299.19	inf	-22.475656
8299.19	inf	-22.475656
8299.19	inf	-22.475656
8299.19	inf	-22.475656
8299.19	inf	-22.475656
8299.19	inf	-22.475656
8299.19	inf	-22.475656
8299.19	inf	-22.475656
8299.19	inf	-22.475656
8299.19	inf	-22.475656
8299.19	inf	-22.475656
8299.19	inf	-22.475656
8299.19	inf	-22.475656
8299.19	inf	-22.475656
8299.19	inf	-22.475656
8299.19	inf	-22.475656
8299.19	inf	-22.475656
8299.19	-22.478960	-22.475656
8524.97	inf	-22.475656
8524.97	inf	-22.475656
8524.97	inf	-22.475656
8524.97	inf	-22.475656
8524.97	inf	-22.475656
8524.97	inf	-22.475656
8524.97	inf	-22.475656
8524.97	inf	-22.475656
8524.97	inf	-22.475656
8524.97	inf	-22.475656
8524.97	inf	-22.475656
8524.97	inf	-22.475656
8524.97	inf	-22.475656
8524.97	inf	-22.475656
8524.97	inf	-22.475656
8524.97	inf	-22.475656
8524.97	inf	-22.475656
8524.97	inf	-22.475656
8524.97	inf	-22.475656
8524.97	inf	-22.475656
8524.97	inf	-22.475656
8524.97	inf	-22.475656
8524.97	inf	-22.475656
8524.97	inf	-22.475656
8524.97	inf	-22.475656
8524.97	inf	-22.475656
8524.97	inf	-22.475656
8524.97	inf	-22.475656
8524.97	inf	-22.475656
8524.97	inf	-22.475656
8524.97	-22.478960	-22.475656
8754.71	inf	-22.475656
8754.71	inf	-22.475656
8754.71	inf	-22.475656
8754.71	inf	-22.475656
8754.71	inf	-22.475656
8754.71	inf	-22.475656
8754.71	inf	-22.475656
8754.71	inf	-22.475656
8754.71	inf	-22.475656
8754.71	inf	-22.475656
8754.71	inf	-22.475656
8754.71	inf	-22.475656
8754.71	inf	-22.475656
8754.71	inf	-22.475656
8754.71	inf	-22.475656
8754.71	inf	-22.475656
8754.71	inf	-22.475656
8754.71	inf	-22.475656
8754.71	inf	-22.475656
8754.71	inf	-22.475656
8754.71	inf	-22.475656
8754.71	inf	-22.475656
8754.72	-17.199780	-22.475656
8754.72	-17.199780	-22.475656
8754.72	-17.199780	-22.475656
8754.72	-17.199780	-22.475656
8754.72	-17.199780	-22.475656
8754.72	-17.199780	-22.475656
8754.72	-17.199780	-22.475656
8754.72	-17.199780	-22.475656
8754.72	-22.478960	-22.475656
9000.15	inf	-22.475656
9000.15	inf	-22.475656
9000.15	inf	-22.475656
9000.15	-21.633780	-22.475656
9000.15	-21.633780	-22.475656
9000.15	-21.633780	-22.475656
9000.15	-21.633780	-22.475656
9000.15	-21.633780	-22.475656
9000.15	-21.633780	-22.475656
9000.15	-21.633780	-22.475656
9000.15	-21.633780	-22.475656
9000.15	-21.633780	-22.475656
9000.15	-21.633780	-22.475656
9000.15	-21.633780	-22.475656
9000.15	-21.633780	-22.475656
9000.15	-21.633780	-22.475656
9000.15	-21.633780	-22.475656
9000.15	-21.633780	-22.475656
9000.15	-21.633780	-22.475656
9000.15	-21.633780	-22.475656
9000.15	-21.633780	-22.475656
9000.15	-21.633780	-22.475656
9000.15	-21.633780	-22.475656
9000.15	-21.633780	-22.475656
9000.15	-21.633780	-22.475656
9000.16	-21.633780	-22.475656
9000.16	-21.633780	-22.475656
9000.16	-21.633780	-22.475656
9000.16	-21.633780	-22.475656
9000.16	-21.633780	-22.475656
9000.16	-22.478960	-22.475656
9212.78	inf	-22.475656
9212.78	inf	-22.475656
9212.78	inf	-22.475656
9212.78	inf	-22.475656
9212.78	inf	-22.475656
9212.78	inf	-22.475656
9212.78	inf	-22.475656
9212.78	inf	-22.475656
9212.78	inf	-22.475656
9212.78	inf	-22.475656
9212.78	inf	-22.475656
9212.78	inf	-22.475656
9212.78	inf	-22.475656
9212.79	inf	-22.475656
9212.79	inf	-22.475656
9212.79	inf	-22.475656
9212.79	inf	-22.475656
9212.79	inf	-22.475656
9212.79	inf	-22.475656
9212.79	inf	-22.475656
9212.79	inf	-22.475656
9212.79	inf	-22.475656
9212.79	inf	-22.475656
9212.79	inf	-22.475656
9212.79	inf	-22.475656
9212.79	inf	-22.475656
9212.79	inf	-22.475656
9212.79	inf	-22.475656
9212.79	inf	-22.475656
9212.79	inf	-22.475656
9212.79	-22.478960	-22.475656
9413.64	inf	-22.475656
9413.64	inf	-22.475656
9413.64	inf	-22.475656
9413.64	inf	-22.475656
9413.64	inf	-22.475656
9413.64	inf	-22.475656
9413.64	inf	-22.475656
9413.64	inf	-22.475656
9413.64	inf	-22.475656
9413.64	inf	-22.475656
9413.64	inf	-22.475656
9413.64	inf	-22.475656
9413.64	inf	-22.475656
9413.64	inf	-22.475656
9413.64	inf	-22.475656
9413.64	inf	-22.475656
9413.64	inf	-22.475656
9413.64	inf	-22.475656
9413.64	inf	-22.475656
9413.64	inf	-22.475656
9413.64	inf	-22.475656
9413.64	inf	-22.475656
9413.64	inf	-22.475656
9413.64	inf	-22.475656
9413.64	inf	-22.475656
9413.64	inf	-22.475656
9413.64	inf	-22.475656
9413.64	inf	-22.475656
9413.64	inf	-22.475656
9413.64	inf	-22.475656
9413.64	-22.478960	-22.475656
9616.56	inf	-22.475656
9616.56	inf	-22.475656
9616.56	inf	-22.475656
9616.56	inf	-22.475656
9616.56	inf	-22.475656
9616.56	inf	-22.475656
9616.56	inf	-22.475656
9616.56	inf	-22.475656
9616.56	inf	-22.475656
9616.56	inf	-22.475656
9616.56	inf	-22.475656
9616.56	inf	-22.475656
9616.56	inf	-22.475656
9616.56	inf	-22.475656
9616.56	inf	-22.475656
9616.56	inf	-22.475656
9616.56	inf	-22.475656
9616.56	inf	-22.475656
9616.56	inf	-22.475656
9616.56	inf	-22.475656
9616.56	inf	-22.475656
9616.56	inf	-22.475656
9616.56	inf	-22.475656
9616.56	inf	-22.475656
9616.56	inf	-22.475656
9616.56	inf	-22.475656
9616.56	inf	-22.475656
9616.56	inf	-22.475656
9616.56	inf	-22.475656
9616.56	inf	-22.475656
9616.56	-22.478960	-22.475656
9823.54	inf	-22.475656
9823.54	inf	-22.475656
9823.54	inf	-22.475656
9823.54	inf	-22.475656
9823.54	inf	-22.475656
9823.54	inf	-22.475656
9823.54	inf	-22.475656
9823.54	-14.740540	-22.475656
9823.54	-14.740540	-22.475656
9823.54	-14.740540	-22.475656
9823.54	-14.740540	-22.475656
9823.54	-14.740540	-22.475656
9823.54	-14.740540	-22.475656
9823.54	-14.740540	-22.475656
9823.54	-14.740540	-22.475656
9823.54	-14.740540	-22.475656
9823.54	-14.740540	-22.475656
9823.54	-14.740540	-22.475656
9823.54	-14.740540	-22.475656
9823.54	-14.740540	-22.475656
9823.54	-14.740540	-22.475656
9823.54	-14.740540	-22.475656
9823.54	-14.740540	-22.475656
9823.54	-14.740540	-22.475656
9823.54	-14.740540	-22.475656
9823.55	-14.740540	-22.475656
9823.55	-14.740540	-22.475656
9823.55	-14.740540	-22.475656
9823.55	-14.740540	-22.475656
9823.55	-14.740540	-22.475656
9823.55	-22.478960	-22.475656
10043.66	inf	-22.475656
10043.66	inf	-22.475656
10043.66	inf	-22.475656
10043.66	inf	-22.475656
10043.66	-17.730750	-22.475656
10043.66	-17.730750	-22.475656
10043.66	-18.634330	-22.475656
10043.66	-18.634330	-22.475656
10043.66	-18.634330	-22.475656
10043.66	-18.634330	-22.475656
10043.66	-18.634330	-22.475656
10043.66	-18.634330	-22.475656
10043.66	-18.634330	-22.475656
10043.66	-18.634330	-22.475656
10043.66	-18.634330	-22.475656
10043.66	-18.634330	-22.475656
10043.66	-18.634330	-22.475656
10043.66	-18.634330	-22.475656
10043.66	-18.634330	-22.475656
10043.66	-18.634330	-22.475656
10043.66	-18.634330	-22.475656
10043.66	-18.634330	-22.475656
10043.66	-18.634330	-22.475656
10043.66	-18.634330	-22.475656
10043.66	-18.634330	-22.475656
10043.66	-18.634330	-22.475656
10043.66	-18.634330	-22.475656
10043.66	-18.634330	-22.475656
10043.66	-18.634330	-22.475656
10043.66	-18.634330	-22.475656
10043.67	-22.478960	-22.475656
10242.15	inf	-22.475656
10242.15	inf	-22.475656
10242.15	inf	-22.475656
10242.15	inf	-22.475656
10242.15	inf	-22.475656
10242.15	inf	-22.475656
10242.15	inf	-22.475656
10242.15	inf	-22.475656
10242.16	inf	-22.475656
10242.16	inf	-22.475656
10242.16	inf	-22.475656
10242.16	inf	-22.475656
10242.16	inf	-22.475656
10242.16	inf	-22.475656
10242.16	inf	-22.475656
10242.16	inf	-22.475656
10242.16	inf	-22.475656
10242.16	inf	-22.475656
10242.16	inf	-22.475656
10242.16	inf	-22.475656
10242.16	inf	-22.475656
10242.16	inf	-22.475656
10242.16	inf	-22.475656
10242.16	inf	-22.475656
10242.16	inf	-22.475656
10242.16	inf	-22.475656
10242.16	inf	-22.475656
10242.16	inf	-22.475656
10242.16	inf	-22.475656
10242.16	inf	-22.475656
10242.16	-22.478960	-22.475656
10453.49	inf	-22.475656
10453.49	inf	-22.475656
10453.49	inf	-22.475656
10453.49	inf	-22.475656
10453.49	inf	-22.475656
10453.49	inf	-22.475656
10453.49	inf	-22.475656
10453.49	inf	-22.475656
10453.49	inf	-22.475656
10453.49	inf	-22.475656
10453.49	inf	-22.475656
10453.49	inf	-22.475656
10453.49	inf	-22.475656
10453.49	inf	-22.475656
10453.49	inf	-22.475656
10453.49	inf	-22.475656
10453.49	inf	-22.475656
10453.49	inf	-22.475656
10453.49	inf	-22.475656
10453.49	inf	-22.475656
10453.49	inf	-22.475656
10453.49	inf	-22.475656
10453.49	inf	-22.475656
10453.49	inf	-22.475656
10453.49	inf	-22.475656
10453.49	inf	-22.475656
10453.49	inf	-22.475656
10453.49	inf	-22.475656
10453.50	inf	-22.475656
10453.50	inf	-22.475656
10453.50	-22.478960	-22.475656
10699.37	inf	-22.475656
10699.37	inf	-22.475656
10699.37	inf	-22.475656
10699.37	inf	-22.475656
10699.37	inf	-22.475656
10699.37	inf	-22.475656
10699.37	inf	-22.475656
10699.37	inf	-22.475656
10699.37	inf	-22.475656
10699.37	inf	-22.475656
10699.37	inf	-22.475656
10699.37	inf	-22.475656
10699.37	inf	-22.475656
10699.37	-22.191250	-22.475656
10699.37	-22.191250	-22.475656
10699.37	-22.191250	-22.475656
10699.37	-22.191250	-22.475656
10699.37	-22.191250	-22.475656
10699.37	-22.191250	-22.475656
10699.37	-22.191250	-22.475656
10699.37	-22.191250	-22.475656
10699.37	-22.191250	-22.475656
10699.37	-22.191250	-22.475656
10699.37	-22.191250	-22.475656
10699.37	-22.191250	-22.475656
10699.37	-22.191250	-22.475656
10699.37	-22.191250	-22.475656
10699.37	-22.191250	-22.475656
10699.37	-22.191250	-22.475656
10699.37	-22.191250	-22.475656
10699.37	-22.478960	-22.475656
10919.50	inf	-22.475656
10919.50	inf	-22.475656
10919.50	inf	-22.475656
10919.50	inf	-22.475656
10919.50	inf	-22.475656
10919.50	inf	-22.475656
10919.50	inf	-22.475656
10919.50	inf	-22.475656
10919.50	inf	-22.475656
10919.50	inf	-22.475656
10919.50	inf	-22.475656
10919.50	inf	-22.475656
10919.50	inf	-22.475656
10919.50	inf	-22.475656
10919.50	inf	-22.475656
10919.50	inf	-22.475656
10919.50	inf	-22.475656
10919.50	inf	-22.475656
10919.50	inf	-22.475656
10919.50	inf	-22.475656
10919.50	inf	-22.475656
10919.50	inf	-22.475656
10919.50	inf	-22.475656
10919.50	inf	-22.475656
10919.50	inf	-22.475656
10919.50	inf	-22.475656
10919.50	inf	-22.475656
10919.50	inf	-22.475656
10919.50	inf	-22.475656
10919.50	inf	-22.475656
10919.50	-22.478960	-22.475656
11156.82	inf	-22.475656
11156.83	-15.806510	-22.475656
11156.83	-15.806510	-22.475656
11156.83	-15.806510	-22.475656
11156.83	-15.806510	-22.475656
11156.83	-15.806510	-22.475656
11156.83	-15.806510	-22.475656
11156.83	-15.806510	-22.475656
11156.83	-15.806510	-22.475656
11156.83	-15.806510	-22.475656
11156.84	-15.806510	-22.475656
11156.84	-15.806510	-22.475656
11156.84	-15.806510	-22.475656
11156.84	-15.806510	-22.475656
11156.84	-15.806510	-22.475656
11156.84	-15.806510	-22.475656
11156.84	-15.806510	-22.475656
11156.84	-15.806510	-22.475656
11156.84	-15.806510	-22.475656
11156.84	-15.806510	-22.475656
11156.84	-15.806510	-22.475656
11156.84	-15.806510	-22.475656
11156.84	-15.806510	-22.475656
11156.84	-15.806510	-22.475656
11156.84	-15.806510	-22.475656
11156.84	-15.806510	-22.475656
11156.84	-15.806510	-22.475656
11156.84	-15.806510	-22.475656
11156.84	-15.806510	-22.475656
11156.84	-15.806510	-22.475656
11156.84	-22.478960	-22.475656
11367.99	inf	-22.475656
11367.99	inf	-22.475656
11367.99	inf	-22.475656
11367.99	inf	-22.475656
11367.99	inf	-22.475656
11367.99	inf	-22.475656
11367.99	inf	-22.475656
11367.99	inf	-22.475656
11367.99	inf	-22.475656
11367.99	inf	-22.475656
11367.99	inf	-22.475656
11367.99	inf	-22.475656
11367.99	inf	-22.475656
11367.99	inf	-22.475656
11367.99	inf	-22.475656
11367.99	inf	-22.475656
11367.99	inf	-22.475656
11367.99	inf	-22.475656
11367.99	inf	-22.475656
11367.99	inf	-22.475656
11368.00	inf	-22.475656
11368.00	inf	-22.475656
11368.00	inf	-22.475656
11368.00	inf	-22.475656
11368.00	inf	-22.475656
11368.00	inf	-22.475656
11368.00	inf	-22.475656
11368.00	inf	-22.475656
11368.00	inf	-22.475656
11368.00	inf	-22.475656
11368.00	-22.478960	-22.475656
11593.04	inf	-22.475656
11593.04	inf	-22.475656
11593.04	inf	-22.475656
11593.04	inf	-22.475656
11593.04	inf	-22.475656
11593.04	inf	-22.475656
11593.04	inf	-22.475656
11593.04	inf	-22.475656
11593.04	inf	-22.475656
11593.04	inf	-22.475656
11593.05	inf	-22.475656
11593.05	inf	-22.475656
11593.05	inf	-22.475656
11593.05	inf	-22.475656
11593.05	inf	-22.475656
11593.05	inf	-22.475656
11593.05	inf	-22.475656
11593.05	inf	-22.475656
11593.05	inf	-22.475656
11593.05	inf	-22.475656
11593.05	inf	-22.475656
11593.05	inf	-22.475656
11593.05	inf	-22.475656
11593.05	inf	-22.475656
11593.05	inf	-22.475656
11593.05	inf	-22.475656
11593.05	inf	-22.475656
11593.05	inf	-22.475656
11593.05	inf	-22.475656
11593.05	inf	-22.475656
11593.05	-22.478960	-22.475656
11796.96	inf	-22.475656
11796.96	inf	-22.475656
11796.96	inf	-22.475656
11796.96	inf	-22.475656
11796.96	inf	-22.475656
11796.96	inf	-22.475656
11796.96	inf	-22.475656
11796.96	inf	-22.475656
11796.96	inf	-22.475656
11796.96	inf	-22.475656
11796.96	inf	-22.475656
11796.96	inf	-22.475656
11796.96	inf	-22.475656
11796.96	inf	-22.475656
11796.96	inf	-22.475656
11796.96	inf	-22.475656
11796.96	inf	-22.475656
11796.96	inf	-22.475656
11796.96	inf	-22.475656
11796.96	inf	-22.475656
11796.96	inf	-22.475656
11796.96	inf	-22.475656
11796.96	inf	-22.475656
11796.96	inf	-22.475656
11796.96	inf	-22.475656
11796.96	inf	-22.475656
11796.96	inf	-22.475656
11796.96	inf	-22.475656
11796.96	inf	-22.475656
11796.96	inf	-22.475656
11796.96	-22.478960	-22.475656
12034.92	inf	-22.475656
12034.92	inf	-22.475656
12034.92	inf	-22.475656
12034.92	inf	-22.475656
12034.92	inf	-22.475656
12034.92	inf	-22.475656
12034.92	inf	-22.475656
12034.92	inf	-22.475656
12034.92	inf	-22.475656
12034.92	inf	-22.475656
12034.92	inf	-22.475656
12034.92	inf	-22.475656
12034.92	inf	-22.475656
12034.92	inf	-22.475656
12034.92	inf	-22.475656
12034.92	inf	-22.475656
12034.92	inf	-22.475656
12034.92	inf	-22.475656
12034.92	inf	-22.475656
12034.92	inf	-22.475656
12034.92	inf	-22.475656
12034.92	inf	-22.475656
12034.92	inf	-22.475656
12034.92	inf	-22.475656
12034.92	inf	-22.475656
12034.92	inf	-22.475656
12034.92	inf	-22.475656
12034.92	inf	-22.475656
12034.92	inf	-22.475656
12034.92	inf	-22.475656
12034.92	-22.478960	-22.475656
