Total count: 85, Total time: 1123.47s
27.7066
32.5748
0.0000
0.0000
3.3037
37.9076
0.0000
0.0000
3.2588
35.5482
0.0000
1.7365
0.0000
4.7968
36.8544
0.0000
0.0000
3.3190
56.8373
0.0000
0.0010
3.5540
31.4864
0.0000
2.2977
0.0000
3.3800
43.3066
0.0000
0.0000
2.3872
35.4243
0.0000
0.0000
3.3028
40.9450
0.0000
2.0544
0.0000
3.7249
79.3203
4.6587
26.5803
2.5585
16.5818
5.1128
27.7489
3.9235
19.2974
6.2287
27.9361
1.3517
19.3645
5.5009
26.4832
1.5136
18.8749
8.2118
26.1086
2.1057
25.2795
4.2086
28.6747
4.3593
20.4146
3.6009
28.8129
2.8568
18.7440
4.2259
28.1859
2.5133
26.2410
5.2991
26.8976
2.4548
23.2385
4.8236
26.8639
1.5567
23.8691
5.8231
32.2751
1.7385
25.3445
