Total count: 64, Total time: 444.05s
27.0210
2.2184
20.3822
0.0000
0.0000
1.5044
9.6747
0.0000
0.0000
1.3630
7.1179
9.9873
0.0000
0.0000
5.8914
9.2618
0.0000
0.0000
2.9662
8.4657
0.0000
1.7872
0.0000
8.4297
10.3155
0.0000
0.0000
2.0207
4.9498
10.5176
0.0000
0.0000
4.1385
6.6974
0.0000
0.0000
1.9220
5.3316
12.5323
0.0000
0.0010
2.2897
18.7668
2.3399
3.7028
17.6633
2.3008
10.9996
4.1270
18.9137
2.0041
15.5398
5.9885
28.1363
1.9539
22.2381
4.2445
24.3658
4.0910
22.9127
4.6193
28.9716
4.8700
18.5121
