Total count: 180, Total time: 2881.24s
5.0375
22.4184
5.7377
13.5589
4.0146
25.1583
2.3679
18.0751
4.5535
28.6142
5.5421
20.7458
6.4896
26.1631
3.4670
26.4611
4.3886
21.2714
2.1790
17.7575
4.4372
25.8804
1.5508
18.0406
4.2480
26.8094
1.9881
20.3662
6.6085
26.0660
2.9886
21.7113
6.1284
32.0943
1.3491
23.0820
4.5740
30.0406
3.0651
19.3046
7.4167
32.8281
2.1824
21.5953
4.7794
31.0878
1.8879
18.1015
6.6180
30.0849
4.7412
20.4189
5.9459
33.0479
1.6877
23.0642
6.1057
32.3738
1.7034
20.5191
5.5179
34.3029
3.3641
21.1075
7.5631
32.5648
3.4561
29.3188
6.0444
32.6490
1.6605
24.4046
4.4002
41.8698
1.8920
24.1896
6.7770
44.9865
2.0226
20.1013
5.3407
36.2100
1.8390
43.5099
4.2738
34.1834
2.5175
21.2825
5.4599
34.1308
1.8879
20.6838
5.1279
36.6302
3.9428
26.6282
7.3586
39.3229
5.7014
21.5597
5.3342
34.1582
1.6825
22.1979
5.6062
32.1224
1.8305
23.7891
7.0874
34.2287
1.9597
25.5369
5.6570
38.9717
4.1486
20.8755
3.8021
40.4769
1.8330
20.8737
5.1962
32.8845
2.8179
25.4485
4.3620
41.0466
2.6422
26.9904
6.2217
30.1847
3.1819
24.8487
5.8039
36.2702
2.3605
20.0007
5.8515
42.4866
2.0572
19.7151
6.3291
34.2855
4.2660
21.8304
6.9128
29.3255
3.0345
20.8058
6.1668
32.4681
1.8866
21.6057
4.4640
33.7211
1.9957
20.0127
3.9577
31.1480
4.4394
21.1578
6.2180
35.6820
6.4478
21.3296
5.0436
45.4832
3.2433
27.0481
5.2210
38.8074
2.6291
21.8748
5.1602
32.3487
2.3455
21.4744
5.0306
34.7852
1.2954
21.1049
