5.92	21.410755	inf
53.91	21.410755	inf
53.91	21.410755	inf
53.91	21.410755	inf
53.92	21.410755	23.442909
56.85	21.410755	22.775517
183.89	21.410755	22.775517
183.89	21.410755	21.839965
183.89	21.410755	21.603954
183.89	21.410755	21.465993
183.89	21.410755	21.465993
183.89	21.410755	21.465993
183.90	21.410755	21.465993
183.90	21.410755	21.433846
183.90	21.410755	21.433846
183.90	21.410755	21.433846
183.90	21.410755	21.433846
183.90	21.410755	21.433846
183.90	21.410755	21.410755
183.90	21.410755	21.410755
183.90	21.410755	21.410755
183.91	21.410755	21.410755
183.91	21.410755	21.410755
195.59	21.410755	21.410755
195.59	21.410755	21.410755
195.60	21.410755	21.410755
258.79	21.410755	21.410755
258.79	21.410755	21.410755
258.79	21.410755	21.410755
258.80	21.410755	21.410755
258.80	21.410755	21.410755
258.80	21.410755	21.410755
258.82	21.410755	21.410755
259.27	21.410755	21.410755
262.59	21.410755	21.410755
410.09	21.410755	21.410755
410.09	21.410755	21.410755
410.09	21.410755	21.410755
410.09	21.410755	21.410755
410.09	21.410755	21.410755
410.09	21.410755	21.410755
410.10	21.410755	21.410755
410.10	21.410755	21.410755
410.10	21.410755	21.410755
410.10	21.410755	21.410755
410.10	21.410755	21.410755
410.10	21.410755	21.410755
410.10	21.410755	21.410755
410.10	21.410755	21.410755
410.10	21.410755	21.410755
410.10	21.410755	21.410755
410.10	21.410755	21.410755
410.11	21.410755	21.410755
410.11	21.410755	21.410755
410.11	21.410755	21.410755
410.11	21.410755	21.410755
410.63	21.410755	21.410755
413.66	21.410755	21.410755
482.09	21.393894	21.407383
482.09	21.393894	21.407383
482.09	21.393894	21.407383
482.10	21.393894	21.407383
482.10	21.393894	21.407383
623.94	21.393894	21.407383
623.95	21.393894	21.407383
623.95	21.393894	21.407383
623.95	21.393894	21.407383
623.95	21.393894	21.407383
623.95	21.393894	21.407383
623.95	21.393894	21.407383
623.96	21.393894	21.407383
623.96	21.393894	21.404011
623.96	21.393894	21.404011
623.96	21.393894	21.404011
623.96	21.393894	21.404011
623.96	21.393894	21.404011
623.96	21.393894	21.404011
623.96	21.376963	21.397252
623.96	21.376963	21.397252
623.96	21.376963	21.397252
623.97	21.376963	21.397252
623.97	21.376963	21.397252
623.97	21.376963	21.397252
623.97	21.376963	21.397252
623.97	21.376963	21.397252
630.48	21.376963	21.397252
630.48	21.376963	21.397252
630.49	21.376963	21.397252
706.40	21.376963	21.397252
706.41	21.376963	21.397252
706.41	21.376963	21.390494
706.41	21.376963	21.390494
706.41	21.376963	21.390494
706.41	21.376963	21.383735
706.95	21.376963	21.383735
846.17	21.376963	21.383735
846.17	21.376963	21.383735
846.18	21.376963	21.383735
846.18	21.376963	21.383735
846.18	21.376963	21.383735
846.18	21.376963	21.383735
846.18	21.376963	21.383735
846.18	21.376963	21.383735
846.18	21.376963	21.383735
846.18	21.376963	21.380349
846.18	21.376963	21.380349
846.18	21.376963	21.380349
846.18	21.376963	21.380349
846.18	21.376963	21.380349
846.19	21.376963	21.380349
846.19	21.376963	21.380349
846.19	21.376963	21.380349
846.19	21.376963	21.380349
846.19	21.376963	21.380349
846.19	21.362194	21.374009
846.19	21.362194	21.374009
846.20	21.362194	21.374009
856.18	21.362194	21.374009
856.18	21.362194	21.374009
856.18	21.362194	21.374009
947.96	21.362194	21.374009
947.96	21.362194	21.374009
947.96	21.362194	21.374009
947.96	21.362194	21.374009
947.96	21.362194	21.374009
947.97	21.362194	21.374009
947.97	21.362194	21.374009
947.97	21.362194	21.374009
947.97	21.362194	21.374009
947.97	21.362194	21.374009
947.97	21.362194	21.374009
948.84	21.362194	21.374009
951.91	21.362194	21.374009
1086.60	21.362194	21.374009
1086.60	21.362194	21.374009
1086.60	21.362194	21.374009
1086.61	21.362194	21.374009
1086.61	21.362194	21.374009
1086.61	21.362194	21.374009
1086.61	21.362194	21.371055
1086.61	21.362194	21.371055
1086.62	21.362194	21.371055
1086.62	21.362194	21.371055
1086.62	21.362194	21.371055
1086.62	21.362194	21.371055
1086.63	21.362194	21.371055
1086.63	21.362194	21.371055
1086.64	21.362194	21.371055
1086.65	21.362194	21.371055
1086.65	21.362194	21.371055
1086.66	21.362194	21.371055
1086.66	21.362194	21.371055
1086.67	21.362194	21.370475
1086.67	21.362194	21.370475
1086.67	21.362194	21.370475
1086.67	21.362194	21.370475
1086.68	21.362194	21.370475
1086.68	21.362194	21.370475
1086.68	21.362194	21.370475
1088.54	21.362194	21.370475
1091.33	21.362194	21.370475
1168.53	21.362194	21.370475
1168.53	21.362194	21.370475
1168.53	21.362194	21.370475
1168.54	21.362194	21.370475
1168.54	21.362194	21.370475
1168.54	21.362194	21.367521
1168.54	21.362194	21.367521
1168.54	21.362194	21.367521
1168.54	21.362194	21.367521
1168.54	21.362194	21.367521
1168.54	21.362194	21.367521
1168.54	21.362194	21.364568
1168.55	21.362194	21.364568
1169.16	21.362194	21.364568
1172.44	21.362194	21.364568
1311.89	21.362194	21.364568
1311.89	21.362194	21.364568
1311.89	21.362194	21.364568
1311.89	21.362194	21.364568
1311.89	21.362194	21.362194
1311.89	21.362194	21.362194
1311.89	21.362194	21.362194
1311.89	21.362194	21.362194
1311.89	21.362194	21.362194
1311.90	21.362194	21.362194
1311.90	21.362194	21.362194
1311.90	21.362194	21.362194
1311.90	21.362194	21.362194
1311.90	21.362194	21.362194
1311.90	21.362194	21.362194
1311.90	21.362194	21.362194
1311.90	21.362194	21.362194
1311.90	21.362194	21.362194
1311.90	21.362194	21.362194
1311.91	21.362194	21.362194
1311.91	21.362194	21.362194
1311.91	21.362194	21.362194
1311.91	21.362194	21.362194
1311.91	21.362194	21.362194
1311.91	21.362194	21.362194
1311.91	21.362194	21.362194
1311.91	21.362194	21.362194
1312.68	21.362194	21.362194
1315.75	21.362194	21.362194
1390.23	21.362194	21.362194
1390.23	21.362194	21.362194
1390.23	21.362194	21.362194
1390.24	21.362194	21.362194
1390.24	21.362194	21.362194
1390.24	21.362194	21.362194
1390.24	21.362194	21.362194
1390.24	21.362194	21.362194
1390.24	21.362194	21.362194
1390.24	21.362194	21.362194
1390.24	21.362194	21.362194
1390.24	21.362194	21.362194
1390.26	21.362194	21.362194
1390.97	21.362194	21.362194
1394.16	21.362194	21.362194
1530.21	21.362194	21.362194
1530.22	21.362194	21.362194
1530.22	21.362194	21.362194
1530.22	21.362194	21.362194
1530.22	21.362194	21.362194
1530.22	21.362194	21.362194
1530.22	21.362194	21.362194
1530.22	21.362194	21.362194
1530.22	21.362194	21.362194
1530.22	21.362194	21.362194
1530.23	21.362194	21.362194
1530.23	21.362194	21.362194
1530.23	21.362194	21.362194
1530.23	21.362194	21.362194
1530.23	21.362194	21.362194
1530.23	21.362194	21.362194
1530.23	21.362194	21.362194
1530.24	21.362194	21.362194
1530.24	21.362194	21.362194
1530.24	21.362194	21.362194
1530.24	21.362194	21.362194
1530.25	21.362194	21.362194
1530.25	21.362194	21.362194
1530.70	21.362194	21.362194
1608.28	21.362194	21.362194
1608.29	21.362194	21.362194
1608.29	21.362194	21.362194
1608.29	21.362194	21.362194
1608.29	21.362194	21.362194
1608.29	21.362194	21.362194
1608.29	21.362194	21.362194
1608.29	21.362194	21.362194
1608.29	21.362194	21.362194
1608.30	21.362194	21.362194
1608.30	21.362194	21.362194
1608.30	21.362194	21.362194
1608.30	21.362194	21.362194
1609.26	21.362194	21.362194
1612.52	21.362194	21.362194
1746.16	21.362194	21.362194
1746.16	21.362194	21.362194
1746.16	21.362194	21.362194
1746.16	21.362194	21.362194
1746.16	21.362194	21.362194
1746.16	21.362194	21.362194
1746.17	21.362194	21.362194
1746.17	21.362194	21.362194
1746.17	21.362194	21.362194
1746.17	21.362194	21.362194
1746.17	21.362194	21.362194
1746.17	21.362194	21.362194
1746.17	21.362194	21.362194
1746.17	21.362194	21.362194
1746.17	21.362194	21.362194
1746.18	21.362194	21.362194
1746.18	21.362194	21.362194
1746.18	21.362194	21.362194
1746.18	21.362194	21.362194
1746.18	21.362194	21.362194
1746.18	21.362194	21.362194
1746.18	21.362194	21.362194
1746.18	21.362194	21.362194
1746.18	21.362194	21.362194
1746.19	21.362194	21.362194
1746.80	21.362194	21.362194
1749.81	21.362194	21.362194
1834.09	21.362194	21.362194
1834.09	21.362194	21.362194
1834.09	21.362194	21.362194
1834.09	21.362194	21.362194
1834.10	21.362194	21.362194
1834.10	21.362194	21.362194
1834.10	21.362194	21.362194
1834.10	21.362194	21.362194
1834.10	21.362194	21.362194
1834.10	21.362194	21.362194
1834.10	21.362194	21.362194
1838.54	21.362194	21.362194
1993.32	21.362194	21.362194
1993.32	21.362194	21.362194
1993.32	21.362194	21.362194
1993.32	21.362194	21.362194
1993.33	21.362194	21.362194
1993.33	21.362194	21.362194
1993.33	21.362194	21.362194
1993.33	21.362194	21.362194
1993.33	21.362194	21.362194
1993.33	21.362194	21.362194
1993.33	21.362194	21.362194
1993.34	21.362194	21.362194
1993.34	21.362194	21.362194
1993.34	21.362194	21.362194
1993.34	21.362194	21.362194
1993.34	21.362194	21.362194
1993.34	21.362194	21.362194
1993.34	21.362194	21.362194
1993.34	21.362194	21.362194
1993.35	21.362194	21.362194
1993.35	21.362194	21.362194
1993.35	21.362194	21.362194
1993.35	21.362194	21.362194
1993.35	21.362194	21.362194
1993.36	21.362194	21.362194
1994.65	21.362194	21.362194
1998.20	21.362194	21.362194
2070.65	21.362194	21.362194
2070.66	21.362194	21.362194
2070.66	21.362194	21.362194
2070.66	21.362194	21.362194
2070.66	21.362194	21.362194
2070.66	21.362194	21.362194
2070.66	21.362194	21.362194
2070.67	21.362194	21.362194
2070.67	21.362194	21.362194
2070.67	21.362194	21.362194
2071.38	21.362194	21.362194
2225.87	21.362194	21.362194
2225.87	21.362194	21.362194
2225.87	21.362194	21.362194
2225.87	21.362194	21.362194
2225.88	21.362194	21.362194
2225.88	21.362194	21.362194
2225.88	21.362194	21.362194
2225.88	21.362194	21.362194
2225.88	21.362194	21.362194
2225.88	21.362194	21.362194
2225.88	21.362194	21.362194
2225.88	21.362194	21.362194
2225.89	21.362194	21.362194
2225.89	21.362194	21.362194
2225.89	21.362194	21.362194
2225.89	21.359791	21.361713
2225.89	21.359791	21.361713
2225.89	21.359791	21.361713
2225.89	21.359791	21.361713
2225.89	21.359791	21.361713
2225.90	21.359791	21.361713
2225.90	21.359791	21.361713
2225.90	21.359791	21.361713
2225.90	21.359791	21.361713
2238.51	21.359791	21.361713
2238.51	21.359791	21.361713
2238.51	21.359791	21.361713
2238.51	21.359791	21.361713
2238.51	21.359791	21.361713
2238.52	21.359791	21.361713
2316.73	21.359791	21.361713
2316.73	21.359791	21.361713
2316.73	21.359791	21.361713
2316.73	21.359791	21.361713
2316.74	21.359791	21.361233
2316.74	21.359791	21.361233
2316.74	21.359791	21.361233
2316.74	21.359791	21.360752
2316.74	21.359791	21.360752
2316.74	21.359791	21.360752
2316.74	21.359791	21.360752
2316.75	21.359791	21.360752
2316.76	21.359791	21.360752
2317.29	21.359791	21.360752
2320.35	21.359791	21.360752
2465.59	21.359791	21.360752
2465.60	21.359791	21.360752
2465.60	21.359791	21.360752
2465.61	21.359791	21.360752
2465.62	21.359791	21.360752
2465.62	21.359791	21.360752
2465.62	21.359791	21.360752
2465.63	21.359791	21.360752
2465.63	21.359791	21.360752
2465.63	21.359791	21.360752
2465.63	21.359791	21.360752
2465.64	21.359791	21.360752
2465.64	21.359791	21.360752
2465.64	21.359791	21.360752
2465.65	21.359791	21.360752
2465.65	21.359791	21.360752
2465.65	21.359791	21.360752
2465.65	21.359791	21.360752
2465.65	21.359791	21.360752
2465.66	21.359791	21.360752
2465.66	21.359791	21.360271
2465.66	21.359791	21.360271
2465.66	21.359791	21.360271
2465.67	21.359791	21.360271
2465.67	21.359791	21.360271
2465.68	21.359791	21.360271
2465.68	21.359791	21.360271
2467.05	21.359791	21.360271
2470.33	21.359791	21.360271
2560.78	21.359791	21.360271
2560.79	21.359791	21.360271
2560.79	21.359791	21.360271
2560.79	21.359791	21.359791
2560.79	21.359791	21.359791
2560.79	21.359791	21.359791
2560.79	21.359791	21.359791
2560.79	21.359791	21.359791
2560.80	21.359791	21.359791
2560.80	21.359791	21.359791
2560.80	21.359791	21.359791
2560.80	21.359791	21.359791
2561.86	21.359791	21.359791
2710.31	21.359791	21.359791
2710.31	21.359791	21.359791
2710.31	21.359791	21.359791
2710.31	21.359791	21.359791
2710.31	21.359791	21.359791
2710.31	21.359791	21.359791
2710.31	21.359791	21.359791
2710.31	21.359791	21.359791
2710.31	21.359791	21.359791
2710.32	21.359791	21.359791
2710.32	21.359791	21.359791
2710.32	21.359791	21.359791
2710.32	21.359791	21.359791
2710.32	21.359791	21.359791
2710.32	21.359791	21.359791
2710.32	21.359791	21.359791
2710.33	21.359791	21.359791
2710.33	21.359791	21.359791
2710.33	21.359791	21.359791
2710.33	21.359791	21.359791
2710.33	21.359791	21.359791
2710.33	21.359791	21.359791
2710.33	21.359791	21.359791
2710.33	21.359791	21.359791
2710.33	21.359791	21.359791
2710.34	21.359791	21.359791
2710.34	21.359791	21.359791
2710.34	21.359791	21.359791
2710.96	21.359791	21.359791
2714.03	21.359791	21.359791
2797.65	21.359791	21.359791
2797.66	21.359791	21.359791
2797.67	21.359791	21.359791
2797.67	21.359791	21.359791
2797.67	21.359791	21.359791
2797.67	21.359791	21.359791
2797.67	21.359791	21.359791
2797.68	21.359791	21.359791
2797.68	21.359791	21.359791
2797.68	21.359791	21.359791
2797.68	21.359791	21.359791
2797.71	21.359791	21.359791
2797.71	21.359791	21.359791
2798.67	21.359791	21.359791
2948.44	21.359791	21.359791
2948.45	21.359791	21.359791
2948.46	21.359791	21.359791
2948.47	21.359791	21.359791
2948.47	21.359791	21.359791
2948.48	21.359791	21.359791
2948.49	21.359791	21.359791
2948.49	21.359791	21.359791
2948.49	21.359791	21.359791
2948.50	21.359791	21.359791
2948.50	21.359791	21.359791
2948.50	21.359791	21.359791
2948.50	21.359791	21.359791
2948.51	21.359791	21.359791
2948.51	21.359791	21.359791
2948.51	21.359791	21.359791
2948.51	21.359791	21.359791
2948.52	21.359791	21.359791
2948.52	21.359791	21.359791
2948.52	21.359791	21.359791
2948.52	21.359791	21.359791
2948.53	21.359791	21.359791
2948.53	21.359791	21.359791
2948.53	21.359791	21.359791
2948.53	21.359791	21.359791
2948.54	21.359791	21.359791
2949.98	21.359791	21.359791
2953.68	21.359791	21.359791
3033.95	21.359791	21.359791
3033.95	21.359791	21.359791
3033.95	21.359791	21.359791
3033.96	21.359791	21.359791
3033.96	21.359791	21.359791
3033.96	21.359791	21.359791
3033.96	21.359791	21.359791
3033.96	21.359791	21.359791
3033.96	21.359791	21.359791
3033.96	21.359791	21.359791
3033.96	21.359791	21.359791
3033.97	21.359791	21.359791
3033.97	21.359791	21.359791
3034.40	21.359791	21.359791
3037.69	21.359791	21.359791
3188.48	21.359791	21.359791
3188.48	21.359791	21.359791
3188.48	21.359791	21.359791
3188.48	21.359791	21.359791
3188.49	21.359791	21.359791
3188.49	21.359791	21.359791
3188.49	21.359791	21.359791
3188.49	21.359791	21.359791
3188.49	21.359791	21.359791
3188.49	21.359791	21.359791
3188.49	21.359791	21.359791
3188.49	21.359791	21.359791
3188.50	21.359791	21.359791
3188.50	21.359791	21.359791
3188.50	21.359791	21.359791
3188.50	21.359791	21.359791
3188.50	21.359791	21.359791
3188.50	21.359791	21.359791
3188.50	21.359791	21.359791
3188.50	21.359791	21.359791
3188.50	21.359791	21.359791
3188.50	21.359791	21.359791
3188.51	21.359791	21.359791
3188.51	21.359791	21.359791
3188.51	21.359791	21.359791
3188.51	21.359791	21.359791
3188.51	21.359791	21.359791
3188.91	21.359791	21.359791
3192.41	21.359791	21.359791
3271.32	21.359791	21.359791
3271.32	21.359791	21.359791
3271.32	21.359791	21.359791
3271.32	21.359791	21.359791
3271.33	21.359791	21.359791
3271.33	21.359791	21.359791
3271.33	21.359791	21.359791
3271.33	21.359791	21.359791
3271.33	21.359791	21.359791
3271.33	21.359791	21.359791
3271.33	21.359791	21.359791
3271.34	21.359791	21.359791
3271.84	21.359791	21.359791
3275.09	21.359791	21.359791
3420.90	21.359791	21.359791
3420.91	21.359791	21.359791
3420.91	21.359791	21.359791
3420.91	21.359791	21.359791
3420.91	21.359791	21.359791
3420.91	21.359791	21.359791
3420.91	21.359791	21.359791
3420.91	21.359791	21.359791
3420.91	21.359791	21.359791
3420.91	21.359791	21.359791
3420.92	21.359791	21.359791
3420.92	21.359791	21.359791
3420.92	21.359791	21.359791
3420.92	21.359791	21.359791
3420.92	21.359791	21.359791
3420.92	21.359791	21.359791
3420.92	21.359791	21.359791
3420.92	21.359791	21.359791
3420.93	21.359791	21.359791
3420.93	21.359791	21.359791
3420.93	21.359791	21.359791
3420.93	21.359791	21.359791
3420.93	21.359791	21.359791
3420.93	21.359791	21.359791
3420.94	21.359791	21.359791
3420.94	21.359791	21.359791
3420.95	21.359791	21.359791
3421.47	21.359791	21.359791
3424.56	21.359791	21.359791
3497.31	21.359791	21.359791
3497.31	21.359791	21.359791
3497.31	21.359791	21.359791
3497.32	21.359791	21.359791
3497.32	21.359791	21.359791
3497.32	21.359791	21.359791
3497.32	21.359791	21.359791
3497.32	21.359791	21.359791
3497.32	21.359791	21.359791
3497.33	21.359791	21.359791
3497.33	21.359791	21.359791
3497.34	21.359791	21.359791
3497.35	21.359791	21.359791
3497.95	21.359791	21.359791
3501.02	21.359791	21.359791
3642.70	21.359791	21.359791
3642.70	21.359791	21.359791
3642.71	21.359791	21.359791
3642.71	21.359791	21.359791
3642.71	21.359791	21.359791
3642.71	21.359791	21.359791
3642.71	21.359791	21.359791
3642.71	21.359791	21.359791
3642.71	21.359791	21.359791
3642.71	21.359791	21.359791
3642.72	21.359791	21.359791
3642.72	21.359791	21.359791
3642.72	21.359791	21.359791
3642.72	21.359791	21.359791
3642.72	21.359791	21.359791
3642.72	21.359791	21.359791
3642.72	21.359791	21.359791
3642.73	21.359791	21.359791
3642.73	21.359791	21.359791
3642.73	21.359791	21.359791
3642.73	21.359791	21.359791
3642.73	21.359791	21.359791
3642.73	21.359791	21.359791
3642.74	21.359791	21.359791
3642.74	21.359791	21.359791
3642.74	21.359791	21.359791
3642.75	21.359791	21.359791
3642.75	21.359791	21.359791
3643.41	21.359791	21.359791
3646.65	21.359791	21.359791
3722.20	21.359791	21.359791
3722.20	21.359791	21.359791
3722.20	21.359791	21.359791
3722.20	21.359791	21.359791
3722.21	21.359791	21.359791
3722.21	21.359791	21.359791
3722.21	21.359791	21.359791
3722.21	21.359791	21.359791
3722.21	21.359791	21.359791
3722.21	21.359791	21.359791
3722.22	21.359791	21.359791
3722.23	21.359791	21.359791
3722.24	21.359791	21.359791
3722.88	21.359791	21.359791
3726.15	21.359791	21.359791
3867.26	21.359791	21.359791
3867.26	21.359791	21.359791
3867.26	21.359791	21.359791
3867.27	21.359791	21.359791
3867.27	21.359791	21.359791
3867.27	21.359791	21.359791
3867.27	21.359791	21.359791
3867.27	21.359791	21.359791
3867.27	21.359791	21.359791
3867.27	21.359791	21.359791
3867.28	21.359791	21.359791
3867.28	21.359791	21.359791
3867.28	21.359791	21.359791
3867.28	21.359791	21.359791
3867.28	21.359791	21.359791
3867.28	21.359791	21.359791
3867.28	21.359791	21.359791
3867.29	21.359791	21.359791
3867.29	21.359791	21.359791
3867.29	21.359791	21.359791
3867.29	21.359791	21.359791
3867.29	21.359791	21.359791
3867.29	21.359791	21.359791
3867.30	21.358816	21.359596
3867.31	21.358816	21.359596
3867.32	21.358816	21.359596
3867.85	21.358816	21.359596
3870.89	21.358816	21.359596
3953.41	21.358816	21.359596
3953.41	21.358816	21.359596
3953.41	21.358816	21.359401
3953.41	21.358816	21.359401
3953.41	21.358816	21.359401
3953.41	21.358816	21.359206
3953.41	21.358816	21.359206
3953.42	21.358816	21.359206
3953.42	21.358816	21.359011
3953.43	21.358816	21.359011
3953.43	21.358816	21.359011
3953.45	21.358816	21.359011
3953.81	21.358816	21.359011
4100.61	21.358816	21.359011
4100.61	21.358816	21.359011
4100.61	21.358816	21.359011
4100.61	21.358816	21.359011
4100.61	21.358816	21.358816
4100.62	21.358816	21.358816
4100.62	21.358816	21.358816
4100.62	21.358816	21.358816
4100.62	21.358816	21.358816
4100.62	21.358816	21.358816
4100.62	21.358816	21.358816
4100.62	21.358816	21.358816
4100.63	21.358816	21.358816
4100.63	21.358816	21.358816
4100.63	21.358816	21.358816
4100.63	21.358816	21.358816
4100.63	21.358816	21.358816
4100.63	21.358816	21.358816
4100.64	21.358816	21.358816
4100.64	21.358816	21.358816
4100.64	21.358816	21.358816
4100.64	21.358816	21.358816
4100.64	21.358816	21.358816
4100.64	21.358816	21.358816
4100.65	21.358816	21.358816
4100.65	21.358816	21.358816
4100.65	21.358816	21.358816
4100.65	21.358816	21.358816
4101.64	21.358816	21.358816
4105.25	21.358816	21.358816
4200.34	21.358816	21.358816
4200.34	21.358816	21.358816
4200.34	21.358816	21.358816
4200.34	21.358816	21.358816
4200.34	21.358816	21.358816
4200.35	21.358816	21.358816
4200.35	21.358816	21.358816
4200.35	21.358816	21.358816
4200.35	21.358816	21.358816
4200.35	21.358816	21.358816
4200.35	21.358816	21.358816
4200.35	21.358816	21.358816
4200.83	21.358816	21.358816
4204.05	21.358816	21.358816
4357.84	21.358816	21.358816
4357.84	21.358816	21.358816
4357.85	21.358816	21.358816
4357.85	21.358816	21.358816
4357.85	21.358816	21.358816
4357.85	21.358816	21.358816
4357.85	21.358816	21.358816
4357.85	21.358816	21.358816
4357.85	21.358816	21.358816
4357.85	21.358816	21.358816
4357.86	21.358816	21.358816
4357.86	21.358816	21.358816
4357.86	21.358816	21.358816
4357.86	21.358816	21.358816
4357.86	21.358816	21.358816
4357.86	21.358816	21.358816
4357.86	21.358816	21.358816
4357.87	21.358816	21.358816
4357.87	21.358816	21.358816
4357.87	21.358816	21.358816
4357.87	21.358816	21.358816
4357.87	21.358816	21.358816
4357.87	21.358816	21.358816
4357.87	21.358816	21.358816
4357.88	21.358816	21.358816
4357.88	21.357807	21.358614
4357.88	21.357807	21.358614
4357.89	21.357807	21.358614
4358.31	21.357807	21.358614
4361.50	21.357807	21.358614
4438.82	21.357807	21.358614
4438.82	21.357807	21.358614
4438.82	21.357807	21.358614
4438.83	21.357807	21.358614
4438.83	21.357807	21.358614
4438.83	21.357807	21.358614
4438.83	21.342585	21.355368
4438.83	21.342585	21.355368
4438.83	21.312950	21.346195
4438.83	21.312950	21.346195
4438.85	21.312950	21.346195
4442.62	21.312950	21.346195
4602.84	21.312950	21.346195
4602.84	21.312950	21.346195
4602.84	21.312950	21.346195
4602.84	21.312950	21.346195
4602.85	21.312950	21.346195
4602.85	21.312950	21.337022
4602.85	21.312950	21.337022
4602.85	21.312950	21.337022
4602.85	21.312950	21.337022
4602.85	21.312950	21.337022
4602.85	21.312950	21.337022
4602.85	21.312950	21.337022
4602.86	21.312950	21.337022
4602.86	21.312950	21.337022
4602.86	21.312950	21.337022
4602.86	21.312950	21.337022
4602.86	21.312950	21.337022
4602.86	21.312950	21.337022
4602.86	21.312950	21.337022
4602.87	21.312950	21.337022
4602.87	21.312950	21.337022
4602.87	21.312950	21.337022
4602.87	21.312950	21.337022
4602.87	21.312950	21.337022
4602.87	21.312950	21.337022
4602.87	21.312950	21.337022
4602.87	21.312950	21.327848
4602.88	21.312950	21.327848
4603.43	21.312950	21.327848
4606.56	21.312950	21.327848
4688.24	21.312950	21.327848
4688.24	21.312950	21.327848
4688.25	21.312950	21.327848
4688.25	21.312950	21.327848
4688.25	21.312950	21.327848
4688.25	21.312950	21.318877
4688.25	21.312950	21.318877
4688.26	21.312950	21.318877
4688.27	21.312950	21.318289
4688.29	21.312950	21.318289
4688.29	21.312950	21.318289
4691.89	21.312950	21.318289
4844.50	21.312950	21.318289
4844.50	21.312950	21.318289
4844.51	21.312950	21.318289
4844.51	21.312950	21.318289
4844.51	21.312950	21.318289
4844.51	21.312950	21.318289
4844.51	21.312950	21.318289
4844.51	21.312950	21.318289
4844.51	21.312950	21.318289
4844.52	21.312950	21.312950
4844.52	21.312950	21.312950
4844.52	21.312950	21.312950
4844.52	21.312950	21.312950
4844.52	21.312950	21.312950
4844.52	21.312950	21.312950
4844.52	21.312950	21.312950
4844.53	21.312950	21.312950
4844.53	21.312950	21.312950
4844.53	21.312950	21.312950
4844.53	21.312950	21.312950
4844.53	21.312950	21.312950
4844.53	21.312950	21.312950
4844.53	21.312950	21.312950
4844.54	21.312950	21.312950
4844.54	21.312950	21.312950
4844.54	21.312950	21.312950
4844.54	21.312950	21.312950
4844.54	21.312950	21.312950
4845.20	21.312950	21.312950
4849.12	21.312950	21.312950
4949.22	21.312950	21.312950
4949.22	21.312950	21.312950
4949.22	21.312950	21.312950
4949.23	21.312950	21.312950
4949.23	21.312950	21.312950
4949.23	21.312950	21.312950
4949.23	21.312950	21.312950
4949.23	21.312950	21.312950
4949.24	21.312950	21.312950
4949.25	21.312950	21.312950
4949.26	21.312950	21.312950
4949.89	21.312950	21.312950
4953.10	21.312950	21.312950
5108.46	21.312950	21.312950
5108.47	21.312950	21.312950
5108.47	21.312950	21.312950
5108.47	21.312950	21.312950
5108.47	21.312950	21.312950
5108.47	21.312950	21.312950
5108.47	21.312950	21.312950
5108.48	21.312950	21.312950
5108.48	21.312950	21.312950
5108.48	21.312950	21.312950
5108.48	21.312950	21.312950
5108.49	21.312950	21.312950
5108.49	21.312950	21.312950
5108.50	21.312950	21.312950
5108.50	21.312950	21.312950
5108.50	21.312950	21.312950
5108.51	21.312950	21.312950
5108.51	21.312950	21.312950
5108.51	21.312950	21.312950
5108.52	21.312950	21.312950
5108.52	21.312950	21.312950
5108.52	21.312950	21.312950
5108.52	21.312950	21.312950
5108.52	21.312950	21.312950
5108.53	21.312950	21.312950
5108.53	21.312950	21.312950
5108.53	21.312950	21.312950
5108.55	21.312950	21.312950
5109.35	21.312950	21.312950
5113.11	21.312950	21.312950
5202.56	21.312950	21.312950
5202.56	21.312950	21.312950
5202.56	21.312950	21.312950
5202.56	21.312950	21.312950
5202.57	21.312950	21.312950
5202.57	21.312950	21.312950
5202.57	21.312950	21.312950
5202.57	21.312950	21.312950
5202.58	21.312950	21.312950
5202.58	21.312950	21.312950
5202.60	21.312950	21.312950
5202.62	21.312950	21.312950
5203.61	21.312950	21.312950
5206.50	21.312950	21.312950
5365.38	21.312950	21.312950
5365.38	21.312950	21.312950
5365.38	21.312950	21.312950
5365.38	21.312950	21.312950
5365.38	21.312950	21.312950
5365.39	21.312950	21.312950
5365.39	21.312950	21.312950
5365.39	21.312950	21.312950
5365.39	21.312950	21.312950
5365.39	21.312950	21.312950
5365.39	21.312950	21.312950
5365.39	21.312950	21.312950
5365.40	21.312950	21.312950
5365.40	21.312950	21.312950
5365.40	21.312950	21.312950
5365.40	21.312950	21.312950
5365.40	21.312950	21.312950
5365.40	21.312950	21.312950
5365.40	21.312950	21.312950
5365.41	21.312950	21.312950
5365.41	21.312950	21.312950
5365.41	21.312950	21.312950
5365.41	21.312950	21.312950
5365.41	21.312950	21.312950
5365.41	21.312950	21.312950
5365.42	21.312950	21.312950
5365.42	21.312950	21.312950
5365.43	21.312950	21.312950
5365.98	21.312950	21.312950
5369.05	21.312950	21.312950
5458.95	21.312950	21.312950
5458.95	21.312950	21.312950
5458.95	21.312950	21.312950
5458.95	21.312950	21.312950
5458.95	21.312950	21.312950
5458.96	21.312950	21.312950
5458.96	21.312950	21.312950
5458.96	21.312950	21.312950
5458.96	21.312950	21.312950
5458.96	21.312950	21.312950
5458.96	21.312950	21.312950
5458.96	21.312950	21.312950
5458.97	21.312950	21.312950
5459.96	21.312950	21.312950
5463.64	21.312950	21.312950
5622.82	21.312950	21.312950
5622.82	21.312950	21.312950
5622.83	21.312950	21.312950
5622.83	21.312950	21.312950
5622.83	21.312950	21.312950
5622.83	21.312950	21.312950
5622.83	21.312950	21.312950
5622.83	21.312950	21.312950
5622.83	21.312950	21.312950
5622.83	21.312950	21.312950
5622.84	21.312950	21.312950
5622.84	21.312950	21.312950
5622.84	21.312950	21.312950
5622.84	21.312950	21.312950
5622.84	21.312950	21.312950
5622.84	21.312950	21.312950
5622.84	21.312950	21.312950
5622.84	21.312950	21.312950
5622.85	21.312950	21.312950
5622.85	21.312950	21.312950
5622.85	21.312950	21.312950
5622.85	21.312950	21.312950
5622.85	21.312950	21.312950
5622.85	21.312950	21.312950
5622.86	21.312950	21.312950
5622.86	21.312950	21.312950
5622.86	21.312950	21.312950
5622.87	21.312950	21.312950
5623.39	21.312950	21.312950
5626.55	21.312950	21.312950
5713.82	21.312950	21.312950
5713.83	21.312950	21.312950
5713.83	21.312950	21.312950
5713.83	21.312950	21.312950
5713.83	21.312950	21.312950
5713.83	21.312950	21.312950
5713.83	21.312950	21.312950
5713.84	21.312950	21.312950
5713.84	21.312950	21.312950
5713.85	21.312950	21.312950
5714.89	21.312950	21.312950
5718.51	21.312950	21.312950
5886.12	21.312950	21.312950
5886.13	21.312950	21.312950
5886.13	21.312950	21.312950
5886.13	21.312950	21.312950
5886.13	21.312950	21.312950
5886.13	21.312950	21.312950
5886.13	21.312950	21.312950
5886.14	21.312950	21.312950
5886.14	21.312950	21.312950
5886.14	21.312950	21.312950
5886.14	21.297085	21.309777
5886.14	21.297085	21.309777
5886.15	21.297085	21.309777
5886.15	21.297085	21.309777
5886.15	21.297085	21.309777
5886.15	21.297085	21.309777
5886.16	21.297085	21.309777
5886.16	21.297085	21.309777
5886.16	21.297085	21.309777
5886.16	21.297085	21.309777
5886.17	21.297085	21.309777
5886.17	21.297085	21.309777
5886.17	21.297085	21.309777
5886.17	21.297085	21.309777
5886.18	21.297085	21.309777
5886.18	21.297085	21.309777
5886.18	21.297085	21.309777
5886.19	21.297085	21.309777
5887.03	21.297085	21.309777
5890.93	21.297085	21.309777
5966.19	21.297085	21.309777
5966.19	21.297085	21.306604
5966.20	21.297085	21.306604
5966.20	21.297085	21.306604
5966.20	21.297085	21.306604
5966.20	21.297085	21.306604
5966.20	21.297085	21.306604
5966.20	21.297085	21.306604
5966.20	21.297085	21.306604
5966.21	21.297085	21.306604
5966.21	21.297085	21.306604
5966.76	21.297085	21.306604
5969.95	21.297085	21.306604
6129.87	21.297085	21.306604
6129.87	21.297085	21.303431
6129.87	21.297085	21.303431
6129.87	21.297085	21.303431
6129.88	21.297085	21.303431
6129.88	21.297085	21.303431
6129.88	21.297085	21.303431
6129.88	21.297085	21.303431
6129.88	21.297085	21.303431
6129.88	21.297085	21.303431
6129.88	21.297085	21.303431
6129.89	21.297085	21.303431
6129.89	21.297085	21.303431
6129.89	21.297085	21.303431
6129.89	21.297085	21.303431
6129.89	21.297085	21.303431
6129.89	21.297085	21.303431
6129.90	21.297085	21.300258
6129.90	21.297085	21.300258
6129.90	21.297085	21.300258
6129.90	21.297085	21.300258
6129.90	21.297085	21.300258
6129.90	21.297085	21.300258
6129.90	21.297085	21.300258
6129.91	21.297085	21.300258
6129.91	21.297085	21.300258
6129.92	21.297085	21.300258
6130.50	21.297085	21.300258
6133.95	21.297085	21.300258
6222.47	21.297085	21.297085
6222.47	21.297085	21.297085
6222.48	21.297085	21.297085
6222.48	21.297085	21.297085
6222.48	21.297085	21.297085
6222.48	21.297085	21.297085
6222.48	21.297085	21.297085
6222.48	21.297085	21.297085
6222.50	21.297085	21.297085
6222.51	21.297085	21.297085
6222.97	21.297085	21.297085
6368.52	21.297085	21.297085
6368.52	21.297085	21.297085
6368.52	21.297085	21.297085
6368.52	21.297085	21.297085
6368.53	21.297085	21.297085
6368.53	21.297085	21.297085
6368.53	21.297085	21.297085
6368.53	21.297085	21.297085
6368.54	21.297085	21.297085
6368.54	21.297085	21.297085
6368.54	21.297085	21.297085
6368.54	21.297085	21.297085
6368.54	21.297085	21.297085
6368.55	21.297085	21.297085
6368.55	21.297085	21.297085
6368.55	21.297085	21.297085
6368.55	21.297085	21.297085
6368.55	21.297085	21.297085
6368.56	21.297085	21.297085
6368.56	21.297085	21.297085
6368.56	21.297085	21.297085
6368.56	21.297085	21.297085
6368.56	21.297085	21.297085
6368.57	21.297085	21.297085
6368.57	21.297085	21.297085
6368.57	21.297085	21.297085
6368.57	21.297085	21.297085
6368.58	21.297085	21.297085
6369.12	21.297085	21.297085
6372.22	21.297085	21.297085
6452.63	21.297085	21.297085
6452.63	21.297085	21.297085
6452.64	21.297085	21.297085
6452.64	21.297085	21.297085
6452.64	21.297085	21.297085
6452.64	21.297085	21.297085
6452.64	21.297085	21.297085
6452.65	21.297085	21.297085
6452.65	21.297085	21.297085
6452.65	21.297085	21.297085
6453.93	21.297085	21.297085
6457.66	21.297085	21.297085
6614.47	21.297085	21.297085
6614.47	21.297085	21.297085
6614.47	21.297085	21.297085
6614.48	21.297085	21.297085
6614.48	21.297085	21.297085
6614.48	21.297085	21.297085
6614.48	21.297085	21.297085
6614.48	21.297085	21.297085
6614.48	21.297085	21.297085
6614.49	21.297085	21.297085
6614.49	21.297085	21.297085
6614.49	21.297085	21.297085
6614.49	21.297085	21.297085
6614.49	21.297085	21.297085
6614.50	21.297085	21.297085
6614.50	21.297085	21.297085
6614.50	21.297085	21.297085
6614.50	21.297085	21.297085
6614.50	21.297085	21.297085
6614.50	21.297085	21.297085
6614.51	21.297085	21.297085
6614.51	21.297085	21.297085
6614.51	21.297085	21.297085
6614.51	21.297085	21.297085
6614.53	21.297085	21.297085
6614.54	21.297085	21.297085
6614.55	21.297085	21.297085
6615.28	21.297085	21.297085
6619.40	21.297085	21.297085
6695.43	21.297085	21.297085
6695.43	21.297085	21.297085
6695.44	21.297085	21.297085
6695.44	21.297085	21.297085
6695.44	21.297085	21.297085
6695.44	21.297085	21.297085
6695.44	21.297085	21.297085
6695.44	21.297085	21.297085
6695.44	21.297085	21.297085
6695.45	21.297085	21.297085
6695.46	21.297085	21.297085
6696.01	21.297085	21.297085
6699.12	21.297085	21.297085
6869.59	21.297085	21.297085
6869.59	21.297085	21.297085
6869.60	21.297085	21.297085
6869.60	21.297085	21.297085
6869.60	21.297085	21.297085
6869.60	21.297085	21.297085
6869.60	21.297085	21.297085
6869.60	21.297085	21.297085
6869.60	21.297085	21.297085
6869.61	21.297085	21.297085
6869.61	21.297085	21.297085
6869.61	21.297085	21.297085
6869.61	21.297085	21.297085
6869.61	21.297085	21.297085
6869.61	21.297085	21.297085
6869.61	21.297085	21.297085
6869.62	21.297085	21.297085
6869.62	21.297085	21.297085
6869.62	21.297085	21.297085
6869.62	21.297085	21.297085
6869.62	21.297085	21.297085
6869.62	21.297085	21.297085
6869.63	21.297085	21.297085
6869.63	21.297085	21.297085
6869.63	21.297085	21.297085
6869.63	21.297085	21.297085
6869.63	21.297085	21.297085
6869.64	21.297085	21.297085
6870.23	21.297085	21.297085
6873.29	21.297085	21.297085
6962.64	21.297085	21.297085
6962.64	21.297085	21.297085
6962.64	21.297085	21.297085
6962.64	21.297085	21.297085
6962.64	21.297085	21.297085
6962.65	21.297085	21.297085
6962.65	21.297085	21.297085
6962.65	21.297085	21.297085
6962.65	21.297085	21.297085
6962.65	21.297085	21.297085
6962.66	21.297085	21.297085
6962.67	21.297085	21.297085
6963.23	21.297085	21.297085
6966.33	21.297085	21.297085
7134.69	21.297085	21.297085
7134.69	21.297085	21.297085
7134.70	21.297085	21.297085
7134.70	21.297085	21.297085
7134.70	21.297085	21.297085
7134.70	21.297085	21.297085
7134.70	21.297085	21.297085
7134.70	21.297085	21.297085
7134.71	21.297085	21.297085
7134.71	21.297085	21.297085
7134.71	21.297085	21.297085
7134.71	21.297085	21.297085
7134.72	21.297085	21.297085
7134.72	21.297085	21.297085
7134.72	21.297085	21.297085
7134.72	21.297085	21.297085
7134.72	21.297085	21.297085
7134.73	21.297085	21.297085
7134.73	21.297085	21.297085
7134.73	21.297085	21.297085
7134.73	21.297085	21.297085
7134.73	21.297085	21.297085
7134.74	21.297085	21.297085
7134.74	21.297085	21.297085
7134.74	21.297085	21.297085
7134.75	21.297085	21.297085
7134.75	21.297085	21.297085
7134.76	21.297085	21.297085
7135.57	21.297085	21.297085
7138.84	21.297085	21.297085
7214.37	21.297085	21.297085
7214.37	21.297085	21.297085
7214.37	21.297085	21.297085
7214.37	21.297085	21.297085
7214.37	21.297085	21.297085
7214.37	21.297085	21.297085
7214.38	21.297085	21.297085
7214.38	21.297085	21.297085
7214.38	21.297085	21.297085
7214.38	21.297085	21.297085
7214.39	21.297085	21.297085
7214.39	21.297085	21.297085
7215.54	21.297085	21.297085
7219.21	21.297085	21.297085
7367.46	21.297085	21.297085
7367.47	21.297085	21.297085
7367.47	21.297085	21.297085
7367.47	21.297085	21.297085
7367.47	21.297085	21.297085
7367.47	21.297085	21.297085
7367.47	21.297085	21.297085
7367.48	21.297085	21.297085
7367.48	21.297085	21.297085
7367.48	21.297085	21.297085
7367.48	21.297085	21.297085
7367.48	21.297085	21.297085
7367.49	21.297085	21.297085
7367.49	21.297085	21.297085
7367.49	21.297085	21.297085
7367.49	21.297085	21.297085
7367.49	21.297085	21.297085
7367.50	21.297085	21.297085
7367.50	21.297085	21.297085
7367.50	21.297085	21.297085
7367.50	21.297085	21.297085
7367.50	21.297085	21.297085
7367.51	21.297085	21.297085
7367.53	21.297085	21.297085
7367.54	21.297085	21.297085
7367.55	21.297085	21.297085
7367.55	21.297085	21.297085
7367.56	21.297085	21.297085
7368.32	21.297085	21.297085
7372.03	21.297085	21.297085
7453.09	21.297085	21.297085
7453.10	21.297085	21.297085
7453.12	21.297085	21.297085
7453.14	21.297085	21.297085
7453.15	21.297085	21.297085
7453.16	21.297085	21.297085
7453.17	21.297085	21.297085
7453.20	21.297085	21.297085
7453.21	21.297085	21.297085
7453.74	21.297085	21.297085
7456.66	21.297085	21.297085
7607.29	21.297085	21.297085
7607.30	21.297085	21.297085
7607.31	21.297085	21.297085
7607.32	21.297085	21.297085
7607.33	21.297085	21.297085
7607.34	21.297085	21.297085
7607.34	21.297085	21.297085
7607.34	21.297085	21.297085
7607.36	21.297085	21.297085
7607.36	21.297085	21.297085
7607.38	21.297085	21.297085
7607.38	21.297085	21.297085
7607.39	21.297085	21.297085
7607.41	21.297085	21.297085
7607.42	21.297085	21.297085
7607.43	21.297085	21.297085
7607.44	21.297085	21.297085
7607.45	21.297085	21.297085
7607.46	21.297085	21.297085
7607.48	21.297085	21.297085
7607.49	21.297085	21.297085
7607.50	21.297085	21.297085
7607.52	21.297085	21.297085
7607.53	21.297085	21.297085
7607.54	21.297085	21.297085
7607.54	21.297085	21.297085
7607.55	21.297085	21.297085
7607.97	21.297085	21.297085
7610.87	21.297085	21.297085
7688.03	21.297085	21.297085
7688.04	21.297085	21.297085
7688.05	21.297085	21.297085
7688.06	21.297085	21.297085
7688.07	21.297085	21.297085
7688.08	21.297085	21.297085
7688.09	21.297085	21.297085
7688.10	21.277321	21.293132
7688.11	21.277321	21.293132
7688.13	21.277321	21.293132
7688.14	21.277321	21.293132
7688.15	21.277321	21.293132
7688.64	21.277321	21.293132
7691.60	21.277321	21.293132
7831.63	21.277321	21.293132
7831.63	21.277321	21.293132
7831.63	21.277321	21.293132
7831.64	21.277321	21.289179
7831.64	21.277321	21.289179
7831.64	21.277321	21.289179
7831.64	21.277321	21.289179
7831.64	21.277321	21.289179
7831.65	21.277321	21.289179
7831.65	21.277321	21.289179
7831.65	21.277321	21.289179
7831.65	21.277321	21.289179
7831.65	21.277321	21.289179
7831.65	21.277321	21.289179
7831.66	21.277321	21.289179
7831.66	21.277321	21.289179
7831.66	21.277321	21.289179
7831.66	21.277321	21.289179
7831.66	21.277321	21.289179
7831.67	21.277321	21.289179
7831.67	21.277321	21.289179
7831.67	21.277321	21.289179
7831.67	21.277321	21.289179
7831.67	21.277321	21.289179
7831.67	21.277321	21.289179
7831.68	21.277321	21.289179
7831.68	21.277321	21.289179
7831.69	21.277321	21.289179
7832.41	21.277321	21.289179
7835.37	21.277321	21.289179
7913.02	21.277321	21.289179
7913.02	21.277321	21.289179
7913.02	21.277321	21.289179
7913.02	21.277321	21.289179
7913.03	21.277321	21.289179
7913.03	21.277321	21.289179
7913.03	21.277321	21.289179
7913.03	21.277321	21.289179
7913.03	21.277321	21.289179
7913.04	21.277321	21.289179
7913.06	21.277321	21.289179
7913.06	21.277321	21.289179
7913.81	21.277321	21.289179
7916.73	21.277321	21.289179
8057.88	21.277321	21.289179
8057.89	21.277321	21.285226
8057.89	21.277321	21.285226
8057.89	21.277321	21.285226
8057.89	21.277321	21.285226
8057.89	21.277321	21.285226
8057.89	21.277321	21.285226
8057.90	21.277321	21.285226
8057.90	21.277321	21.285226
8057.90	21.277321	21.285226
8057.90	21.277321	21.285226
8057.90	21.277321	21.285226
8057.91	21.277321	21.285226
8057.91	21.277321	21.285226
8057.91	21.277321	21.285226
8057.91	21.277321	21.285226
8057.91	21.277321	21.285226
8057.92	21.277321	21.285226
8057.92	21.277321	21.285226
8057.92	21.277321	21.281274
8057.92	21.277321	21.281274
8057.92	21.277321	21.277321
8057.92	21.277321	21.277321
8063.12	21.277321	21.277321
8063.13	21.277321	21.277321
8063.13	21.277321	21.277321
8063.13	21.277321	21.277321
8063.13	21.277321	21.277321
8063.13	21.277321	21.277321
8063.13	21.277321	21.277321
8131.35	21.277321	21.277321
8131.35	21.277321	21.277321
8131.35	21.277321	21.277321
8131.36	21.277321	21.277321
8131.36	21.277321	21.277321
8131.36	21.277321	21.277321
8131.36	21.277321	21.277321
8131.36	21.277321	21.277321
8131.37	21.277321	21.277321
8131.38	21.277321	21.277321
8132.16	21.277321	21.277321
8134.99	21.277321	21.277321
8286.35	21.277321	21.277321
8286.35	21.277321	21.277321
8286.36	21.277321	21.277321
8286.36	21.277321	21.277321
8286.36	21.277321	21.277321
8286.36	21.277321	21.277321
8286.36	21.277321	21.277321
8286.37	21.277321	21.277321
8286.37	21.277321	21.277321
8286.37	21.277321	21.277321
8286.37	21.277321	21.277321
8286.37	21.277321	21.277321
8286.37	21.277321	21.277321
8286.38	21.277321	21.277321
8286.38	21.277321	21.277321
8286.38	21.277321	21.277321
8286.38	21.277321	21.277321
8286.38	21.277321	21.277321
8286.39	21.277321	21.277321
8286.39	21.277321	21.277321
8286.39	21.277321	21.277321
8286.39	21.277321	21.277321
8286.39	21.277321	21.277321
8286.40	21.277321	21.277321
8286.40	21.277321	21.277321
8286.41	21.277321	21.277321
8286.43	21.277321	21.277321
8286.92	21.277321	21.277321
8289.99	21.277321	21.277321
8360.14	21.277321	21.277321
8360.15	21.277321	21.277321
8360.15	21.277321	21.277321
8360.16	21.277321	21.277321
8360.17	21.277321	21.277321
8360.18	21.277321	21.277321
8360.19	21.277321	21.277321
8360.21	21.277321	21.277321
8360.22	21.277321	21.277321
8360.72	21.277321	21.277321
8363.86	21.277321	21.277321
8503.02	21.277321	21.277321
8503.03	21.277321	21.277321
8503.03	21.277321	21.277321
8503.03	21.277321	21.277321
8503.03	21.277321	21.277321
8503.03	21.277321	21.277321
8503.04	21.277321	21.277321
8503.04	21.277321	21.277321
8503.04	21.277321	21.277321
8503.04	21.277321	21.277321
8503.04	21.277321	21.277321
8503.04	21.277321	21.277321
8503.05	21.277321	21.277321
8503.05	21.277321	21.277321
8503.05	21.277321	21.277321
8503.05	21.277321	21.277321
8503.05	21.277321	21.277321
8503.05	21.277321	21.277321
8503.06	21.277321	21.277321
8503.06	21.277321	21.277321
8503.06	21.277321	21.277321
8503.06	21.277321	21.277321
8503.06	21.277321	21.277321
8503.06	21.277321	21.277321
8503.07	21.277321	21.277321
8503.07	21.277321	21.277321
8503.07	21.277321	21.277321
8503.08	21.277321	21.277321
8503.50	21.277321	21.277321
8576.86	21.277321	21.277321
8576.86	21.277321	21.277321
8576.86	21.277321	21.277321
8576.86	21.277321	21.277321
8576.86	21.277321	21.277321
8576.87	21.277321	21.277321
8576.87	21.277321	21.277321
8576.87	21.277321	21.277321
8576.87	21.277321	21.277321
8576.87	21.277321	21.277321
8576.88	21.277321	21.277321
8577.53	21.277321	21.277321
8580.46	21.277321	21.277321
8716.37	21.277321	21.277321
8716.38	21.277321	21.277321
8716.38	21.277321	21.277321
8716.38	21.277321	21.277321
8716.38	21.277321	21.277321
8716.38	21.277321	21.277321
8716.39	21.277321	21.277321
8716.39	21.277321	21.277321
8716.39	21.277321	21.277321
8716.39	21.277321	21.277321
8716.40	21.277321	21.277321
8716.40	21.277321	21.277321
8716.40	21.277321	21.277321
8716.40	21.277321	21.277321
8716.40	21.277321	21.277321
8716.41	21.277321	21.277321
8716.41	21.277321	21.277321
8716.41	21.277321	21.277321
8716.41	21.277321	21.277321
8716.41	21.277321	21.277321
8716.42	21.277321	21.277321
8716.42	21.277321	21.277321
8716.42	21.277321	21.277321
8716.42	21.277321	21.277321
8716.43	21.277321	21.277321
8716.43	21.277321	21.277321
8716.99	21.277321	21.277321
8720.02	21.277321	21.277321
8793.07	21.277321	21.277321
8793.08	21.277321	21.277321
8793.08	21.277321	21.277321
8793.08	21.277321	21.277321
8793.09	21.277321	21.277321
8793.09	21.277321	21.277321
8793.09	21.277321	21.277321
8793.10	21.277321	21.277321
8793.10	21.277321	21.277321
8793.10	21.277321	21.277321
8793.10	21.277321	21.277321
8793.10	21.277321	21.277321
8793.66	21.277321	21.277321
8796.69	21.277321	21.277321
8931.92	21.277321	21.277321
8931.92	21.277321	21.277321
8931.92	21.277321	21.277321
8931.93	21.277321	21.277321
8931.93	21.277321	21.277321
8931.93	21.277321	21.277321
8931.93	21.277321	21.277321
8931.93	21.277321	21.277321
8931.94	21.277321	21.277321
8931.94	21.277321	21.277321
8931.94	21.277321	21.277321
8931.94	21.277321	21.277321
8931.94	21.277321	21.277321
8931.94	21.277321	21.277321
8931.95	21.277321	21.277321
8931.95	21.277321	21.277321
8931.95	21.277321	21.277321
8931.95	21.277321	21.277321
8931.95	21.277321	21.277321
8931.95	21.277321	21.277321
8931.96	21.277321	21.277321
8931.96	21.277321	21.277321
8931.96	21.277321	21.277321
8931.96	21.277321	21.277321
8931.96	21.277321	21.277321
8931.97	21.277321	21.277321
8931.97	21.277321	21.277321
8931.97	21.277321	21.277321
8932.57	21.277321	21.277321
8935.56	21.277321	21.277321
9006.09	21.277321	21.277321
9006.09	21.277321	21.277321
9006.09	21.277321	21.277321
9006.09	21.277321	21.277321
9006.09	21.277321	21.277321
9006.10	21.277321	21.277321
9006.10	21.277321	21.277321
9006.10	21.277321	21.277321
9006.10	21.277321	21.277321
9006.10	21.277321	21.277321
9006.11	21.277321	21.277321
9006.11	21.277321	21.277321
9006.88	21.277321	21.277321
9009.67	21.277321	21.277321
9143.58	21.277321	21.277321
9143.58	21.277321	21.277321
9143.58	21.277321	21.277321
9143.58	21.277321	21.277321
9143.59	21.277321	21.277321
9143.59	21.277321	21.277321
9143.59	21.277321	21.277321
9143.59	21.277321	21.277321
9143.59	21.277321	21.277321
9143.59	21.277321	21.277321
9143.60	21.277321	21.277321
9143.60	21.277321	21.277321
9143.60	21.277321	21.277321
9143.60	21.277321	21.277321
9143.60	21.277321	21.277321
9143.61	21.277321	21.277321
9143.61	21.277321	21.277321
9143.61	21.277321	21.277321
9143.61	21.277321	21.277321
9143.61	21.277321	21.277321
9143.62	21.277321	21.277321
9143.62	21.277321	21.277321
9143.62	21.277321	21.277321
9143.62	21.277321	21.277321
9143.63	21.277321	21.277321
9143.63	21.277321	21.277321
9143.63	21.277321	21.277321
9144.27	21.277321	21.277321
9147.20	21.277321	21.277321
9215.19	21.277321	21.277321
9215.19	21.277321	21.277321
9215.19	21.277321	21.277321
9215.19	21.277321	21.277321
9215.19	21.277321	21.277321
9215.19	21.277321	21.277321
9215.20	21.277321	21.277321
9215.20	21.277321	21.277321
9215.20	21.277321	21.277321
9215.21	21.277321	21.277321
9215.21	21.277321	21.277321
9215.73	21.277321	21.277321
9346.94	21.277321	21.277321
9346.94	21.277321	21.277321
9346.94	21.277321	21.277321
9346.95	21.277321	21.277321
9346.95	21.277321	21.277321
9346.95	21.277321	21.277321
9346.95	21.277321	21.277321
9346.95	21.277321	21.277321
9346.96	21.277321	21.277321
9346.96	21.277321	21.277321
9346.96	21.277321	21.277321
9346.96	21.277321	21.277321
9346.96	21.277321	21.277321
9346.96	21.277321	21.277321
9346.97	21.277321	21.277321
9346.97	21.277321	21.277321
9346.97	21.277321	21.277321
9346.97	21.277321	21.277321
9346.98	21.277321	21.277321
9346.98	21.277321	21.277321
9346.98	21.277321	21.277321
9346.99	21.277321	21.277321
9346.99	21.277321	21.277321
9346.99	21.277321	21.277321
9347.00	21.277321	21.277321
9347.00	21.277321	21.277321
9347.00	21.277321	21.277321
9347.01	21.277321	21.277321
9347.65	21.277321	21.277321
9350.53	21.277321	21.277321
9422.87	21.277321	21.277321
9422.87	21.277321	21.277321
9422.87	21.277321	21.277321
9422.88	21.277321	21.277321
9422.88	21.277321	21.277321
9422.88	21.277321	21.277321
9422.88	21.277321	21.277321
9422.88	21.277321	21.277321
9422.89	21.277321	21.277321
9422.90	21.277321	21.277321
9422.91	21.277321	21.277321
9422.92	21.277321	21.277321
9423.56	21.277321	21.277321
9426.47	21.277321	21.277321
9563.70	21.277321	21.277321
9563.70	21.277321	21.277321
9563.70	21.277321	21.277321
9563.70	21.277321	21.277321
9563.71	21.277321	21.277321
9563.71	21.277321	21.277321
9563.71	21.277321	21.277321
9563.71	21.277321	21.277321
9563.72	21.277321	21.277321
9563.72	21.277321	21.277321
9563.72	21.277321	21.277321
9563.72	21.277321	21.277321
9563.72	21.277321	21.277321
9563.73	21.277321	21.277321
9563.73	21.277321	21.277321
9563.73	21.277321	21.277321
9563.73	21.277321	21.277321
9563.73	21.277321	21.277321
9563.74	21.277321	21.277321
9563.74	21.277321	21.277321
9563.74	21.277321	21.277321
9563.74	21.277321	21.277321
9563.75	21.277321	21.277321
9563.75	21.277321	21.277321
9563.75	21.277321	21.277321
9563.75	21.277321	21.277321
9563.76	21.277321	21.277321
9563.76	21.277321	21.277321
9564.42	21.277321	21.277321
9567.30	21.277321	21.277321
9642.80	21.277321	21.277321
9642.80	21.277321	21.277321
9642.80	21.277321	21.277321
9642.81	21.277321	21.277321
9642.81	21.277321	21.277321
9642.81	21.277321	21.277321
9642.81	21.277321	21.277321
9642.81	21.277321	21.277321
9642.82	21.277321	21.277321
9642.82	21.277321	21.277321
9642.83	21.277321	21.277321
9642.84	21.277321	21.277321
9642.85	21.277321	21.277321
9643.51	21.277321	21.277321
9646.39	21.277321	21.277321
9790.30	21.277321	21.277321
9790.30	21.277321	21.277321
9790.30	21.277321	21.277321
9790.31	21.277321	21.277321
9790.31	21.277321	21.277321
9790.31	21.277321	21.277321
9790.31	21.277321	21.277321
9790.31	21.277321	21.277321
9790.31	21.277321	21.277321
9790.31	21.277321	21.277321
9790.32	21.277321	21.277321
9790.32	21.277321	21.277321
9790.32	21.277321	21.277321
9790.32	21.277321	21.277321
9790.32	21.277321	21.277321
9790.33	21.277321	21.277321
9790.33	21.277321	21.277321
9790.33	21.277321	21.277321
9790.33	21.277321	21.277321
9790.33	21.277321	21.277321
9790.34	21.277321	21.277321
9790.34	21.277321	21.277321
9790.34	21.277321	21.277321
9790.35	21.277321	21.277321
9790.36	21.277321	21.277321
9790.38	21.277321	21.277321
9815.31	21.277321	21.277321
9815.31	21.277321	21.277321
9892.65	21.277321	21.277321
9892.65	21.277321	21.277321
9892.66	21.277321	21.277321
9892.66	21.277321	21.277321
9892.66	21.277321	21.277321
9892.66	21.277321	21.277321
9892.66	21.277321	21.277321
9892.67	21.277321	21.277321
9892.67	21.277321	21.277321
9916.94	21.277321	21.277321
9916.94	21.277321	21.277321
9916.94	21.277321	21.277321
9916.94	21.277321	21.277321
9916.94	21.277321	21.277321
9916.94	21.277321	21.277321
10056.41	21.277321	21.277321
10056.42	21.277321	21.277321
10056.42	21.277321	21.277321
10056.42	21.277321	21.277321
10056.42	21.277321	21.277321
10056.42	21.277321	21.277321
10056.43	21.277321	21.277321
10056.43	21.277321	21.277321
10056.43	21.277321	21.277321
10056.43	21.277321	21.277321
10056.44	21.277321	21.277321
10056.44	21.277321	21.277321
10056.44	21.277321	21.277321
10056.44	21.277321	21.277321
10056.44	21.277321	21.277321
10056.45	21.277321	21.277321
10056.45	21.277321	21.277321
10056.45	21.277321	21.277321
10056.45	21.277321	21.277321
10056.45	21.277321	21.277321
10056.46	21.277321	21.277321
10056.46	21.277321	21.277321
10056.46	21.277321	21.277321
10056.47	21.277321	21.277321
10056.47	21.277321	21.277321
10056.48	21.277321	21.277321
10056.48	21.277321	21.277321
10057.14	21.277321	21.277321
10060.01	21.277321	21.277321
10131.96	21.277321	21.277321
10131.96	21.277321	21.277321
10131.96	21.277321	21.277321
10131.97	21.277321	21.277321
10131.97	21.277321	21.277321
10131.97	21.277321	21.277321
10131.97	21.277321	21.277321
10131.97	21.277321	21.277321
10131.98	21.277321	21.277321
10131.98	21.277321	21.277321
10131.99	21.277321	21.277321
10132.00	21.277321	21.277321
10132.00	21.277321	21.277321
10132.66	21.277321	21.277321
10135.55	21.277321	21.277321
10268.85	21.277321	21.277321
10268.85	21.277321	21.277321
10268.85	21.277321	21.277321
10268.86	21.277321	21.277321
10268.86	21.277321	21.277321
10268.86	21.277321	21.277321
10268.86	21.277321	21.277321
10268.86	21.277321	21.277321
10268.86	21.277321	21.277321
10268.87	21.277321	21.277321
10268.87	21.277321	21.277321
10268.87	21.277321	21.277321
10268.87	21.277321	21.277321
10268.88	21.277321	21.277321
10268.88	21.277321	21.277321
10268.88	21.277321	21.277321
10268.88	21.277321	21.277321
10268.88	21.277321	21.277321
10268.89	21.277321	21.277321
10268.89	21.277321	21.277321
10268.89	21.277321	21.277321
10268.90	21.277321	21.277321
10268.90	21.277321	21.277321
10268.91	21.277321	21.277321
10268.91	21.277321	21.277321
10268.91	21.277321	21.277321
10268.92	21.277321	21.277321
10268.92	21.277321	21.277321
10269.62	21.277321	21.277321
10272.50	21.277321	21.277321
10341.75	21.277321	21.277321
10341.75	21.277321	21.277321
10341.75	21.277321	21.277321
10341.75	21.277321	21.277321
10341.75	21.277321	21.277321
10341.76	21.277321	21.277321
10341.76	21.277321	21.277321
10341.76	21.277321	21.277321
10341.76	21.277321	21.277321
10341.77	21.277321	21.277321
10341.78	21.277321	21.277321
10477.35	21.277321	21.277321
10477.35	21.277321	21.277321
10477.35	21.277321	21.277321
10477.36	21.277321	21.277321
10477.36	21.277321	21.277321
10477.36	21.277321	21.277321
10477.36	21.277321	21.277321
10477.36	21.277321	21.277321
10477.37	21.277321	21.277321
10477.37	21.277321	21.277321
10477.37	21.277321	21.277321
10477.37	21.277321	21.277321
10477.37	21.277321	21.277321
10477.38	21.277321	21.277321
10477.38	21.277321	21.277321
10477.38	21.277321	21.277321
10477.38	21.277321	21.277321
10477.38	21.277321	21.277321
10477.39	21.277321	21.277321
10477.39	21.277321	21.277321
10477.39	21.277321	21.277321
10477.39	21.277321	21.277321
10477.39	21.277321	21.277321
10477.40	21.277321	21.277321
10477.40	21.277321	21.277321
10477.40	21.277321	21.277321
10477.40	21.277321	21.277321
10477.41	21.277321	21.277321
10478.12	21.277321	21.277321
10480.93	21.277321	21.277321
10550.79	21.277321	21.277321
10550.79	21.277321	21.277321
10550.79	21.277321	21.277321
10550.79	21.277321	21.277321
10550.79	21.277321	21.277321
10550.80	21.277321	21.277321
10550.80	21.277321	21.277321
10550.80	21.277321	21.277321
10550.80	21.277321	21.277321
10550.80	21.277321	21.277321
10550.81	21.277321	21.277321
10550.81	21.277321	21.277321
10550.82	21.277321	21.277321
10551.51	21.277321	21.277321
10554.38	21.277321	21.277321
