192.64	inf	inf
192.64	inf	inf
192.64	inf	inf
192.64	inf	inf
192.64	-18.836280	inf
192.64	-18.836280	inf
192.64	-18.836280	inf
192.64	-18.836280	inf
192.64	-18.836280	inf
192.64	-18.836280	inf
192.64	-18.836280	inf
192.64	-18.836280	inf
192.65	-18.836280	inf
192.65	-18.836280	inf
192.65	-18.836280	inf
192.65	-18.836280	inf
192.65	-18.836280	inf
192.65	-18.836280	inf
192.65	-18.836280	inf
192.65	-18.836280	inf
192.65	-18.836280	inf
192.65	-18.836280	inf
192.65	-18.836280	inf
192.65	-18.836280	inf
192.65	-18.836280	inf
192.65	-18.836280	inf
192.65	-18.836280	inf
192.65	-18.836280	inf
192.65	-18.836280	inf
192.65	-18.836280	inf
416.21	inf	inf
416.21	inf	inf
416.21	inf	inf
416.21	inf	inf
416.23	inf	inf
416.23	inf	inf
416.23	inf	inf
416.23	inf	inf
416.23	inf	inf
416.23	inf	inf
416.23	inf	inf
416.23	inf	inf
416.23	inf	inf
416.23	inf	inf
416.23	inf	inf
416.23	inf	inf
416.23	inf	inf
416.23	inf	inf
416.23	inf	inf
416.23	inf	inf
416.23	inf	inf
416.23	inf	inf
416.23	inf	inf
416.23	-19.383680	inf
416.23	-21.144070	inf
416.23	-21.144070	inf
416.23	-21.144070	inf
416.23	-21.144070	inf
416.23	-21.144070	inf
416.23	-21.144070	inf
644.10	-19.433210	inf
644.11	-19.433210	inf
644.11	-19.433210	inf
644.11	-19.433210	inf
644.11	-19.433210	inf
644.11	-19.433210	inf
644.11	-19.433210	inf
644.11	-19.433210	inf
644.11	-19.433210	inf
644.11	-19.433210	inf
644.11	-19.433210	inf
644.11	-19.433210	inf
644.11	-19.433210	inf
644.11	-19.433210	inf
644.11	-19.433210	inf
644.11	-19.433210	inf
644.11	-19.433210	inf
644.11	-19.433210	inf
644.11	-22.117190	-20.182886
644.11	-22.117190	-20.182886
644.11	-22.117190	-20.182886
644.11	-22.117190	-20.182886
644.11	-22.117190	-20.182886
644.11	-22.117190	-20.182886
644.11	-22.117190	-20.182886
644.11	-22.117190	-20.182886
644.11	-22.117190	-20.182886
644.11	-22.117190	-20.182886
644.11	-22.117190	-20.182886
644.11	-22.117190	-20.182886
644.11	-22.117190	-20.182886
971.06	inf	-20.182886
971.07	inf	-20.182886
971.07	inf	-20.182886
971.07	inf	-20.182886
971.07	-21.337550	-20.683140
971.07	-21.337550	-20.714254
971.07	-21.337550	-20.746446
971.07	-21.337550	-20.746446
971.07	-21.337550	-20.746446
971.07	-21.337550	-20.746446
971.07	-21.337550	-20.746446
971.07	-21.337550	-20.746446
971.07	-21.337550	-20.746446
971.07	-21.337550	-20.746446
971.07	-21.337550	-20.746446
971.07	-21.337550	-20.746446
971.07	-21.337550	-20.746446
971.07	-21.337550	-20.759864
971.08	-22.436310	-21.328292
971.08	-22.436310	-21.328292
971.08	-22.436310	-21.328292
971.08	-22.436310	-21.328292
971.08	-22.436310	-21.328292
971.08	-22.436310	-21.328292
971.08	-22.436310	-21.328292
971.08	-22.436310	-21.328292
971.08	-22.436310	-21.328292
971.08	-22.436310	-21.328292
971.08	-22.436310	-21.698458
971.08	-22.436310	-21.698458
971.08	-22.436310	-21.698458
1274.44	inf	-21.698458
1274.44	inf	-21.698458
1274.44	inf	-21.698458
1274.44	inf	-21.698458
1274.44	-21.305340	-21.730712
1274.44	-21.305340	-21.730712
1274.44	-21.305340	-21.730712
1274.44	-21.305340	-21.730712
1274.44	-22.115690	-21.892782
1274.44	-22.115690	-21.892782
1274.44	-22.124100	-22.050092
1274.44	-22.124100	-22.050092
1274.44	-22.124100	-22.050092
1274.45	-22.124100	-22.050092
1274.45	-22.124100	-22.050092
1274.45	-22.124100	-22.050092
1274.45	-22.124100	-22.050092
1274.45	-22.124100	-22.050092
1274.45	-22.124100	-22.050092
1274.45	-22.124100	-22.050092
1274.45	-22.124100	-22.050092
1274.45	-22.124100	-22.050092
1274.45	-22.124100	-22.050092
1274.45	-22.124100	-22.076340
1274.45	-22.124100	-22.076340
1274.45	-22.124100	-22.076340
1274.45	-22.124100	-22.076340
1274.45	-22.124100	-22.076340
1274.45	-22.124100	-22.076340
1274.45	-22.269900	-22.212638
1274.45	-22.436310	-22.212638
1529.64	inf	-22.212638
1529.64	inf	-22.212638
1529.64	inf	-22.212638
1529.64	inf	-22.212638
1529.64	inf	-22.212638
1529.64	inf	-22.212638
1529.64	inf	-22.212638
1529.64	inf	-22.212638
1529.64	-18.506610	-22.212638
1529.64	-21.480820	-22.212638
1529.64	-21.480820	-22.212638
1529.64	-21.480820	-22.212638
1529.64	-21.480820	-22.212638
1529.64	-21.480820	-22.212638
1529.64	-21.749570	-22.212638
1529.64	-21.749570	-22.212638
1529.65	-21.749570	-22.212638
1529.65	-21.749570	-22.212638
1529.65	-21.749570	-22.212638
1529.65	-21.749570	-22.212638
1529.65	-21.749570	-22.212638
1529.65	-21.749570	-22.212638
1529.65	-21.749570	-22.212638
1529.65	-21.749570	-22.212638
1529.65	-22.177170	-22.224934
1529.65	-22.177170	-22.224934
1529.65	-22.177170	-22.224934
1529.65	-22.177170	-22.224934
1529.65	-22.177170	-22.224934
1529.65	-22.177170	-22.224934
1529.65	-22.436310	-22.224934
1835.53	-22.324580	-22.266412
1835.53	-22.324580	-22.266412
1835.53	-22.324580	-22.266412
1835.53	-22.324580	-22.266412
1835.53	-22.324580	-22.266412
1835.53	-22.324580	-22.266412
1835.53	-22.324580	-22.266412
1835.53	-22.324580	-22.266412
1835.53	-22.324580	-22.266412
1835.53	-22.324580	-22.266412
1835.54	-22.324580	-22.266412
1835.54	-22.324580	-22.266412
1835.54	-22.324580	-22.266412
1835.54	-22.324580	-22.266412
1835.54	-22.324580	-22.266412
1835.54	-22.324580	-22.266412
1835.54	-22.324580	-22.266412
1835.54	-22.324580	-22.266412
1835.54	-22.324580	-22.266412
1835.54	-22.324580	-22.266412
1835.54	-22.324580	-22.266412
1835.54	-22.324580	-22.266412
1835.54	-22.324580	-22.266412
1835.54	-22.324580	-22.266412
1835.54	-22.324580	-22.266412
1835.54	-22.324580	-22.266412
1835.54	-22.324580	-22.266412
1835.54	-22.324580	-22.266412
1835.54	-22.324580	-22.266412
1835.54	-22.324580	-22.266412
1835.54	-22.436310	-22.266412
2245.17	inf	-22.266412
2245.17	-22.330020	-22.307596
2245.17	-22.330020	-22.307596
2245.17	-22.330020	-22.307596
2245.17	-22.330020	-22.307596
2245.17	-22.330020	-22.307596
2245.17	-22.330020	-22.307596
2245.17	-22.330020	-22.307596
2245.17	-22.330020	-22.307596
2245.17	-22.330020	-22.307596
2245.17	-22.330020	-22.307596
2245.17	-22.330020	-22.307596
2245.17	-22.330020	-22.307596
2245.17	-22.330020	-22.307596
2245.17	-22.330020	-22.307596
2245.17	-22.330020	-22.307596
2245.17	-22.330020	-22.307596
2245.17	-22.330020	-22.307596
2245.17	-22.330020	-22.307596
2245.17	-22.330020	-22.307596
2245.17	-22.330020	-22.318340
2245.17	-22.330020	-22.318340
2245.17	-22.363830	-22.344928
2245.17	-22.363830	-22.344928
2245.17	-22.363830	-22.344928
2245.17	-22.363830	-22.344928
2245.17	-22.363830	-22.344928
2245.17	-22.363830	-22.344928
2245.17	-22.363830	-22.344928
2245.17	-22.363830	-22.344928
2245.17	-22.436310	-22.344928
2584.38	inf	-22.344928
2584.38	inf	-22.344928
2584.38	inf	-22.344928
2584.38	-22.181420	-22.344928
2584.38	-22.181420	-22.344928
2584.38	-22.181420	-22.344928
2584.38	-22.181420	-22.344928
2584.38	-22.394220	-22.369792
2584.38	-22.394220	-22.369792
2584.38	-22.394220	-22.369792
2584.38	-22.394220	-22.369792
2584.38	-22.394220	-22.369792
2584.38	-22.394220	-22.369792
2584.38	-22.394220	-22.369792
2584.38	-22.394220	-22.369792
2584.38	-22.394220	-22.369792
2584.38	-22.394220	-22.369792
2584.38	-22.394220	-22.369792
2584.38	-22.394220	-22.369792
2584.38	-22.394220	-22.369792
2584.38	-22.394220	-22.369792
2584.38	-22.394220	-22.369792
2584.38	-22.394220	-22.369792
2584.38	-22.394220	-22.369792
2584.38	-22.394220	-22.369792
2584.38	-22.394220	-22.369792
2584.38	-22.394220	-22.369792
2584.38	-22.394220	-22.369792
2584.38	-22.394220	-22.369792
2584.38	-22.394220	-22.369792
2584.38	-22.436310	-22.369792
2871.22	inf	-22.369792
2871.22	-21.685020	-22.369792
2871.22	-21.685020	-22.369792
2871.22	-21.685020	-22.369792
2871.22	-22.194470	-22.369792
2871.22	-22.194470	-22.369792
2871.22	-22.194470	-22.369792
2871.22	-22.194470	-22.369792
2871.22	-22.194470	-22.369792
2871.23	-22.194470	-22.369792
2871.23	-22.194470	-22.369792
2871.23	-22.194470	-22.369792
2871.23	-22.194470	-22.369792
2871.23	-22.194470	-22.369792
2871.23	-22.194470	-22.369792
2871.23	-22.194470	-22.369792
2871.23	-22.194470	-22.369792
2871.23	-22.194470	-22.369792
2871.23	-22.194470	-22.369792
2871.23	-22.194470	-22.369792
2871.23	-22.194470	-22.369792
2871.23	-22.194470	-22.369792
2871.23	-22.194470	-22.369792
2871.23	-22.194470	-22.369792
2871.23	-22.194470	-22.369792
2871.23	-22.194470	-22.369792
2871.23	-22.194470	-22.369792
2871.23	-22.194470	-22.369792
2871.23	-22.194470	-22.369792
2871.23	-22.194470	-22.369792
2871.23	-22.436310	-22.369792
3218.24	inf	-22.369792
3218.24	inf	-22.369792
3218.25	-22.334340	-22.371744
3218.25	-22.334340	-22.371744
3218.25	-22.334340	-22.371744
3218.25	-22.420830	-22.389906
3218.25	-22.420830	-22.389906
3218.25	-22.420830	-22.389906
3218.25	-22.420830	-22.389906
3218.25	-22.420830	-22.389906
3218.25	-22.420830	-22.389906
3218.25	-22.420830	-22.389906
3218.25	-22.420830	-22.389906
3218.25	-22.420830	-22.389906
3218.25	-22.420830	-22.389906
3218.25	-22.420830	-22.389906
3218.25	-22.420830	-22.389906
3218.25	-22.420830	-22.389906
3218.25	-22.420830	-22.389906
3218.25	-22.420830	-22.389906
3218.25	-22.420830	-22.389906
3218.25	-22.420830	-22.389906
3218.25	-22.420830	-22.389906
3218.25	-22.420830	-22.389906
3218.25	-22.420830	-22.389906
3218.25	-22.420830	-22.389906
3218.25	-22.420830	-22.389906
3218.25	-22.420830	-22.389906
3218.25	-22.420830	-22.389906
3218.25	-22.420830	-22.389906
3218.25	-22.436310	-22.389906
3602.24	inf	-22.389906
3602.24	-22.353320	-22.393702
3602.24	-22.353320	-22.393702
3602.24	-22.353320	-22.393702
3602.24	-22.353320	-22.393702
3602.24	-22.353320	-22.393702
3602.24	-22.353320	-22.393702
3602.24	-22.353320	-22.393702
3602.24	-22.353320	-22.393702
3602.24	-22.353320	-22.393702
3602.24	-22.353320	-22.393702
3602.24	-22.353320	-22.393702
3602.24	-22.353320	-22.393702
3602.24	-22.353320	-22.393702
3602.24	-22.374180	-22.397874
3602.24	-22.374180	-22.397874
3602.24	-22.374180	-22.397874
3602.24	-22.374180	-22.397874
3602.24	-22.374180	-22.397874
3602.24	-22.374180	-22.397874
3602.24	-22.374180	-22.397874
3602.24	-22.374180	-22.397874
3602.24	-22.374180	-22.397874
3602.24	-22.374180	-22.397874
3602.24	-22.374180	-22.397874
3602.24	-22.374180	-22.397874
3602.24	-22.374180	-22.397874
3602.24	-22.374180	-22.397874
3602.25	-22.374180	-22.397874
3602.25	-22.374180	-22.397874
3602.25	-22.436310	-22.397874
3922.40	inf	-22.397874
3922.40	-18.052680	-22.397874
3922.40	-18.052680	-22.397874
3922.40	-21.692200	-22.397874
3922.40	-22.301870	-22.397874
3922.40	-22.301870	-22.397874
3922.40	-22.301870	-22.397874
3922.40	-22.301870	-22.397874
3922.40	-22.301870	-22.397874
3922.40	-22.338860	-22.397874
3922.40	-22.338860	-22.397874
3922.40	-22.373310	-22.399770
3922.40	-22.373310	-22.399770
3922.40	-22.373310	-22.399770
3922.40	-22.373310	-22.399770
3922.40	-22.373310	-22.399770
3922.40	-22.373310	-22.399770
3922.40	-22.373310	-22.399770
3922.40	-22.373310	-22.399770
3922.40	-22.373310	-22.399770
3922.40	-22.373310	-22.399770
3922.40	-22.373310	-22.399770
3922.40	-22.373310	-22.399770
3922.40	-22.455310	-22.416170
3922.40	-22.455310	-22.416170
3922.40	-22.455310	-22.416170
3922.40	-22.455310	-22.416170
3922.40	-22.455310	-22.416170
3922.40	-22.455310	-22.416170
3922.40	-22.455310	-22.416170
3922.40	-22.455310	-22.416170
4192.03	-11.827660	-22.416170
4192.03	-11.827660	-22.416170
4192.03	-22.133310	-22.416170
4192.03	-22.133310	-22.416170
4192.03	-22.133310	-22.416170
4192.04	-22.190300	-22.416170
4192.04	-22.205580	-22.416170
4192.04	-22.205580	-22.416170
4192.04	-22.205580	-22.416170
4192.04	-22.205580	-22.416170
4192.04	-22.205580	-22.416170
4192.04	-22.205580	-22.416170
4192.04	-22.418940	-22.425122
4192.04	-22.418940	-22.425122
4192.04	-22.418940	-22.425122
4192.04	-22.418940	-22.425122
4192.04	-22.418940	-22.425122
4192.04	-22.418940	-22.425122
4192.04	-22.418940	-22.425122
4192.04	-22.418940	-22.425122
4192.04	-22.418940	-22.425122
4192.04	-22.418940	-22.425122
4192.04	-22.418940	-22.425122
4192.04	-22.418940	-22.425122
4192.04	-22.418940	-22.425122
4192.04	-22.418940	-22.425122
4192.04	-22.418940	-22.425122
4192.04	-22.418940	-22.425122
4192.04	-22.418940	-22.425122
4192.04	-22.418940	-22.425122
4192.04	-22.455310	-22.425122
4520.69	-21.400220	-22.425122
4520.69	-21.400220	-22.425122
4520.69	-21.400220	-22.425122
4520.69	-21.400220	-22.425122
4520.69	-21.400220	-22.425122
4520.69	-21.400220	-22.425122
4520.69	-22.162960	-22.425122
4520.69	-22.162960	-22.425122
4520.69	-22.162960	-22.425122
4520.69	-22.162960	-22.425122
4520.69	-22.162960	-22.425122
4520.69	-22.162960	-22.425122
4520.69	-22.214750	-22.425122
4520.69	-22.214750	-22.425122
4520.69	-22.214750	-22.425122
4520.69	-22.214750	-22.425122
4520.69	-22.214750	-22.425122
4520.69	-22.214750	-22.425122
4520.69	-22.214750	-22.425122
4520.69	-22.391940	-22.425122
4520.69	-22.391940	-22.425122
4520.69	-22.391940	-22.425122
4520.69	-22.391940	-22.425122
4520.69	-22.391940	-22.425122
4520.69	-22.391940	-22.425122
4520.69	-22.391940	-22.425122
4520.69	-22.391940	-22.425122
4520.69	-22.391940	-22.425122
4520.69	-22.391940	-22.425122
4520.69	-22.391940	-22.425122
4520.69	-22.455310	-22.425122
4882.63	-18.878190	-22.425122
4882.63	-18.878190	-22.425122
4882.63	-22.086040	-22.425122
4882.64	-22.087530	-22.425122
4882.64	-22.176810	-22.425122
4882.64	-22.176810	-22.425122
4882.64	-22.176810	-22.425122
4882.64	-22.176810	-22.425122
4882.64	-22.176810	-22.425122
4882.64	-22.176810	-22.425122
4882.64	-22.176810	-22.425122
4882.64	-22.176810	-22.425122
4882.64	-22.176810	-22.425122
4882.64	-22.176810	-22.425122
4882.64	-22.176810	-22.425122
4882.64	-22.176810	-22.425122
4882.64	-22.176810	-22.425122
4882.64	-22.176810	-22.425122
4882.64	-22.176810	-22.425122
4882.64	-22.176810	-22.425122
4882.64	-22.176810	-22.425122
4882.64	-22.176810	-22.425122
4882.64	-22.176810	-22.425122
4882.64	-22.176810	-22.425122
4882.64	-22.176810	-22.425122
4882.64	-22.352530	-22.425122
4882.64	-22.352530	-22.425122
4882.64	-22.352530	-22.425122
4882.64	-22.352530	-22.425122
4882.64	-22.352530	-22.425122
4882.64	-22.455310	-22.425122
5184.98	-19.995590	-22.425122
5184.98	-19.995590	-22.425122
5184.98	-19.995590	-22.425122
5184.98	-19.995590	-22.425122
5184.98	-19.995590	-22.425122
5184.98	-22.352750	-22.425122
5184.98	-22.352750	-22.425122
5184.98	-22.352750	-22.425122
5184.98	-22.352750	-22.425122
5184.98	-22.352750	-22.425122
5184.98	-22.352750	-22.425122
5184.98	-22.353640	-22.425122
5184.98	-22.353640	-22.425122
5184.98	-22.353640	-22.425122
5184.98	-22.353640	-22.425122
5184.98	-22.353640	-22.425122
5184.98	-22.353640	-22.425122
5184.98	-22.353640	-22.425122
5184.98	-22.353640	-22.425122
5184.98	-22.353640	-22.425122
5184.98	-22.353640	-22.425122
5184.98	-22.353640	-22.425122
5184.99	-22.353640	-22.425122
5184.99	-22.353640	-22.425122
5184.99	-22.353640	-22.425122
5184.99	-22.353640	-22.425122
5184.99	-22.353640	-22.425122
5184.99	-22.353640	-22.425122
5184.99	-22.353640	-22.425122
5184.99	-22.353640	-22.425122
5184.99	-22.455310	-22.425122
5500.87	inf	-22.425122
5500.87	inf	-22.425122
5500.87	-22.227210	-22.425122
5500.87	-22.227210	-22.425122
5500.87	-22.227210	-22.425122
5500.87	-22.227210	-22.425122
5500.87	-22.227210	-22.425122
5500.87	-22.227210	-22.425122
5500.87	-22.227210	-22.425122
5500.87	-22.227210	-22.425122
5500.87	-22.227210	-22.425122
5500.87	-22.227210	-22.425122
5500.87	-22.227210	-22.425122
5500.87	-22.227210	-22.425122
5500.87	-22.227210	-22.425122
5500.87	-22.227210	-22.425122
5500.87	-22.227210	-22.425122
5500.87	-22.227210	-22.425122
5500.87	-22.227210	-22.425122
5500.87	-22.227210	-22.425122
5500.87	-22.227210	-22.425122
5500.87	-22.227210	-22.425122
5500.87	-22.227210	-22.425122
5500.87	-22.227210	-22.425122
5500.87	-22.227210	-22.425122
5500.87	-22.227210	-22.425122
5500.87	-22.227210	-22.425122
5500.87	-22.227210	-22.425122
5500.87	-22.227210	-22.425122
5500.87	-22.227210	-22.425122
5500.87	-22.455310	-22.425122
5851.69	inf	-22.425122
5851.69	-22.034820	-22.425122
5851.69	-22.034820	-22.425122
5851.69	-22.034820	-22.425122
5851.69	-22.034820	-22.425122
5851.69	-22.034820	-22.425122
5851.69	-22.034820	-22.425122
5851.69	-22.034820	-22.425122
5851.69	-22.034820	-22.425122
5851.69	-22.034820	-22.425122
5851.69	-22.034820	-22.425122
5851.69	-22.034820	-22.425122
5851.69	-22.034820	-22.425122
5851.69	-22.034820	-22.425122
5851.69	-22.034820	-22.425122
5851.69	-22.034820	-22.425122
5851.69	-22.034820	-22.425122
5851.69	-22.034820	-22.425122
5851.69	-22.034820	-22.425122
5851.69	-22.034820	-22.425122
5851.69	-22.034820	-22.425122
5851.69	-22.034820	-22.425122
5851.69	-22.034820	-22.425122
5851.69	-22.034820	-22.425122
5851.69	-22.034820	-22.425122
5851.69	-22.034820	-22.425122
5851.69	-22.034820	-22.425122
5851.69	-22.034820	-22.425122
5851.69	-22.034820	-22.425122
5851.69	-22.034820	-22.425122
5851.69	-22.455310	-22.425122
6252.32	-22.293300	-22.425122
6252.32	-22.293300	-22.425122
6252.32	-22.293300	-22.425122
6252.32	-22.293300	-22.425122
6252.32	-22.293300	-22.425122
6252.32	-22.293300	-22.425122
6252.32	-22.293300	-22.425122
6252.32	-22.293300	-22.425122
6252.32	-22.293300	-22.425122
6252.32	-22.293300	-22.425122
6252.33	-22.293300	-22.425122
6252.33	-22.293300	-22.425122
6252.33	-22.293300	-22.425122
6252.33	-22.293300	-22.425122
6252.33	-22.293300	-22.425122
6252.33	-22.293300	-22.425122
6252.33	-22.293300	-22.425122
6252.33	-22.293300	-22.425122
6252.33	-22.293300	-22.425122
6252.33	-22.453020	-22.436882
6252.33	-22.453020	-22.436882
6252.33	-22.453020	-22.436882
6252.33	-22.453020	-22.436882
6252.33	-22.453020	-22.436882
6252.33	-22.453020	-22.436882
6252.33	-22.453020	-22.436882
6252.33	-22.453020	-22.436882
6252.33	-22.453020	-22.436882
6252.33	-22.453020	-22.436882
6252.33	-22.453020	-22.436882
6252.33	-22.455310	-22.436882
6600.87	-21.478370	-22.436882
6600.87	-22.251450	-22.436882
6600.87	-22.251450	-22.436882
6600.87	-22.251450	-22.436882
6600.87	-22.251450	-22.436882
6600.87	-22.251450	-22.436882
6600.87	-22.251450	-22.436882
6600.87	-22.251450	-22.436882
6600.87	-22.304660	-22.436882
6600.87	-22.304660	-22.436882
6600.87	-22.304660	-22.436882
6600.87	-22.410830	-22.436882
6600.87	-22.410830	-22.436882
6600.88	-22.410830	-22.436882
6600.88	-22.410830	-22.436882
6600.88	-22.410830	-22.436882
6600.88	-22.410830	-22.436882
6600.88	-22.410830	-22.436882
6600.88	-22.410830	-22.436882
6600.88	-22.410830	-22.436882
6600.88	-22.410830	-22.436882
6600.88	-22.410830	-22.436882
6600.88	-22.410830	-22.436882
6600.88	-22.410830	-22.436882
6600.88	-22.410830	-22.436882
6600.88	-22.410830	-22.436882
6600.88	-22.410830	-22.436882
6600.88	-22.410830	-22.436882
6600.88	-22.410830	-22.436882
6600.88	-22.410830	-22.436882
6600.88	-22.455310	-22.436882
6877.28	inf	-22.436882
6877.28	inf	-22.436882
6877.28	inf	-22.436882
6877.28	inf	-22.436882
6877.28	-22.187080	-22.436882
6877.28	-22.187080	-22.436882
6877.28	-22.187080	-22.436882
6877.28	-22.187080	-22.436882
6877.28	-22.187080	-22.436882
6877.28	-22.187080	-22.436882
6877.28	-22.187080	-22.436882
6877.28	-22.187080	-22.436882
6877.28	-22.187080	-22.436882
6877.28	-22.223720	-22.436882
6877.28	-22.223720	-22.436882
6877.28	-22.223720	-22.436882
6877.28	-22.223720	-22.436882
6877.28	-22.223720	-22.436882
6877.28	-22.223720	-22.436882
6877.29	-22.223720	-22.436882
6877.29	-22.223720	-22.436882
6877.29	-22.223720	-22.436882
6877.29	-22.223720	-22.436882
6877.29	-22.223720	-22.436882
6877.29	-22.223720	-22.436882
6877.29	-22.223720	-22.436882
6877.29	-22.223720	-22.436882
6877.29	-22.223720	-22.436882
6877.29	-22.223720	-22.436882
6877.29	-22.223720	-22.436882
6877.29	-22.455310	-22.436882
7212.63	inf	-22.436882
7212.63	-22.142250	-22.436882
7212.63	-22.142250	-22.436882
7212.63	-22.163850	-22.436882
7212.63	-22.282830	-22.436882
7212.63	-22.282830	-22.436882
7212.63	-22.282830	-22.436882
7212.63	-22.282830	-22.436882
7212.63	-22.282830	-22.436882
7212.63	-22.282830	-22.436882
7212.63	-22.282830	-22.436882
7212.63	-22.282830	-22.436882
7212.63	-22.282830	-22.436882
7212.63	-22.282830	-22.436882
7212.63	-22.282830	-22.436882
7212.63	-22.282830	-22.436882
7212.63	-22.282830	-22.436882
7212.64	-22.282830	-22.436882
7212.64	-22.282830	-22.436882
7212.64	-22.282830	-22.436882
7212.64	-22.282830	-22.436882
7212.64	-22.282830	-22.436882
7212.64	-22.282830	-22.436882
7212.64	-22.282830	-22.436882
7212.64	-22.282830	-22.436882
7212.64	-22.282830	-22.436882
7212.64	-22.282830	-22.436882
7212.64	-22.282830	-22.436882
7212.64	-22.282830	-22.436882
7212.64	-22.282830	-22.436882
7212.64	-22.455310	-22.436882
7645.06	-21.090380	-22.436882
7645.06	-21.090380	-22.436882
7645.06	-21.401210	-22.436882
7645.06	-21.401210	-22.436882
7645.06	-21.401210	-22.436882
7645.06	-22.149170	-22.436882
7645.06	-22.149170	-22.436882
7645.06	-22.315940	-22.436882
7645.06	-22.351330	-22.436882
7645.06	-22.351330	-22.436882
7645.06	-22.351330	-22.436882
7645.06	-22.369160	-22.436882
7645.06	-22.369160	-22.436882
7645.06	-22.369160	-22.436882
7645.06	-22.369160	-22.436882
7645.06	-22.369160	-22.436882
7645.06	-22.369160	-22.436882
7645.06	-22.369160	-22.436882
7645.06	-22.369160	-22.436882
7645.06	-22.369160	-22.436882
7645.06	-22.369160	-22.436882
7645.06	-22.369160	-22.436882
7645.06	-22.369160	-22.436882
7645.06	-22.369160	-22.436882
7645.06	-22.369160	-22.436882
7645.06	-22.369160	-22.436882
7645.06	-22.369160	-22.436882
7645.06	-22.369160	-22.436882
7645.06	-22.369160	-22.436882
7645.06	-22.369160	-22.436882
7645.06	-22.455310	-22.436882
7968.12	inf	-22.436882
7968.12	-22.383350	-22.436882
7968.12	-22.383350	-22.436882
7968.12	-22.383350	-22.436882
7968.12	-22.383350	-22.436882
7968.12	-22.383350	-22.436882
7968.12	-22.383350	-22.436882
7968.12	-22.383350	-22.436882
7968.12	-22.383350	-22.436882
7968.12	-22.383350	-22.436882
7968.12	-22.383350	-22.436882
7968.12	-22.383350	-22.436882
7968.12	-22.383350	-22.436882
7968.12	-22.383350	-22.436882
7968.12	-22.383350	-22.436882
7968.12	-22.383350	-22.436882
7968.12	-22.383350	-22.436882
7968.12	-22.383350	-22.436882
7968.12	-22.383350	-22.436882
7968.12	-22.383350	-22.436882
7968.12	-22.427480	-22.438590
7968.13	-22.427480	-22.438590
7968.13	-22.427480	-22.438590
7968.13	-22.427480	-22.438590
7968.13	-22.427480	-22.438590
7968.13	-22.427480	-22.438590
7968.13	-22.427480	-22.438590
7968.13	-22.427480	-22.438590
7968.13	-22.427480	-22.438590
7968.13	-22.427480	-22.438590
7968.13	-22.455310	-22.438590
8265.52	-22.326090	-22.438590
8265.53	-22.326090	-22.438590
8265.53	-22.326090	-22.438590
8265.53	-22.326090	-22.438590
8265.53	-22.326090	-22.438590
8265.53	-22.326090	-22.438590
8265.53	-22.326090	-22.438590
8265.53	-22.394730	-22.438590
8265.53	-22.394730	-22.438590
8265.53	-22.394730	-22.438590
8265.53	-22.394730	-22.438590
8265.53	-22.394730	-22.438590
8265.53	-22.394730	-22.438590
8265.53	-22.394730	-22.438590
8265.53	-22.394730	-22.438590
8265.53	-22.394730	-22.438590
8265.53	-22.394730	-22.438590
8265.53	-22.394730	-22.438590
8265.53	-22.394730	-22.438590
8265.53	-22.394730	-22.438590
8265.53	-22.394730	-22.438590
8265.53	-22.394730	-22.438590
8265.53	-22.394730	-22.438590
8265.53	-22.453340	-22.445092
8265.53	-22.453340	-22.445092
8265.54	-22.453340	-22.445092
8265.54	-22.481360	-22.455868
8265.54	-22.481360	-22.455868
8265.54	-22.481360	-22.455868
8265.54	-22.481360	-22.455868
8265.54	-22.481360	-22.455868
8627.42	inf	-22.455868
8627.43	inf	-22.455868
8627.43	inf	-22.455868
8627.43	-17.505520	-22.455868
8627.43	-19.263460	-22.455868
8627.43	-19.263460	-22.455868
8627.43	-19.263460	-22.455868
8627.43	-19.263460	-22.455868
8627.43	-21.187570	-22.455868
8627.43	-21.187570	-22.455868
8627.43	-22.145560	-22.455868
8627.43	-22.145560	-22.455868
8627.43	-22.145560	-22.455868
8627.43	-22.157540	-22.455868
8627.43	-22.157540	-22.455868
8627.43	-22.157540	-22.455868
8627.43	-22.157540	-22.455868
8627.43	-22.177720	-22.455868
8627.43	-22.177720	-22.455868
8627.43	-22.177720	-22.455868
8627.43	-22.177720	-22.455868
8627.43	-22.177720	-22.455868
8627.43	-22.177720	-22.455868
8627.43	-22.177720	-22.455868
8627.43	-22.177720	-22.455868
8627.43	-22.436850	-22.455976
8627.43	-22.436850	-22.455976
8627.43	-22.436850	-22.455976
8627.43	-22.436850	-22.455976
8627.43	-22.436850	-22.455976
8627.43	-22.481360	-22.455976
9020.55	-21.630140	-22.455976
9020.55	-21.630140	-22.455976
9020.55	-22.120840	-22.455976
9020.55	-22.120840	-22.455976
9020.55	-22.120840	-22.455976
9020.55	-22.120840	-22.455976
9020.55	-22.120840	-22.455976
9020.55	-22.120840	-22.455976
9020.55	-22.120840	-22.455976
9020.55	-22.120840	-22.455976
9020.55	-22.120840	-22.455976
9020.55	-22.120840	-22.455976
9020.55	-22.120840	-22.455976
9020.55	-22.120840	-22.455976
9020.55	-22.120840	-22.455976
9020.55	-22.210380	-22.455976
9020.55	-22.210380	-22.455976
9020.55	-22.210380	-22.455976
9020.55	-22.408030	-22.455976
9020.55	-22.408030	-22.455976
9020.55	-22.408030	-22.455976
9020.55	-22.408030	-22.455976
9020.55	-22.408030	-22.455976
9020.55	-22.408030	-22.455976
9020.55	-22.408030	-22.455976
9020.55	-22.408030	-22.455976
9020.55	-22.408030	-22.455976
9020.56	-22.408030	-22.455976
9020.56	-22.408030	-22.455976
9020.56	-22.408030	-22.455976
9020.56	-22.481360	-22.455976
