2025-02-09 04:29:13,499 - INFO - Starting training process...
2025-02-09 04:29:13,499 - INFO - Loading data...
2025-02-09 04:29:14,778 - INFO - Loaded 2915 code samples
2025-02-09 04:29:14,778 - INFO - Performance statistics:
2025-02-09 04:29:14,779 - INFO -   Mean: 10.6621
2025-02-09 04:29:14,779 - INFO -   Std: 0.0755
2025-02-09 04:29:14,779 - INFO -   Min: 10.5913
2025-02-09 04:29:14,779 - INFO -   Max: 10.9718
2025-02-09 04:29:14,780 - INFO - Loading predefined dataset split...
2025-02-09 04:29:14,781 - INFO - Loaded split info - Train: 2332, Test: 583
2025-02-09 04:29:16,816 - INFO - Selected 999 balanced training pairs
2025-02-09 04:29:17,158 - INFO - Selected 1000 balanced test pairs
2025-02-09 04:29:17,419 - INFO - Starting training...
2025-02-09 04:29:17,420 - INFO - Total training pairs: 999
2025-02-09 04:29:17,420 - INFO - Batch size: 32
2025-02-09 04:29:17,420 - INFO - Max epochs: 200
2025-02-09 04:29:17,420 - INFO - 
Epoch 1/200
2025-02-09 04:29:17,420 - INFO - Processing batches...
2025-02-09 04:29:17,899 - INFO - Epoch 1 Results:
2025-02-09 04:29:17,899 - INFO -   Average Loss: 0.6850
2025-02-09 04:29:17,899 - INFO -   Training Accuracy: 0.5576
2025-02-09 04:29:17,899 - INFO -   New best loss achieved!
2025-02-09 04:29:17,899 - INFO - 
Epoch 2/200
2025-02-09 04:29:17,899 - INFO - Processing batches...
2025-02-09 04:29:18,358 - INFO - Epoch 2 Results:
2025-02-09 04:29:18,358 - INFO -   Average Loss: 0.6200
2025-02-09 04:29:18,358 - INFO -   Training Accuracy: 0.6657
2025-02-09 04:29:18,358 - INFO -   New best loss achieved!
2025-02-09 04:29:18,359 - INFO - 
Epoch 3/200
2025-02-09 04:29:18,359 - INFO - Processing batches...
2025-02-09 04:29:18,811 - INFO - Epoch 3 Results:
2025-02-09 04:29:18,811 - INFO -   Average Loss: 0.5874
2025-02-09 04:29:18,811 - INFO -   Training Accuracy: 0.7017
2025-02-09 04:29:18,811 - INFO -   New best loss achieved!
2025-02-09 04:29:18,811 - INFO - 
Epoch 4/200
2025-02-09 04:29:18,811 - INFO - Processing batches...
2025-02-09 04:29:19,272 - INFO - Epoch 4 Results:
2025-02-09 04:29:19,272 - INFO -   Average Loss: 0.5630
2025-02-09 04:29:19,272 - INFO -   Training Accuracy: 0.7317
2025-02-09 04:29:19,272 - INFO -   New best loss achieved!
2025-02-09 04:29:19,272 - INFO - 
Epoch 5/200
2025-02-09 04:29:19,272 - INFO - Processing batches...
2025-02-09 04:29:19,723 - INFO - Epoch 5 Results:
2025-02-09 04:29:19,723 - INFO -   Average Loss: 0.5277
2025-02-09 04:29:19,724 - INFO -   Training Accuracy: 0.7778
2025-02-09 04:29:19,724 - INFO -   New best loss achieved!
2025-02-09 04:29:19,724 - INFO - 
Epoch 6/200
2025-02-09 04:29:19,724 - INFO - Processing batches...
2025-02-09 04:29:20,169 - INFO - Epoch 6 Results:
2025-02-09 04:29:20,169 - INFO -   Average Loss: 0.4945
2025-02-09 04:29:20,169 - INFO -   Training Accuracy: 0.8168
2025-02-09 04:29:20,169 - INFO -   New best loss achieved!
2025-02-09 04:29:20,169 - INFO - 
Epoch 7/200
2025-02-09 04:29:20,169 - INFO - Processing batches...
2025-02-09 04:29:20,629 - INFO - Epoch 7 Results:
2025-02-09 04:29:20,629 - INFO -   Average Loss: 0.4870
2025-02-09 04:29:20,630 - INFO -   Training Accuracy: 0.8318
2025-02-09 04:29:20,630 - INFO -   New best loss achieved!
2025-02-09 04:29:20,630 - INFO - 
Epoch 8/200
2025-02-09 04:29:20,630 - INFO - Processing batches...
2025-02-09 04:29:21,105 - INFO - Epoch 8 Results:
2025-02-09 04:29:21,105 - INFO -   Average Loss: 0.4681
2025-02-09 04:29:21,105 - INFO -   Training Accuracy: 0.8418
2025-02-09 04:29:21,105 - INFO -   New best loss achieved!
2025-02-09 04:29:21,105 - INFO - 
Epoch 9/200
2025-02-09 04:29:21,105 - INFO - Processing batches...
2025-02-09 04:29:21,582 - INFO - Epoch 9 Results:
2025-02-09 04:29:21,582 - INFO -   Average Loss: 0.4531
2025-02-09 04:29:21,582 - INFO -   Training Accuracy: 0.8699
2025-02-09 04:29:21,582 - INFO -   New best loss achieved!
2025-02-09 04:29:21,582 - INFO - 
Epoch 10/200
2025-02-09 04:29:21,582 - INFO - Processing batches...
2025-02-09 04:29:22,051 - INFO - Epoch 10 Results:
2025-02-09 04:29:22,052 - INFO -   Average Loss: 0.4583
2025-02-09 04:29:22,052 - INFO -   Training Accuracy: 0.8559
2025-02-09 04:29:22,052 - INFO -   No improvement for 1 epochs
2025-02-09 04:29:22,052 - INFO - 
Epoch 11/200
2025-02-09 04:29:22,052 - INFO - Processing batches...
2025-02-09 04:29:22,524 - INFO - Epoch 11 Results:
2025-02-09 04:29:22,524 - INFO -   Average Loss: 0.4540
2025-02-09 04:29:22,524 - INFO -   Training Accuracy: 0.8579
2025-02-09 04:29:22,524 - INFO -   No improvement for 2 epochs
2025-02-09 04:29:22,524 - INFO - 
Epoch 12/200
2025-02-09 04:29:22,524 - INFO - Processing batches...
2025-02-09 04:29:22,985 - INFO - Epoch 12 Results:
2025-02-09 04:29:22,985 - INFO -   Average Loss: 0.4489
2025-02-09 04:29:22,985 - INFO -   Training Accuracy: 0.8579
2025-02-09 04:29:22,985 - INFO -   New best loss achieved!
2025-02-09 04:29:22,985 - INFO - 
Epoch 13/200
2025-02-09 04:29:22,985 - INFO - Processing batches...
2025-02-09 04:29:23,445 - INFO - Epoch 13 Results:
2025-02-09 04:29:23,445 - INFO -   Average Loss: 0.4339
2025-02-09 04:29:23,445 - INFO -   Training Accuracy: 0.8749
2025-02-09 04:29:23,445 - INFO -   New best loss achieved!
2025-02-09 04:29:23,445 - INFO - 
Epoch 14/200
2025-02-09 04:29:23,445 - INFO - Processing batches...
2025-02-09 04:29:23,905 - INFO - Epoch 14 Results:
2025-02-09 04:29:23,905 - INFO -   Average Loss: 0.4261
2025-02-09 04:29:23,905 - INFO -   Training Accuracy: 0.8829
2025-02-09 04:29:23,905 - INFO -   New best loss achieved!
2025-02-09 04:29:23,905 - INFO - 
Epoch 15/200
2025-02-09 04:29:23,905 - INFO - Processing batches...
2025-02-09 04:29:24,365 - INFO - Epoch 15 Results:
2025-02-09 04:29:24,365 - INFO -   Average Loss: 0.4289
2025-02-09 04:29:24,365 - INFO -   Training Accuracy: 0.8839
2025-02-09 04:29:24,365 - INFO -   No improvement for 1 epochs
2025-02-09 04:29:24,365 - INFO - 
Epoch 16/200
2025-02-09 04:29:24,365 - INFO - Processing batches...
2025-02-09 04:29:24,838 - INFO - Epoch 16 Results:
2025-02-09 04:29:24,839 - INFO -   Average Loss: 0.4225
2025-02-09 04:29:24,839 - INFO -   Training Accuracy: 0.8929
2025-02-09 04:29:24,839 - INFO -   New best loss achieved!
2025-02-09 04:29:24,839 - INFO - 
Epoch 17/200
2025-02-09 04:29:24,839 - INFO - Processing batches...
2025-02-09 04:29:25,298 - INFO - Epoch 17 Results:
2025-02-09 04:29:25,298 - INFO -   Average Loss: 0.4233
2025-02-09 04:29:25,299 - INFO -   Training Accuracy: 0.8939
2025-02-09 04:29:25,299 - INFO -   No improvement for 1 epochs
2025-02-09 04:29:25,299 - INFO - 
Epoch 18/200
2025-02-09 04:29:25,299 - INFO - Processing batches...
2025-02-09 04:29:25,760 - INFO - Epoch 18 Results:
2025-02-09 04:29:25,760 - INFO -   Average Loss: 0.4087
2025-02-09 04:29:25,760 - INFO -   Training Accuracy: 0.9069
2025-02-09 04:29:25,760 - INFO -   New best loss achieved!
2025-02-09 04:29:25,760 - INFO - 
Epoch 19/200
2025-02-09 04:29:25,760 - INFO - Processing batches...
2025-02-09 04:29:26,217 - INFO - Epoch 19 Results:
2025-02-09 04:29:26,217 - INFO -   Average Loss: 0.4382
2025-02-09 04:29:26,217 - INFO -   Training Accuracy: 0.8749
2025-02-09 04:29:26,217 - INFO -   No improvement for 1 epochs
2025-02-09 04:29:26,217 - INFO - 
Epoch 20/200
2025-02-09 04:29:26,217 - INFO - Processing batches...
2025-02-09 04:29:26,673 - INFO - Epoch 20 Results:
2025-02-09 04:29:26,673 - INFO -   Average Loss: 0.4224
2025-02-09 04:29:26,673 - INFO -   Training Accuracy: 0.8929
2025-02-09 04:29:26,673 - INFO -   No improvement for 2 epochs
2025-02-09 04:29:26,673 - INFO - 
Epoch 21/200
2025-02-09 04:29:26,673 - INFO - Processing batches...
2025-02-09 04:29:27,130 - INFO - Epoch 21 Results:
2025-02-09 04:29:27,130 - INFO -   Average Loss: 0.4137
2025-02-09 04:29:27,130 - INFO -   Training Accuracy: 0.9029
2025-02-09 04:29:27,130 - INFO -   No improvement for 3 epochs
2025-02-09 04:29:27,130 - INFO - 
Epoch 22/200
2025-02-09 04:29:27,131 - INFO - Processing batches...
2025-02-09 04:29:27,594 - INFO - Epoch 22 Results:
2025-02-09 04:29:27,594 - INFO -   Average Loss: 0.4026
2025-02-09 04:29:27,594 - INFO -   Training Accuracy: 0.9049
2025-02-09 04:29:27,594 - INFO -   New best loss achieved!
2025-02-09 04:29:27,594 - INFO - 
Epoch 23/200
2025-02-09 04:29:27,594 - INFO - Processing batches...
2025-02-09 04:29:28,055 - INFO - Epoch 23 Results:
2025-02-09 04:29:28,055 - INFO -   Average Loss: 0.4021
2025-02-09 04:29:28,055 - INFO -   Training Accuracy: 0.9129
2025-02-09 04:29:28,055 - INFO -   New best loss achieved!
2025-02-09 04:29:28,055 - INFO - 
Epoch 24/200
2025-02-09 04:29:28,055 - INFO - Processing batches...
2025-02-09 04:29:28,508 - INFO - Epoch 24 Results:
2025-02-09 04:29:28,508 - INFO -   Average Loss: 0.4062
2025-02-09 04:29:28,509 - INFO -   Training Accuracy: 0.9049
2025-02-09 04:29:28,509 - INFO -   No improvement for 1 epochs
2025-02-09 04:29:28,509 - INFO - 
Epoch 25/200
2025-02-09 04:29:28,509 - INFO - Processing batches...
2025-02-09 04:29:28,965 - INFO - Epoch 25 Results:
2025-02-09 04:29:28,966 - INFO -   Average Loss: 0.4004
2025-02-09 04:29:28,966 - INFO -   Training Accuracy: 0.9099
2025-02-09 04:29:28,966 - INFO -   New best loss achieved!
2025-02-09 04:29:28,966 - INFO - 
Epoch 26/200
2025-02-09 04:29:28,966 - INFO - Processing batches...
2025-02-09 04:29:29,674 - INFO - Epoch 26 Results:
2025-02-09 04:29:29,674 - INFO -   Average Loss: 0.4056
2025-02-09 04:29:29,674 - INFO -   Training Accuracy: 0.9029
2025-02-09 04:29:29,674 - INFO -   No improvement for 1 epochs
2025-02-09 04:29:29,674 - INFO - 
Epoch 27/200
2025-02-09 04:29:29,674 - INFO - Processing batches...
2025-02-09 04:29:30,140 - INFO - Epoch 27 Results:
2025-02-09 04:29:30,140 - INFO -   Average Loss: 0.4038
2025-02-09 04:29:30,140 - INFO -   Training Accuracy: 0.9099
2025-02-09 04:29:30,140 - INFO -   No improvement for 2 epochs
2025-02-09 04:29:30,140 - INFO - 
Epoch 28/200
2025-02-09 04:29:30,140 - INFO - Processing batches...
2025-02-09 04:29:30,611 - INFO - Epoch 28 Results:
2025-02-09 04:29:30,611 - INFO -   Average Loss: 0.3924
2025-02-09 04:29:30,611 - INFO -   Training Accuracy: 0.9189
2025-02-09 04:29:30,611 - INFO -   New best loss achieved!
2025-02-09 04:29:30,611 - INFO - 
Epoch 29/200
2025-02-09 04:29:30,611 - INFO - Processing batches...
2025-02-09 04:29:31,084 - INFO - Epoch 29 Results:
2025-02-09 04:29:31,084 - INFO -   Average Loss: 0.4058
2025-02-09 04:29:31,084 - INFO -   Training Accuracy: 0.9069
2025-02-09 04:29:31,084 - INFO -   No improvement for 1 epochs
2025-02-09 04:29:31,084 - INFO - 
Epoch 30/200
2025-02-09 04:29:31,084 - INFO - Processing batches...
2025-02-09 04:29:31,537 - INFO - Epoch 30 Results:
2025-02-09 04:29:31,537 - INFO -   Average Loss: 0.3946
2025-02-09 04:29:31,537 - INFO -   Training Accuracy: 0.9169
2025-02-09 04:29:31,537 - INFO -   No improvement for 2 epochs
2025-02-09 04:29:31,537 - INFO - 
Epoch 31/200
2025-02-09 04:29:31,537 - INFO - Processing batches...
2025-02-09 04:29:32,000 - INFO - Epoch 31 Results:
2025-02-09 04:29:32,000 - INFO -   Average Loss: 0.3950
2025-02-09 04:29:32,000 - INFO -   Training Accuracy: 0.9119
2025-02-09 04:29:32,000 - INFO -   No improvement for 3 epochs
2025-02-09 04:29:32,000 - INFO - 
Epoch 32/200
2025-02-09 04:29:32,000 - INFO - Processing batches...
2025-02-09 04:29:32,461 - INFO - Epoch 32 Results:
2025-02-09 04:29:32,462 - INFO -   Average Loss: 0.3839
2025-02-09 04:29:32,462 - INFO -   Training Accuracy: 0.9259
2025-02-09 04:29:32,462 - INFO -   New best loss achieved!
2025-02-09 04:29:32,462 - INFO - 
Epoch 33/200
2025-02-09 04:29:32,462 - INFO - Processing batches...
2025-02-09 04:29:32,918 - INFO - Epoch 33 Results:
2025-02-09 04:29:32,918 - INFO -   Average Loss: 0.3947
2025-02-09 04:29:32,918 - INFO -   Training Accuracy: 0.9099
2025-02-09 04:29:32,918 - INFO -   No improvement for 1 epochs
2025-02-09 04:29:32,919 - INFO - 
Epoch 34/200
2025-02-09 04:29:32,919 - INFO - Processing batches...
2025-02-09 04:29:33,369 - INFO - Epoch 34 Results:
2025-02-09 04:29:33,369 - INFO -   Average Loss: 0.3875
2025-02-09 04:29:33,369 - INFO -   Training Accuracy: 0.9249
2025-02-09 04:29:33,369 - INFO -   No improvement for 2 epochs
2025-02-09 04:29:33,370 - INFO - 
Epoch 35/200
2025-02-09 04:29:33,370 - INFO - Processing batches...
2025-02-09 04:29:33,818 - INFO - Epoch 35 Results:
2025-02-09 04:29:33,818 - INFO -   Average Loss: 0.3851
2025-02-09 04:29:33,818 - INFO -   Training Accuracy: 0.9219
2025-02-09 04:29:33,819 - INFO -   No improvement for 3 epochs
2025-02-09 04:29:33,819 - INFO - 
Epoch 36/200
2025-02-09 04:29:33,819 - INFO - Processing batches...
2025-02-09 04:29:34,271 - INFO - Epoch 36 Results:
2025-02-09 04:29:34,271 - INFO -   Average Loss: 0.3829
2025-02-09 04:29:34,271 - INFO -   Training Accuracy: 0.9269
2025-02-09 04:29:34,271 - INFO -   New best loss achieved!
2025-02-09 04:29:34,272 - INFO - 
Epoch 37/200
2025-02-09 04:29:34,272 - INFO - Processing batches...
2025-02-09 04:29:34,722 - INFO - Epoch 37 Results:
2025-02-09 04:29:34,722 - INFO -   Average Loss: 0.3743
2025-02-09 04:29:34,722 - INFO -   Training Accuracy: 0.9359
2025-02-09 04:29:34,722 - INFO -   New best loss achieved!
2025-02-09 04:29:34,723 - INFO - 
Epoch 38/200
2025-02-09 04:29:34,723 - INFO - Processing batches...
2025-02-09 04:29:35,176 - INFO - Epoch 38 Results:
2025-02-09 04:29:35,176 - INFO -   Average Loss: 0.3885
2025-02-09 04:29:35,176 - INFO -   Training Accuracy: 0.9229
2025-02-09 04:29:35,176 - INFO -   No improvement for 1 epochs
2025-02-09 04:29:35,176 - INFO - 
Epoch 39/200
2025-02-09 04:29:35,176 - INFO - Processing batches...
2025-02-09 04:29:35,618 - INFO - Epoch 39 Results:
2025-02-09 04:29:35,618 - INFO -   Average Loss: 0.3901
2025-02-09 04:29:35,619 - INFO -   Training Accuracy: 0.9219
2025-02-09 04:29:35,619 - INFO -   No improvement for 2 epochs
2025-02-09 04:29:35,619 - INFO - 
Epoch 40/200
2025-02-09 04:29:35,619 - INFO - Processing batches...
2025-02-09 04:29:36,070 - INFO - Epoch 40 Results:
2025-02-09 04:29:36,070 - INFO -   Average Loss: 0.3761
2025-02-09 04:29:36,070 - INFO -   Training Accuracy: 0.9379
2025-02-09 04:29:36,070 - INFO -   No improvement for 3 epochs
2025-02-09 04:29:36,070 - INFO - 
Epoch 41/200
2025-02-09 04:29:36,070 - INFO - Processing batches...
2025-02-09 04:29:36,516 - INFO - Epoch 41 Results:
2025-02-09 04:29:36,516 - INFO -   Average Loss: 0.3702
2025-02-09 04:29:36,516 - INFO -   Training Accuracy: 0.9449
2025-02-09 04:29:36,516 - INFO -   New best loss achieved!
2025-02-09 04:29:36,516 - INFO - 
Epoch 42/200
2025-02-09 04:29:36,516 - INFO - Processing batches...
2025-02-09 04:29:36,963 - INFO - Epoch 42 Results:
2025-02-09 04:29:36,963 - INFO -   Average Loss: 0.3809
2025-02-09 04:29:36,963 - INFO -   Training Accuracy: 0.9369
2025-02-09 04:29:36,963 - INFO -   No improvement for 1 epochs
2025-02-09 04:29:36,963 - INFO - 
Epoch 43/200
2025-02-09 04:29:36,963 - INFO - Processing batches...
2025-02-09 04:29:37,419 - INFO - Epoch 43 Results:
2025-02-09 04:29:37,419 - INFO -   Average Loss: 0.3754
2025-02-09 04:29:37,419 - INFO -   Training Accuracy: 0.9319
2025-02-09 04:29:37,419 - INFO -   No improvement for 2 epochs
2025-02-09 04:29:37,419 - INFO - 
Epoch 44/200
2025-02-09 04:29:37,419 - INFO - Processing batches...
2025-02-09 04:29:37,861 - INFO - Epoch 44 Results:
2025-02-09 04:29:37,861 - INFO -   Average Loss: 0.3716
2025-02-09 04:29:37,861 - INFO -   Training Accuracy: 0.9419
2025-02-09 04:29:37,861 - INFO -   No improvement for 3 epochs
2025-02-09 04:29:37,861 - INFO - 
Epoch 45/200
2025-02-09 04:29:37,861 - INFO - Processing batches...
2025-02-09 04:29:38,306 - INFO - Epoch 45 Results:
2025-02-09 04:29:38,306 - INFO -   Average Loss: 0.3734
2025-02-09 04:29:38,306 - INFO -   Training Accuracy: 0.9319
2025-02-09 04:29:38,306 - INFO -   No improvement for 4 epochs
2025-02-09 04:29:38,307 - INFO - 
Epoch 46/200
2025-02-09 04:29:38,307 - INFO - Processing batches...
2025-02-09 04:29:38,754 - INFO - Epoch 46 Results:
2025-02-09 04:29:38,754 - INFO -   Average Loss: 0.3872
2025-02-09 04:29:38,754 - INFO -   Training Accuracy: 0.9309
2025-02-09 04:29:38,754 - INFO -   No improvement for 5 epochs
2025-02-09 04:29:38,754 - INFO - 
Epoch 47/200
2025-02-09 04:29:38,754 - INFO - Processing batches...
2025-02-09 04:29:39,229 - INFO - Epoch 47 Results:
2025-02-09 04:29:39,230 - INFO -   Average Loss: 0.3720
2025-02-09 04:29:39,230 - INFO -   Training Accuracy: 0.9389
2025-02-09 04:29:39,230 - INFO -   No improvement for 6 epochs
2025-02-09 04:29:39,230 - INFO - 
Epoch 48/200
2025-02-09 04:29:39,230 - INFO - Processing batches...
2025-02-09 04:29:39,681 - INFO - Epoch 48 Results:
2025-02-09 04:29:39,681 - INFO -   Average Loss: 0.3752
2025-02-09 04:29:39,682 - INFO -   Training Accuracy: 0.9319
2025-02-09 04:29:39,682 - INFO -   No improvement for 7 epochs
2025-02-09 04:29:39,682 - INFO - 
Epoch 49/200
2025-02-09 04:29:39,682 - INFO - Processing batches...
2025-02-09 04:29:40,140 - INFO - Epoch 49 Results:
2025-02-09 04:29:40,141 - INFO -   Average Loss: 0.3761
2025-02-09 04:29:40,141 - INFO -   Training Accuracy: 0.9369
2025-02-09 04:29:40,141 - INFO -   No improvement for 8 epochs
2025-02-09 04:29:40,141 - INFO - 
Epoch 50/200
2025-02-09 04:29:40,141 - INFO - Processing batches...
2025-02-09 04:29:40,597 - INFO - Epoch 50 Results:
2025-02-09 04:29:40,597 - INFO -   Average Loss: 0.3697
2025-02-09 04:29:40,597 - INFO -   Training Accuracy: 0.9439
2025-02-09 04:29:40,597 - INFO -   New best loss achieved!
2025-02-09 04:29:40,597 - INFO - 
Epoch 51/200
2025-02-09 04:29:40,597 - INFO - Processing batches...
2025-02-09 04:29:41,066 - INFO - Epoch 51 Results:
2025-02-09 04:29:41,066 - INFO -   Average Loss: 0.3662
2025-02-09 04:29:41,066 - INFO -   Training Accuracy: 0.9449
2025-02-09 04:29:41,066 - INFO -   New best loss achieved!
2025-02-09 04:29:41,066 - INFO - 
Epoch 52/200
2025-02-09 04:29:41,066 - INFO - Processing batches...
2025-02-09 04:29:41,519 - INFO - Epoch 52 Results:
2025-02-09 04:29:41,519 - INFO -   Average Loss: 0.3694
2025-02-09 04:29:41,519 - INFO -   Training Accuracy: 0.9419
2025-02-09 04:29:41,519 - INFO -   No improvement for 1 epochs
2025-02-09 04:29:41,519 - INFO - 
Epoch 53/200
2025-02-09 04:29:41,519 - INFO - Processing batches...
2025-02-09 04:29:41,973 - INFO - Epoch 53 Results:
2025-02-09 04:29:41,973 - INFO -   Average Loss: 0.3737
2025-02-09 04:29:41,973 - INFO -   Training Accuracy: 0.9349
2025-02-09 04:29:41,973 - INFO -   No improvement for 2 epochs
2025-02-09 04:29:41,974 - INFO - 
Epoch 54/200
2025-02-09 04:29:41,974 - INFO - Processing batches...
2025-02-09 04:29:42,432 - INFO - Epoch 54 Results:
2025-02-09 04:29:42,432 - INFO -   Average Loss: 0.3590
2025-02-09 04:29:42,432 - INFO -   Training Accuracy: 0.9510
2025-02-09 04:29:42,432 - INFO -   New best loss achieved!
2025-02-09 04:29:42,432 - INFO - 
Epoch 55/200
2025-02-09 04:29:42,432 - INFO - Processing batches...
2025-02-09 04:29:42,884 - INFO - Epoch 55 Results:
2025-02-09 04:29:42,885 - INFO -   Average Loss: 0.3725
2025-02-09 04:29:42,885 - INFO -   Training Accuracy: 0.9369
2025-02-09 04:29:42,885 - INFO -   No improvement for 1 epochs
2025-02-09 04:29:42,885 - INFO - 
Epoch 56/200
2025-02-09 04:29:42,885 - INFO - Processing batches...
2025-02-09 04:29:43,340 - INFO - Epoch 56 Results:
2025-02-09 04:29:43,340 - INFO -   Average Loss: 0.3597
2025-02-09 04:29:43,340 - INFO -   Training Accuracy: 0.9520
2025-02-09 04:29:43,340 - INFO -   No improvement for 2 epochs
2025-02-09 04:29:43,340 - INFO - 
Epoch 57/200
2025-02-09 04:29:43,340 - INFO - Processing batches...
2025-02-09 04:29:43,794 - INFO - Epoch 57 Results:
2025-02-09 04:29:43,794 - INFO -   Average Loss: 0.3629
2025-02-09 04:29:43,794 - INFO -   Training Accuracy: 0.9469
2025-02-09 04:29:43,794 - INFO -   No improvement for 3 epochs
2025-02-09 04:29:43,794 - INFO - 
Epoch 58/200
2025-02-09 04:29:43,794 - INFO - Processing batches...
2025-02-09 04:29:44,253 - INFO - Epoch 58 Results:
2025-02-09 04:29:44,253 - INFO -   Average Loss: 0.3642
2025-02-09 04:29:44,254 - INFO -   Training Accuracy: 0.9479
2025-02-09 04:29:44,254 - INFO -   No improvement for 4 epochs
2025-02-09 04:29:44,254 - INFO - 
Epoch 59/200
2025-02-09 04:29:44,254 - INFO - Processing batches...
2025-02-09 04:29:44,718 - INFO - Epoch 59 Results:
2025-02-09 04:29:44,718 - INFO -   Average Loss: 0.3650
2025-02-09 04:29:44,718 - INFO -   Training Accuracy: 0.9479
2025-02-09 04:29:44,718 - INFO -   No improvement for 5 epochs
2025-02-09 04:29:44,718 - INFO - 
Epoch 60/200
2025-02-09 04:29:44,719 - INFO - Processing batches...
2025-02-09 04:29:45,184 - INFO - Epoch 60 Results:
2025-02-09 04:29:45,184 - INFO -   Average Loss: 0.3628
2025-02-09 04:29:45,184 - INFO -   Training Accuracy: 0.9499
2025-02-09 04:29:45,184 - INFO -   No improvement for 6 epochs
2025-02-09 04:29:45,184 - INFO - 
Epoch 61/200
2025-02-09 04:29:45,184 - INFO - Processing batches...
2025-02-09 04:29:45,650 - INFO - Epoch 61 Results:
2025-02-09 04:29:45,650 - INFO -   Average Loss: 0.3679
2025-02-09 04:29:45,650 - INFO -   Training Accuracy: 0.9429
2025-02-09 04:29:45,650 - INFO -   No improvement for 7 epochs
2025-02-09 04:29:45,650 - INFO - 
Epoch 62/200
2025-02-09 04:29:45,650 - INFO - Processing batches...
2025-02-09 04:29:46,116 - INFO - Epoch 62 Results:
2025-02-09 04:29:46,116 - INFO -   Average Loss: 0.3619
2025-02-09 04:29:46,116 - INFO -   Training Accuracy: 0.9489
2025-02-09 04:29:46,116 - INFO -   No improvement for 8 epochs
2025-02-09 04:29:46,116 - INFO - 
Epoch 63/200
2025-02-09 04:29:46,117 - INFO - Processing batches...
2025-02-09 04:29:46,576 - INFO - Epoch 63 Results:
2025-02-09 04:29:46,576 - INFO -   Average Loss: 0.3501
2025-02-09 04:29:46,576 - INFO -   Training Accuracy: 0.9590
2025-02-09 04:29:46,576 - INFO -   New best loss achieved!
2025-02-09 04:29:46,576 - INFO - 
Epoch 64/200
2025-02-09 04:29:46,576 - INFO - Processing batches...
2025-02-09 04:29:47,045 - INFO - Epoch 64 Results:
2025-02-09 04:29:47,045 - INFO -   Average Loss: 0.3540
2025-02-09 04:29:47,045 - INFO -   Training Accuracy: 0.9590
2025-02-09 04:29:47,045 - INFO -   No improvement for 1 epochs
2025-02-09 04:29:47,046 - INFO - 
Epoch 65/200
2025-02-09 04:29:47,046 - INFO - Processing batches...
2025-02-09 04:29:47,504 - INFO - Epoch 65 Results:
2025-02-09 04:29:47,504 - INFO -   Average Loss: 0.3498
2025-02-09 04:29:47,504 - INFO -   Training Accuracy: 0.9610
2025-02-09 04:29:47,504 - INFO -   New best loss achieved!
2025-02-09 04:29:47,504 - INFO - 
Epoch 66/200
2025-02-09 04:29:47,504 - INFO - Processing batches...
2025-02-09 04:29:47,971 - INFO - Epoch 66 Results:
2025-02-09 04:29:47,971 - INFO -   Average Loss: 0.3599
2025-02-09 04:29:47,971 - INFO -   Training Accuracy: 0.9570
2025-02-09 04:29:47,971 - INFO -   No improvement for 1 epochs
2025-02-09 04:29:47,971 - INFO - 
Epoch 67/200
2025-02-09 04:29:47,971 - INFO - Processing batches...
2025-02-09 04:29:48,431 - INFO - Epoch 67 Results:
2025-02-09 04:29:48,431 - INFO -   Average Loss: 0.3520
2025-02-09 04:29:48,431 - INFO -   Training Accuracy: 0.9580
2025-02-09 04:29:48,431 - INFO -   No improvement for 2 epochs
2025-02-09 04:29:48,432 - INFO - 
Epoch 68/200
2025-02-09 04:29:48,432 - INFO - Processing batches...
2025-02-09 04:29:48,896 - INFO - Epoch 68 Results:
2025-02-09 04:29:48,896 - INFO -   Average Loss: 0.3533
2025-02-09 04:29:48,897 - INFO -   Training Accuracy: 0.9600
2025-02-09 04:29:48,897 - INFO -   No improvement for 3 epochs
2025-02-09 04:29:48,897 - INFO - 
Epoch 69/200
2025-02-09 04:29:48,897 - INFO - Processing batches...
2025-02-09 04:29:49,364 - INFO - Epoch 69 Results:
2025-02-09 04:29:49,364 - INFO -   Average Loss: 0.3633
2025-02-09 04:29:49,364 - INFO -   Training Accuracy: 0.9550
2025-02-09 04:29:49,364 - INFO -   No improvement for 4 epochs
2025-02-09 04:29:49,364 - INFO - 
Epoch 70/200
2025-02-09 04:29:49,364 - INFO - Processing batches...
2025-02-09 04:29:49,823 - INFO - Epoch 70 Results:
2025-02-09 04:29:49,823 - INFO -   Average Loss: 0.3526
2025-02-09 04:29:49,823 - INFO -   Training Accuracy: 0.9620
2025-02-09 04:29:49,823 - INFO -   No improvement for 5 epochs
2025-02-09 04:29:49,823 - INFO - 
Epoch 71/200
2025-02-09 04:29:49,823 - INFO - Processing batches...
2025-02-09 04:29:50,286 - INFO - Epoch 71 Results:
2025-02-09 04:29:50,286 - INFO -   Average Loss: 0.3560
2025-02-09 04:29:50,286 - INFO -   Training Accuracy: 0.9550
2025-02-09 04:29:50,286 - INFO -   No improvement for 6 epochs
2025-02-09 04:29:50,286 - INFO - 
Epoch 72/200
2025-02-09 04:29:50,286 - INFO - Processing batches...
2025-02-09 04:29:50,746 - INFO - Epoch 72 Results:
2025-02-09 04:29:50,746 - INFO -   Average Loss: 0.3532
2025-02-09 04:29:50,746 - INFO -   Training Accuracy: 0.9590
2025-02-09 04:29:50,746 - INFO -   No improvement for 7 epochs
2025-02-09 04:29:50,747 - INFO - 
Epoch 73/200
2025-02-09 04:29:50,747 - INFO - Processing batches...
2025-02-09 04:29:51,228 - INFO - Epoch 73 Results:
2025-02-09 04:29:51,229 - INFO -   Average Loss: 0.3551
2025-02-09 04:29:51,229 - INFO -   Training Accuracy: 0.9550
2025-02-09 04:29:51,229 - INFO -   No improvement for 8 epochs
2025-02-09 04:29:51,229 - INFO - 
Epoch 74/200
2025-02-09 04:29:51,229 - INFO - Processing batches...
2025-02-09 04:29:51,687 - INFO - Epoch 74 Results:
2025-02-09 04:29:51,687 - INFO -   Average Loss: 0.3484
2025-02-09 04:29:51,687 - INFO -   Training Accuracy: 0.9640
2025-02-09 04:29:51,687 - INFO -   New best loss achieved!
2025-02-09 04:29:51,687 - INFO - 
Epoch 75/200
2025-02-09 04:29:51,687 - INFO - Processing batches...
2025-02-09 04:29:52,150 - INFO - Epoch 75 Results:
2025-02-09 04:29:52,150 - INFO -   Average Loss: 0.3437
2025-02-09 04:29:52,150 - INFO -   Training Accuracy: 0.9680
2025-02-09 04:29:52,150 - INFO -   New best loss achieved!
2025-02-09 04:29:52,150 - INFO - 
Epoch 76/200
2025-02-09 04:29:52,150 - INFO - Processing batches...
2025-02-09 04:29:52,619 - INFO - Epoch 76 Results:
2025-02-09 04:29:52,619 - INFO -   Average Loss: 0.3531
2025-02-09 04:29:52,619 - INFO -   Training Accuracy: 0.9600
2025-02-09 04:29:52,619 - INFO -   No improvement for 1 epochs
2025-02-09 04:29:52,619 - INFO - 
Epoch 77/200
2025-02-09 04:29:52,620 - INFO - Processing batches...
2025-02-09 04:29:53,088 - INFO - Epoch 77 Results:
2025-02-09 04:29:53,088 - INFO -   Average Loss: 0.3554
2025-02-09 04:29:53,088 - INFO -   Training Accuracy: 0.9620
2025-02-09 04:29:53,088 - INFO -   No improvement for 2 epochs
2025-02-09 04:29:53,088 - INFO - 
Epoch 78/200
2025-02-09 04:29:53,088 - INFO - Processing batches...
2025-02-09 04:29:53,550 - INFO - Epoch 78 Results:
2025-02-09 04:29:53,550 - INFO -   Average Loss: 0.3488
2025-02-09 04:29:53,550 - INFO -   Training Accuracy: 0.9600
2025-02-09 04:29:53,550 - INFO -   No improvement for 3 epochs
2025-02-09 04:29:53,550 - INFO - 
Epoch 79/200
2025-02-09 04:29:53,550 - INFO - Processing batches...
2025-02-09 04:29:54,009 - INFO - Epoch 79 Results:
2025-02-09 04:29:54,009 - INFO -   Average Loss: 0.3541
2025-02-09 04:29:54,009 - INFO -   Training Accuracy: 0.9600
2025-02-09 04:29:54,009 - INFO -   No improvement for 4 epochs
2025-02-09 04:29:54,009 - INFO - 
Epoch 80/200
2025-02-09 04:29:54,009 - INFO - Processing batches...
2025-02-09 04:29:54,469 - INFO - Epoch 80 Results:
2025-02-09 04:29:54,470 - INFO -   Average Loss: 0.3578
2025-02-09 04:29:54,470 - INFO -   Training Accuracy: 0.9630
2025-02-09 04:29:54,470 - INFO -   No improvement for 5 epochs
2025-02-09 04:29:54,470 - INFO - 
Epoch 81/200
2025-02-09 04:29:54,470 - INFO - Processing batches...
2025-02-09 04:29:54,926 - INFO - Epoch 81 Results:
2025-02-09 04:29:54,926 - INFO -   Average Loss: 0.3522
2025-02-09 04:29:54,926 - INFO -   Training Accuracy: 0.9610
2025-02-09 04:29:54,926 - INFO -   No improvement for 6 epochs
2025-02-09 04:29:54,926 - INFO - 
Epoch 82/200
2025-02-09 04:29:54,926 - INFO - Processing batches...
2025-02-09 04:29:55,386 - INFO - Epoch 82 Results:
2025-02-09 04:29:55,387 - INFO -   Average Loss: 0.3436
2025-02-09 04:29:55,387 - INFO -   Training Accuracy: 0.9680
2025-02-09 04:29:55,387 - INFO -   New best loss achieved!
2025-02-09 04:29:55,387 - INFO - 
Epoch 83/200
2025-02-09 04:29:55,387 - INFO - Processing batches...
2025-02-09 04:29:55,843 - INFO - Epoch 83 Results:
2025-02-09 04:29:55,843 - INFO -   Average Loss: 0.3426
2025-02-09 04:29:55,843 - INFO -   Training Accuracy: 0.9690
2025-02-09 04:29:55,843 - INFO -   New best loss achieved!
2025-02-09 04:29:55,844 - INFO - 
Epoch 84/200
2025-02-09 04:29:55,844 - INFO - Processing batches...
2025-02-09 04:29:56,299 - INFO - Epoch 84 Results:
2025-02-09 04:29:56,299 - INFO -   Average Loss: 0.3502
2025-02-09 04:29:56,299 - INFO -   Training Accuracy: 0.9610
2025-02-09 04:29:56,299 - INFO -   No improvement for 1 epochs
2025-02-09 04:29:56,299 - INFO - 
Epoch 85/200
2025-02-09 04:29:56,299 - INFO - Processing batches...
2025-02-09 04:29:56,761 - INFO - Epoch 85 Results:
2025-02-09 04:29:56,761 - INFO -   Average Loss: 0.3510
2025-02-09 04:29:56,761 - INFO -   Training Accuracy: 0.9640
2025-02-09 04:29:56,761 - INFO -   No improvement for 2 epochs
2025-02-09 04:29:56,761 - INFO - 
Epoch 86/200
2025-02-09 04:29:56,762 - INFO - Processing batches...
2025-02-09 04:29:57,216 - INFO - Epoch 86 Results:
2025-02-09 04:29:57,216 - INFO -   Average Loss: 0.3552
2025-02-09 04:29:57,216 - INFO -   Training Accuracy: 0.9530
2025-02-09 04:29:57,216 - INFO -   No improvement for 3 epochs
2025-02-09 04:29:57,216 - INFO - 
Epoch 87/200
2025-02-09 04:29:57,217 - INFO - Processing batches...
2025-02-09 04:29:57,666 - INFO - Epoch 87 Results:
2025-02-09 04:29:57,666 - INFO -   Average Loss: 0.3623
2025-02-09 04:29:57,666 - INFO -   Training Accuracy: 0.9570
2025-02-09 04:29:57,667 - INFO -   No improvement for 4 epochs
2025-02-09 04:29:57,667 - INFO - 
Epoch 88/200
2025-02-09 04:29:57,667 - INFO - Processing batches...
2025-02-09 04:29:58,120 - INFO - Epoch 88 Results:
2025-02-09 04:29:58,120 - INFO -   Average Loss: 0.3553
2025-02-09 04:29:58,120 - INFO -   Training Accuracy: 0.9540
2025-02-09 04:29:58,120 - INFO -   No improvement for 5 epochs
2025-02-09 04:29:58,120 - INFO - 
Epoch 89/200
2025-02-09 04:29:58,120 - INFO - Processing batches...
2025-02-09 04:29:58,571 - INFO - Epoch 89 Results:
2025-02-09 04:29:58,571 - INFO -   Average Loss: 0.3583
2025-02-09 04:29:58,571 - INFO -   Training Accuracy: 0.9520
2025-02-09 04:29:58,571 - INFO -   No improvement for 6 epochs
2025-02-09 04:29:58,572 - INFO - 
Epoch 90/200
2025-02-09 04:29:58,572 - INFO - Processing batches...
2025-02-09 04:29:59,035 - INFO - Epoch 90 Results:
2025-02-09 04:29:59,035 - INFO -   Average Loss: 0.3428
2025-02-09 04:29:59,035 - INFO -   Training Accuracy: 0.9690
2025-02-09 04:29:59,035 - INFO -   No improvement for 7 epochs
2025-02-09 04:29:59,035 - INFO - 
Epoch 91/200
2025-02-09 04:29:59,035 - INFO - Processing batches...
2025-02-09 04:29:59,495 - INFO - Epoch 91 Results:
2025-02-09 04:29:59,495 - INFO -   Average Loss: 0.3471
2025-02-09 04:29:59,495 - INFO -   Training Accuracy: 0.9640
2025-02-09 04:29:59,495 - INFO -   No improvement for 8 epochs
2025-02-09 04:29:59,495 - INFO - 
Epoch 92/200
2025-02-09 04:29:59,495 - INFO - Processing batches...
2025-02-09 04:29:59,955 - INFO - Epoch 92 Results:
2025-02-09 04:29:59,955 - INFO -   Average Loss: 0.3487
2025-02-09 04:29:59,955 - INFO -   Training Accuracy: 0.9620
2025-02-09 04:29:59,955 - INFO -   No improvement for 9 epochs
2025-02-09 04:29:59,955 - INFO - 
Epoch 93/200
2025-02-09 04:29:59,955 - INFO - Processing batches...
2025-02-09 04:30:00,421 - INFO - Epoch 93 Results:
2025-02-09 04:30:00,421 - INFO -   Average Loss: 0.3545
2025-02-09 04:30:00,421 - INFO -   Training Accuracy: 0.9570
2025-02-09 04:30:00,421 - INFO -   No improvement for 10 epochs
2025-02-09 04:30:00,421 - INFO - Early stopping triggered after 93 epochs
2025-02-09 04:30:00,421 - INFO - 
Training completed!
2025-02-09 04:30:00,421 - INFO - Best loss achieved: 0.3426
2025-02-09 04:30:00,427 - INFO - Model saved to ./results/best_performance_predictor_3000samples.pth
2025-02-09 04:30:00,427 - INFO - Starting model evaluation...
2025-02-09 04:30:01,267 - INFO - 
Detailed Evaluation Results:
2025-02-09 04:30:01,267 - INFO - ==================================================
2025-02-09 04:30:01,267 - INFO - very_close:
2025-02-09 04:30:01,267 - INFO -   Total pairs: 250
2025-02-09 04:30:01,267 - INFO -   Correct predictions: 144
2025-02-09 04:30:01,267 - INFO -   Accuracy: 0.5760
2025-02-09 04:30:01,267 - INFO - close:
2025-02-09 04:30:01,267 - INFO -   Total pairs: 250
2025-02-09 04:30:01,267 - INFO -   Correct predictions: 165
2025-02-09 04:30:01,267 - INFO -   Accuracy: 0.6600
2025-02-09 04:30:01,268 - INFO - medium:
2025-02-09 04:30:01,268 - INFO -   Total pairs: 250
2025-02-09 04:30:01,268 - INFO -   Correct predictions: 195
2025-02-09 04:30:01,268 - INFO -   Accuracy: 0.7800
2025-02-09 04:30:01,268 - INFO - far:
2025-02-09 04:30:01,268 - INFO -   Total pairs: 250
2025-02-09 04:30:01,268 - INFO -   Correct predictions: 211
2025-02-09 04:30:01,268 - INFO -   Accuracy: 0.8440
2025-02-09 04:30:01,268 - INFO - 
Overall Results:
2025-02-09 04:30:01,268 - INFO - Total test pairs: 1000
2025-02-09 04:30:01,268 - INFO - Total correct predictions: 715
2025-02-09 04:30:01,268 - INFO - Overall accuracy: 0.7150
2025-02-09 04:30:01,270 - INFO - Evaluation results saved to ./results/evaluation_results_20250209_043001.json
