Total count: 64, Total time: 459.37s
11.6990
2.4425
7.2464
0.0000
0.0000
0.8068
7.8823
12.1234
0.0000
0.0000
3.8690
11.7895
0.0000
0.0000
4.2884
17.1560
0.0000
0.0000
2.0093
4.4051
16.3606
0.0000
2.2341
0.0000
2.1946
11.3115
0.0000
0.0000
3.8149
26.9564
0.0000
0.0000
1.9228
7.9535
0.0000
0.0000
1.2414
13.8299
0.0000
0.0000
4.5245
8.0418
13.5732
2.4389
4.4761
31.0162
2.7629
15.3481
4.8299
25.0074
3.0950
20.4429
3.9585
21.0921
1.4015
18.9203
4.4522
24.2489
1.4391
16.5715
4.2085
27.7849
1.2665
24.9348
