2025-02-09 04:00:24,415 - INFO - Starting training process...
2025-02-09 04:00:24,415 - INFO - Loading data...
2025-02-09 04:00:25,892 - INFO - Loaded 2915 code samples
2025-02-09 04:00:25,892 - INFO - Performance statistics:
2025-02-09 04:00:25,892 - INFO -   Mean: 10.6621
2025-02-09 04:00:25,892 - INFO -   Std: 0.0755
2025-02-09 04:00:25,892 - INFO -   Min: 10.5913
2025-02-09 04:00:25,893 - INFO -   Max: 10.9718
2025-02-09 04:00:25,895 - INFO - Loading predefined dataset split...
2025-02-09 04:00:25,896 - INFO - Loaded split info - Train: 2332, Test: 583
2025-02-09 04:00:28,473 - INFO - Selected 12000 balanced training pairs
2025-02-09 04:00:28,918 - INFO - Selected 1000 balanced test pairs
2025-02-09 04:00:29,259 - INFO - Starting training...
2025-02-09 04:00:29,259 - INFO - Total training pairs: 12000
2025-02-09 04:00:29,259 - INFO - Batch size: 32
2025-02-09 04:00:29,259 - INFO - Max epochs: 400
2025-02-09 04:00:29,259 - INFO - 
Epoch 1/400
2025-02-09 04:00:29,259 - INFO - Processing batches...
2025-02-09 04:00:36,212 - INFO - Epoch 1 Results:
2025-02-09 04:00:36,212 - INFO -   Average Loss: 0.5693
2025-02-09 04:00:36,212 - INFO -   Training Accuracy: 0.7215
2025-02-09 04:00:36,212 - INFO -   New best loss achieved!
2025-02-09 04:00:36,212 - INFO - 
Epoch 2/400
2025-02-09 04:00:36,212 - INFO - Processing batches...
2025-02-09 04:00:43,363 - INFO - Epoch 2 Results:
2025-02-09 04:00:43,363 - INFO -   Average Loss: 0.4868
2025-02-09 04:00:43,363 - INFO -   Training Accuracy: 0.8191
2025-02-09 04:00:43,363 - INFO -   New best loss achieved!
2025-02-09 04:00:43,364 - INFO - 
Epoch 3/400
2025-02-09 04:00:43,364 - INFO - Processing batches...
2025-02-09 04:00:50,720 - INFO - Epoch 3 Results:
2025-02-09 04:00:50,720 - INFO -   Average Loss: 0.4644
2025-02-09 04:00:50,720 - INFO -   Training Accuracy: 0.8439
2025-02-09 04:00:50,721 - INFO -   New best loss achieved!
2025-02-09 04:00:50,721 - INFO - 
Epoch 4/400
2025-02-09 04:00:50,721 - INFO - Processing batches...
2025-02-09 04:00:58,221 - INFO - Epoch 4 Results:
2025-02-09 04:00:58,221 - INFO -   Average Loss: 0.4538
2025-02-09 04:00:58,222 - INFO -   Training Accuracy: 0.8547
2025-02-09 04:00:58,222 - INFO -   New best loss achieved!
2025-02-09 04:00:58,222 - INFO - 
Epoch 5/400
2025-02-09 04:00:58,222 - INFO - Processing batches...
2025-02-09 04:01:05,445 - INFO - Epoch 5 Results:
2025-02-09 04:01:05,445 - INFO -   Average Loss: 0.4441
2025-02-09 04:01:05,445 - INFO -   Training Accuracy: 0.8622
2025-02-09 04:01:05,445 - INFO -   New best loss achieved!
2025-02-09 04:01:05,445 - INFO - 
Epoch 6/400
2025-02-09 04:01:05,445 - INFO - Processing batches...
2025-02-09 04:01:12,510 - INFO - Epoch 6 Results:
2025-02-09 04:01:12,511 - INFO -   Average Loss: 0.4382
2025-02-09 04:01:12,511 - INFO -   Training Accuracy: 0.8698
2025-02-09 04:01:12,511 - INFO -   New best loss achieved!
2025-02-09 04:01:12,511 - INFO - 
Epoch 7/400
2025-02-09 04:01:12,511 - INFO - Processing batches...
2025-02-09 04:01:19,703 - INFO - Epoch 7 Results:
2025-02-09 04:01:19,703 - INFO -   Average Loss: 0.4295
2025-02-09 04:01:19,704 - INFO -   Training Accuracy: 0.8788
2025-02-09 04:01:19,704 - INFO -   New best loss achieved!
2025-02-09 04:01:19,704 - INFO - 
Epoch 8/400
2025-02-09 04:01:19,704 - INFO - Processing batches...
2025-02-09 04:01:26,563 - INFO - Epoch 8 Results:
2025-02-09 04:01:26,563 - INFO -   Average Loss: 0.4218
2025-02-09 04:01:26,563 - INFO -   Training Accuracy: 0.8879
2025-02-09 04:01:26,563 - INFO -   New best loss achieved!
2025-02-09 04:01:26,563 - INFO - 
Epoch 9/400
2025-02-09 04:01:26,563 - INFO - Processing batches...
2025-02-09 04:01:33,133 - INFO - Epoch 9 Results:
2025-02-09 04:01:33,133 - INFO -   Average Loss: 0.4161
2025-02-09 04:01:33,133 - INFO -   Training Accuracy: 0.8942
2025-02-09 04:01:33,133 - INFO -   New best loss achieved!
2025-02-09 04:01:33,133 - INFO - 
Epoch 10/400
2025-02-09 04:01:33,133 - INFO - Processing batches...
2025-02-09 04:01:39,556 - INFO - Epoch 10 Results:
2025-02-09 04:01:39,556 - INFO -   Average Loss: 0.4158
2025-02-09 04:01:39,556 - INFO -   Training Accuracy: 0.8928
2025-02-09 04:01:39,556 - INFO -   New best loss achieved!
2025-02-09 04:01:39,556 - INFO - 
Epoch 11/400
2025-02-09 04:01:39,556 - INFO - Processing batches...
2025-02-09 04:01:46,169 - INFO - Epoch 11 Results:
2025-02-09 04:01:46,169 - INFO -   Average Loss: 0.4089
2025-02-09 04:01:46,169 - INFO -   Training Accuracy: 0.9017
2025-02-09 04:01:46,169 - INFO -   New best loss achieved!
2025-02-09 04:01:46,170 - INFO - 
Epoch 12/400
2025-02-09 04:01:46,170 - INFO - Processing batches...
2025-02-09 04:01:52,940 - INFO - Epoch 12 Results:
2025-02-09 04:01:52,940 - INFO -   Average Loss: 0.4076
2025-02-09 04:01:52,940 - INFO -   Training Accuracy: 0.9025
2025-02-09 04:01:52,940 - INFO -   New best loss achieved!
2025-02-09 04:01:52,941 - INFO - 
Epoch 13/400
2025-02-09 04:01:52,941 - INFO - Processing batches...
2025-02-09 04:01:59,977 - INFO - Epoch 13 Results:
2025-02-09 04:01:59,977 - INFO -   Average Loss: 0.4066
2025-02-09 04:01:59,977 - INFO -   Training Accuracy: 0.9036
2025-02-09 04:01:59,977 - INFO -   New best loss achieved!
2025-02-09 04:01:59,978 - INFO - 
Epoch 14/400
2025-02-09 04:01:59,978 - INFO - Processing batches...
2025-02-09 04:02:06,864 - INFO - Epoch 14 Results:
2025-02-09 04:02:06,864 - INFO -   Average Loss: 0.4002
2025-02-09 04:02:06,864 - INFO -   Training Accuracy: 0.9112
2025-02-09 04:02:06,864 - INFO -   New best loss achieved!
2025-02-09 04:02:06,864 - INFO - 
Epoch 15/400
2025-02-09 04:02:06,864 - INFO - Processing batches...
2025-02-09 04:02:13,655 - INFO - Epoch 15 Results:
2025-02-09 04:02:13,655 - INFO -   Average Loss: 0.4022
2025-02-09 04:02:13,655 - INFO -   Training Accuracy: 0.9070
2025-02-09 04:02:13,655 - INFO -   No improvement for 1 epochs
2025-02-09 04:02:13,655 - INFO - 
Epoch 16/400
2025-02-09 04:02:13,655 - INFO - Processing batches...
2025-02-09 04:02:20,512 - INFO - Epoch 16 Results:
2025-02-09 04:02:20,512 - INFO -   Average Loss: 0.4004
2025-02-09 04:02:20,512 - INFO -   Training Accuracy: 0.9104
2025-02-09 04:02:20,512 - INFO -   No improvement for 2 epochs
2025-02-09 04:02:20,513 - INFO - 
Epoch 17/400
2025-02-09 04:02:20,513 - INFO - Processing batches...
2025-02-09 04:02:27,132 - INFO - Epoch 17 Results:
2025-02-09 04:02:27,132 - INFO -   Average Loss: 0.3977
2025-02-09 04:02:27,132 - INFO -   Training Accuracy: 0.9120
2025-02-09 04:02:27,133 - INFO -   New best loss achieved!
2025-02-09 04:02:27,133 - INFO - 
Epoch 18/400
2025-02-09 04:02:27,133 - INFO - Processing batches...
2025-02-09 04:02:33,751 - INFO - Epoch 18 Results:
2025-02-09 04:02:33,751 - INFO -   Average Loss: 0.3931
2025-02-09 04:02:33,751 - INFO -   Training Accuracy: 0.9168
2025-02-09 04:02:33,751 - INFO -   New best loss achieved!
2025-02-09 04:02:33,752 - INFO - 
Epoch 19/400
2025-02-09 04:02:33,752 - INFO - Processing batches...
2025-02-09 04:02:40,411 - INFO - Epoch 19 Results:
2025-02-09 04:02:40,411 - INFO -   Average Loss: 0.3882
2025-02-09 04:02:40,411 - INFO -   Training Accuracy: 0.9235
2025-02-09 04:02:40,411 - INFO -   New best loss achieved!
2025-02-09 04:02:40,411 - INFO - 
Epoch 20/400
2025-02-09 04:02:40,412 - INFO - Processing batches...
2025-02-09 04:02:47,089 - INFO - Epoch 20 Results:
2025-02-09 04:02:47,089 - INFO -   Average Loss: 0.3859
2025-02-09 04:02:47,089 - INFO -   Training Accuracy: 0.9248
2025-02-09 04:02:47,089 - INFO -   New best loss achieved!
2025-02-09 04:02:47,089 - INFO - 
Epoch 21/400
2025-02-09 04:02:47,089 - INFO - Processing batches...
2025-02-09 04:02:53,917 - INFO - Epoch 21 Results:
2025-02-09 04:02:53,917 - INFO -   Average Loss: 0.3846
2025-02-09 04:02:53,917 - INFO -   Training Accuracy: 0.9264
2025-02-09 04:02:53,917 - INFO -   New best loss achieved!
2025-02-09 04:02:53,917 - INFO - 
Epoch 22/400
2025-02-09 04:02:53,917 - INFO - Processing batches...
2025-02-09 04:03:01,169 - INFO - Epoch 22 Results:
2025-02-09 04:03:01,169 - INFO -   Average Loss: 0.3844
2025-02-09 04:03:01,170 - INFO -   Training Accuracy: 0.9265
2025-02-09 04:03:01,170 - INFO -   New best loss achieved!
2025-02-09 04:03:01,170 - INFO - 
Epoch 23/400
2025-02-09 04:03:01,170 - INFO - Processing batches...
2025-02-09 04:03:07,731 - INFO - Epoch 23 Results:
2025-02-09 04:03:07,732 - INFO -   Average Loss: 0.3831
2025-02-09 04:03:07,732 - INFO -   Training Accuracy: 0.9287
2025-02-09 04:03:07,732 - INFO -   New best loss achieved!
2025-02-09 04:03:07,732 - INFO - 
Epoch 24/400
2025-02-09 04:03:07,732 - INFO - Processing batches...
2025-02-09 04:03:14,372 - INFO - Epoch 24 Results:
2025-02-09 04:03:14,372 - INFO -   Average Loss: 0.3864
2025-02-09 04:03:14,372 - INFO -   Training Accuracy: 0.9246
2025-02-09 04:03:14,372 - INFO -   No improvement for 1 epochs
2025-02-09 04:03:14,372 - INFO - 
Epoch 25/400
2025-02-09 04:03:14,372 - INFO - Processing batches...
2025-02-09 04:03:21,262 - INFO - Epoch 25 Results:
2025-02-09 04:03:21,263 - INFO -   Average Loss: 0.3796
2025-02-09 04:03:21,263 - INFO -   Training Accuracy: 0.9317
2025-02-09 04:03:21,263 - INFO -   New best loss achieved!
2025-02-09 04:03:21,263 - INFO - 
Epoch 26/400
2025-02-09 04:03:21,263 - INFO - Processing batches...
2025-02-09 04:03:28,141 - INFO - Epoch 26 Results:
2025-02-09 04:03:28,141 - INFO -   Average Loss: 0.3765
2025-02-09 04:03:28,142 - INFO -   Training Accuracy: 0.9346
2025-02-09 04:03:28,142 - INFO -   New best loss achieved!
2025-02-09 04:03:28,142 - INFO - 
Epoch 27/400
2025-02-09 04:03:28,142 - INFO - Processing batches...
2025-02-09 04:03:34,726 - INFO - Epoch 27 Results:
2025-02-09 04:03:34,726 - INFO -   Average Loss: 0.3784
2025-02-09 04:03:34,726 - INFO -   Training Accuracy: 0.9331
2025-02-09 04:03:34,726 - INFO -   No improvement for 1 epochs
2025-02-09 04:03:34,726 - INFO - 
Epoch 28/400
2025-02-09 04:03:34,726 - INFO - Processing batches...
2025-02-09 04:03:41,358 - INFO - Epoch 28 Results:
2025-02-09 04:03:41,358 - INFO -   Average Loss: 0.3780
2025-02-09 04:03:41,359 - INFO -   Training Accuracy: 0.9342
2025-02-09 04:03:41,359 - INFO -   No improvement for 2 epochs
2025-02-09 04:03:41,359 - INFO - 
Epoch 29/400
2025-02-09 04:03:41,359 - INFO - Processing batches...
2025-02-09 04:03:48,273 - INFO - Epoch 29 Results:
2025-02-09 04:03:48,273 - INFO -   Average Loss: 0.3769
2025-02-09 04:03:48,274 - INFO -   Training Accuracy: 0.9345
2025-02-09 04:03:48,274 - INFO -   No improvement for 3 epochs
2025-02-09 04:03:48,274 - INFO - 
Epoch 30/400
2025-02-09 04:03:48,274 - INFO - Processing batches...
2025-02-09 04:03:55,440 - INFO - Epoch 30 Results:
2025-02-09 04:03:55,440 - INFO -   Average Loss: 0.3734
2025-02-09 04:03:55,440 - INFO -   Training Accuracy: 0.9379
2025-02-09 04:03:55,440 - INFO -   New best loss achieved!
2025-02-09 04:03:55,440 - INFO - 
Epoch 31/400
2025-02-09 04:03:55,440 - INFO - Processing batches...
2025-02-09 04:04:02,366 - INFO - Epoch 31 Results:
2025-02-09 04:04:02,366 - INFO -   Average Loss: 0.3724
2025-02-09 04:04:02,366 - INFO -   Training Accuracy: 0.9401
2025-02-09 04:04:02,366 - INFO -   New best loss achieved!
2025-02-09 04:04:02,366 - INFO - 
Epoch 32/400
2025-02-09 04:04:02,366 - INFO - Processing batches...
2025-02-09 04:04:09,294 - INFO - Epoch 32 Results:
2025-02-09 04:04:09,295 - INFO -   Average Loss: 0.3723
2025-02-09 04:04:09,295 - INFO -   Training Accuracy: 0.9387
2025-02-09 04:04:09,295 - INFO -   New best loss achieved!
2025-02-09 04:04:09,295 - INFO - 
Epoch 33/400
2025-02-09 04:04:09,295 - INFO - Processing batches...
2025-02-09 04:04:16,131 - INFO - Epoch 33 Results:
2025-02-09 04:04:16,131 - INFO -   Average Loss: 0.3666
2025-02-09 04:04:16,131 - INFO -   Training Accuracy: 0.9445
2025-02-09 04:04:16,131 - INFO -   New best loss achieved!
2025-02-09 04:04:16,132 - INFO - 
Epoch 34/400
2025-02-09 04:04:16,132 - INFO - Processing batches...
2025-02-09 04:04:23,263 - INFO - Epoch 34 Results:
2025-02-09 04:04:23,263 - INFO -   Average Loss: 0.3704
2025-02-09 04:04:23,263 - INFO -   Training Accuracy: 0.9406
2025-02-09 04:04:23,263 - INFO -   No improvement for 1 epochs
2025-02-09 04:04:23,263 - INFO - 
Epoch 35/400
2025-02-09 04:04:23,263 - INFO - Processing batches...
2025-02-09 04:04:29,971 - INFO - Epoch 35 Results:
2025-02-09 04:04:29,971 - INFO -   Average Loss: 0.3644
2025-02-09 04:04:29,971 - INFO -   Training Accuracy: 0.9467
2025-02-09 04:04:29,971 - INFO -   New best loss achieved!
2025-02-09 04:04:29,971 - INFO - 
Epoch 36/400
2025-02-09 04:04:29,971 - INFO - Processing batches...
2025-02-09 04:04:36,803 - INFO - Epoch 36 Results:
2025-02-09 04:04:36,803 - INFO -   Average Loss: 0.3672
2025-02-09 04:04:36,803 - INFO -   Training Accuracy: 0.9444
2025-02-09 04:04:36,803 - INFO -   No improvement for 1 epochs
2025-02-09 04:04:36,803 - INFO - 
Epoch 37/400
2025-02-09 04:04:36,803 - INFO - Processing batches...
2025-02-09 04:04:43,562 - INFO - Epoch 37 Results:
2025-02-09 04:04:43,562 - INFO -   Average Loss: 0.3631
2025-02-09 04:04:43,562 - INFO -   Training Accuracy: 0.9492
2025-02-09 04:04:43,562 - INFO -   New best loss achieved!
2025-02-09 04:04:43,562 - INFO - 
Epoch 38/400
2025-02-09 04:04:43,563 - INFO - Processing batches...
2025-02-09 04:04:50,569 - INFO - Epoch 38 Results:
2025-02-09 04:04:50,569 - INFO -   Average Loss: 0.3599
2025-02-09 04:04:50,569 - INFO -   Training Accuracy: 0.9523
2025-02-09 04:04:50,569 - INFO -   New best loss achieved!
2025-02-09 04:04:50,569 - INFO - 
Epoch 39/400
2025-02-09 04:04:50,569 - INFO - Processing batches...
2025-02-09 04:04:57,943 - INFO - Epoch 39 Results:
2025-02-09 04:04:57,943 - INFO -   Average Loss: 0.3682
2025-02-09 04:04:57,943 - INFO -   Training Accuracy: 0.9434
2025-02-09 04:04:57,943 - INFO -   No improvement for 1 epochs
2025-02-09 04:04:57,944 - INFO - 
Epoch 40/400
2025-02-09 04:04:57,944 - INFO - Processing batches...
2025-02-09 04:05:04,797 - INFO - Epoch 40 Results:
2025-02-09 04:05:04,797 - INFO -   Average Loss: 0.3640
2025-02-09 04:05:04,797 - INFO -   Training Accuracy: 0.9473
2025-02-09 04:05:04,797 - INFO -   No improvement for 2 epochs
2025-02-09 04:05:04,797 - INFO - 
Epoch 41/400
2025-02-09 04:05:04,797 - INFO - Processing batches...
2025-02-09 04:05:11,631 - INFO - Epoch 41 Results:
2025-02-09 04:05:11,631 - INFO -   Average Loss: 0.3644
2025-02-09 04:05:11,631 - INFO -   Training Accuracy: 0.9468
2025-02-09 04:05:11,631 - INFO -   No improvement for 3 epochs
2025-02-09 04:05:11,631 - INFO - 
Epoch 42/400
2025-02-09 04:05:11,631 - INFO - Processing batches...
2025-02-09 04:05:18,718 - INFO - Epoch 42 Results:
2025-02-09 04:05:18,718 - INFO -   Average Loss: 0.3595
2025-02-09 04:05:18,718 - INFO -   Training Accuracy: 0.9523
2025-02-09 04:05:18,718 - INFO -   New best loss achieved!
2025-02-09 04:05:18,718 - INFO - 
Epoch 43/400
2025-02-09 04:05:18,718 - INFO - Processing batches...
2025-02-09 04:05:25,497 - INFO - Epoch 43 Results:
2025-02-09 04:05:25,498 - INFO -   Average Loss: 0.3552
2025-02-09 04:05:25,498 - INFO -   Training Accuracy: 0.9569
2025-02-09 04:05:25,498 - INFO -   New best loss achieved!
2025-02-09 04:05:25,498 - INFO - 
Epoch 44/400
2025-02-09 04:05:25,498 - INFO - Processing batches...
2025-02-09 04:05:32,267 - INFO - Epoch 44 Results:
2025-02-09 04:05:32,267 - INFO -   Average Loss: 0.3539
2025-02-09 04:05:32,267 - INFO -   Training Accuracy: 0.9581
2025-02-09 04:05:32,267 - INFO -   New best loss achieved!
2025-02-09 04:05:32,267 - INFO - 
Epoch 45/400
2025-02-09 04:05:32,268 - INFO - Processing batches...
2025-02-09 04:05:39,094 - INFO - Epoch 45 Results:
2025-02-09 04:05:39,094 - INFO -   Average Loss: 0.3569
2025-02-09 04:05:39,095 - INFO -   Training Accuracy: 0.9553
2025-02-09 04:05:39,095 - INFO -   No improvement for 1 epochs
2025-02-09 04:05:39,095 - INFO - 
Epoch 46/400
2025-02-09 04:05:39,095 - INFO - Processing batches...
2025-02-09 04:05:45,833 - INFO - Epoch 46 Results:
2025-02-09 04:05:45,834 - INFO -   Average Loss: 0.3559
2025-02-09 04:05:45,834 - INFO -   Training Accuracy: 0.9566
2025-02-09 04:05:45,834 - INFO -   No improvement for 2 epochs
2025-02-09 04:05:45,834 - INFO - 
Epoch 47/400
2025-02-09 04:05:45,834 - INFO - Processing batches...
2025-02-09 04:05:52,689 - INFO - Epoch 47 Results:
2025-02-09 04:05:52,690 - INFO -   Average Loss: 0.3567
2025-02-09 04:05:52,690 - INFO -   Training Accuracy: 0.9557
2025-02-09 04:05:52,690 - INFO -   No improvement for 3 epochs
2025-02-09 04:05:52,690 - INFO - 
Epoch 48/400
2025-02-09 04:05:52,690 - INFO - Processing batches...
2025-02-09 04:05:59,521 - INFO - Epoch 48 Results:
2025-02-09 04:05:59,521 - INFO -   Average Loss: 0.3586
2025-02-09 04:05:59,521 - INFO -   Training Accuracy: 0.9533
2025-02-09 04:05:59,521 - INFO -   No improvement for 4 epochs
2025-02-09 04:05:59,521 - INFO - 
Epoch 49/400
2025-02-09 04:05:59,521 - INFO - Processing batches...
2025-02-09 04:06:06,259 - INFO - Epoch 49 Results:
2025-02-09 04:06:06,259 - INFO -   Average Loss: 0.3538
2025-02-09 04:06:06,259 - INFO -   Training Accuracy: 0.9583
2025-02-09 04:06:06,259 - INFO -   New best loss achieved!
2025-02-09 04:06:06,259 - INFO - 
Epoch 50/400
2025-02-09 04:06:06,259 - INFO - Processing batches...
2025-02-09 04:06:13,058 - INFO - Epoch 50 Results:
2025-02-09 04:06:13,058 - INFO -   Average Loss: 0.3540
2025-02-09 04:06:13,058 - INFO -   Training Accuracy: 0.9582
2025-02-09 04:06:13,058 - INFO -   No improvement for 1 epochs
2025-02-09 04:06:13,059 - INFO - 
Epoch 51/400
2025-02-09 04:06:13,059 - INFO - Processing batches...
2025-02-09 04:06:19,753 - INFO - Epoch 51 Results:
2025-02-09 04:06:19,753 - INFO -   Average Loss: 0.3550
2025-02-09 04:06:19,753 - INFO -   Training Accuracy: 0.9573
2025-02-09 04:06:19,753 - INFO -   No improvement for 2 epochs
2025-02-09 04:06:19,754 - INFO - 
Epoch 52/400
2025-02-09 04:06:19,754 - INFO - Processing batches...
2025-02-09 04:06:25,970 - INFO - Epoch 52 Results:
2025-02-09 04:06:25,970 - INFO -   Average Loss: 0.3537
2025-02-09 04:06:25,970 - INFO -   Training Accuracy: 0.9586
2025-02-09 04:06:25,970 - INFO -   New best loss achieved!
2025-02-09 04:06:25,970 - INFO - 
Epoch 53/400
2025-02-09 04:06:25,970 - INFO - Processing batches...
2025-02-09 04:06:32,078 - INFO - Epoch 53 Results:
2025-02-09 04:06:32,078 - INFO -   Average Loss: 0.3537
2025-02-09 04:06:32,078 - INFO -   Training Accuracy: 0.9586
2025-02-09 04:06:32,078 - INFO -   New best loss achieved!
2025-02-09 04:06:32,078 - INFO - 
Epoch 54/400
2025-02-09 04:06:32,078 - INFO - Processing batches...
2025-02-09 04:06:38,303 - INFO - Epoch 54 Results:
2025-02-09 04:06:38,303 - INFO -   Average Loss: 0.3541
2025-02-09 04:06:38,304 - INFO -   Training Accuracy: 0.9586
2025-02-09 04:06:38,304 - INFO -   No improvement for 1 epochs
2025-02-09 04:06:38,304 - INFO - 
Epoch 55/400
2025-02-09 04:06:38,304 - INFO - Processing batches...
2025-02-09 04:06:44,338 - INFO - Epoch 55 Results:
2025-02-09 04:06:44,338 - INFO -   Average Loss: 0.3529
2025-02-09 04:06:44,338 - INFO -   Training Accuracy: 0.9590
2025-02-09 04:06:44,338 - INFO -   New best loss achieved!
2025-02-09 04:06:44,338 - INFO - 
Epoch 56/400
2025-02-09 04:06:44,338 - INFO - Processing batches...
2025-02-09 04:06:50,380 - INFO - Epoch 56 Results:
2025-02-09 04:06:50,381 - INFO -   Average Loss: 0.3498
2025-02-09 04:06:50,381 - INFO -   Training Accuracy: 0.9624
2025-02-09 04:06:50,381 - INFO -   New best loss achieved!
2025-02-09 04:06:50,381 - INFO - 
Epoch 57/400
2025-02-09 04:06:50,381 - INFO - Processing batches...
2025-02-09 04:06:56,536 - INFO - Epoch 57 Results:
2025-02-09 04:06:56,536 - INFO -   Average Loss: 0.3475
2025-02-09 04:06:56,536 - INFO -   Training Accuracy: 0.9647
2025-02-09 04:06:56,536 - INFO -   New best loss achieved!
2025-02-09 04:06:56,536 - INFO - 
Epoch 58/400
2025-02-09 04:06:56,536 - INFO - Processing batches...
2025-02-09 04:07:02,757 - INFO - Epoch 58 Results:
2025-02-09 04:07:02,758 - INFO -   Average Loss: 0.3516
2025-02-09 04:07:02,758 - INFO -   Training Accuracy: 0.9604
2025-02-09 04:07:02,758 - INFO -   No improvement for 1 epochs
2025-02-09 04:07:02,758 - INFO - 
Epoch 59/400
2025-02-09 04:07:02,758 - INFO - Processing batches...
2025-02-09 04:07:08,918 - INFO - Epoch 59 Results:
2025-02-09 04:07:08,918 - INFO -   Average Loss: 0.3506
2025-02-09 04:07:08,918 - INFO -   Training Accuracy: 0.9616
2025-02-09 04:07:08,918 - INFO -   No improvement for 2 epochs
2025-02-09 04:07:08,919 - INFO - 
Epoch 60/400
2025-02-09 04:07:08,919 - INFO - Processing batches...
2025-02-09 04:07:15,313 - INFO - Epoch 60 Results:
2025-02-09 04:07:15,313 - INFO -   Average Loss: 0.3508
2025-02-09 04:07:15,313 - INFO -   Training Accuracy: 0.9607
2025-02-09 04:07:15,313 - INFO -   No improvement for 3 epochs
2025-02-09 04:07:15,313 - INFO - 
Epoch 61/400
2025-02-09 04:07:15,313 - INFO - Processing batches...
2025-02-09 04:07:21,625 - INFO - Epoch 61 Results:
2025-02-09 04:07:21,625 - INFO -   Average Loss: 0.3474
2025-02-09 04:07:21,625 - INFO -   Training Accuracy: 0.9650
2025-02-09 04:07:21,625 - INFO -   New best loss achieved!
2025-02-09 04:07:21,625 - INFO - 
Epoch 62/400
2025-02-09 04:07:21,625 - INFO - Processing batches...
2025-02-09 04:07:27,937 - INFO - Epoch 62 Results:
2025-02-09 04:07:27,937 - INFO -   Average Loss: 0.3524
2025-02-09 04:07:27,937 - INFO -   Training Accuracy: 0.9603
2025-02-09 04:07:27,937 - INFO -   No improvement for 1 epochs
2025-02-09 04:07:27,937 - INFO - 
Epoch 63/400
2025-02-09 04:07:27,937 - INFO - Processing batches...
2025-02-09 04:07:34,237 - INFO - Epoch 63 Results:
2025-02-09 04:07:34,237 - INFO -   Average Loss: 0.3498
2025-02-09 04:07:34,237 - INFO -   Training Accuracy: 0.9620
2025-02-09 04:07:34,237 - INFO -   No improvement for 2 epochs
2025-02-09 04:07:34,237 - INFO - 
Epoch 64/400
2025-02-09 04:07:34,237 - INFO - Processing batches...
2025-02-09 04:07:40,529 - INFO - Epoch 64 Results:
2025-02-09 04:07:40,529 - INFO -   Average Loss: 0.3462
2025-02-09 04:07:40,529 - INFO -   Training Accuracy: 0.9662
2025-02-09 04:07:40,529 - INFO -   New best loss achieved!
2025-02-09 04:07:40,529 - INFO - 
Epoch 65/400
2025-02-09 04:07:40,529 - INFO - Processing batches...
2025-02-09 04:07:46,702 - INFO - Epoch 65 Results:
2025-02-09 04:07:46,702 - INFO -   Average Loss: 0.3491
2025-02-09 04:07:46,702 - INFO -   Training Accuracy: 0.9631
2025-02-09 04:07:46,702 - INFO -   No improvement for 1 epochs
2025-02-09 04:07:46,702 - INFO - 
Epoch 66/400
2025-02-09 04:07:46,703 - INFO - Processing batches...
2025-02-09 04:07:52,899 - INFO - Epoch 66 Results:
2025-02-09 04:07:52,900 - INFO -   Average Loss: 0.3444
2025-02-09 04:07:52,900 - INFO -   Training Accuracy: 0.9682
2025-02-09 04:07:52,900 - INFO -   New best loss achieved!
2025-02-09 04:07:52,900 - INFO - 
Epoch 67/400
2025-02-09 04:07:52,900 - INFO - Processing batches...
2025-02-09 04:07:59,180 - INFO - Epoch 67 Results:
2025-02-09 04:07:59,180 - INFO -   Average Loss: 0.3454
2025-02-09 04:07:59,180 - INFO -   Training Accuracy: 0.9669
2025-02-09 04:07:59,180 - INFO -   No improvement for 1 epochs
2025-02-09 04:07:59,180 - INFO - 
Epoch 68/400
2025-02-09 04:07:59,180 - INFO - Processing batches...
2025-02-09 04:08:05,584 - INFO - Epoch 68 Results:
2025-02-09 04:08:05,584 - INFO -   Average Loss: 0.3442
2025-02-09 04:08:05,584 - INFO -   Training Accuracy: 0.9683
2025-02-09 04:08:05,584 - INFO -   New best loss achieved!
2025-02-09 04:08:05,584 - INFO - 
Epoch 69/400
2025-02-09 04:08:05,584 - INFO - Processing batches...
2025-02-09 04:08:11,986 - INFO - Epoch 69 Results:
2025-02-09 04:08:11,987 - INFO -   Average Loss: 0.3423
2025-02-09 04:08:11,987 - INFO -   Training Accuracy: 0.9700
2025-02-09 04:08:11,987 - INFO -   New best loss achieved!
2025-02-09 04:08:11,987 - INFO - 
Epoch 70/400
2025-02-09 04:08:11,987 - INFO - Processing batches...
2025-02-09 04:08:18,664 - INFO - Epoch 70 Results:
2025-02-09 04:08:18,664 - INFO -   Average Loss: 0.3431
2025-02-09 04:08:18,664 - INFO -   Training Accuracy: 0.9697
2025-02-09 04:08:18,664 - INFO -   No improvement for 1 epochs
2025-02-09 04:08:18,664 - INFO - 
Epoch 71/400
2025-02-09 04:08:18,664 - INFO - Processing batches...
2025-02-09 04:08:25,085 - INFO - Epoch 71 Results:
2025-02-09 04:08:25,085 - INFO -   Average Loss: 0.3442
2025-02-09 04:08:25,085 - INFO -   Training Accuracy: 0.9687
2025-02-09 04:08:25,085 - INFO -   No improvement for 2 epochs
2025-02-09 04:08:25,087 - INFO - 
Epoch 72/400
2025-02-09 04:08:25,087 - INFO - Processing batches...
2025-02-09 04:08:31,415 - INFO - Epoch 72 Results:
2025-02-09 04:08:31,415 - INFO -   Average Loss: 0.3456
2025-02-09 04:08:31,415 - INFO -   Training Accuracy: 0.9673
2025-02-09 04:08:31,415 - INFO -   No improvement for 3 epochs
2025-02-09 04:08:31,415 - INFO - 
Epoch 73/400
2025-02-09 04:08:31,415 - INFO - Processing batches...
2025-02-09 04:08:37,645 - INFO - Epoch 73 Results:
2025-02-09 04:08:37,646 - INFO -   Average Loss: 0.3447
2025-02-09 04:08:37,646 - INFO -   Training Accuracy: 0.9685
2025-02-09 04:08:37,646 - INFO -   No improvement for 4 epochs
2025-02-09 04:08:37,646 - INFO - 
Epoch 74/400
2025-02-09 04:08:37,646 - INFO - Processing batches...
2025-02-09 04:08:43,887 - INFO - Epoch 74 Results:
2025-02-09 04:08:43,888 - INFO -   Average Loss: 0.3493
2025-02-09 04:08:43,888 - INFO -   Training Accuracy: 0.9632
2025-02-09 04:08:43,888 - INFO -   No improvement for 5 epochs
2025-02-09 04:08:43,888 - INFO - 
Epoch 75/400
2025-02-09 04:08:43,888 - INFO - Processing batches...
2025-02-09 04:08:50,197 - INFO - Epoch 75 Results:
2025-02-09 04:08:50,197 - INFO -   Average Loss: 0.3439
2025-02-09 04:08:50,197 - INFO -   Training Accuracy: 0.9683
2025-02-09 04:08:50,197 - INFO -   No improvement for 6 epochs
2025-02-09 04:08:50,197 - INFO - 
Epoch 76/400
2025-02-09 04:08:50,197 - INFO - Processing batches...
2025-02-09 04:08:56,536 - INFO - Epoch 76 Results:
2025-02-09 04:08:56,536 - INFO -   Average Loss: 0.3407
2025-02-09 04:08:56,536 - INFO -   Training Accuracy: 0.9718
2025-02-09 04:08:56,536 - INFO -   New best loss achieved!
2025-02-09 04:08:56,537 - INFO - 
Epoch 77/400
2025-02-09 04:08:56,537 - INFO - Processing batches...
2025-02-09 04:09:02,998 - INFO - Epoch 77 Results:
2025-02-09 04:09:02,998 - INFO -   Average Loss: 0.3411
2025-02-09 04:09:02,998 - INFO -   Training Accuracy: 0.9713
2025-02-09 04:09:02,999 - INFO -   No improvement for 1 epochs
2025-02-09 04:09:02,999 - INFO - 
Epoch 78/400
2025-02-09 04:09:02,999 - INFO - Processing batches...
2025-02-09 04:09:09,317 - INFO - Epoch 78 Results:
2025-02-09 04:09:09,317 - INFO -   Average Loss: 0.3423
2025-02-09 04:09:09,317 - INFO -   Training Accuracy: 0.9705
2025-02-09 04:09:09,317 - INFO -   No improvement for 2 epochs
2025-02-09 04:09:09,317 - INFO - 
Epoch 79/400
2025-02-09 04:09:09,318 - INFO - Processing batches...
2025-02-09 04:09:15,831 - INFO - Epoch 79 Results:
2025-02-09 04:09:15,831 - INFO -   Average Loss: 0.3461
2025-02-09 04:09:15,831 - INFO -   Training Accuracy: 0.9672
2025-02-09 04:09:15,832 - INFO -   No improvement for 3 epochs
2025-02-09 04:09:15,832 - INFO - 
Epoch 80/400
2025-02-09 04:09:15,832 - INFO - Processing batches...
2025-02-09 04:09:22,064 - INFO - Epoch 80 Results:
2025-02-09 04:09:22,064 - INFO -   Average Loss: 0.3417
2025-02-09 04:09:22,064 - INFO -   Training Accuracy: 0.9707
2025-02-09 04:09:22,064 - INFO -   No improvement for 4 epochs
2025-02-09 04:09:22,064 - INFO - 
Epoch 81/400
2025-02-09 04:09:22,064 - INFO - Processing batches...
2025-02-09 04:09:28,309 - INFO - Epoch 81 Results:
2025-02-09 04:09:28,309 - INFO -   Average Loss: 0.3436
2025-02-09 04:09:28,309 - INFO -   Training Accuracy: 0.9688
2025-02-09 04:09:28,309 - INFO -   No improvement for 5 epochs
2025-02-09 04:09:28,310 - INFO - 
Epoch 82/400
2025-02-09 04:09:28,310 - INFO - Processing batches...
2025-02-09 04:09:34,492 - INFO - Epoch 82 Results:
2025-02-09 04:09:34,492 - INFO -   Average Loss: 0.3438
2025-02-09 04:09:34,492 - INFO -   Training Accuracy: 0.9682
2025-02-09 04:09:34,492 - INFO -   No improvement for 6 epochs
2025-02-09 04:09:34,492 - INFO - 
Epoch 83/400
2025-02-09 04:09:34,492 - INFO - Processing batches...
2025-02-09 04:09:40,810 - INFO - Epoch 83 Results:
2025-02-09 04:09:40,810 - INFO -   Average Loss: 0.3420
2025-02-09 04:09:40,810 - INFO -   Training Accuracy: 0.9708
2025-02-09 04:09:40,810 - INFO -   No improvement for 7 epochs
2025-02-09 04:09:40,811 - INFO - 
Epoch 84/400
2025-02-09 04:09:40,811 - INFO - Processing batches...
2025-02-09 04:09:47,272 - INFO - Epoch 84 Results:
2025-02-09 04:09:47,272 - INFO -   Average Loss: 0.3422
2025-02-09 04:09:47,272 - INFO -   Training Accuracy: 0.9708
2025-02-09 04:09:47,272 - INFO -   No improvement for 8 epochs
2025-02-09 04:09:47,272 - INFO - 
Epoch 85/400
2025-02-09 04:09:47,272 - INFO - Processing batches...
2025-02-09 04:09:53,643 - INFO - Epoch 85 Results:
2025-02-09 04:09:53,643 - INFO -   Average Loss: 0.3440
2025-02-09 04:09:53,643 - INFO -   Training Accuracy: 0.9684
2025-02-09 04:09:53,643 - INFO -   No improvement for 9 epochs
2025-02-09 04:09:53,644 - INFO - 
Epoch 86/400
2025-02-09 04:09:53,644 - INFO - Processing batches...
2025-02-09 04:10:00,046 - INFO - Epoch 86 Results:
2025-02-09 04:10:00,046 - INFO -   Average Loss: 0.3438
2025-02-09 04:10:00,046 - INFO -   Training Accuracy: 0.9686
2025-02-09 04:10:00,046 - INFO -   No improvement for 10 epochs
2025-02-09 04:10:00,047 - INFO - Early stopping triggered after 86 epochs
2025-02-09 04:10:00,047 - INFO - 
Training completed!
2025-02-09 04:10:00,047 - INFO - Best loss achieved: 0.3407
2025-02-09 04:10:00,054 - INFO - Model saved to ./results/best_performance_predictor_12000samples.pth
2025-02-09 04:10:00,054 - INFO - Starting model evaluation...
2025-02-09 04:10:00,981 - INFO - 
Detailed Evaluation Results:
2025-02-09 04:10:00,981 - INFO - ==================================================
2025-02-09 04:10:00,981 - INFO - very_close:
2025-02-09 04:10:00,981 - INFO -   Total pairs: 250
2025-02-09 04:10:00,981 - INFO -   Correct predictions: 145
2025-02-09 04:10:00,981 - INFO -   Accuracy: 0.5800
2025-02-09 04:10:00,981 - INFO - close:
2025-02-09 04:10:00,981 - INFO -   Total pairs: 250
2025-02-09 04:10:00,981 - INFO -   Correct predictions: 217
2025-02-09 04:10:00,981 - INFO -   Accuracy: 0.8680
2025-02-09 04:10:00,981 - INFO - medium:
2025-02-09 04:10:00,981 - INFO -   Total pairs: 250
2025-02-09 04:10:00,981 - INFO -   Correct predictions: 211
2025-02-09 04:10:00,981 - INFO -   Accuracy: 0.8440
2025-02-09 04:10:00,982 - INFO - far:
2025-02-09 04:10:00,982 - INFO -   Total pairs: 250
2025-02-09 04:10:00,982 - INFO -   Correct predictions: 232
2025-02-09 04:10:00,982 - INFO -   Accuracy: 0.9280
2025-02-09 04:10:00,982 - INFO - 
Overall Results:
2025-02-09 04:10:00,982 - INFO - Total test pairs: 1000
2025-02-09 04:10:00,982 - INFO - Total correct predictions: 805
2025-02-09 04:10:00,982 - INFO - Overall accuracy: 0.8050
2025-02-09 04:10:00,985 - INFO - Evaluation results saved to ./results/evaluation_results_20250209_041000.json
