2025-02-09 04:00:37,152 - INFO - Starting training process...
2025-02-09 04:00:37,153 - INFO - Loading data...
2025-02-09 04:00:39,059 - INFO - Loaded 2915 code samples
2025-02-09 04:00:39,059 - INFO - Performance statistics:
2025-02-09 04:00:39,060 - INFO -   Mean: 10.6621
2025-02-09 04:00:39,060 - INFO -   Std: 0.0755
2025-02-09 04:00:39,061 - INFO -   Min: 10.5913
2025-02-09 04:00:39,061 - INFO -   Max: 10.9718
2025-02-09 04:00:39,062 - INFO - Loading predefined dataset split...
2025-02-09 04:00:39,063 - INFO - Loaded split info - Train: 2332, Test: 583
2025-02-09 04:00:42,541 - INFO - Selected 15000 balanced training pairs
2025-02-09 04:00:43,078 - INFO - Selected 1000 balanced test pairs
2025-02-09 04:00:43,557 - INFO - Starting training...
2025-02-09 04:00:43,557 - INFO - Total training pairs: 15000
2025-02-09 04:00:43,557 - INFO - Batch size: 32
2025-02-09 04:00:43,557 - INFO - Max epochs: 400
2025-02-09 04:00:43,557 - INFO - 
Epoch 1/400
2025-02-09 04:00:43,558 - INFO - Processing batches...
2025-02-09 04:00:52,738 - INFO - Epoch 1 Results:
2025-02-09 04:00:52,738 - INFO -   Average Loss: 0.5542
2025-02-09 04:00:52,738 - INFO -   Training Accuracy: 0.7419
2025-02-09 04:00:52,738 - INFO -   New best loss achieved!
2025-02-09 04:00:52,738 - INFO - 
Epoch 2/400
2025-02-09 04:00:52,738 - INFO - Processing batches...
2025-02-09 04:01:02,050 - INFO - Epoch 2 Results:
2025-02-09 04:01:02,051 - INFO -   Average Loss: 0.4750
2025-02-09 04:01:02,051 - INFO -   Training Accuracy: 0.8310
2025-02-09 04:01:02,051 - INFO -   New best loss achieved!
2025-02-09 04:01:02,051 - INFO - 
Epoch 3/400
2025-02-09 04:01:02,051 - INFO - Processing batches...
2025-02-09 04:01:10,946 - INFO - Epoch 3 Results:
2025-02-09 04:01:10,946 - INFO -   Average Loss: 0.4572
2025-02-09 04:01:10,946 - INFO -   Training Accuracy: 0.8489
2025-02-09 04:01:10,946 - INFO -   New best loss achieved!
2025-02-09 04:01:10,946 - INFO - 
Epoch 4/400
2025-02-09 04:01:10,946 - INFO - Processing batches...
2025-02-09 04:01:19,883 - INFO - Epoch 4 Results:
2025-02-09 04:01:19,883 - INFO -   Average Loss: 0.4418
2025-02-09 04:01:19,884 - INFO -   Training Accuracy: 0.8668
2025-02-09 04:01:19,884 - INFO -   New best loss achieved!
2025-02-09 04:01:19,884 - INFO - 
Epoch 5/400
2025-02-09 04:01:19,884 - INFO - Processing batches...
2025-02-09 04:01:28,327 - INFO - Epoch 5 Results:
2025-02-09 04:01:28,327 - INFO -   Average Loss: 0.4355
2025-02-09 04:01:28,327 - INFO -   Training Accuracy: 0.8722
2025-02-09 04:01:28,327 - INFO -   New best loss achieved!
2025-02-09 04:01:28,327 - INFO - 
Epoch 6/400
2025-02-09 04:01:28,327 - INFO - Processing batches...
2025-02-09 04:01:36,435 - INFO - Epoch 6 Results:
2025-02-09 04:01:36,436 - INFO -   Average Loss: 0.4296
2025-02-09 04:01:36,436 - INFO -   Training Accuracy: 0.8791
2025-02-09 04:01:36,436 - INFO -   New best loss achieved!
2025-02-09 04:01:36,436 - INFO - 
Epoch 7/400
2025-02-09 04:01:36,436 - INFO - Processing batches...
2025-02-09 04:01:44,548 - INFO - Epoch 7 Results:
2025-02-09 04:01:44,548 - INFO -   Average Loss: 0.4219
2025-02-09 04:01:44,548 - INFO -   Training Accuracy: 0.8883
2025-02-09 04:01:44,548 - INFO -   New best loss achieved!
2025-02-09 04:01:44,550 - INFO - 
Epoch 8/400
2025-02-09 04:01:44,550 - INFO - Processing batches...
2025-02-09 04:01:52,925 - INFO - Epoch 8 Results:
2025-02-09 04:01:52,925 - INFO -   Average Loss: 0.4116
2025-02-09 04:01:52,925 - INFO -   Training Accuracy: 0.8983
2025-02-09 04:01:52,925 - INFO -   New best loss achieved!
2025-02-09 04:01:52,925 - INFO - 
Epoch 9/400
2025-02-09 04:01:52,925 - INFO - Processing batches...
2025-02-09 04:02:01,563 - INFO - Epoch 9 Results:
2025-02-09 04:02:01,563 - INFO -   Average Loss: 0.4135
2025-02-09 04:02:01,563 - INFO -   Training Accuracy: 0.8961
2025-02-09 04:02:01,563 - INFO -   No improvement for 1 epochs
2025-02-09 04:02:01,563 - INFO - 
Epoch 10/400
2025-02-09 04:02:01,563 - INFO - Processing batches...
2025-02-09 04:02:09,967 - INFO - Epoch 10 Results:
2025-02-09 04:02:09,967 - INFO -   Average Loss: 0.4071
2025-02-09 04:02:09,967 - INFO -   Training Accuracy: 0.9022
2025-02-09 04:02:09,967 - INFO -   New best loss achieved!
2025-02-09 04:02:09,967 - INFO - 
Epoch 11/400
2025-02-09 04:02:09,967 - INFO - Processing batches...
2025-02-09 04:02:18,472 - INFO - Epoch 11 Results:
2025-02-09 04:02:18,472 - INFO -   Average Loss: 0.4022
2025-02-09 04:02:18,472 - INFO -   Training Accuracy: 0.9085
2025-02-09 04:02:18,472 - INFO -   New best loss achieved!
2025-02-09 04:02:18,472 - INFO - 
Epoch 12/400
2025-02-09 04:02:18,472 - INFO - Processing batches...
2025-02-09 04:02:26,812 - INFO - Epoch 12 Results:
2025-02-09 04:02:26,812 - INFO -   Average Loss: 0.4046
2025-02-09 04:02:26,812 - INFO -   Training Accuracy: 0.9047
2025-02-09 04:02:26,812 - INFO -   No improvement for 1 epochs
2025-02-09 04:02:26,812 - INFO - 
Epoch 13/400
2025-02-09 04:02:26,812 - INFO - Processing batches...
2025-02-09 04:02:35,000 - INFO - Epoch 13 Results:
2025-02-09 04:02:35,000 - INFO -   Average Loss: 0.3957
2025-02-09 04:02:35,001 - INFO -   Training Accuracy: 0.9151
2025-02-09 04:02:35,001 - INFO -   New best loss achieved!
2025-02-09 04:02:35,001 - INFO - 
Epoch 14/400
2025-02-09 04:02:35,001 - INFO - Processing batches...
2025-02-09 04:02:43,201 - INFO - Epoch 14 Results:
2025-02-09 04:02:43,201 - INFO -   Average Loss: 0.3957
2025-02-09 04:02:43,201 - INFO -   Training Accuracy: 0.9145
2025-02-09 04:02:43,201 - INFO -   New best loss achieved!
2025-02-09 04:02:43,201 - INFO - 
Epoch 15/400
2025-02-09 04:02:43,201 - INFO - Processing batches...
2025-02-09 04:02:51,489 - INFO - Epoch 15 Results:
2025-02-09 04:02:51,490 - INFO -   Average Loss: 0.3904
2025-02-09 04:02:51,490 - INFO -   Training Accuracy: 0.9201
2025-02-09 04:02:51,490 - INFO -   New best loss achieved!
2025-02-09 04:02:51,490 - INFO - 
Epoch 16/400
2025-02-09 04:02:51,490 - INFO - Processing batches...
2025-02-09 04:03:00,324 - INFO - Epoch 16 Results:
2025-02-09 04:03:00,324 - INFO -   Average Loss: 0.3930
2025-02-09 04:03:00,324 - INFO -   Training Accuracy: 0.9183
2025-02-09 04:03:00,324 - INFO -   No improvement for 1 epochs
2025-02-09 04:03:00,324 - INFO - 
Epoch 17/400
2025-02-09 04:03:00,324 - INFO - Processing batches...
2025-02-09 04:03:08,624 - INFO - Epoch 17 Results:
2025-02-09 04:03:08,625 - INFO -   Average Loss: 0.3886
2025-02-09 04:03:08,625 - INFO -   Training Accuracy: 0.9219
2025-02-09 04:03:08,625 - INFO -   New best loss achieved!
2025-02-09 04:03:08,625 - INFO - 
Epoch 18/400
2025-02-09 04:03:08,625 - INFO - Processing batches...
2025-02-09 04:03:16,965 - INFO - Epoch 18 Results:
2025-02-09 04:03:16,965 - INFO -   Average Loss: 0.3870
2025-02-09 04:03:16,965 - INFO -   Training Accuracy: 0.9233
2025-02-09 04:03:16,966 - INFO -   New best loss achieved!
2025-02-09 04:03:16,966 - INFO - 
Epoch 19/400
2025-02-09 04:03:16,966 - INFO - Processing batches...
2025-02-09 04:03:25,586 - INFO - Epoch 19 Results:
2025-02-09 04:03:25,586 - INFO -   Average Loss: 0.3843
2025-02-09 04:03:25,586 - INFO -   Training Accuracy: 0.9270
2025-02-09 04:03:25,586 - INFO -   New best loss achieved!
2025-02-09 04:03:25,586 - INFO - 
Epoch 20/400
2025-02-09 04:03:25,586 - INFO - Processing batches...
2025-02-09 04:03:33,880 - INFO - Epoch 20 Results:
2025-02-09 04:03:33,880 - INFO -   Average Loss: 0.3806
2025-02-09 04:03:33,880 - INFO -   Training Accuracy: 0.9304
2025-02-09 04:03:33,880 - INFO -   New best loss achieved!
2025-02-09 04:03:33,880 - INFO - 
Epoch 21/400
2025-02-09 04:03:33,880 - INFO - Processing batches...
2025-02-09 04:03:42,144 - INFO - Epoch 21 Results:
2025-02-09 04:03:42,144 - INFO -   Average Loss: 0.3812
2025-02-09 04:03:42,144 - INFO -   Training Accuracy: 0.9294
2025-02-09 04:03:42,144 - INFO -   No improvement for 1 epochs
2025-02-09 04:03:42,144 - INFO - 
Epoch 22/400
2025-02-09 04:03:42,144 - INFO - Processing batches...
2025-02-09 04:03:50,724 - INFO - Epoch 22 Results:
2025-02-09 04:03:50,724 - INFO -   Average Loss: 0.3784
2025-02-09 04:03:50,724 - INFO -   Training Accuracy: 0.9332
2025-02-09 04:03:50,724 - INFO -   New best loss achieved!
2025-02-09 04:03:50,724 - INFO - 
Epoch 23/400
2025-02-09 04:03:50,724 - INFO - Processing batches...
2025-02-09 04:03:59,576 - INFO - Epoch 23 Results:
2025-02-09 04:03:59,577 - INFO -   Average Loss: 0.3751
2025-02-09 04:03:59,577 - INFO -   Training Accuracy: 0.9357
2025-02-09 04:03:59,577 - INFO -   New best loss achieved!
2025-02-09 04:03:59,577 - INFO - 
Epoch 24/400
2025-02-09 04:03:59,577 - INFO - Processing batches...
2025-02-09 04:04:08,136 - INFO - Epoch 24 Results:
2025-02-09 04:04:08,136 - INFO -   Average Loss: 0.3761
2025-02-09 04:04:08,136 - INFO -   Training Accuracy: 0.9354
2025-02-09 04:04:08,136 - INFO -   No improvement for 1 epochs
2025-02-09 04:04:08,136 - INFO - 
Epoch 25/400
2025-02-09 04:04:08,136 - INFO - Processing batches...
2025-02-09 04:04:16,817 - INFO - Epoch 25 Results:
2025-02-09 04:04:16,817 - INFO -   Average Loss: 0.3681
2025-02-09 04:04:16,817 - INFO -   Training Accuracy: 0.9429
2025-02-09 04:04:16,818 - INFO -   New best loss achieved!
2025-02-09 04:04:16,818 - INFO - 
Epoch 26/400
2025-02-09 04:04:16,818 - INFO - Processing batches...
2025-02-09 04:04:25,512 - INFO - Epoch 26 Results:
2025-02-09 04:04:25,512 - INFO -   Average Loss: 0.3716
2025-02-09 04:04:25,513 - INFO -   Training Accuracy: 0.9391
2025-02-09 04:04:25,513 - INFO -   No improvement for 1 epochs
2025-02-09 04:04:25,513 - INFO - 
Epoch 27/400
2025-02-09 04:04:25,513 - INFO - Processing batches...
2025-02-09 04:04:33,674 - INFO - Epoch 27 Results:
2025-02-09 04:04:33,674 - INFO -   Average Loss: 0.3674
2025-02-09 04:04:33,674 - INFO -   Training Accuracy: 0.9439
2025-02-09 04:04:33,675 - INFO -   New best loss achieved!
2025-02-09 04:04:33,675 - INFO - 
Epoch 28/400
2025-02-09 04:04:33,675 - INFO - Processing batches...
2025-02-09 04:04:42,235 - INFO - Epoch 28 Results:
2025-02-09 04:04:42,235 - INFO -   Average Loss: 0.3640
2025-02-09 04:04:42,235 - INFO -   Training Accuracy: 0.9479
2025-02-09 04:04:42,235 - INFO -   New best loss achieved!
2025-02-09 04:04:42,235 - INFO - 
Epoch 29/400
2025-02-09 04:04:42,235 - INFO - Processing batches...
2025-02-09 04:04:50,966 - INFO - Epoch 29 Results:
2025-02-09 04:04:50,966 - INFO -   Average Loss: 0.3659
2025-02-09 04:04:50,966 - INFO -   Training Accuracy: 0.9461
2025-02-09 04:04:50,966 - INFO -   No improvement for 1 epochs
2025-02-09 04:04:50,966 - INFO - 
Epoch 30/400
2025-02-09 04:04:50,966 - INFO - Processing batches...
2025-02-09 04:05:00,085 - INFO - Epoch 30 Results:
2025-02-09 04:05:00,085 - INFO -   Average Loss: 0.3637
2025-02-09 04:05:00,085 - INFO -   Training Accuracy: 0.9477
2025-02-09 04:05:00,085 - INFO -   New best loss achieved!
2025-02-09 04:05:00,085 - INFO - 
Epoch 31/400
2025-02-09 04:05:00,085 - INFO - Processing batches...
2025-02-09 04:05:08,627 - INFO - Epoch 31 Results:
2025-02-09 04:05:08,627 - INFO -   Average Loss: 0.3636
2025-02-09 04:05:08,627 - INFO -   Training Accuracy: 0.9489
2025-02-09 04:05:08,627 - INFO -   New best loss achieved!
2025-02-09 04:05:08,627 - INFO - 
Epoch 32/400
2025-02-09 04:05:08,627 - INFO - Processing batches...
2025-02-09 04:05:17,551 - INFO - Epoch 32 Results:
2025-02-09 04:05:17,551 - INFO -   Average Loss: 0.3683
2025-02-09 04:05:17,551 - INFO -   Training Accuracy: 0.9437
2025-02-09 04:05:17,551 - INFO -   No improvement for 1 epochs
2025-02-09 04:05:17,551 - INFO - 
Epoch 33/400
2025-02-09 04:05:17,551 - INFO - Processing batches...
2025-02-09 04:05:26,202 - INFO - Epoch 33 Results:
2025-02-09 04:05:26,202 - INFO -   Average Loss: 0.3594
2025-02-09 04:05:26,203 - INFO -   Training Accuracy: 0.9524
2025-02-09 04:05:26,203 - INFO -   New best loss achieved!
2025-02-09 04:05:26,203 - INFO - 
Epoch 34/400
2025-02-09 04:05:26,203 - INFO - Processing batches...
2025-02-09 04:05:34,879 - INFO - Epoch 34 Results:
2025-02-09 04:05:34,879 - INFO -   Average Loss: 0.3624
2025-02-09 04:05:34,879 - INFO -   Training Accuracy: 0.9495
2025-02-09 04:05:34,879 - INFO -   No improvement for 1 epochs
2025-02-09 04:05:34,880 - INFO - 
Epoch 35/400
2025-02-09 04:05:34,880 - INFO - Processing batches...
2025-02-09 04:05:43,383 - INFO - Epoch 35 Results:
2025-02-09 04:05:43,383 - INFO -   Average Loss: 0.3612
2025-02-09 04:05:43,384 - INFO -   Training Accuracy: 0.9495
2025-02-09 04:05:43,384 - INFO -   No improvement for 2 epochs
2025-02-09 04:05:43,384 - INFO - 
Epoch 36/400
2025-02-09 04:05:43,384 - INFO - Processing batches...
2025-02-09 04:05:51,984 - INFO - Epoch 36 Results:
2025-02-09 04:05:51,985 - INFO -   Average Loss: 0.3597
2025-02-09 04:05:51,985 - INFO -   Training Accuracy: 0.9522
2025-02-09 04:05:51,985 - INFO -   No improvement for 3 epochs
2025-02-09 04:05:51,985 - INFO - 
Epoch 37/400
2025-02-09 04:05:51,985 - INFO - Processing batches...
2025-02-09 04:06:00,615 - INFO - Epoch 37 Results:
2025-02-09 04:06:00,615 - INFO -   Average Loss: 0.3556
2025-02-09 04:06:00,615 - INFO -   Training Accuracy: 0.9565
2025-02-09 04:06:00,615 - INFO -   New best loss achieved!
2025-02-09 04:06:00,615 - INFO - 
Epoch 38/400
2025-02-09 04:06:00,615 - INFO - Processing batches...
2025-02-09 04:06:08,886 - INFO - Epoch 38 Results:
2025-02-09 04:06:08,886 - INFO -   Average Loss: 0.3572
2025-02-09 04:06:08,887 - INFO -   Training Accuracy: 0.9549
2025-02-09 04:06:08,887 - INFO -   No improvement for 1 epochs
2025-02-09 04:06:08,887 - INFO - 
Epoch 39/400
2025-02-09 04:06:08,887 - INFO - Processing batches...
2025-02-09 04:06:17,404 - INFO - Epoch 39 Results:
2025-02-09 04:06:17,404 - INFO -   Average Loss: 0.3592
2025-02-09 04:06:17,404 - INFO -   Training Accuracy: 0.9530
2025-02-09 04:06:17,404 - INFO -   No improvement for 2 epochs
2025-02-09 04:06:17,405 - INFO - 
Epoch 40/400
2025-02-09 04:06:17,405 - INFO - Processing batches...
2025-02-09 04:06:25,257 - INFO - Epoch 40 Results:
2025-02-09 04:06:25,257 - INFO -   Average Loss: 0.3563
2025-02-09 04:06:25,257 - INFO -   Training Accuracy: 0.9558
2025-02-09 04:06:25,257 - INFO -   No improvement for 3 epochs
2025-02-09 04:06:25,257 - INFO - 
Epoch 41/400
2025-02-09 04:06:25,257 - INFO - Processing batches...
2025-02-09 04:06:33,049 - INFO - Epoch 41 Results:
2025-02-09 04:06:33,049 - INFO -   Average Loss: 0.3526
2025-02-09 04:06:33,049 - INFO -   Training Accuracy: 0.9596
2025-02-09 04:06:33,049 - INFO -   New best loss achieved!
2025-02-09 04:06:33,049 - INFO - 
Epoch 42/400
2025-02-09 04:06:33,049 - INFO - Processing batches...
2025-02-09 04:06:40,726 - INFO - Epoch 42 Results:
2025-02-09 04:06:40,726 - INFO -   Average Loss: 0.3527
2025-02-09 04:06:40,726 - INFO -   Training Accuracy: 0.9594
2025-02-09 04:06:40,726 - INFO -   No improvement for 1 epochs
2025-02-09 04:06:40,726 - INFO - 
Epoch 43/400
2025-02-09 04:06:40,726 - INFO - Processing batches...
2025-02-09 04:06:48,262 - INFO - Epoch 43 Results:
2025-02-09 04:06:48,262 - INFO -   Average Loss: 0.3515
2025-02-09 04:06:48,262 - INFO -   Training Accuracy: 0.9611
2025-02-09 04:06:48,262 - INFO -   New best loss achieved!
2025-02-09 04:06:48,262 - INFO - 
Epoch 44/400
2025-02-09 04:06:48,263 - INFO - Processing batches...
2025-02-09 04:06:56,132 - INFO - Epoch 44 Results:
2025-02-09 04:06:56,133 - INFO -   Average Loss: 0.3568
2025-02-09 04:06:56,133 - INFO -   Training Accuracy: 0.9552
2025-02-09 04:06:56,133 - INFO -   No improvement for 1 epochs
2025-02-09 04:06:56,133 - INFO - 
Epoch 45/400
2025-02-09 04:06:56,133 - INFO - Processing batches...
2025-02-09 04:07:04,185 - INFO - Epoch 45 Results:
2025-02-09 04:07:04,185 - INFO -   Average Loss: 0.3528
2025-02-09 04:07:04,185 - INFO -   Training Accuracy: 0.9588
2025-02-09 04:07:04,185 - INFO -   No improvement for 2 epochs
2025-02-09 04:07:04,185 - INFO - 
Epoch 46/400
2025-02-09 04:07:04,185 - INFO - Processing batches...
2025-02-09 04:07:11,962 - INFO - Epoch 46 Results:
2025-02-09 04:07:11,962 - INFO -   Average Loss: 0.3497
2025-02-09 04:07:11,962 - INFO -   Training Accuracy: 0.9627
2025-02-09 04:07:11,962 - INFO -   New best loss achieved!
2025-02-09 04:07:11,962 - INFO - 
Epoch 47/400
2025-02-09 04:07:11,963 - INFO - Processing batches...
2025-02-09 04:07:20,106 - INFO - Epoch 47 Results:
2025-02-09 04:07:20,106 - INFO -   Average Loss: 0.3536
2025-02-09 04:07:20,106 - INFO -   Training Accuracy: 0.9589
2025-02-09 04:07:20,106 - INFO -   No improvement for 1 epochs
2025-02-09 04:07:20,106 - INFO - 
Epoch 48/400
2025-02-09 04:07:20,106 - INFO - Processing batches...
2025-02-09 04:07:28,165 - INFO - Epoch 48 Results:
2025-02-09 04:07:28,165 - INFO -   Average Loss: 0.3512
2025-02-09 04:07:28,165 - INFO -   Training Accuracy: 0.9607
2025-02-09 04:07:28,165 - INFO -   No improvement for 2 epochs
2025-02-09 04:07:28,165 - INFO - 
Epoch 49/400
2025-02-09 04:07:28,167 - INFO - Processing batches...
2025-02-09 04:07:36,138 - INFO - Epoch 49 Results:
2025-02-09 04:07:36,138 - INFO -   Average Loss: 0.3515
2025-02-09 04:07:36,138 - INFO -   Training Accuracy: 0.9611
2025-02-09 04:07:36,138 - INFO -   No improvement for 3 epochs
2025-02-09 04:07:36,138 - INFO - 
Epoch 50/400
2025-02-09 04:07:36,138 - INFO - Processing batches...
2025-02-09 04:07:44,171 - INFO - Epoch 50 Results:
2025-02-09 04:07:44,171 - INFO -   Average Loss: 0.3507
2025-02-09 04:07:44,171 - INFO -   Training Accuracy: 0.9615
2025-02-09 04:07:44,171 - INFO -   No improvement for 4 epochs
2025-02-09 04:07:44,171 - INFO - 
Epoch 51/400
2025-02-09 04:07:44,171 - INFO - Processing batches...
2025-02-09 04:07:51,767 - INFO - Epoch 51 Results:
2025-02-09 04:07:51,767 - INFO -   Average Loss: 0.3488
2025-02-09 04:07:51,767 - INFO -   Training Accuracy: 0.9637
2025-02-09 04:07:51,767 - INFO -   New best loss achieved!
2025-02-09 04:07:51,767 - INFO - 
Epoch 52/400
2025-02-09 04:07:51,767 - INFO - Processing batches...
2025-02-09 04:07:59,381 - INFO - Epoch 52 Results:
2025-02-09 04:07:59,382 - INFO -   Average Loss: 0.3501
2025-02-09 04:07:59,382 - INFO -   Training Accuracy: 0.9626
2025-02-09 04:07:59,382 - INFO -   No improvement for 1 epochs
2025-02-09 04:07:59,382 - INFO - 
Epoch 53/400
2025-02-09 04:07:59,382 - INFO - Processing batches...
2025-02-09 04:08:07,385 - INFO - Epoch 53 Results:
2025-02-09 04:08:07,385 - INFO -   Average Loss: 0.3492
2025-02-09 04:08:07,385 - INFO -   Training Accuracy: 0.9634
2025-02-09 04:08:07,385 - INFO -   No improvement for 2 epochs
2025-02-09 04:08:07,387 - INFO - 
Epoch 54/400
2025-02-09 04:08:07,387 - INFO - Processing batches...
2025-02-09 04:08:15,410 - INFO - Epoch 54 Results:
2025-02-09 04:08:15,411 - INFO -   Average Loss: 0.3469
2025-02-09 04:08:15,411 - INFO -   Training Accuracy: 0.9655
2025-02-09 04:08:15,411 - INFO -   New best loss achieved!
2025-02-09 04:08:15,411 - INFO - 
Epoch 55/400
2025-02-09 04:08:15,411 - INFO - Processing batches...
2025-02-09 04:08:23,755 - INFO - Epoch 55 Results:
2025-02-09 04:08:23,756 - INFO -   Average Loss: 0.3495
2025-02-09 04:08:23,756 - INFO -   Training Accuracy: 0.9628
2025-02-09 04:08:23,756 - INFO -   No improvement for 1 epochs
2025-02-09 04:08:23,756 - INFO - 
Epoch 56/400
2025-02-09 04:08:23,756 - INFO - Processing batches...
2025-02-09 04:08:31,715 - INFO - Epoch 56 Results:
2025-02-09 04:08:31,715 - INFO -   Average Loss: 0.3486
2025-02-09 04:08:31,715 - INFO -   Training Accuracy: 0.9640
2025-02-09 04:08:31,717 - INFO -   No improvement for 2 epochs
2025-02-09 04:08:31,717 - INFO - 
Epoch 57/400
2025-02-09 04:08:31,717 - INFO - Processing batches...
2025-02-09 04:08:39,590 - INFO - Epoch 57 Results:
2025-02-09 04:08:39,590 - INFO -   Average Loss: 0.3472
2025-02-09 04:08:39,590 - INFO -   Training Accuracy: 0.9657
2025-02-09 04:08:39,590 - INFO -   No improvement for 3 epochs
2025-02-09 04:08:39,590 - INFO - 
Epoch 58/400
2025-02-09 04:08:39,590 - INFO - Processing batches...
2025-02-09 04:08:47,498 - INFO - Epoch 58 Results:
2025-02-09 04:08:47,499 - INFO -   Average Loss: 0.3492
2025-02-09 04:08:47,499 - INFO -   Training Accuracy: 0.9632
2025-02-09 04:08:47,499 - INFO -   No improvement for 4 epochs
2025-02-09 04:08:47,499 - INFO - 
Epoch 59/400
2025-02-09 04:08:47,499 - INFO - Processing batches...
2025-02-09 04:08:55,327 - INFO - Epoch 59 Results:
2025-02-09 04:08:55,327 - INFO -   Average Loss: 0.3505
2025-02-09 04:08:55,327 - INFO -   Training Accuracy: 0.9619
2025-02-09 04:08:55,327 - INFO -   No improvement for 5 epochs
2025-02-09 04:08:55,327 - INFO - 
Epoch 60/400
2025-02-09 04:08:55,327 - INFO - Processing batches...
2025-02-09 04:09:03,215 - INFO - Epoch 60 Results:
2025-02-09 04:09:03,215 - INFO -   Average Loss: 0.3482
2025-02-09 04:09:03,215 - INFO -   Training Accuracy: 0.9645
2025-02-09 04:09:03,215 - INFO -   No improvement for 6 epochs
2025-02-09 04:09:03,216 - INFO - 
Epoch 61/400
2025-02-09 04:09:03,216 - INFO - Processing batches...
2025-02-09 04:09:11,229 - INFO - Epoch 61 Results:
2025-02-09 04:09:11,229 - INFO -   Average Loss: 0.3462
2025-02-09 04:09:11,229 - INFO -   Training Accuracy: 0.9663
2025-02-09 04:09:11,229 - INFO -   New best loss achieved!
2025-02-09 04:09:11,229 - INFO - 
Epoch 62/400
2025-02-09 04:09:11,229 - INFO - Processing batches...
2025-02-09 04:09:19,515 - INFO - Epoch 62 Results:
2025-02-09 04:09:19,515 - INFO -   Average Loss: 0.3428
2025-02-09 04:09:19,515 - INFO -   Training Accuracy: 0.9697
2025-02-09 04:09:19,515 - INFO -   New best loss achieved!
2025-02-09 04:09:19,515 - INFO - 
Epoch 63/400
2025-02-09 04:09:19,515 - INFO - Processing batches...
2025-02-09 04:09:27,447 - INFO - Epoch 63 Results:
2025-02-09 04:09:27,447 - INFO -   Average Loss: 0.3412
2025-02-09 04:09:27,447 - INFO -   Training Accuracy: 0.9713
2025-02-09 04:09:27,447 - INFO -   New best loss achieved!
2025-02-09 04:09:27,447 - INFO - 
Epoch 64/400
2025-02-09 04:09:27,447 - INFO - Processing batches...
2025-02-09 04:09:35,154 - INFO - Epoch 64 Results:
2025-02-09 04:09:35,155 - INFO -   Average Loss: 0.3435
2025-02-09 04:09:35,155 - INFO -   Training Accuracy: 0.9689
2025-02-09 04:09:35,155 - INFO -   No improvement for 1 epochs
2025-02-09 04:09:35,155 - INFO - 
Epoch 65/400
2025-02-09 04:09:35,155 - INFO - Processing batches...
2025-02-09 04:09:43,074 - INFO - Epoch 65 Results:
2025-02-09 04:09:43,075 - INFO -   Average Loss: 0.3372
2025-02-09 04:09:43,075 - INFO -   Training Accuracy: 0.9759
2025-02-09 04:09:43,075 - INFO -   New best loss achieved!
2025-02-09 04:09:43,075 - INFO - 
Epoch 66/400
2025-02-09 04:09:43,075 - INFO - Processing batches...
2025-02-09 04:09:50,778 - INFO - Epoch 66 Results:
2025-02-09 04:09:50,778 - INFO -   Average Loss: 0.3387
2025-02-09 04:09:50,778 - INFO -   Training Accuracy: 0.9740
2025-02-09 04:09:50,778 - INFO -   No improvement for 1 epochs
2025-02-09 04:09:50,778 - INFO - 
Epoch 67/400
2025-02-09 04:09:50,779 - INFO - Processing batches...
2025-02-09 04:09:58,691 - INFO - Epoch 67 Results:
2025-02-09 04:09:58,691 - INFO -   Average Loss: 0.3435
2025-02-09 04:09:58,691 - INFO -   Training Accuracy: 0.9687
2025-02-09 04:09:58,691 - INFO -   No improvement for 2 epochs
2025-02-09 04:09:58,691 - INFO - 
Epoch 68/400
2025-02-09 04:09:58,692 - INFO - Processing batches...
2025-02-09 04:10:06,228 - INFO - Epoch 68 Results:
2025-02-09 04:10:06,228 - INFO -   Average Loss: 0.3418
2025-02-09 04:10:06,228 - INFO -   Training Accuracy: 0.9706
2025-02-09 04:10:06,228 - INFO -   No improvement for 3 epochs
2025-02-09 04:10:06,228 - INFO - 
Epoch 69/400
2025-02-09 04:10:06,228 - INFO - Processing batches...
2025-02-09 04:10:13,530 - INFO - Epoch 69 Results:
2025-02-09 04:10:13,530 - INFO -   Average Loss: 0.3406
2025-02-09 04:10:13,530 - INFO -   Training Accuracy: 0.9715
2025-02-09 04:10:13,530 - INFO -   No improvement for 4 epochs
2025-02-09 04:10:13,531 - INFO - 
Epoch 70/400
2025-02-09 04:10:13,531 - INFO - Processing batches...
2025-02-09 04:10:20,613 - INFO - Epoch 70 Results:
2025-02-09 04:10:20,613 - INFO -   Average Loss: 0.3414
2025-02-09 04:10:20,613 - INFO -   Training Accuracy: 0.9715
2025-02-09 04:10:20,613 - INFO -   No improvement for 5 epochs
2025-02-09 04:10:20,613 - INFO - 
Epoch 71/400
2025-02-09 04:10:20,613 - INFO - Processing batches...
2025-02-09 04:10:28,030 - INFO - Epoch 71 Results:
2025-02-09 04:10:28,031 - INFO -   Average Loss: 0.3444
2025-02-09 04:10:28,031 - INFO -   Training Accuracy: 0.9680
2025-02-09 04:10:28,031 - INFO -   No improvement for 6 epochs
2025-02-09 04:10:28,031 - INFO - 
Epoch 72/400
2025-02-09 04:10:28,031 - INFO - Processing batches...
2025-02-09 04:10:35,562 - INFO - Epoch 72 Results:
2025-02-09 04:10:35,562 - INFO -   Average Loss: 0.3441
2025-02-09 04:10:35,562 - INFO -   Training Accuracy: 0.9687
2025-02-09 04:10:35,562 - INFO -   No improvement for 7 epochs
2025-02-09 04:10:35,562 - INFO - 
Epoch 73/400
2025-02-09 04:10:35,562 - INFO - Processing batches...
2025-02-09 04:10:43,046 - INFO - Epoch 73 Results:
2025-02-09 04:10:43,046 - INFO -   Average Loss: 0.3400
2025-02-09 04:10:43,046 - INFO -   Training Accuracy: 0.9728
2025-02-09 04:10:43,046 - INFO -   No improvement for 8 epochs
2025-02-09 04:10:43,046 - INFO - 
Epoch 74/400
2025-02-09 04:10:43,046 - INFO - Processing batches...
2025-02-09 04:10:50,603 - INFO - Epoch 74 Results:
2025-02-09 04:10:50,603 - INFO -   Average Loss: 0.3392
2025-02-09 04:10:50,603 - INFO -   Training Accuracy: 0.9733
2025-02-09 04:10:50,603 - INFO -   No improvement for 9 epochs
2025-02-09 04:10:50,603 - INFO - 
Epoch 75/400
2025-02-09 04:10:50,603 - INFO - Processing batches...
2025-02-09 04:10:57,913 - INFO - Epoch 75 Results:
2025-02-09 04:10:57,913 - INFO -   Average Loss: 0.3400
2025-02-09 04:10:57,913 - INFO -   Training Accuracy: 0.9729
2025-02-09 04:10:57,913 - INFO -   No improvement for 10 epochs
2025-02-09 04:10:57,913 - INFO - Early stopping triggered after 75 epochs
2025-02-09 04:10:57,913 - INFO - 
Training completed!
2025-02-09 04:10:57,913 - INFO - Best loss achieved: 0.3372
2025-02-09 04:10:57,920 - INFO - Model saved to ./results/best_performance_predictor_15000samples.pth
2025-02-09 04:10:57,920 - INFO - Starting model evaluation...
2025-02-09 04:10:58,849 - INFO - 
Detailed Evaluation Results:
2025-02-09 04:10:58,849 - INFO - ==================================================
2025-02-09 04:10:58,849 - INFO - very_close:
2025-02-09 04:10:58,849 - INFO -   Total pairs: 250
2025-02-09 04:10:58,849 - INFO -   Correct predictions: 161
2025-02-09 04:10:58,849 - INFO -   Accuracy: 0.6440
2025-02-09 04:10:58,849 - INFO - close:
2025-02-09 04:10:58,849 - INFO -   Total pairs: 250
2025-02-09 04:10:58,850 - INFO -   Correct predictions: 201
2025-02-09 04:10:58,850 - INFO -   Accuracy: 0.8040
2025-02-09 04:10:58,850 - INFO - medium:
2025-02-09 04:10:58,850 - INFO -   Total pairs: 250
2025-02-09 04:10:58,850 - INFO -   Correct predictions: 218
2025-02-09 04:10:58,850 - INFO -   Accuracy: 0.8720
2025-02-09 04:10:58,850 - INFO - far:
2025-02-09 04:10:58,850 - INFO -   Total pairs: 250
2025-02-09 04:10:58,850 - INFO -   Correct predictions: 232
2025-02-09 04:10:58,850 - INFO -   Accuracy: 0.9280
2025-02-09 04:10:58,850 - INFO - 
Overall Results:
2025-02-09 04:10:58,850 - INFO - Total test pairs: 1000
2025-02-09 04:10:58,850 - INFO - Total correct predictions: 812
2025-02-09 04:10:58,850 - INFO - Overall accuracy: 0.8120
2025-02-09 04:10:58,852 - INFO - Evaluation results saved to ./results/evaluation_results_20250209_041058.json
