Total count: 180, Total time: 2058.86s
3.6592
10.6906
2.6982
9.1016
3.7429
17.6259
1.4902
8.1758
3.8794
14.4101
3.0818
7.9275
3.6734
17.9574
3.1494
8.2538
3.4586
18.3468
2.1616
8.5167
3.2260
18.0664
1.8615
10.5481
10.8723
39.8213
1.0017
55.2481
26.6193
80.2044
5.7367
69.1715
23.0491
87.1984
3.6569
52.3430
7.0950
23.6401
1.9186
17.7936
10.2079
22.1894
4.1959
12.3011
3.6942
18.8991
0.9798
15.3286
5.8268
20.0729
3.0047
12.1723
3.7777
16.8566
4.7860
12.3701
4.6582
18.0478
1.3325
11.2396
4.1963
16.7661
1.8740
11.5958
3.7837
17.0289
1.5235
15.7812
4.3644
16.8591
1.7985
13.1458
3.3170
20.8862
1.5845
11.9993
4.2328
28.6872
1.3537
9.9005
3.7166
19.1733
2.4857
11.8311
3.6279
18.1054
1.3846
12.2269
2.9037
18.4547
1.3778
9.4281
4.5670
17.8875
1.3210
12.2081
3.6522
17.3208
1.8869
11.6349
4.0372
17.6982
1.5820
10.8722
3.8683
21.2407
1.1826
10.9414
4.0682
17.9878
1.9531
10.3334
4.0702
19.4397
1.9282
10.4839
3.7319
17.6644
1.9716
10.7959
6.2207
18.0262
3.2185
13.2044
3.7339
22.4178
1.7057
16.0745
3.8287
19.2231
1.4852
10.6033
4.1211
22.2812
4.1667
12.3251
3.6650
19.1235
1.8857
11.3299
3.7578
22.4410
1.7525
13.1757
4.5080
18.6982
2.3942
13.9952
3.7039
20.6479
1.2273
13.1984
5.1563
25.0980
2.8301
16.9537
3.7712
22.1145
2.0365
14.6817
5.4498
21.4910
1.2030
15.7015
4.9491
21.9107
1.9629
12.1842
4.0686
20.9541
1.7106
13.5823
3.6884
19.5930
1.9243
16.5841
4.3901
25.6084
3.0062
13.3757
