15.70	-22.136774	inf
54.34	-22.136774	inf
54.35	-22.136774	inf
54.36	-22.136774	inf
54.37	-22.136774	-20.217839
58.85	-22.136774	-20.969374
60.96	-22.136774	-21.111644
65.54	-22.136774	-21.197105
65.54	-22.136774	-21.197105
68.28	-22.136774	-21.607271
228.38	-22.136774	-21.927877
228.39	-22.136774	-21.927877
228.40	-22.136774	-21.927877
228.40	-22.136774	-21.981230
228.41	-22.136774	-21.981230
228.42	-22.136774	-21.981230
228.43	-22.151996	-22.057107
228.44	-22.151996	-22.078456
228.44	-22.151996	-22.102708
228.45	-22.151996	-22.106665
228.46	-22.151996	-22.106665
228.47	-22.151996	-22.106665
228.48	-22.165846	-22.125864
228.48	-22.165846	-22.125864
228.49	-22.174267	-22.145465
228.50	-22.174267	-22.145465
228.52	-22.174267	-22.145465
228.52	-22.174267	-22.145465
228.53	-22.174267	-22.145465
228.54	-22.174267	-22.145465
228.55	-22.174267	-22.151793
228.56	-22.174267	-22.151793
228.57	-22.174267	-22.151793
228.57	-22.174267	-22.151793
230.54	-22.264008	-22.178578
231.21	-22.264008	-22.178578
235.99	-22.264008	-22.183831
239.46	-22.264008	-22.183831
241.83	-22.264008	-22.183831
243.19	-22.264008	-22.183831
308.39	-22.264008	-22.183831
308.40	-22.264008	-22.183831
308.41	-22.264008	-22.183831
308.42	-22.264008	-22.183831
308.43	-22.264008	-22.187002
308.44	-22.264008	-22.187002
308.45	-22.264008	-22.187002
308.46	-22.264008	-22.187002
312.84	-22.264008	-22.187002
317.31	-22.264008	-22.187002
320.03	-22.264008	-22.187002
321.81	-22.264008	-22.187002
471.87	-22.264008	-22.187002
471.88	-22.264008	-22.187002
471.89	-22.264008	-22.187002
471.90	-22.264008	-22.187002
471.91	-22.264008	-22.187002
471.92	-22.264008	-22.187002
471.93	-22.264008	-22.187002
471.94	-22.264008	-22.187002
471.95	-22.264008	-22.187002
471.95	-22.264008	-22.203563
471.98	-22.264008	-22.203563
471.99	-22.264008	-22.212521
471.99	-22.264008	-22.212521
472.00	-22.264008	-22.212521
472.01	-22.264008	-22.212521
472.02	-22.264008	-22.212521
472.03	-22.264008	-22.212521
472.04	-22.264008	-22.212521
472.05	-22.264008	-22.212521
472.06	-22.264008	-22.212521
474.26	-22.264008	-22.212521
477.85	-22.264008	-22.212521
480.80	-22.264008	-22.212521
483.27	-22.264008	-22.212521
486.77	-22.264008	-22.217157
546.59	-22.264008	-22.217157
546.61	-22.264008	-22.217157
546.63	-22.322751	-22.246854
546.64	-22.322751	-22.246854
546.65	-22.322751	-22.246854
546.66	-22.322751	-22.246854
546.68	-22.322751	-22.246854
552.21	-22.322751	-22.246854
555.10	-22.322751	-22.246854
698.69	-22.322751	-22.246854
698.70	-22.322751	-22.246854
698.71	-22.322751	-22.246854
698.71	-22.322751	-22.246854
698.72	-22.322751	-22.246854
698.73	-22.322751	-22.246854
698.74	-22.322751	-22.246854
698.75	-22.351172	-22.278882
698.76	-22.351172	-22.278882
698.77	-22.351172	-22.278882
698.78	-22.351172	-22.278882
698.79	-22.351172	-22.278882
698.80	-22.351172	-22.278882
698.81	-22.351172	-22.278882
698.82	-22.351172	-22.278882
698.82	-22.351172	-22.278882
698.83	-22.351172	-22.278882
698.84	-22.351172	-22.278882
698.85	-22.351172	-22.278882
698.86	-22.351172	-22.278882
698.87	-22.351172	-22.278882
698.87	-22.351172	-22.278882
698.88	-22.351172	-22.278882
701.90	-22.351172	-22.278882
703.35	-22.351172	-22.278882
706.75	-22.351172	-22.278882
710.08	-22.351172	-22.278882
772.46	-22.351172	-22.278882
772.47	-22.351172	-22.278882
772.48	-22.351172	-22.278882
772.49	-22.351172	-22.278882
772.50	-22.351172	-22.278882
772.51	-22.351172	-22.278882
772.51	-22.351172	-22.278882
772.59	-22.351172	-22.278882
775.54	-22.388216	-22.314398
776.10	-22.388216	-22.314398
780.69	-22.388216	-22.314398
782.05	-22.388216	-22.314398
955.85	-22.388216	-22.314398
955.86	-22.388216	-22.314398
955.87	-22.388216	-22.314398
955.88	-22.388216	-22.314398
955.89	-22.388216	-22.314398
955.90	-22.388216	-22.314398
955.91	-22.388216	-22.314398
955.92	-22.388216	-22.314398
955.93	-22.388216	-22.314398
955.94	-22.388216	-22.314398
955.94	-22.388216	-22.314398
955.95	-22.388216	-22.314398
955.97	-22.388216	-22.314398
955.98	-22.388216	-22.314398
955.99	-22.388216	-22.314398
956.00	-22.388216	-22.314398
956.00	-22.388216	-22.317739
956.03	-22.388216	-22.317739
956.04	-22.388216	-22.317739
956.04	-22.388216	-22.317739
956.05	-22.388216	-22.317739
956.06	-22.388216	-22.317739
956.07	-22.388216	-22.317739
959.65	-22.388216	-22.317739
961.95	-22.388216	-22.317739
966.39	-22.388216	-22.317739
969.64	-22.388216	-22.317739
970.74	-22.388216	-22.317739
973.31	-22.388216	-22.317739
1032.35	-22.388216	-22.317739
1032.36	-22.388216	-22.317739
1032.37	-22.388216	-22.317739
1032.38	-22.388216	-22.317739
1032.40	-22.388216	-22.317739
1034.76	-22.388216	-22.317739
1035.65	-22.388216	-22.317739
1039.84	-22.388216	-22.317739
1040.05	-22.388216	-22.317739
1044.18	-22.388216	-22.317739
1045.65	-22.388216	-22.317739
1205.80	-22.388216	-22.317739
1205.81	-22.388216	-22.317739
1205.82	-22.388216	-22.317739
1205.83	-22.388216	-22.317739
1205.83	-22.388216	-22.317739
1205.84	-22.388216	-22.317739
1205.85	-22.388216	-22.317739
1205.86	-22.388216	-22.317739
1205.87	-22.388216	-22.317739
1205.88	-22.388216	-22.317739
1205.89	-22.388216	-22.317739
1205.90	-22.388216	-22.317739
1205.90	-22.391735	-22.343576
1205.91	-22.391735	-22.343576
1205.92	-22.391735	-22.343576
1205.93	-22.391735	-22.346991
1205.93	-22.391735	-22.346991
1205.94	-22.391735	-22.346991
1205.95	-22.391735	-22.346991
1205.96	-22.391735	-22.346991
1205.97	-22.391735	-22.346991
1205.97	-22.391735	-22.346991
1205.98	-22.391735	-22.346991
1205.99	-22.391735	-22.346991
1206.58	-22.391735	-22.346991
1212.11	-22.391735	-22.346991
1216.51	-22.391735	-22.364959
1216.54	-22.391735	-22.364959
1220.38	-22.391735	-22.364959
1222.16	-22.391735	-22.364959
1284.84	-22.391735	-22.364959
1284.84	-22.391735	-22.364959
1284.85	-22.391735	-22.364959
1284.86	-22.391735	-22.371140
1284.87	-22.391735	-22.371140
1284.89	-22.391735	-22.371140
1284.90	-22.391735	-22.371140
1284.90	-22.433989	-22.387703
1286.34	-22.444651	-22.405902
1292.80	-22.444651	-22.405902
1295.88	-22.444651	-22.405902
1298.32	-22.498816	-22.431481
1298.33	-22.498816	-22.431481
1477.44	-22.498816	-22.431481
1477.45	-22.498816	-22.431481
1477.45	-22.498816	-22.450805
1477.46	-22.498816	-22.450805
1477.47	-22.498816	-22.450805
1477.48	-22.498816	-22.450805
1477.49	-22.498816	-22.450805
1477.50	-22.498816	-22.450805
1477.50	-22.498816	-22.450805
1477.51	-22.498816	-22.450805
1477.52	-22.498816	-22.450805
1477.53	-22.498816	-22.450805
1477.54	-22.498816	-22.450805
1477.55	-22.498816	-22.472221
1477.55	-22.498816	-22.472221
1477.56	-22.498816	-22.472221
1477.57	-22.498816	-22.472221
1477.58	-22.498816	-22.472221
1477.59	-22.498816	-22.472221
1477.60	-22.498816	-22.472221
1477.61	-22.498816	-22.472221
1477.62	-22.498816	-22.472221
1477.63	-22.498816	-22.472221
1477.64	-22.498816	-22.472221
1479.58	-22.498816	-22.472221
1483.62	-22.498816	-22.472221
1486.97	-22.498816	-22.472221
1490.47	-22.498816	-22.472221
1493.60	-22.498816	-22.472221
1495.46	-22.498816	-22.472221
1561.60	-22.498816	-22.472221
1561.61	-22.498816	-22.472221
1561.62	-22.498816	-22.472221
1561.63	-22.498816	-22.472221
1561.64	-22.498816	-22.472221
1561.65	-22.498816	-22.472221
1561.66	-22.498816	-22.482430
1561.87	-22.498816	-22.482430
1567.68	-22.498816	-22.482430
1572.25	-22.498816	-22.493263
1572.95	-22.498816	-22.493263
1574.40	-22.498816	-22.493263
1742.70	-22.498816	-22.493263
1742.70	-22.498816	-22.493263
1742.71	-22.498816	-22.493263
1742.72	-22.498816	-22.495627
1742.73	-22.498816	-22.495627
1742.74	-22.498816	-22.495627
1742.75	-22.498816	-22.495627
1742.75	-22.498816	-22.495627
1742.76	-22.498816	-22.495627
1742.77	-22.498816	-22.495627
1742.78	-22.498816	-22.495627
1742.80	-22.498816	-22.495627
1742.81	-22.498816	-22.496782
1742.82	-22.498816	-22.496782
1742.83	-22.498816	-22.496782
1742.84	-22.498816	-22.496782
1742.84	-22.498816	-22.496782
1742.85	-22.498816	-22.496782
1742.86	-22.498816	-22.496782
1742.87	-22.498816	-22.496782
1742.88	-22.498816	-22.496782
1742.88	-22.498816	-22.496782
1742.89	-22.498816	-22.496782
1744.54	-22.498816	-22.496782
1750.34	-22.498816	-22.496782
1753.28	-22.498816	-22.496782
1755.19	-22.498816	-22.496782
1757.89	-22.498816	-22.496782
1869.32	-22.498816	-22.496782
1869.33	-22.498816	-22.498383
1869.34	-22.498816	-22.498383
1869.35	-22.498816	-22.498383
1869.37	-22.498816	-22.498383
1869.37	-22.498816	-22.498383
1869.38	-22.498816	-22.498383
1869.39	-22.498816	-22.498383
1870.98	-22.498816	-22.498383
1871.07	-22.498816	-22.498383
1877.11	-22.498816	-22.498383
1881.58	-22.498816	-22.498383
1881.60	-22.498816	-22.498383
2103.81	-22.498816	-22.498383
2103.82	-22.498816	-22.498383
2103.83	-22.498816	-22.498383
2103.84	-22.498816	-22.498383
2103.85	-22.498816	-22.498383
2103.85	-22.498816	-22.498383
2103.86	-22.498816	-22.498383
2103.87	-22.498816	-22.498383
2103.88	-22.498816	-22.498383
2103.89	-22.498816	-22.498383
2103.90	-22.498816	-22.498383
2103.90	-22.498816	-22.498383
2103.91	-22.498816	-22.498383
2103.92	-22.498816	-22.498383
2103.93	-22.498816	-22.498383
2103.94	-22.498816	-22.498383
2103.96	-22.498816	-22.498383
2103.98	-22.498816	-22.498383
2103.99	-22.498816	-22.498383
2104.00	-22.498816	-22.498816
2104.00	-22.498816	-22.498816
2105.38	-22.498816	-22.498816
2109.17	-22.498816	-22.498816
2112.46	-22.498816	-22.498816
2116.17	-22.498816	-22.498816
2118.12	-22.498816	-22.498816
2119.10	-22.498816	-22.498816
2245.27	-22.498816	-22.498816
2245.28	-22.498816	-22.498816
2245.31	-22.498816	-22.498816
2245.32	-22.498816	-22.498816
2245.33	-22.498816	-22.498816
2245.34	-22.498816	-22.498816
2245.36	-22.498816	-22.498816
2245.61	-22.498816	-22.498816
2248.65	-22.498816	-22.498816
2491.15	-22.498816	-22.498816
2491.16	-22.498816	-22.498816
2491.17	-22.498816	-22.498816
2491.18	-22.498816	-22.498816
2491.19	-22.498816	-22.498816
2491.20	-22.498816	-22.498816
2491.21	-22.498816	-22.498816
2491.22	-22.498816	-22.498816
2491.23	-22.498816	-22.498816
2491.24	-22.498816	-22.498816
2491.25	-22.498816	-22.498816
2491.28	-22.498816	-22.498816
2491.30	-22.498816	-22.498816
2491.31	-22.498816	-22.498816
2491.33	-22.498816	-22.498816
2491.34	-22.498816	-22.498816
2491.36	-22.498816	-22.498816
2491.37	-22.498816	-22.498816
2491.38	-22.498816	-22.498816
2491.40	-22.498816	-22.498816
2491.41	-22.498816	-22.498816
2491.42	-22.498816	-22.498816
2491.43	-22.498816	-22.498816
2492.13	-22.498816	-22.498816
2493.74	-22.498816	-22.498816
2501.73	-22.498816	-22.498816
2504.05	-22.498816	-22.498816
2504.34	-22.498816	-22.498816
2506.12	-22.498816	-22.498816
2612.19	-22.498816	-22.498816
2612.20	-22.498816	-22.498816
2612.22	-22.498816	-22.498816
2612.23	-22.498816	-22.498816
2612.26	-22.498816	-22.498816
2612.27	-22.498816	-22.498816
2612.31	-22.498816	-22.498816
2612.82	-22.498816	-22.498816
2619.60	-22.498816	-22.498816
2621.65	-22.498816	-22.498816
2623.25	-22.498816	-22.498816
2625.26	-22.498816	-22.498816
2790.90	-22.498816	-22.498816
2790.91	-22.498816	-22.498816
2790.92	-22.498816	-22.498816
2790.93	-22.498816	-22.498816
2790.94	-22.498816	-22.498816
2790.95	-22.498816	-22.498816
2790.96	-22.498816	-22.498816
2790.97	-22.498816	-22.498816
2790.98	-22.498816	-22.498816
2790.99	-22.498816	-22.498816
2791.00	-22.498816	-22.498816
2791.00	-22.498816	-22.498816
2791.01	-22.498816	-22.498816
2791.02	-22.498816	-22.498816
2791.03	-22.498816	-22.498816
2791.04	-22.498816	-22.498816
2791.05	-22.498816	-22.498816
2791.05	-22.498816	-22.498816
2791.06	-22.498816	-22.498816
2791.07	-22.498816	-22.498816
2791.08	-22.498816	-22.498816
2791.54	-22.498816	-22.498816
2799.67	-22.498816	-22.498816
2802.97	-22.498816	-22.498816
2805.89	-22.498816	-22.498816
2807.38	-22.498816	-22.498816
2807.39	-22.498816	-22.498816
2809.80	-22.498816	-22.498816
2879.79	-22.498816	-22.498816
2879.79	-22.498816	-22.498816
2879.80	-22.498816	-22.498816
2879.82	-22.498816	-22.498816
2879.83	-22.498816	-22.498816
2879.84	-22.498816	-22.498816
2879.85	-22.498816	-22.498816
2881.10	-22.498816	-22.498816
2881.10	-22.498816	-22.498816
2889.19	-22.498816	-22.498816
2889.96	-22.498816	-22.498816
2892.43	-22.498816	-22.498816
3041.92	-22.498816	-22.498816
3041.92	-22.498816	-22.498816
3041.93	-22.498816	-22.498816
3041.94	-22.498816	-22.498816
3041.95	-22.498816	-22.498816
3041.97	-22.498816	-22.498816
3041.98	-22.498816	-22.498816
3042.00	-22.498816	-22.498816
3042.01	-22.498816	-22.498816
3042.02	-22.498816	-22.498816
3042.02	-22.498816	-22.498816
3042.04	-22.498816	-22.498816
3042.04	-22.498816	-22.498816
3042.05	-22.498816	-22.498816
3042.06	-22.498816	-22.498816
3042.07	-22.498816	-22.498816
3042.08	-22.498816	-22.498816
3042.09	-22.498816	-22.498816
3042.10	-22.498816	-22.498816
3042.10	-22.498816	-22.498816
3042.11	-22.498816	-22.498816
3042.12	-22.498816	-22.498816
3048.41	-22.498816	-22.498816
3050.65	-22.498816	-22.498816
3052.97	-22.498816	-22.498816
3056.42	-22.498816	-22.498816
3126.45	-22.498816	-22.498816
3126.45	-22.498816	-22.498816
3126.46	-22.498816	-22.498816
3126.48	-22.498816	-22.498816
3126.49	-22.498816	-22.498816
3126.49	-22.498816	-22.498816
3127.41	-22.498816	-22.498816
3127.47	-22.498816	-22.498816
3132.33	-22.498816	-22.498816
3133.55	-22.498816	-22.498816
3292.00	-22.498816	-22.498816
3292.01	-22.498816	-22.498816
3292.02	-22.498816	-22.498816
3292.03	-22.498816	-22.498816
3292.04	-22.498816	-22.498816
3292.06	-22.498816	-22.498816
3292.07	-22.498816	-22.498816
3292.08	-22.498816	-22.498816
3292.10	-22.498816	-22.498816
3292.11	-22.498816	-22.498816
3292.12	-22.498816	-22.498816
3292.13	-22.498816	-22.498816
3292.13	-22.498816	-22.498816
3292.14	-22.498816	-22.498816
3292.15	-22.498816	-22.498816
3292.16	-22.498816	-22.498816
3292.18	-22.498816	-22.498816
3292.19	-22.498816	-22.498816
3292.20	-22.498816	-22.498816
3292.21	-22.498816	-22.498816
3292.22	-22.498816	-22.498816
3300.06	-22.498816	-22.498816
3302.33	-22.498816	-22.498816
3305.12	-22.498816	-22.498816
3306.58	-22.498816	-22.498816
3372.79	-22.498816	-22.498816
3372.83	-22.498816	-22.498816
3372.83	-22.498816	-22.498816
3372.84	-22.498816	-22.498816
3372.85	-22.498816	-22.498816
3372.86	-22.498816	-22.498816
3372.87	-22.498816	-22.498816
3535.03	-22.498816	-22.498816
3535.04	-22.498816	-22.498816
3535.05	-22.498816	-22.498816
3535.06	-22.498816	-22.498816
3535.06	-22.498816	-22.498816
3535.08	-22.498816	-22.498816
3535.09	-22.498816	-22.498816
3535.10	-22.498816	-22.498816
3535.11	-22.498816	-22.498816
3535.12	-22.498816	-22.498816
3535.13	-22.498816	-22.498816
3535.14	-22.498816	-22.498816
3535.14	-22.498816	-22.498816
3535.15	-22.498816	-22.498816
3535.16	-22.498816	-22.498816
3535.17	-22.498816	-22.498816
3535.18	-22.498816	-22.498816
3535.19	-22.498816	-22.498816
3535.20	-22.498816	-22.498816
3535.21	-22.498816	-22.498816
3535.22	-22.498816	-22.498816
3535.23	-22.498816	-22.498816
3535.24	-22.498816	-22.498816
3537.53	-22.498816	-22.498816
3540.06	-22.498816	-22.498816
3543.96	-22.498816	-22.498816
3545.65	-22.498816	-22.498816
3549.74	-22.498816	-22.498816
3550.50	-22.498816	-22.498816
3624.09	-22.498816	-22.498816
3624.10	-22.498816	-22.498816
3624.11	-22.498816	-22.498816
3624.13	-22.498816	-22.498816
3624.15	-22.498816	-22.498816
3624.16	-22.498816	-22.498816
3624.17	-22.498816	-22.498816
3624.18	-22.498816	-22.498816
3627.35	-22.498816	-22.498816
3631.88	-22.498816	-22.498816
3637.43	-22.498816	-22.498816
3817.07	-22.498816	-22.498816
3817.08	-22.498816	-22.498816
3817.09	-22.498816	-22.498816
3817.10	-22.498816	-22.498816
3817.11	-22.498816	-22.498816
3817.13	-22.498816	-22.498816
3817.14	-22.498816	-22.498816
3817.15	-22.498816	-22.498816
3817.15	-22.498816	-22.498816
3817.16	-22.498816	-22.498816
3817.17	-22.498816	-22.498816
3817.18	-22.498816	-22.498816
3817.19	-22.498816	-22.498816
3817.20	-22.498816	-22.498816
3817.22	-22.498816	-22.498816
3817.23	-22.498816	-22.498816
3817.23	-22.498816	-22.498816
3817.24	-22.498816	-22.498816
3817.25	-22.498816	-22.498816
3817.26	-22.498816	-22.498816
3817.27	-22.498816	-22.498816
3817.28	-22.498816	-22.498816
3817.29	-22.498816	-22.498816
3820.06	-22.498816	-22.498816
3825.53	-22.498816	-22.498816
3828.28	-22.498816	-22.498816
3831.09	-22.498816	-22.498816
3833.03	-22.498816	-22.498816
3895.57	-22.498816	-22.498816
3895.59	-22.498816	-22.498816
3895.60	-22.498816	-22.498816
3895.61	-22.498816	-22.498816
3895.63	-22.498816	-22.498816
3895.64	-22.498816	-22.498816
3895.65	-22.498816	-22.498816
3897.90	-22.498816	-22.498816
4049.48	-22.498816	-22.498816
4049.49	-22.498816	-22.498816
4049.50	-22.498816	-22.498816
4049.51	-22.498816	-22.498816
4049.52	-22.498816	-22.498816
4049.52	-22.498816	-22.498816
4049.53	-22.498816	-22.498816
4049.55	-22.498816	-22.498816
4049.56	-22.498816	-22.498816
4049.57	-22.498816	-22.498816
4049.58	-22.498816	-22.498816
4049.59	-22.498816	-22.498816
4049.60	-22.498816	-22.498816
4049.60	-22.498816	-22.498816
4049.61	-22.498816	-22.498816
4049.62	-22.498816	-22.498816
4049.63	-22.498816	-22.498816
4049.64	-22.498816	-22.498816
4049.66	-22.498816	-22.498816
4049.67	-22.498816	-22.498816
4049.68	-22.498816	-22.498816
4049.69	-22.498816	-22.498816
4051.01	-22.498816	-22.498816
4053.35	-22.498816	-22.498816
4059.41	-22.498816	-22.498816
4061.38	-22.498816	-22.498816
4064.39	-22.498816	-22.498816
4135.69	-22.498816	-22.498816
4135.70	-22.498816	-22.498816
4135.71	-22.498816	-22.498816
4135.73	-22.498816	-22.498816
4135.74	-22.498816	-22.498816
4135.75	-22.498816	-22.498816
4135.76	-22.498816	-22.498816
4135.77	-22.498816	-22.498816
4135.78	-22.498816	-22.498816
4138.37	-22.498816	-22.498816
4142.40	-22.498816	-22.498816
4144.86	-22.498816	-22.498816
4274.86	-22.498816	-22.498816
4274.87	-22.498816	-22.498816
4274.88	-22.498816	-22.498816
4274.89	-22.498816	-22.498816
4274.91	-22.498816	-22.498816
4274.93	-22.498816	-22.498816
4274.93	-22.498816	-22.498816
4274.94	-22.498816	-22.498816
4274.95	-22.498816	-22.498816
4274.97	-22.498816	-22.498816
4274.99	-22.498816	-22.498816
4275.00	-22.498816	-22.498816
4275.00	-22.498816	-22.498816
4275.01	-22.498816	-22.498816
4275.02	-22.498816	-22.498816
4275.03	-22.498816	-22.498816
4275.04	-22.498816	-22.498816
4275.05	-22.498816	-22.498816
4275.43	-22.498816	-22.498816
4282.95	-22.498816	-22.498816
4284.38	-22.498816	-22.498816
4287.98	-22.498816	-22.498816
4289.60	-22.498816	-22.498816
4345.68	-22.498816	-22.498816
4345.68	-22.498816	-22.498816
4345.69	-22.498816	-22.498816
4345.70	-22.498816	-22.498816
4345.71	-22.498816	-22.498816
4345.73	-22.498816	-22.498816
4345.73	-22.498816	-22.498816
4350.04	-22.498816	-22.498816
4353.17	-22.498816	-22.498816
4357.24	-22.498816	-22.498816
4521.11	-22.498816	-22.498816
4521.12	-22.498816	-22.498816
4521.13	-22.498816	-22.498816
4521.14	-22.498816	-22.498816
4521.15	-22.498816	-22.498816
4521.16	-22.498816	-22.498816
4521.18	-22.498816	-22.498816
4521.19	-22.498816	-22.498816
4521.19	-22.498816	-22.498816
4521.20	-22.498816	-22.498816
4521.21	-22.498816	-22.498816
4521.22	-22.498816	-22.498816
4521.23	-22.498816	-22.498816
4521.24	-22.498816	-22.498816
4521.25	-22.498816	-22.498816
4521.26	-22.498816	-22.498816
4521.27	-22.498816	-22.498816
4521.27	-22.498816	-22.498816
4521.28	-22.498816	-22.498816
4521.29	-22.498816	-22.498816
4521.30	-22.498816	-22.498816
4521.31	-22.498816	-22.498816
4521.32	-22.498816	-22.498816
4521.79	-22.498816	-22.498816
4527.78	-22.498816	-22.498816
4531.82	-22.498816	-22.498816
4535.75	-22.498816	-22.498816
4536.47	-22.498816	-22.498816
4539.46	-22.498816	-22.498816
4601.57	-22.498816	-22.498816
4601.59	-22.498816	-22.498816
4601.60	-22.498816	-22.498816
4601.61	-22.498816	-22.498816
4603.55	-22.498816	-22.498816
4607.07	-22.498816	-22.498816
4613.34	-22.498816	-22.498816
4747.37	-22.498816	-22.498816
4747.38	-22.498816	-22.498816
4747.41	-22.498816	-22.498816
4747.41	-22.498816	-22.498816
4747.43	-22.498816	-22.498816
4747.44	-22.498816	-22.498816
4747.44	-22.498816	-22.498816
4747.45	-22.498816	-22.498816
4747.46	-22.498816	-22.498816
4747.47	-22.498816	-22.498816
4747.48	-22.498816	-22.498816
4747.48	-22.498816	-22.498816
4747.49	-22.498816	-22.498816
4747.50	-22.498816	-22.498816
4747.51	-22.498816	-22.498816
4747.54	-22.498816	-22.498816
4747.54	-22.498816	-22.498816
4747.55	-22.498816	-22.498816
4747.56	-22.498816	-22.498816
4747.57	-22.498816	-22.498816
4748.60	-22.498816	-22.498816
4755.41	-22.498816	-22.498816
4758.40	-22.498816	-22.498816
4758.97	-22.498816	-22.498816
4762.29	-22.498816	-22.498816
4833.37	-22.498816	-22.498816
4833.38	-22.498816	-22.498816
4833.39	-22.498816	-22.498816
4833.40	-22.498816	-22.498816
4833.41	-22.498816	-22.498816
4833.42	-22.498816	-22.498816
4833.43	-22.498816	-22.498816
4833.45	-22.498816	-22.498816
4834.19	-22.498816	-22.498816
4836.91	-22.498816	-22.498816
4843.82	-22.498816	-22.498816
4846.10	-22.498816	-22.498816
4847.18	-22.498816	-22.498816
5015.94	-22.498816	-22.498816
5015.95	-22.498816	-22.498816
5015.96	-22.498816	-22.498816
5015.97	-22.498816	-22.498816
5015.99	-22.498816	-22.498816
5016.00	-22.498816	-22.498816
5016.01	-22.498816	-22.498816
5016.02	-22.498816	-22.498816
5016.03	-22.498816	-22.498816
5016.04	-22.498816	-22.498816
5016.05	-22.498816	-22.498816
5016.07	-22.498816	-22.498816
5016.08	-22.498816	-22.498816
5016.09	-22.498816	-22.498816
5016.10	-22.498816	-22.498816
5016.11	-22.498816	-22.498816
5016.12	-22.498816	-22.498816
5016.12	-22.498816	-22.498816
5016.13	-22.498816	-22.498816
5016.14	-22.498816	-22.498816
5016.15	-22.498816	-22.498816
5016.16	-22.498816	-22.498816
5016.17	-22.498816	-22.498816
5021.91	-22.498816	-22.498816
5022.60	-22.498816	-22.498816
5025.73	-22.498816	-22.498816
5030.44	-22.498816	-22.498816
5092.79	-22.498816	-22.498816
5092.80	-22.498816	-22.498816
5092.82	-22.498816	-22.498816
5092.83	-22.498816	-22.498816
5092.84	-22.498816	-22.498816
5092.85	-22.498816	-22.498816
5092.86	-22.498816	-22.498816
5095.10	-22.498816	-22.498816
5098.98	-22.498816	-22.498816
5251.22	-22.498816	-22.498816
5251.23	-22.498816	-22.498816
5251.24	-22.498816	-22.498816
5251.25	-22.498816	-22.498816
5251.26	-22.498816	-22.498816
5251.27	-22.498816	-22.498816
5251.28	-22.498816	-22.498816
5251.30	-22.498816	-22.498816
5251.31	-22.498816	-22.498816
5251.31	-22.498816	-22.498816
5251.32	-22.498816	-22.498816
5251.33	-22.498816	-22.498816
5251.34	-22.498816	-22.498816
5251.35	-22.498816	-22.498816
5251.37	-22.498816	-22.498816
5251.37	-22.498816	-22.498816
5251.38	-22.498816	-22.498816
5251.39	-22.498816	-22.498816
5251.40	-22.498816	-22.498816
5251.41	-22.498816	-22.498816
5251.42	-22.498816	-22.498816
5251.43	-22.498816	-22.498816
5254.47	-22.498816	-22.498816
5258.92	-22.498816	-22.498816
5262.34	-22.498816	-22.498816
5264.18	-22.498816	-22.498816
5266.10	-22.498816	-22.498816
5324.80	-22.498816	-22.498816
5324.81	-22.498816	-22.498816
5324.82	-22.498816	-22.498816
5324.84	-22.498816	-22.498816
5324.85	-22.498816	-22.498816
5324.87	-22.498816	-22.498816
5324.88	-22.498816	-22.498816
5327.20	-22.498816	-22.498816
5327.37	-22.498816	-22.498816
5333.78	-22.498816	-22.498816
5337.24	-22.498816	-22.498816
5503.07	-22.498816	-22.498816
5503.08	-22.498816	-22.498816
5503.09	-22.498816	-22.498816
5503.10	-22.498816	-22.498816
5503.11	-22.498816	-22.498816
5503.12	-22.498816	-22.498816
5503.13	-22.498816	-22.498816
5503.15	-22.498816	-22.498816
5503.16	-22.498816	-22.498816
5503.17	-22.498816	-22.498816
5503.18	-22.498816	-22.498816
5503.19	-22.498816	-22.498816
5503.20	-22.498816	-22.498816
5503.21	-22.498816	-22.498816
5503.22	-22.498816	-22.498816
5503.23	-22.498816	-22.498816
5503.23	-22.498816	-22.498816
5503.25	-22.498816	-22.498816
5503.26	-22.498816	-22.498816
5503.27	-22.498816	-22.498816
5503.28	-22.498816	-22.498816
5503.29	-22.498816	-22.498816
5504.68	-22.498816	-22.498816
5509.41	-22.498816	-22.498816
5511.40	-22.498816	-22.498816
5513.61	-22.498816	-22.498816
5518.54	-22.498816	-22.498816
5588.20	-22.498816	-22.498816
5588.21	-22.498816	-22.498816
5588.22	-22.498816	-22.498816
5588.23	-22.498816	-22.498816
5588.24	-22.498816	-22.498816
5588.25	-22.498816	-22.498816
5588.26	-22.498816	-22.498816
5588.27	-22.498816	-22.498816
5589.84	-22.498816	-22.498816
5593.18	-22.498816	-22.498816
5598.93	-22.498816	-22.498816
5600.23	-22.498816	-22.498816
5758.86	-22.498816	-22.498816
5758.87	-22.498816	-22.498816
5758.88	-22.498816	-22.498816
5758.89	-22.498816	-22.498816
5758.90	-22.498816	-22.498816
5758.91	-22.498816	-22.498816
5758.92	-22.498816	-22.498816
5758.93	-22.498816	-22.498816
5758.94	-22.498816	-22.498816
5758.95	-22.498816	-22.498816
5758.96	-22.498816	-22.498816
5758.97	-22.498816	-22.498816
5758.97	-22.498816	-22.498816
5758.99	-22.498816	-22.498816
5758.99	-22.498816	-22.498816
5759.00	-22.498816	-22.498816
5759.01	-22.498816	-22.498816
5759.02	-22.498816	-22.498816
5759.03	-22.498816	-22.498816
5759.04	-22.498816	-22.498816
5759.05	-22.498816	-22.498816
5759.06	-22.498816	-22.498816
5759.07	-22.498816	-22.498816
5759.51	-22.498816	-22.498816
5763.54	-22.498816	-22.498816
5765.49	-22.498816	-22.498816
5768.43	-22.498816	-22.498816
5772.65	-22.498816	-22.498816
5774.56	-22.498816	-22.498816
5836.96	-22.498816	-22.498816
5836.97	-22.498816	-22.498816
5836.98	-22.498816	-22.498816
5837.00	-22.498816	-22.498816
5837.02	-22.498816	-22.498816
5837.03	-22.498816	-22.498816
5837.04	-22.498816	-22.498816
5838.49	-22.498816	-22.498816
5844.17	-22.498816	-22.498816
5844.18	-22.498816	-22.498816
5847.67	-22.498816	-22.498816
6017.59	-22.498816	-22.498816
6017.60	-22.498816	-22.498816
6017.61	-22.498816	-22.498816
6017.62	-22.498816	-22.498816
6017.63	-22.498816	-22.498816
6017.64	-22.498816	-22.498816
6017.65	-22.498816	-22.498816
6017.67	-22.498816	-22.498816
6017.69	-22.498816	-22.498816
6017.70	-22.498816	-22.498816
6017.71	-22.498816	-22.498816
6017.72	-22.498816	-22.498816
6017.73	-22.498816	-22.498816
6017.73	-22.498816	-22.498816
6017.74	-22.498816	-22.498816
6017.75	-22.498816	-22.498816
6017.76	-22.498816	-22.498816
6017.78	-22.498816	-22.498816
6017.79	-22.498816	-22.498816
6017.80	-22.498816	-22.498816
6017.81	-22.498816	-22.498816
6017.82	-22.498816	-22.498816
6017.83	-22.498816	-22.498816
6023.96	-22.498816	-22.498816
6026.38	-22.498816	-22.498816
6026.54	-22.498816	-22.498816
6031.81	-22.498816	-22.498816
6033.53	-22.498816	-22.498816
6097.36	-22.498816	-22.498816
6097.37	-22.498816	-22.498816
6097.38	-22.498816	-22.498816
6097.39	-22.498816	-22.498816
6097.41	-22.498816	-22.498816
6097.42	-22.498816	-22.498816
6097.43	-22.498816	-22.498816
6097.45	-22.498816	-22.498816
6099.75	-22.498816	-22.498816
6102.48	-22.498816	-22.498816
6106.02	-22.498816	-22.498816
6107.39	-22.498816	-22.498816
6112.00	-22.498816	-22.498816
6269.95	-22.498816	-22.498816
6269.96	-22.498816	-22.498816
6269.97	-22.498816	-22.498816
6269.98	-22.498816	-22.498816
6269.99	-22.498816	-22.498816
6270.00	-22.498816	-22.498816
6270.01	-22.498816	-22.498816
6270.02	-22.498816	-22.498816
6270.03	-22.498816	-22.498816
6270.04	-22.498816	-22.498816
6270.04	-22.498816	-22.498816
6270.05	-22.498816	-22.498816
6270.06	-22.498816	-22.498816
6270.07	-22.498816	-22.498816
6270.08	-22.498816	-22.498816
6270.09	-22.498816	-22.498816
6270.10	-22.498816	-22.498816
6270.11	-22.498816	-22.498816
6270.12	-22.498816	-22.498816
6270.13	-22.498816	-22.498816
6270.14	-22.498816	-22.498816
6270.15	-22.498816	-22.498816
6270.16	-22.498816	-22.498816
6270.17	-22.498816	-22.498816
6270.18	-22.498816	-22.498816
6273.83	-22.498816	-22.498816
6276.18	-22.498816	-22.498816
6280.55	-22.498816	-22.498816
6282.57	-22.498816	-22.498816
6284.43	-22.498816	-22.498816
6338.22	-22.498816	-22.498816
6338.23	-22.498816	-22.498816
6338.25	-22.498816	-22.498816
6339.76	-22.498816	-22.498816
6344.04	-22.498816	-22.498816
6348.64	-22.498816	-22.498816
6494.74	-22.498816	-22.498816
6494.75	-22.498816	-22.498816
6494.75	-22.498816	-22.498816
6494.77	-22.498816	-22.498816
6494.77	-22.498816	-22.498816
6494.79	-22.498816	-22.498816
6494.80	-22.498816	-22.498816
6494.82	-22.498816	-22.498816
6494.84	-22.498816	-22.498816
6494.84	-22.498816	-22.498816
6494.85	-22.498816	-22.498816
6494.86	-22.498816	-22.498816
6494.87	-22.498816	-22.498816
6494.88	-22.498816	-22.498816
6494.90	-22.498816	-22.498816
6494.91	-22.498816	-22.498816
6494.92	-22.498816	-22.498816
6494.93	-22.498816	-22.498816
6494.94	-22.498816	-22.498816
6494.95	-22.498816	-22.498816
6498.85	-22.498816	-22.498816
6504.33	-22.498816	-22.498816
6506.91	-22.498816	-22.498816
6508.73	-22.498816	-22.498816
6511.08	-22.498816	-22.498816
6563.95	-22.498816	-22.498816
6563.95	-22.498816	-22.498816
6563.96	-22.498816	-22.498816
6564.01	-22.498816	-22.498816
6574.06	-22.498816	-22.498816
6723.17	-22.498816	-22.498816
6723.19	-22.498816	-22.498816
6723.20	-22.498816	-22.498816
6723.21	-22.498816	-22.498816
6723.23	-22.498816	-22.498816
6723.25	-22.498816	-22.498816
6723.26	-22.498816	-22.498816
6723.27	-22.498816	-22.498816
6723.27	-22.498816	-22.498816
6723.28	-22.498816	-22.498816
6723.29	-22.498816	-22.498816
6723.30	-22.498816	-22.498816
6723.31	-22.498816	-22.498816
6723.32	-22.498816	-22.498816
6723.33	-22.498816	-22.498816
6723.35	-22.498816	-22.498816
6723.36	-22.498816	-22.498816
6723.37	-22.498816	-22.498816
6723.38	-22.498816	-22.498816
6723.39	-22.498816	-22.498816
6723.40	-22.498816	-22.498816
6723.95	-22.498816	-22.498816
6726.21	-22.498816	-22.498816
6730.34	-22.498816	-22.498816
6733.91	-22.498816	-22.498816
6735.40	-22.498816	-22.498816
6737.93	-22.498816	-22.498816
6790.79	-22.498816	-22.498816
6790.86	-22.498816	-22.498816
6790.88	-22.498816	-22.498816
6792.42	-22.498816	-22.498816
6797.88	-22.498816	-22.498816
6801.28	-22.498816	-22.498816
6803.21	-22.498816	-22.498816
6991.46	-22.498816	-22.498816
6991.47	-22.498816	-22.498816
6991.48	-22.498816	-22.498816
6991.48	-22.498816	-22.498816
6991.50	-22.498816	-22.498816
6991.51	-22.498816	-22.498816
6991.51	-22.498816	-22.498816
6991.52	-22.498816	-22.498816
6991.53	-22.498816	-22.498816
6991.54	-22.498816	-22.498816
6991.55	-22.498816	-22.498816
6991.56	-22.498816	-22.498816
6991.57	-22.498816	-22.498816
6991.59	-22.498816	-22.498816
6991.60	-22.498816	-22.498816
6991.61	-22.498816	-22.498816
6991.62	-22.498816	-22.498816
6991.63	-22.498816	-22.498816
6991.64	-22.498816	-22.498816
6991.65	-22.498816	-22.498816
6991.66	-22.498816	-22.498816
6991.67	-22.498816	-22.498816
6991.67	-22.498816	-22.498816
6991.68	-22.498816	-22.498816
6993.35	-22.498816	-22.498816
6997.64	-22.498816	-22.498816
7000.95	-22.498816	-22.498816
7004.51	-22.498816	-22.498816
7007.17	-22.498816	-22.498816
7010.95	-22.498816	-22.498816
7067.13	-22.498816	-22.498816
7067.15	-22.498816	-22.498816
7067.19	-22.498816	-22.498816
7067.20	-22.498816	-22.498816
7072.91	-22.498816	-22.498816
7073.50	-22.498816	-22.498816
7075.54	-22.498816	-22.498816
7078.96	-22.498816	-22.498816
7232.21	-22.498816	-22.498816
7232.22	-22.498816	-22.498816
7232.23	-22.498816	-22.498816
7232.24	-22.498816	-22.498816
7232.27	-22.498816	-22.498816
7232.28	-22.498816	-22.498816
7232.30	-22.498816	-22.498816
7232.31	-22.498816	-22.498816
7232.33	-22.498816	-22.498816
7232.34	-22.498816	-22.498816
7232.35	-22.498816	-22.498816
7232.36	-22.498816	-22.498816
7232.37	-22.498816	-22.498816
7232.38	-22.498816	-22.498816
7232.39	-22.498816	-22.498816
7232.41	-22.498816	-22.498816
7232.43	-22.498816	-22.498816
7232.44	-22.498816	-22.498816
7232.46	-22.498816	-22.498816
7232.47	-22.498816	-22.498816
7232.48	-22.498816	-22.498816
7232.49	-22.498816	-22.498816
7233.61	-22.498816	-22.498816
7238.16	-22.498816	-22.498816
7242.12	-22.498816	-22.498816
7243.28	-22.498816	-22.498816
7247.49	-22.498816	-22.498816
7248.02	-22.498816	-22.498816
7300.36	-22.498816	-22.498816
7300.39	-22.498816	-22.498816
7300.61	-22.498816	-22.498816
7474.69	-22.498816	-22.498816
7474.70	-22.498816	-22.498816
7474.72	-22.498816	-22.498816
7474.73	-22.498816	-22.498816
7474.74	-22.498816	-22.498816
7474.75	-22.498816	-22.498816
7474.76	-22.498816	-22.498816
7474.78	-22.498816	-22.498816
7474.79	-22.498816	-22.498816
7474.80	-22.498816	-22.498816
7474.81	-22.498816	-22.498816
7474.82	-22.498816	-22.498816
7474.83	-22.498816	-22.498816
7474.84	-22.498816	-22.498816
7474.84	-22.498816	-22.498816
7474.85	-22.498816	-22.498816
7474.86	-22.498816	-22.498816
7474.87	-22.498816	-22.498816
7474.89	-22.498816	-22.498816
7474.90	-22.498816	-22.498816
7474.91	-22.498816	-22.498816
7474.92	-22.498816	-22.498816
7478.09	-22.498816	-22.498816
7481.32	-22.498816	-22.498816
7481.75	-22.498816	-22.498816
7488.08	-22.498816	-22.498816
7488.93	-22.498816	-22.498816
7541.31	-22.498816	-22.498816
7541.33	-22.498816	-22.498816
7541.34	-22.498816	-22.498816
7541.37	-22.498816	-22.498816
7541.39	-22.498816	-22.498816
7547.64	-22.498816	-22.498816
7697.73	-22.498816	-22.498816
7697.74	-22.498816	-22.498816
7697.75	-22.498816	-22.498816
7697.77	-22.498816	-22.498816
7697.78	-22.498816	-22.498816
7697.80	-22.498816	-22.498816
7697.81	-22.498816	-22.498816
7697.83	-22.498816	-22.498816
7697.84	-22.498816	-22.498816
7697.86	-22.498816	-22.498816
7697.88	-22.498816	-22.498816
7697.89	-22.498816	-22.498816
7697.91	-22.498816	-22.498816
7697.92	-22.498816	-22.498816
7697.94	-22.498816	-22.498816
7697.96	-22.498816	-22.498816
7697.97	-22.498816	-22.498816
7698.00	-22.498816	-22.498816
7698.02	-22.498816	-22.498816
7698.03	-22.498816	-22.498816
7698.04	-22.498816	-22.498816
7698.06	-22.498816	-22.498816
7698.07	-22.498816	-22.498816
7702.99	-22.498816	-22.498816
7706.39	-22.498816	-22.498816
7708.15	-22.498816	-22.498816
7712.00	-22.498816	-22.498816
7714.69	-22.498816	-22.498816
7770.90	-22.498816	-22.498816
7770.92	-22.498816	-22.498816
7770.94	-22.498816	-22.498816
7770.96	-22.498816	-22.498816
7770.98	-22.498816	-22.498816
7770.99	-22.498816	-22.498816
7781.85	-22.498816	-22.498816
7781.86	-22.498816	-22.498816
7957.24	-22.498816	-22.498816
7957.25	-22.498816	-22.498816
7957.26	-22.498816	-22.498816
7957.27	-22.498816	-22.498816
7957.28	-22.498816	-22.498816
7957.29	-22.498816	-22.498816
7957.30	-22.498816	-22.498816
7957.31	-22.498816	-22.498816
7957.32	-22.498816	-22.498816
7957.33	-22.498816	-22.498816
7957.34	-22.498816	-22.498816
7957.35	-22.498816	-22.498816
7957.36	-22.498816	-22.498816
7957.37	-22.498816	-22.498816
7957.38	-22.498816	-22.498816
7957.39	-22.498816	-22.498816
7957.41	-22.498816	-22.498816
7957.42	-22.498816	-22.498816
7957.43	-22.498816	-22.498816
7957.45	-22.498816	-22.498816
7957.46	-22.498816	-22.498816
7957.47	-22.498816	-22.498816
7960.48	-22.498816	-22.498816
7964.41	-22.498816	-22.498816
7967.41	-22.498816	-22.498816
7967.66	-22.498816	-22.498816
7972.05	-22.498816	-22.498816
7973.57	-22.498816	-22.498816
7976.53	-22.498816	-22.498816
8032.27	-22.498816	-22.498816
8032.30	-22.498816	-22.498816
8032.31	-22.498816	-22.498816
8033.35	-22.498816	-22.498816
8038.47	-22.498816	-22.498816
8638.48	-22.498816	-22.498816
8808.85	-22.498816	-22.498816
8808.86	-22.498816	-22.498816
8808.88	-22.498816	-22.498816
8808.90	-22.498816	-22.498816
8808.91	-22.498816	-22.498816
8808.93	-22.498816	-22.498816
8808.95	-22.498816	-22.498816
8808.96	-22.498816	-22.498816
8808.98	-22.498816	-22.498816
8809.00	-22.498816	-22.498816
8809.01	-22.498816	-22.498816
8809.03	-22.498816	-22.498816
8809.04	-22.498816	-22.498816
8809.06	-22.498816	-22.498816
8809.08	-22.498816	-22.498816
8809.10	-22.498816	-22.498816
8809.12	-22.498816	-22.498816
8809.14	-22.498816	-22.498816
8809.16	-22.498816	-22.498816
8809.18	-22.498816	-22.498816
8809.21	-22.498816	-22.498816
8812.10	-22.498816	-22.498816
8817.05	-22.498816	-22.498816
8819.14	-22.498816	-22.498816
8823.61	-22.498816	-22.498816
8826.65	-22.498816	-22.498816
8828.99	-22.498816	-22.498816
8828.99	-22.498816	-22.498816
8893.74	-22.498816	-22.498816
8893.77	-22.498816	-22.498816
8893.79	-22.498816	-22.498816
8893.81	-22.498816	-22.498816
8893.83	-22.498816	-22.498816
8893.84	-22.498816	-22.498816
8894.31	-22.498816	-22.498816
8898.98	-22.498816	-22.498816
9058.83	-22.498816	-22.498816
9058.84	-22.498816	-22.498816
9058.85	-22.498816	-22.498816
9058.86	-22.498816	-22.498816
9058.87	-22.498816	-22.498816
9058.88	-22.498816	-22.498816
9058.89	-22.498816	-22.498816
9058.90	-22.498816	-22.498816
9058.91	-22.498816	-22.498816
9058.92	-22.498816	-22.498816
9058.93	-22.498816	-22.498816
9058.94	-22.498816	-22.498816
9058.95	-22.498816	-22.498816
9058.96	-22.498816	-22.498816
9058.97	-22.498816	-22.498816
9058.98	-22.498816	-22.498816
9058.99	-22.498816	-22.498816
9059.00	-22.498816	-22.498816
9059.02	-22.498816	-22.498816
9059.03	-22.498816	-22.498816
9059.04	-22.498816	-22.498816
9059.05	-22.498816	-22.498816
9059.06	-22.498816	-22.498816
9063.06	-22.498816	-22.498816
9068.04	-22.498816	-22.498816
9071.30	-22.498816	-22.498816
9073.70	-22.498816	-22.498816
9075.71	-22.498816	-22.498816
9132.72	-22.498816	-22.498816
9132.73	-22.498816	-22.498816
9132.74	-22.498816	-22.498816
9132.77	-22.498816	-22.498816
9132.79	-22.498816	-22.498816
9134.47	-22.498816	-22.498816
9137.26	-22.498816	-22.498816
9139.69	-22.498816	-22.498816
9142.80	-22.498816	-22.498816
9309.21	-22.498816	-22.498816
9309.22	-22.498816	-22.498816
9309.23	-22.498816	-22.498816
9309.24	-22.498816	-22.498816
9309.25	-22.498816	-22.498816
9309.26	-22.498816	-22.498816
9309.27	-22.498816	-22.498816
9309.28	-22.498816	-22.498816
9309.29	-22.498816	-22.498816
9309.30	-22.498816	-22.498816
9309.31	-22.498816	-22.498816
9309.32	-22.498816	-22.498816
9309.33	-22.498816	-22.498816
9309.34	-22.498816	-22.498816
9309.35	-22.498816	-22.498816
9309.36	-22.498816	-22.498816
9309.38	-22.498816	-22.498816
9309.39	-22.498816	-22.498816
9309.40	-22.498816	-22.498816
9309.41	-22.498816	-22.498816
9309.42	-22.498816	-22.498816
9309.44	-22.498816	-22.498816
9312.16	-22.498816	-22.498816
9317.58	-22.498816	-22.498816
9320.34	-22.498816	-22.498816
9320.56	-22.498816	-22.498816
9381.49	-22.498816	-22.498816
9381.51	-22.498816	-22.498816
9381.52	-22.498816	-22.498816
9381.54	-22.498816	-22.498816
9381.55	-22.498816	-22.498816
9381.58	-22.498816	-22.498816
9384.87	-22.498816	-22.498816
9541.94	-22.498816	-22.498816
9541.94	-22.498816	-22.498816
9541.96	-22.498816	-22.498816
9541.97	-22.498816	-22.498816
9541.98	-22.498816	-22.498816
9541.99	-22.498816	-22.498816
9542.00	-22.498816	-22.498816
9542.01	-22.498816	-22.498816
9542.02	-22.498816	-22.498816
9542.03	-22.498816	-22.498816
9542.04	-22.498816	-22.498816
9542.05	-22.498816	-22.498816
9542.06	-22.498816	-22.498816
9542.07	-22.498816	-22.498816
9542.08	-22.498816	-22.498816
9542.14	-22.498816	-22.498816
9542.15	-22.498816	-22.498816
9542.16	-22.498816	-22.498816
9542.17	-22.498816	-22.498816
9542.18	-22.498816	-22.498816
9542.19	-22.498816	-22.498816
9542.20	-22.498816	-22.498816
9542.20	-22.498816	-22.498816
9542.21	-22.498816	-22.498816
9546.69	-22.498816	-22.498816
9550.78	-22.498816	-22.498816
9553.80	-22.498816	-22.498816
9553.81	-22.498816	-22.498816
9556.46	-22.498816	-22.498816
9611.62	-22.498816	-22.498816
9611.66	-22.498816	-22.498816
9611.67	-22.498816	-22.498816
9611.69	-22.498816	-22.498816
9611.70	-22.498816	-22.498816
9612.51	-22.498816	-22.498816
9618.86	-22.498816	-22.498816
9771.40	-22.498816	-22.498816
9771.41	-22.498816	-22.498816
9771.43	-22.498816	-22.498816
9771.44	-22.498816	-22.498816
9771.45	-22.498816	-22.498816
9771.46	-22.498816	-22.498816
9771.47	-22.498816	-22.498816
9771.48	-22.498816	-22.498816
9771.49	-22.498816	-22.498816
9771.50	-22.498816	-22.498816
9771.51	-22.498816	-22.498816
9771.52	-22.498816	-22.498816
9771.53	-22.498816	-22.498816
9771.54	-22.498816	-22.498816
9771.56	-22.498816	-22.498816
9771.57	-22.498816	-22.498816
9771.58	-22.498816	-22.498816
9771.59	-22.498816	-22.498816
9771.60	-22.498816	-22.498816
9771.62	-22.498816	-22.498816
9771.63	-22.498816	-22.498816
9771.64	-22.498816	-22.498816
9779.79	-22.498816	-22.498816
9782.25	-22.498816	-22.498816
9785.04	-22.498816	-22.498816
9787.13	-22.498816	-22.498816
9838.01	-22.498816	-22.498816
9838.03	-22.498816	-22.498816
9845.85	-22.498816	-22.498816
9847.71	-22.498816	-22.498816
9848.97	-22.498816	-22.498816
9988.29	-22.498816	-22.498816
9988.31	-22.498816	-22.498816
9988.34	-22.498816	-22.498816
9988.36	-22.498816	-22.498816
9988.37	-22.498816	-22.498816
9988.38	-22.498816	-22.498816
9988.40	-22.498816	-22.498816
9988.41	-22.498816	-22.498816
9988.42	-22.498816	-22.498816
9988.43	-22.498816	-22.498816
9988.44	-22.498816	-22.498816
9988.45	-22.498816	-22.498816
9988.46	-22.498816	-22.498816
9988.47	-22.498816	-22.498816
9988.49	-22.498816	-22.498816
9988.50	-22.498816	-22.498816
9988.52	-22.498816	-22.498816
9988.53	-22.498816	-22.498816
9988.54	-22.498816	-22.498816
9991.41	-22.498816	-22.498816
9993.29	-22.498816	-22.498816
9995.37	-22.498816	-22.498816
9998.35	-22.498816	-22.498816
10002.54	-22.498816	-22.498816
10064.55	-22.498816	-22.498816
10064.57	-22.498816	-22.498816
10064.62	-22.498816	-22.498816
10064.64	-22.498816	-22.498816
10064.70	-22.498816	-22.498816
10067.76	-22.498816	-22.498816
10071.60	-22.498816	-22.498816
10075.89	-22.498816	-22.498816
10249.18	-22.498816	-22.498816
10249.19	-22.498816	-22.498816
10249.20	-22.498816	-22.498816
10249.21	-22.498816	-22.498816
10249.22	-22.498816	-22.498816
10249.23	-22.498816	-22.498816
10249.24	-22.498816	-22.498816
10249.25	-22.498816	-22.498816
10249.27	-22.498816	-22.498816
10249.28	-22.498816	-22.498816
10249.29	-22.498816	-22.498816
10249.30	-22.498816	-22.498816
10249.31	-22.498816	-22.498816
10249.32	-22.498816	-22.498816
10249.33	-22.498816	-22.498816
10249.34	-22.498816	-22.498816
10249.35	-22.498816	-22.498816
10249.36	-22.498816	-22.498816
10249.37	-22.498816	-22.498816
10249.38	-22.498816	-22.498816
10249.39	-22.498816	-22.498816
10249.40	-22.498816	-22.498816
10249.41	-22.498816	-22.498816
10249.42	-22.498816	-22.498816
10254.40	-22.498816	-22.498816
10258.58	-22.498816	-22.498816
10261.40	-22.498816	-22.498816
10264.77	-22.498816	-22.498816
10266.64	-22.498816	-22.498816
10330.09	-22.498816	-22.498816
10330.10	-22.498816	-22.498816
10330.11	-22.498816	-22.498816
10330.12	-22.498816	-22.498816
10330.13	-22.498816	-22.498816
10330.19	-22.498816	-22.498816
10337.17	-22.498816	-22.498816
10341.01	-22.498816	-22.498816
10342.31	-22.498816	-22.498816
10501.40	-22.498816	-22.498816
10501.42	-22.498816	-22.498816
10501.43	-22.498816	-22.498816
10501.44	-22.498816	-22.498816
10501.45	-22.498816	-22.498816
10501.46	-22.498816	-22.498816
10501.47	-22.498816	-22.498816
10501.48	-22.498816	-22.498816
10501.49	-22.498816	-22.498816
10501.50	-22.498816	-22.498816
10501.51	-22.498816	-22.498816
10501.52	-22.498816	-22.498816
10501.54	-22.498816	-22.498816
10501.55	-22.498816	-22.498816
10501.56	-22.498816	-22.498816
10501.57	-22.498816	-22.498816
10501.59	-22.498816	-22.498816
10501.60	-22.498816	-22.498816
10501.61	-22.498816	-22.498816
10501.62	-22.498816	-22.498816
10501.63	-22.498816	-22.498816
10503.39	-22.498816	-22.498816
10507.04	-22.498816	-22.498816
10508.06	-22.498816	-22.498816
10512.87	-22.498816	-22.498816
10515.95	-22.498816	-22.498816
10516.29	-22.498816	-22.498816
10584.68	-22.498816	-22.498816
10584.70	-22.498816	-22.498816
10584.71	-22.498816	-22.498816
10584.72	-22.498816	-22.498816
10584.74	-22.498816	-22.498816
10588.34	-22.498816	-22.498816
10591.98	-22.498816	-22.498816
10594.34	-22.498816	-22.498816
10756.82	-22.498816	-22.498816
10756.83	-22.498816	-22.498816
10756.84	-22.498816	-22.498816
10756.85	-22.498816	-22.498816
10756.86	-22.498816	-22.498816
10756.87	-22.498816	-22.498816
10756.88	-22.498816	-22.498816
10756.90	-22.498816	-22.498816
10756.91	-22.498816	-22.498816
10756.93	-22.498816	-22.498816
10756.94	-22.498816	-22.498816
10756.95	-22.498816	-22.498816
10756.96	-22.498816	-22.498816
10756.97	-22.498816	-22.498816
10756.98	-22.498816	-22.498816
10756.99	-22.498816	-22.498816
10757.00	-22.498816	-22.498816
10757.01	-22.498816	-22.498816
10757.02	-22.498816	-22.498816
10757.03	-22.498816	-22.498816
10757.05	-22.498816	-22.498816
10759.98	-22.498816	-22.498816
10760.84	-22.498816	-22.498816
10764.97	-22.498816	-22.498816
10769.11	-22.498816	-22.498816
10771.71	-22.498816	-22.498816
10773.97	-22.498816	-22.498816
10839.07	-22.498816	-22.498816
10839.07	-22.498816	-22.498816
10839.08	-22.498816	-22.498816
10839.10	-22.498816	-22.498816
10839.12	-22.498816	-22.498816
10839.14	-22.498816	-22.498816
10839.16	-22.498816	-22.498816
10840.49	-22.498816	-22.498816
10842.35	-22.498816	-22.498816
10846.07	-22.498816	-22.498816
10849.76	-22.498816	-22.498816
11007.88	-22.498816	-22.498816
11007.89	-22.498816	-22.498816
11007.90	-22.498816	-22.498816
11007.91	-22.498816	-22.498816
11007.92	-22.498816	-22.498816
11007.93	-22.498816	-22.498816
11007.94	-22.498816	-22.498816
11007.95	-22.498816	-22.498816
11007.96	-22.498816	-22.498816
11007.97	-22.498816	-22.498816
11007.99	-22.498816	-22.498816
11008.01	-22.498816	-22.498816
11008.03	-22.498816	-22.498816
11008.05	-22.498816	-22.498816
11008.09	-22.498816	-22.498816
11008.11	-22.498816	-22.498816
11008.12	-22.498816	-22.498816
11008.14	-22.498816	-22.498816
11008.17	-22.498816	-22.498816
11008.19	-22.498816	-22.498816
11008.21	-22.498816	-22.498816
11010.11	-22.498816	-22.498816
11013.04	-22.498816	-22.498816
11017.48	-22.498816	-22.498816
11022.12	-22.498816	-22.498816
11022.59	-22.498816	-22.498816
11026.00	-22.498816	-22.498816
11028.59	-22.498816	-22.498816
11096.85	-22.498816	-22.498816
11096.87	-22.498816	-22.498816
11096.88	-22.498816	-22.498816
11096.89	-22.498816	-22.498816
11096.90	-22.498816	-22.498816
11096.94	-22.498816	-22.498816
11097.12	-22.498816	-22.498816
11099.32	-22.498816	-22.498816
11101.98	-22.498816	-22.498816
11104.85	-22.498816	-22.498816
11260.56	-22.498816	-22.498816
11260.57	-22.498816	-22.498816
11260.58	-22.498816	-22.498816
11260.59	-22.498816	-22.498816
11260.60	-22.498816	-22.498816
11260.61	-22.498816	-22.498816
11260.62	-22.498816	-22.498816
11260.63	-22.498816	-22.498816
11260.65	-22.498816	-22.498816
11260.66	-22.498816	-22.498816
11260.68	-22.498816	-22.498816
11260.69	-22.498816	-22.498816
11260.71	-22.498816	-22.498816
11260.72	-22.498816	-22.498816
11260.73	-22.498816	-22.498816
11260.74	-22.498816	-22.498816
11260.75	-22.498816	-22.498816
11260.76	-22.498816	-22.498816
11260.77	-22.498816	-22.498816
11260.78	-22.498816	-22.498816
11260.79	-22.498816	-22.498816
11260.80	-22.498816	-22.498816
11265.38	-22.498816	-22.498816
11269.12	-22.498816	-22.498816
11272.55	-22.498816	-22.498816
11275.91	-22.498816	-22.498816
11277.92	-22.498816	-22.498816
11333.36	-22.498816	-22.498816
11333.44	-22.498816	-22.498816
11333.45	-22.498816	-22.498816
11333.46	-22.498816	-22.498816
11339.32	-22.498816	-22.498816
11339.51	-22.498816	-22.498816
11344.07	-22.498816	-22.498816
11344.74	-22.498816	-22.498816
11516.14	-22.498816	-22.498816
11516.15	-22.498816	-22.498816
11516.16	-22.498816	-22.498816
11516.17	-22.498816	-22.498816
11516.18	-22.498816	-22.498816
11516.20	-22.498816	-22.498816
11516.21	-22.498816	-22.498816
11516.22	-22.498816	-22.498816
11516.23	-22.498816	-22.498816
11516.25	-22.498816	-22.498816
11516.29	-22.498816	-22.498816
11516.31	-22.498816	-22.498816
11516.32	-22.498816	-22.498816
11516.34	-22.498816	-22.498816
11516.36	-22.498816	-22.498816
11516.38	-22.498816	-22.498816
11516.39	-22.498816	-22.498816
11516.41	-22.498816	-22.498816
11516.43	-22.498816	-22.498816
11516.45	-22.498816	-22.498816
11516.47	-22.498816	-22.498816
11516.50	-22.498816	-22.498816
11516.51	-22.498816	-22.498816
11520.92	-22.498816	-22.498816
11525.04	-22.498816	-22.498816
11529.65	-22.498816	-22.498816
11530.37	-22.498816	-22.498816
11533.79	-22.498816	-22.498816
11536.39	-22.498816	-22.498816
11601.62	-22.498816	-22.498816
11601.64	-22.498816	-22.498816
11601.65	-22.498816	-22.498816
11601.68	-22.498816	-22.498816
11601.71	-22.498816	-22.498816
11601.72	-22.498816	-22.498816
11601.94	-22.498816	-22.498816
11603.80	-22.498816	-22.498816
11609.99	-22.498816	-22.498816
11614.32	-22.498816	-22.498816
11776.20	-22.498816	-22.498816
11776.21	-22.498816	-22.498816
11776.23	-22.498816	-22.498816
11776.24	-22.498816	-22.498816
11776.25	-22.498816	-22.498816
11776.26	-22.498816	-22.498816
11776.27	-22.498816	-22.498816
11776.28	-22.498816	-22.498816
11776.29	-22.498816	-22.498816
11776.31	-22.498816	-22.498816
11776.32	-22.498816	-22.498816
11776.33	-22.498816	-22.498816
11776.35	-22.498816	-22.498816
11776.37	-22.498816	-22.498816
11776.38	-22.498816	-22.498816
11776.39	-22.498816	-22.498816
11776.40	-22.498816	-22.498816
11776.41	-22.498816	-22.498816
11776.42	-22.498816	-22.498816
11776.43	-22.498816	-22.498816
11776.45	-22.498816	-22.498816
11776.46	-22.498816	-22.498816
11776.47	-22.498816	-22.498816
11777.89	-22.498816	-22.498816
11783.34	-22.498816	-22.498816
11785.24	-22.498816	-22.498816
11788.98	-22.498816	-22.498816
11791.55	-22.498816	-22.498816
11793.56	-22.498816	-22.498816
11856.92	-22.498816	-22.498816
11856.95	-22.498816	-22.498816
11856.96	-22.498816	-22.498816
11856.98	-22.498816	-22.498816
11857.00	-22.498816	-22.498816
11857.03	-22.498816	-22.498816
11863.72	-22.498816	-22.498816
11867.79	-22.498816	-22.498816
11869.79	-22.498816	-22.498816
12061.12	-22.498816	-22.498816
12061.13	-22.498816	-22.498816
12061.14	-22.498816	-22.498816
12061.15	-22.498816	-22.498816
12061.16	-22.498816	-22.498816
12061.17	-22.498816	-22.498816
12061.18	-22.498816	-22.498816
12061.20	-22.498816	-22.498816
12061.21	-22.498816	-22.498816
12061.22	-22.498816	-22.498816
12061.24	-22.498816	-22.498816
12061.25	-22.498816	-22.498816
12061.26	-22.498816	-22.498816
12061.27	-22.498816	-22.498816
12061.29	-22.498816	-22.498816
12061.30	-22.498816	-22.498816
12061.32	-22.498816	-22.498816
12061.33	-22.498816	-22.498816
12061.34	-22.498816	-22.498816
12061.35	-22.498816	-22.498816
12061.36	-22.498816	-22.498816
12061.38	-22.498816	-22.498816
12061.39	-22.498816	-22.498816
12063.30	-22.498816	-22.498816
12065.59	-22.498816	-22.498816
12071.73	-22.498816	-22.498816
12073.08	-22.498816	-22.498816
12075.73	-22.498816	-22.498816
12138.45	-22.498816	-22.498816
12738.48	-22.498816	-22.498816
12738.49	-22.498816	-22.498816
12738.50	-22.498816	-22.498816
12738.51	-22.498816	-22.498816
12738.53	-22.498816	-22.498816
12738.53	-22.498816	-22.498816
12738.55	-22.498816	-22.498816
