Total count: 85, Total time: 1097.98s
37.5808
60.3704
0.0000
0.0000
3.3290
37.8585
0.0000
0.0000
2.5671
60.8838
0.0000
2.0755
0.0000
3.2434
49.7838
0.0000
0.0000
4.0554
81.3627
0.0000
0.0000
2.3980
34.6850
0.0000
1.5624
0.0000
2.0112
50.1795
0.0000
0.0000
1.5468
75.2571
0.0000
0.0000
1.5651
81.9691
0.0000
1.7554
0.0000
2.3781
72.0381
5.8518
18.2869
3.7648
14.2266
4.4010
15.3227
2.0015
9.4235
3.5427
16.7259
1.5859
8.5799
5.0448
19.2814
3.2564
10.2848
4.2940
21.6071
2.4069
8.6727
5.3022
20.3339
1.8626
11.5459
4.2160
21.6116
2.5290
10.8187
4.4734
24.1305
2.7685
10.8272
4.9986
23.9195
3.4919
10.8907
4.8304
26.0994
2.5322
10.5912
4.4316
22.5749
2.7532
11.4331
