Total count: 65, Total time: 366.78s
15.7005
4.8273
9.5103
0.0000
0.0000
3.3321
4.0606
7.5422
0.0000
0.0000
4.6100
8.2332
0.0000
0.0000
4.5982
14.2363
0.0000
0.0000
1.8725
6.1244
8.1535
0.0000
1.9206
0.0000
4.7851
7.9083
7.7347
0.0000
0.0000
1.0095
5.9991
10.8599
0.0000
0.0000
1.9198
10.0276
0.0000
0.0000
1.3942
6.5797
0.0000
0.0000
4.6030
11.8067
1.2462
4.0046
15.3978
2.2166
13.3512
6.1541
18.5827
2.4251
18.2534
3.7821
20.7402
3.6491
15.8322
3.5928
16.9796
3.0515
12.5025
3.3768
18.5216
1.0745
12.7007
