5.96	21.381754	inf
54.76	21.381754	inf
54.76	21.381754	inf
54.77	21.381754	inf
54.78	21.381754	21.498475
54.80	21.381754	21.498475
55.06	21.381754	21.483461
172.87	21.381754	21.483461
172.87	21.381754	21.442648
172.88	21.381754	21.404955
172.88	21.381754	21.404955
172.88	21.381754	21.399155
172.88	21.381754	21.399155
172.88	21.381754	21.399155
172.88	21.381754	21.399155
172.88	21.381754	21.399155
172.88	21.381754	21.399155
172.88	21.381754	21.393354
172.88	21.381754	21.393354
172.88	21.381754	21.393354
172.89	21.381754	21.387554
172.89	21.381754	21.387554
172.89	21.381754	21.387554
172.89	21.381754	21.387554
172.89	21.381754	21.387554
172.89	21.381754	21.381754
172.89	21.381754	21.381754
172.89	21.381754	21.381754
172.89	21.381754	21.381754
172.89	21.345879	21.374579
172.89	21.345879	21.374579
172.90	21.345879	21.374579
178.41	21.345879	21.374579
178.41	21.345879	21.374579
183.44	21.345879	21.374579
183.44	21.345879	21.374579
183.44	21.345879	21.374579
251.74	21.345879	21.374579
251.74	21.345879	21.374579
251.75	21.345879	21.369427
251.76	21.345879	21.369427
251.76	21.345879	21.362252
251.77	21.345879	21.362252
251.78	21.345879	21.362252
251.78	21.345879	21.362252
251.80	21.345879	21.362252
251.80	21.345879	21.362252
251.81	21.345879	21.362252
251.81	21.345879	21.362252
251.81	21.345879	21.355077
252.29	21.345879	21.355077
255.27	21.345879	21.355077
399.23	21.345879	21.355077
399.23	21.345879	21.355077
399.23	21.345879	21.355077
399.23	21.345879	21.355077
399.23	21.345879	21.355077
399.23	21.345879	21.355077
399.24	21.345879	21.355077
399.24	21.345879	21.355077
399.24	21.345879	21.355077
399.24	21.345879	21.355077
399.24	21.345879	21.347902
399.24	21.345879	21.347902
399.24	21.345879	21.345879
399.24	21.345879	21.345879
399.24	21.345879	21.345879
399.25	21.345879	21.345879
399.25	21.345879	21.345879
399.25	21.345879	21.345879
399.25	21.345879	21.345879
399.25	21.345879	21.345879
399.25	21.345879	21.345879
399.25	21.345879	21.345879
399.26	21.345879	21.345879
399.26	21.345879	21.345879
399.26	21.345879	21.345879
399.28	21.345879	21.345879
399.35	21.345879	21.345879
403.71	21.345879	21.345879
484.81	21.345879	21.345879
484.81	21.345879	21.345879
484.81	21.345879	21.345879
484.82	21.345879	21.345879
484.82	21.345879	21.345879
484.82	21.345879	21.345879
484.82	21.345879	21.345879
484.82	21.345879	21.345879
484.82	21.345879	21.345879
484.82	21.345879	21.345879
484.82	21.345879	21.345879
484.82	21.345879	21.345879
484.83	21.345879	21.345879
484.96	21.345879	21.345879
488.56	21.345879	21.345879
631.92	21.345879	21.345879
631.92	21.345879	21.345879
631.92	21.345879	21.345879
631.92	21.345879	21.345879
631.92	21.345879	21.345879
631.92	21.345879	21.345879
631.92	21.345879	21.345879
631.93	21.345879	21.345879
631.93	21.345879	21.345879
631.93	21.345879	21.345879
631.93	21.345879	21.345879
631.93	21.345879	21.345879
631.93	21.345879	21.345879
631.93	21.345879	21.345879
631.93	21.345879	21.345879
631.93	21.345879	21.345879
631.93	21.345879	21.345879
631.93	21.345879	21.345879
631.94	21.345879	21.345879
631.94	21.345879	21.345879
631.94	21.345879	21.345879
631.94	21.345879	21.345879
631.94	21.345879	21.345879
631.94	21.345879	21.345879
631.94	21.345879	21.345879
631.94	21.345879	21.345879
631.95	21.345879	21.345879
632.01	21.345879	21.345879
635.80	21.345879	21.345879
714.77	21.345879	21.345879
714.77	21.345879	21.345879
714.77	21.345879	21.345879
714.78	21.345879	21.345879
714.78	21.345879	21.345879
714.78	21.345879	21.345879
714.78	21.345879	21.345879
714.78	21.345879	21.345879
714.78	21.345879	21.345879
714.78	21.345879	21.345879
714.78	21.345879	21.345879
714.78	21.345879	21.345879
714.79	21.345879	21.345879
714.86	21.345879	21.345879
718.50	21.345879	21.345879
850.60	21.345879	21.345879
850.60	21.345879	21.345879
850.61	21.345879	21.345879
850.61	21.345879	21.345879
850.61	21.345879	21.345879
850.61	21.345879	21.345879
850.61	21.345879	21.345879
850.61	21.345879	21.345879
850.61	21.327303	21.342163
850.61	21.327303	21.342163
850.61	21.327303	21.342163
850.61	21.327303	21.342163
850.62	21.327303	21.342163
850.62	21.327303	21.342163
850.62	21.327303	21.342163
850.62	21.327303	21.342163
850.62	21.327303	21.342163
850.62	21.327303	21.342163
850.62	21.327303	21.342163
850.62	21.327303	21.342163
850.63	21.327303	21.342163
850.63	21.327303	21.342163
850.63	21.327303	21.342163
850.63	21.327303	21.342163
850.64	21.327303	21.342163
850.66	21.327303	21.342163
854.25	21.327303	21.342163
929.43	21.327303	21.342163
929.43	21.327303	21.342163
929.43	21.327303	21.342163
929.43	21.327303	21.342163
929.43	21.327303	21.342163
929.44	21.327303	21.342163
929.44	21.327303	21.342163
929.44	21.327303	21.342163
929.44	21.327303	21.342163
929.44	21.327303	21.342163
929.45	21.327303	21.342163
929.47	21.327303	21.342163
929.48	21.327303	21.342163
929.49	21.327303	21.342163
933.21	21.327303	21.338448
1063.04	21.327303	21.338448
1063.04	21.327303	21.338448
1063.05	21.327303	21.338448
1063.06	21.327303	21.338448
1063.06	21.327303	21.338448
1063.07	21.327303	21.338448
1063.08	21.327303	21.338448
1063.09	21.327303	21.338448
1063.09	21.327303	21.338448
1063.09	21.327303	21.338448
1063.10	21.327303	21.338448
1063.10	21.327303	21.338448
1063.11	21.327303	21.338448
1063.12	21.327303	21.338448
1063.13	21.327303	21.338448
1063.13	21.327303	21.338448
1063.15	21.327303	21.334733
1063.16	21.327303	21.334733
1063.16	21.327303	21.334733
1063.18	21.327303	21.334733
1063.19	21.327303	21.334733
1063.20	21.327303	21.334733
1063.21	21.327303	21.334733
1063.21	21.327303	21.334733
1063.22	21.327303	21.334733
1063.23	21.327303	21.334733
1063.24	21.327303	21.334733
1063.27	21.327303	21.334733
1066.46	21.327303	21.334733
1130.71	21.327303	21.334733
1130.72	21.327303	21.334733
1130.72	21.327303	21.334733
1130.73	21.327303	21.334733
1130.73	21.327303	21.334733
1130.73	21.327303	21.334733
1130.73	21.327303	21.334733
1130.73	21.327303	21.334733
1130.74	21.327303	21.334733
1130.74	21.327303	21.334733
1130.74	21.327303	21.334733
1130.75	21.327303	21.334733
1130.76	21.327303	21.334733
1130.95	21.327303	21.334733
1134.14	21.327303	21.334733
