2025-01-29 01:12:14,266 - INFO - Starting training process...
2025-01-29 01:12:14,266 - INFO - Loading data...
2025-01-29 01:12:16,340 - INFO - Loaded 4692 code samples
2025-01-29 01:12:16,340 - INFO - 
Problem 0 statistics:
2025-01-29 01:12:16,341 - INFO -   Mean: 11.3963
2025-01-29 01:12:16,341 - INFO -   Std: 1.5186
2025-01-29 01:12:16,341 - INFO -   Min: 0.4359
2025-01-29 01:12:16,341 - INFO -   Max: 12.2616
2025-01-29 01:12:16,342 - INFO - 
Problem 1 statistics:
2025-01-29 01:12:16,342 - INFO -   Mean: 21.8346
2025-01-29 01:12:16,342 - INFO -   Std: 3.0378
2025-01-29 01:12:16,342 - INFO -   Min: 5.1587
2025-01-29 01:12:16,342 - INFO -   Max: 24.8637
2025-01-29 01:12:16,342 - INFO - 
Problem 2 statistics:
2025-01-29 01:12:16,351 - INFO -   Mean: 18.2649
2025-01-29 01:12:16,352 - INFO -   Std: 2.5091
2025-01-29 01:12:16,352 - INFO -   Min: 4.4962
2025-01-29 01:12:16,352 - INFO -   Max: 20.1393
2025-01-29 01:12:16,352 - INFO - 
Problem 3 statistics:
2025-01-29 01:12:16,352 - INFO -   Mean: 12.2233
2025-01-29 01:12:16,353 - INFO -   Std: 1.8069
2025-01-29 01:12:16,353 - INFO -   Min: 2.3659
2025-01-29 01:12:16,353 - INFO -   Max: 13.6799
2025-01-29 01:12:16,353 - INFO - 
Problem 4 statistics:
2025-01-29 01:12:16,353 - INFO -   Mean: 39.0067
2025-01-29 01:12:16,354 - INFO -   Std: 3.0833
2025-01-29 01:12:16,354 - INFO -   Min: 21.4627
2025-01-29 01:12:16,354 - INFO -   Max: 41.5495
2025-01-29 01:12:16,355 - INFO - Preparing training and test data...
2025-01-29 01:13:35,900 - INFO - Bucket 0 (diff range: 0.010-0.03):
2025-01-29 01:13:35,900 - INFO -   Original samples: 1154919
2025-01-29 01:13:35,900 - INFO -   Sampled: 400
2025-01-29 01:13:35,900 - INFO -   Target ratio: 0.10
2025-01-29 01:13:35,900 - INFO -   Actual ratio: 0.10
2025-01-29 01:13:35,901 - INFO - Bucket 1 (diff range: 0.030-0.05):
2025-01-29 01:13:35,901 - INFO -   Original samples: 908866
2025-01-29 01:13:35,901 - INFO -   Sampled: 400
2025-01-29 01:13:35,901 - INFO -   Target ratio: 0.10
2025-01-29 01:13:35,901 - INFO -   Actual ratio: 0.10
2025-01-29 01:13:35,901 - INFO - Bucket 2 (diff range: 0.050-0.1):
2025-01-29 01:13:35,901 - INFO -   Original samples: 1233057
2025-01-29 01:13:35,901 - INFO -   Sampled: 600
2025-01-29 01:13:35,901 - INFO -   Target ratio: 0.15
2025-01-29 01:13:35,901 - INFO -   Actual ratio: 0.15
2025-01-29 01:13:35,902 - INFO - Bucket 3 (diff range: 0.100-0.2):
2025-01-29 01:13:35,902 - INFO -   Original samples: 1965297
2025-01-29 01:13:35,902 - INFO -   Sampled: 600
2025-01-29 01:13:35,902 - INFO -   Target ratio: 0.15
2025-01-29 01:13:35,902 - INFO -   Actual ratio: 0.15
2025-01-29 01:13:35,902 - INFO - Bucket 4 (diff range: 0.200-0.3):
2025-01-29 01:13:35,902 - INFO -   Original samples: 450944
2025-01-29 01:13:35,902 - INFO -   Sampled: 780
2025-01-29 01:13:35,902 - INFO -   Target ratio: 0.15
2025-01-29 01:13:35,902 - INFO -   Actual ratio: 0.20
2025-01-29 01:13:35,904 - INFO - Bucket 5 (diff range: 0.300-0.5):
2025-01-29 01:13:35,904 - INFO -   Original samples: 375207
2025-01-29 01:13:35,904 - INFO -   Sampled: 520
2025-01-29 01:13:35,904 - INFO -   Target ratio: 0.10
2025-01-29 01:13:35,904 - INFO -   Actual ratio: 0.13
2025-01-29 01:13:35,928 - INFO - Bucket 6 (diff range: 0.500-0.8):
2025-01-29 01:13:35,928 - INFO -   Original samples: 49793
2025-01-29 01:13:35,928 - INFO -   Sampled: 49793
2025-01-29 01:13:35,928 - INFO -   Target ratio: 0.10
2025-01-29 01:13:35,928 - INFO -   Actual ratio: 12.45
2025-01-29 01:13:35,949 - INFO - 
Training data distribution:
2025-01-29 01:13:38,326 - INFO -   Minimal diff [0.01, 0.03): 400 pairs (from 1154919 total)
2025-01-29 01:13:40,654 - INFO -   Very small diff [0.03, 0.05): 400 pairs (from 908866 total)
2025-01-29 01:13:42,993 - INFO -   Small diff [0.05, 0.1): 600 pairs (from 1233057 total)
2025-01-29 01:13:45,339 - INFO -   Medium diff [0.10, 0.2): 600 pairs (from 1965297 total)
2025-01-29 01:13:47,662 - INFO -   Large diff [0.20, 0.3): 780 pairs (from 450944 total)
2025-01-29 01:13:50,067 - INFO -   Very large diff [0.30, 0.5): 520 pairs (from 375207 total)
2025-01-29 01:13:52,452 - INFO -   Extreme diff [0.50, ¡Þ): 49793 pairs (from 49793 total)
2025-01-29 01:13:52,452 - INFO - Final training set size: 53093 pairs
2025-01-29 01:13:57,415 - INFO - 
Test data distribution:
2025-01-29 01:13:57,417 - INFO -   Minimal diff [0.01, 0.03): 300 pairs
2025-01-29 01:13:57,418 - INFO -   Very small diff [0.03, 0.05): 400 pairs
2025-01-29 01:13:57,419 - INFO -   Small diff [0.05, 0.1): 500 pairs
2025-01-29 01:13:57,420 - INFO -   Medium diff [0.10, 0.2): 600 pairs
2025-01-29 01:13:57,420 - INFO -   Large diff [0.20, 0.3): 700 pairs
2025-01-29 01:13:57,421 - INFO -   Very large diff [0.30, 0.5): 800 pairs
2025-01-29 01:13:57,422 - INFO -   Extreme diff [0.50, ¡Þ): 1000 pairs
2025-01-29 01:13:57,422 - INFO - Final test set size: 4300 pairs
2025-01-29 01:13:59,399 - INFO - Starting training...
2025-01-29 01:13:59,399 - INFO - Total training pairs: 53093
2025-01-29 01:13:59,399 - INFO - Batch size: 128
2025-01-29 01:13:59,399 - INFO - Max epochs: 200
2025-01-29 01:14:15,160 - INFO - Epoch 1 Results:
2025-01-29 01:14:15,160 - INFO -   Average Loss: 1.1658
2025-01-29 01:14:15,160 - INFO -   Training Accuracy: 0.9487
2025-01-29 01:14:15,167 - INFO - Model saved to ./results/best_model_epoch_1.pth
2025-01-29 01:14:15,167 - INFO -   New best loss achieved! Model saved.
2025-01-29 01:14:31,059 - INFO - Epoch 2 Results:
2025-01-29 01:14:31,060 - INFO -   Average Loss: 1.0831
2025-01-29 01:14:31,060 - INFO -   Training Accuracy: 0.9738
2025-01-29 01:14:31,066 - INFO - Model saved to ./results/best_model_epoch_2.pth
2025-01-29 01:14:31,066 - INFO -   New best loss achieved! Model saved.
2025-01-29 01:14:46,818 - INFO - Epoch 3 Results:
2025-01-29 01:14:46,818 - INFO -   Average Loss: 1.0790
2025-01-29 01:14:46,818 - INFO -   Training Accuracy: 0.9746
2025-01-29 01:14:46,823 - INFO - Model saved to ./results/best_model_epoch_3.pth
2025-01-29 01:14:46,823 - INFO -   New best loss achieved! Model saved.
2025-01-29 01:15:02,945 - INFO - Epoch 4 Results:
2025-01-29 01:15:02,945 - INFO -   Average Loss: 1.0736
2025-01-29 01:15:02,945 - INFO -   Training Accuracy: 0.9759
2025-01-29 01:15:02,954 - INFO - Model saved to ./results/best_model_epoch_4.pth
2025-01-29 01:15:02,954 - INFO -   New best loss achieved! Model saved.
2025-01-29 01:15:19,204 - INFO - Epoch 5 Results:
2025-01-29 01:15:19,204 - INFO -   Average Loss: 1.0700
2025-01-29 01:15:19,204 - INFO -   Training Accuracy: 0.9767
2025-01-29 01:15:19,210 - INFO - Model saved to ./results/best_model_epoch_5.pth
2025-01-29 01:15:19,210 - INFO -   New best loss achieved! Model saved.
2025-01-29 01:15:36,115 - INFO - Epoch 6 Results:
2025-01-29 01:15:36,115 - INFO -   Average Loss: 1.0658
2025-01-29 01:15:36,115 - INFO -   Training Accuracy: 0.9777
2025-01-29 01:15:36,120 - INFO - Model saved to ./results/best_model_epoch_6.pth
2025-01-29 01:15:36,120 - INFO -   New best loss achieved! Model saved.
2025-01-29 01:15:52,125 - INFO - Epoch 7 Results:
2025-01-29 01:15:52,126 - INFO -   Average Loss: 1.0627
2025-01-29 01:15:52,126 - INFO -   Training Accuracy: 0.9779
2025-01-29 01:15:52,131 - INFO - Model saved to ./results/best_model_epoch_7.pth
2025-01-29 01:15:52,132 - INFO -   New best loss achieved! Model saved.
2025-01-29 01:16:07,866 - INFO - Epoch 8 Results:
2025-01-29 01:16:07,867 - INFO -   Average Loss: 1.0587
2025-01-29 01:16:07,867 - INFO -   Training Accuracy: 0.9787
2025-01-29 01:16:07,872 - INFO - Model saved to ./results/best_model_epoch_8.pth
2025-01-29 01:16:07,872 - INFO -   New best loss achieved! Model saved.
2025-01-29 01:16:24,437 - INFO - Epoch 9 Results:
2025-01-29 01:16:24,437 - INFO -   Average Loss: 1.0567
2025-01-29 01:16:24,437 - INFO -   Training Accuracy: 0.9790
2025-01-29 01:16:24,443 - INFO - Model saved to ./results/best_model_epoch_9.pth
2025-01-29 01:16:24,443 - INFO -   New best loss achieved! Model saved.
2025-01-29 01:16:40,564 - INFO - Epoch 10 Results:
2025-01-29 01:16:40,564 - INFO -   Average Loss: 1.0546
2025-01-29 01:16:40,564 - INFO -   Training Accuracy: 0.9787
2025-01-29 01:16:40,570 - INFO - Model saved to ./results/best_model_epoch_10.pth
2025-01-29 01:16:40,570 - INFO -   New best loss achieved! Model saved.
2025-01-29 01:16:56,727 - INFO - Epoch 11 Results:
2025-01-29 01:16:56,727 - INFO -   Average Loss: 1.0517
2025-01-29 01:16:56,727 - INFO -   Training Accuracy: 0.9795
2025-01-29 01:16:56,733 - INFO - Model saved to ./results/best_model_epoch_11.pth
2025-01-29 01:16:56,733 - INFO -   New best loss achieved! Model saved.
2025-01-29 01:17:12,494 - INFO - Epoch 12 Results:
2025-01-29 01:17:12,495 - INFO -   Average Loss: 1.0474
2025-01-29 01:17:12,495 - INFO -   Training Accuracy: 0.9803
2025-01-29 01:17:12,501 - INFO - Model saved to ./results/best_model_epoch_12.pth
2025-01-29 01:17:12,501 - INFO -   New best loss achieved! Model saved.
2025-01-29 01:17:28,322 - INFO - Epoch 13 Results:
2025-01-29 01:17:28,322 - INFO -   Average Loss: 1.0451
2025-01-29 01:17:28,322 - INFO -   Training Accuracy: 0.9804
2025-01-29 01:17:28,328 - INFO - Model saved to ./results/best_model_epoch_13.pth
2025-01-29 01:17:28,328 - INFO -   New best loss achieved! Model saved.
2025-01-29 01:17:45,507 - INFO - Epoch 14 Results:
2025-01-29 01:17:45,507 - INFO -   Average Loss: 1.0443
2025-01-29 01:17:45,507 - INFO -   Training Accuracy: 0.9800
2025-01-29 01:17:45,513 - INFO - Model saved to ./results/best_model_epoch_14.pth
2025-01-29 01:17:45,513 - INFO -   New best loss achieved! Model saved.
2025-01-29 01:18:02,136 - INFO - Epoch 15 Results:
2025-01-29 01:18:02,136 - INFO -   Average Loss: 1.0394
2025-01-29 01:18:02,136 - INFO -   Training Accuracy: 0.9810
2025-01-29 01:18:02,142 - INFO - Model saved to ./results/best_model_epoch_15.pth
2025-01-29 01:18:02,142 - INFO -   New best loss achieved! Model saved.
2025-01-29 01:18:19,792 - INFO - Epoch 16 Results:
2025-01-29 01:18:19,793 - INFO -   Average Loss: 1.0370
2025-01-29 01:18:19,793 - INFO -   Training Accuracy: 0.9811
2025-01-29 01:18:19,799 - INFO - Model saved to ./results/best_model_epoch_16.pth
2025-01-29 01:18:19,799 - INFO -   New best loss achieved! Model saved.
2025-01-29 01:18:37,938 - INFO - Epoch 17 Results:
2025-01-29 01:18:37,938 - INFO -   Average Loss: 1.0344
2025-01-29 01:18:37,938 - INFO -   Training Accuracy: 0.9810
2025-01-29 01:18:37,945 - INFO - Model saved to ./results/best_model_epoch_17.pth
2025-01-29 01:18:37,945 - INFO -   New best loss achieved! Model saved.
2025-01-29 01:18:55,057 - INFO - Epoch 18 Results:
2025-01-29 01:18:55,057 - INFO -   Average Loss: 1.0328
2025-01-29 01:18:55,057 - INFO -   Training Accuracy: 0.9812
2025-01-29 01:18:55,062 - INFO - Model saved to ./results/best_model_epoch_18.pth
2025-01-29 01:18:55,062 - INFO -   New best loss achieved! Model saved.
2025-01-29 01:19:11,652 - INFO - Epoch 19 Results:
2025-01-29 01:19:11,652 - INFO -   Average Loss: 1.0296
2025-01-29 01:19:11,652 - INFO -   Training Accuracy: 0.9815
2025-01-29 01:19:11,658 - INFO - Model saved to ./results/best_model_epoch_19.pth
2025-01-29 01:19:11,658 - INFO -   New best loss achieved! Model saved.
2025-01-29 01:19:29,590 - INFO - Epoch 20 Results:
2025-01-29 01:19:29,590 - INFO -   Average Loss: 1.0285
2025-01-29 01:19:29,591 - INFO -   Training Accuracy: 0.9811
2025-01-29 01:19:29,596 - INFO - Model saved to ./results/best_model_epoch_20.pth
2025-01-29 01:19:29,596 - INFO -   New best loss achieved! Model saved.
2025-01-29 01:19:49,142 - INFO - Epoch 21 Results:
2025-01-29 01:19:49,142 - INFO -   Average Loss: 1.0251
2025-01-29 01:19:49,142 - INFO -   Training Accuracy: 0.9816
2025-01-29 01:19:49,154 - INFO - Model saved to ./results/best_model_epoch_21.pth
2025-01-29 01:19:49,154 - INFO -   New best loss achieved! Model saved.
2025-01-29 01:20:08,787 - INFO - Epoch 22 Results:
2025-01-29 01:20:08,787 - INFO -   Average Loss: 1.0225
2025-01-29 01:20:08,787 - INFO -   Training Accuracy: 0.9821
2025-01-29 01:20:08,792 - INFO - Model saved to ./results/best_model_epoch_22.pth
2025-01-29 01:20:08,792 - INFO -   New best loss achieved! Model saved.
2025-01-29 01:20:26,756 - INFO - Epoch 23 Results:
2025-01-29 01:20:26,757 - INFO -   Average Loss: 1.0202
2025-01-29 01:20:26,757 - INFO -   Training Accuracy: 0.9821
2025-01-29 01:20:26,762 - INFO - Model saved to ./results/best_model_epoch_23.pth
2025-01-29 01:20:26,762 - INFO -   New best loss achieved! Model saved.
2025-01-29 01:20:44,659 - INFO - Epoch 24 Results:
2025-01-29 01:20:44,659 - INFO -   Average Loss: 1.0194
2025-01-29 01:20:44,659 - INFO -   Training Accuracy: 0.9816
2025-01-29 01:20:44,664 - INFO - Model saved to ./results/best_model_epoch_24.pth
2025-01-29 01:20:44,664 - INFO -   New best loss achieved! Model saved.
2025-01-29 01:21:04,381 - INFO - Epoch 25 Results:
2025-01-29 01:21:04,382 - INFO -   Average Loss: 1.0153
2025-01-29 01:21:04,382 - INFO -   Training Accuracy: 0.9828
2025-01-29 01:21:04,387 - INFO - Model saved to ./results/best_model_epoch_25.pth
2025-01-29 01:21:04,387 - INFO -   New best loss achieved! Model saved.
2025-01-29 01:21:23,408 - INFO - Epoch 26 Results:
2025-01-29 01:21:23,408 - INFO -   Average Loss: 1.0138
2025-01-29 01:21:23,408 - INFO -   Training Accuracy: 0.9824
2025-01-29 01:21:23,414 - INFO - Model saved to ./results/best_model_epoch_26.pth
2025-01-29 01:21:23,414 - INFO -   New best loss achieved! Model saved.
2025-01-29 01:21:42,512 - INFO - Epoch 27 Results:
2025-01-29 01:21:42,512 - INFO -   Average Loss: 1.0115
2025-01-29 01:21:42,512 - INFO -   Training Accuracy: 0.9826
2025-01-29 01:21:42,517 - INFO - Model saved to ./results/best_model_epoch_27.pth
2025-01-29 01:21:42,517 - INFO -   New best loss achieved! Model saved.
2025-01-29 01:22:03,707 - INFO - Epoch 28 Results:
2025-01-29 01:22:03,707 - INFO -   Average Loss: 1.0102
2025-01-29 01:22:03,707 - INFO -   Training Accuracy: 0.9825
2025-01-29 01:22:03,714 - INFO - Model saved to ./results/best_model_epoch_28.pth
2025-01-29 01:22:03,714 - INFO -   New best loss achieved! Model saved.
2025-01-29 01:22:24,365 - INFO - Epoch 29 Results:
2025-01-29 01:22:24,365 - INFO -   Average Loss: 1.0083
2025-01-29 01:22:24,365 - INFO -   Training Accuracy: 0.9828
2025-01-29 01:22:24,371 - INFO - Model saved to ./results/best_model_epoch_29.pth
2025-01-29 01:22:24,371 - INFO -   New best loss achieved! Model saved.
2025-01-29 01:22:45,048 - INFO - Epoch 30 Results:
2025-01-29 01:22:45,048 - INFO -   Average Loss: 1.0058
2025-01-29 01:22:45,048 - INFO -   Training Accuracy: 0.9832
2025-01-29 01:22:45,054 - INFO - Model saved to ./results/best_model_epoch_30.pth
2025-01-29 01:22:45,054 - INFO -   New best loss achieved! Model saved.
2025-01-29 01:23:05,684 - INFO - Epoch 31 Results:
2025-01-29 01:23:05,684 - INFO -   Average Loss: 1.0040
2025-01-29 01:23:05,684 - INFO -   Training Accuracy: 0.9833
2025-01-29 01:23:05,689 - INFO - Model saved to ./results/best_model_epoch_31.pth
2025-01-29 01:23:05,689 - INFO -   New best loss achieved! Model saved.
2025-01-29 01:23:27,075 - INFO - Epoch 32 Results:
2025-01-29 01:23:27,075 - INFO -   Average Loss: 1.0028
2025-01-29 01:23:27,075 - INFO -   Training Accuracy: 0.9828
2025-01-29 01:23:27,081 - INFO - Model saved to ./results/best_model_epoch_32.pth
2025-01-29 01:23:27,081 - INFO -   New best loss achieved! Model saved.
2025-01-29 01:23:49,430 - INFO - Epoch 33 Results:
2025-01-29 01:23:49,430 - INFO -   Average Loss: 1.0022
2025-01-29 01:23:49,430 - INFO -   Training Accuracy: 0.9824
2025-01-29 01:23:49,435 - INFO - Model saved to ./results/best_model_epoch_33.pth
2025-01-29 01:23:49,435 - INFO -   New best loss achieved! Model saved.
2025-01-29 01:24:08,705 - INFO - Epoch 34 Results:
2025-01-29 01:24:08,705 - INFO -   Average Loss: 0.9992
2025-01-29 01:24:08,705 - INFO -   Training Accuracy: 0.9832
2025-01-29 01:24:08,711 - INFO - Model saved to ./results/best_model_epoch_34.pth
2025-01-29 01:24:08,711 - INFO -   New best loss achieved! Model saved.
2025-01-29 01:24:29,252 - INFO - Epoch 35 Results:
2025-01-29 01:24:29,252 - INFO -   Average Loss: 0.9966
2025-01-29 01:24:29,252 - INFO -   Training Accuracy: 0.9842
2025-01-29 01:24:29,258 - INFO - Model saved to ./results/best_model_epoch_35.pth
2025-01-29 01:24:29,258 - INFO -   New best loss achieved! Model saved.
2025-01-29 01:24:51,393 - INFO - Epoch 36 Results:
2025-01-29 01:24:51,394 - INFO -   Average Loss: 0.9958
2025-01-29 01:24:51,394 - INFO -   Training Accuracy: 0.9836
2025-01-29 01:24:51,402 - INFO - Model saved to ./results/best_model_epoch_36.pth
2025-01-29 01:24:51,403 - INFO -   New best loss achieved! Model saved.
2025-01-29 01:25:13,585 - INFO - Epoch 37 Results:
2025-01-29 01:25:13,586 - INFO -   Average Loss: 0.9940
2025-01-29 01:25:13,586 - INFO -   Training Accuracy: 0.9837
2025-01-29 01:25:13,591 - INFO - Model saved to ./results/best_model_epoch_37.pth
2025-01-29 01:25:13,591 - INFO -   New best loss achieved! Model saved.
2025-01-29 01:25:34,635 - INFO - Epoch 38 Results:
2025-01-29 01:25:34,636 - INFO -   Average Loss: 0.9934
2025-01-29 01:25:34,636 - INFO -   Training Accuracy: 0.9836
2025-01-29 01:25:34,641 - INFO - Model saved to ./results/best_model_epoch_38.pth
2025-01-29 01:25:34,641 - INFO -   New best loss achieved! Model saved.
2025-01-29 01:25:56,995 - INFO - Epoch 39 Results:
2025-01-29 01:25:56,995 - INFO -   Average Loss: 0.9919
2025-01-29 01:25:56,995 - INFO -   Training Accuracy: 0.9837
2025-01-29 01:25:57,006 - INFO - Model saved to ./results/best_model_epoch_39.pth
2025-01-29 01:25:57,006 - INFO -   New best loss achieved! Model saved.
2025-01-29 01:26:18,921 - INFO - Epoch 40 Results:
2025-01-29 01:26:18,921 - INFO -   Average Loss: 0.9897
2025-01-29 01:26:18,921 - INFO -   Training Accuracy: 0.9842
2025-01-29 01:26:18,932 - INFO - Model saved to ./results/best_model_epoch_40.pth
2025-01-29 01:26:18,932 - INFO -   New best loss achieved! Model saved.
2025-01-29 01:26:38,230 - INFO - Epoch 41 Results:
2025-01-29 01:26:38,230 - INFO -   Average Loss: 0.9890
2025-01-29 01:26:38,230 - INFO -   Training Accuracy: 0.9838
2025-01-29 01:26:38,235 - INFO - Model saved to ./results/best_model_epoch_41.pth
2025-01-29 01:26:38,235 - INFO -   New best loss achieved! Model saved.
2025-01-29 01:26:57,432 - INFO - Epoch 42 Results:
2025-01-29 01:26:57,432 - INFO -   Average Loss: 0.9883
2025-01-29 01:26:57,432 - INFO -   Training Accuracy: 0.9838
2025-01-29 01:26:57,438 - INFO - Model saved to ./results/best_model_epoch_42.pth
2025-01-29 01:26:57,438 - INFO -   New best loss achieved! Model saved.
2025-01-29 01:27:21,326 - INFO - Epoch 43 Results:
2025-01-29 01:27:21,326 - INFO -   Average Loss: 0.9874
2025-01-29 01:27:21,326 - INFO -   Training Accuracy: 0.9837
2025-01-29 01:27:21,331 - INFO - Model saved to ./results/best_model_epoch_43.pth
2025-01-29 01:27:21,331 - INFO -   New best loss achieved! Model saved.
2025-01-29 01:27:49,321 - INFO - Epoch 44 Results:
2025-01-29 01:27:49,321 - INFO -   Average Loss: 0.9853
2025-01-29 01:27:49,321 - INFO -   Training Accuracy: 0.9843
2025-01-29 01:27:49,326 - INFO - Model saved to ./results/best_model_epoch_44.pth
2025-01-29 01:27:49,326 - INFO -   New best loss achieved! Model saved.
2025-01-29 01:28:16,081 - INFO - Epoch 45 Results:
2025-01-29 01:28:16,081 - INFO -   Average Loss: 0.9849
2025-01-29 01:28:16,081 - INFO -   Training Accuracy: 0.9837
2025-01-29 01:28:16,087 - INFO - Model saved to ./results/best_model_epoch_45.pth
2025-01-29 01:28:16,087 - INFO -   New best loss achieved! Model saved.
2025-01-29 01:28:36,150 - INFO - Epoch 46 Results:
2025-01-29 01:28:36,150 - INFO -   Average Loss: 0.9833
2025-01-29 01:28:36,150 - INFO -   Training Accuracy: 0.9840
2025-01-29 01:28:36,156 - INFO - Model saved to ./results/best_model_epoch_46.pth
2025-01-29 01:28:36,156 - INFO -   New best loss achieved! Model saved.
2025-01-29 01:28:56,851 - INFO - Epoch 47 Results:
2025-01-29 01:28:56,851 - INFO -   Average Loss: 0.9823
2025-01-29 01:28:56,852 - INFO -   Training Accuracy: 0.9843
2025-01-29 01:28:56,857 - INFO - Model saved to ./results/best_model_epoch_47.pth
2025-01-29 01:28:56,857 - INFO -   New best loss achieved! Model saved.
2025-01-29 01:29:17,017 - INFO - Epoch 48 Results:
2025-01-29 01:29:17,017 - INFO -   Average Loss: 0.9817
2025-01-29 01:29:17,017 - INFO -   Training Accuracy: 0.9835
2025-01-29 01:29:17,023 - INFO - Model saved to ./results/best_model_epoch_48.pth
2025-01-29 01:29:17,023 - INFO -   New best loss achieved! Model saved.
2025-01-29 01:29:42,025 - INFO - Epoch 49 Results:
2025-01-29 01:29:42,025 - INFO -   Average Loss: 0.9805
2025-01-29 01:29:42,026 - INFO -   Training Accuracy: 0.9840
2025-01-29 01:29:42,031 - INFO - Model saved to ./results/best_model_epoch_49.pth
2025-01-29 01:29:42,031 - INFO -   New best loss achieved! Model saved.
2025-01-29 01:30:10,082 - INFO - Epoch 50 Results:
2025-01-29 01:30:10,082 - INFO -   Average Loss: 0.9801
2025-01-29 01:30:10,082 - INFO -   Training Accuracy: 0.9834
2025-01-29 01:30:10,088 - INFO - Model saved to ./results/best_model_epoch_50.pth
2025-01-29 01:30:10,089 - INFO -   New best loss achieved! Model saved.
2025-01-29 01:30:37,320 - INFO - Epoch 51 Results:
2025-01-29 01:30:37,320 - INFO -   Average Loss: 0.9764
2025-01-29 01:30:37,320 - INFO -   Training Accuracy: 0.9848
2025-01-29 01:30:37,326 - INFO - Model saved to ./results/best_model_epoch_51.pth
2025-01-29 01:30:37,326 - INFO -   New best loss achieved! Model saved.
2025-01-29 01:31:03,256 - INFO - Epoch 52 Results:
2025-01-29 01:31:03,257 - INFO -   Average Loss: 0.9757
2025-01-29 01:31:03,257 - INFO -   Training Accuracy: 0.9851
2025-01-29 01:31:03,262 - INFO - Model saved to ./results/best_model_epoch_52.pth
2025-01-29 01:31:03,262 - INFO -   New best loss achieved! Model saved.
2025-01-29 01:31:27,767 - INFO - Epoch 53 Results:
2025-01-29 01:31:27,767 - INFO -   Average Loss: 0.9761
2025-01-29 01:31:27,767 - INFO -   Training Accuracy: 0.9845
2025-01-29 01:31:27,767 - INFO -   No improvement for 1 epochs
2025-01-29 01:31:54,215 - INFO - Epoch 54 Results:
2025-01-29 01:31:54,215 - INFO -   Average Loss: 0.9743
2025-01-29 01:31:54,215 - INFO -   Training Accuracy: 0.9845
2025-01-29 01:31:54,221 - INFO - Model saved to ./results/best_model_epoch_54.pth
2025-01-29 01:31:54,221 - INFO -   New best loss achieved! Model saved.
2025-01-29 01:32:16,789 - INFO - Epoch 55 Results:
2025-01-29 01:32:16,789 - INFO -   Average Loss: 0.9729
2025-01-29 01:32:16,789 - INFO -   Training Accuracy: 0.9849
2025-01-29 01:32:16,795 - INFO - Model saved to ./results/best_model_epoch_55.pth
2025-01-29 01:32:16,795 - INFO -   New best loss achieved! Model saved.
2025-01-29 01:32:40,718 - INFO - Epoch 56 Results:
2025-01-29 01:32:40,718 - INFO -   Average Loss: 0.9727
2025-01-29 01:32:40,719 - INFO -   Training Accuracy: 0.9842
2025-01-29 01:32:40,725 - INFO - Model saved to ./results/best_model_epoch_56.pth
2025-01-29 01:32:40,725 - INFO -   New best loss achieved! Model saved.
2025-01-29 01:33:07,669 - INFO - Epoch 57 Results:
2025-01-29 01:33:07,670 - INFO -   Average Loss: 0.9707
2025-01-29 01:33:07,670 - INFO -   Training Accuracy: 0.9844
2025-01-29 01:33:07,675 - INFO - Model saved to ./results/best_model_epoch_57.pth
2025-01-29 01:33:07,675 - INFO -   New best loss achieved! Model saved.
2025-01-29 01:33:34,963 - INFO - Epoch 58 Results:
2025-01-29 01:33:34,964 - INFO -   Average Loss: 0.9711
2025-01-29 01:33:34,964 - INFO -   Training Accuracy: 0.9839
2025-01-29 01:33:34,964 - INFO -   No improvement for 1 epochs
2025-01-29 01:34:02,765 - INFO - Epoch 59 Results:
2025-01-29 01:34:02,765 - INFO -   Average Loss: 0.9689
2025-01-29 01:34:02,765 - INFO -   Training Accuracy: 0.9847
2025-01-29 01:34:02,772 - INFO - Model saved to ./results/best_model_epoch_59.pth
2025-01-29 01:34:02,772 - INFO -   New best loss achieved! Model saved.
2025-01-29 01:34:29,580 - INFO - Epoch 60 Results:
2025-01-29 01:34:29,581 - INFO -   Average Loss: 0.9666
2025-01-29 01:34:29,581 - INFO -   Training Accuracy: 0.9857
2025-01-29 01:34:29,586 - INFO - Model saved to ./results/best_model_epoch_60.pth
2025-01-29 01:34:29,587 - INFO -   New best loss achieved! Model saved.
2025-01-29 01:34:54,552 - INFO - Epoch 61 Results:
2025-01-29 01:34:54,552 - INFO -   Average Loss: 0.9684
2025-01-29 01:34:54,552 - INFO -   Training Accuracy: 0.9838
2025-01-29 01:34:54,552 - INFO -   No improvement for 1 epochs
2025-01-29 01:35:17,564 - INFO - Epoch 62 Results:
2025-01-29 01:35:17,564 - INFO -   Average Loss: 0.9660
2025-01-29 01:35:17,564 - INFO -   Training Accuracy: 0.9848
2025-01-29 01:35:17,570 - INFO - Model saved to ./results/best_model_epoch_62.pth
2025-01-29 01:35:17,570 - INFO -   New best loss achieved! Model saved.
2025-01-29 01:35:42,623 - INFO - Epoch 63 Results:
2025-01-29 01:35:42,623 - INFO -   Average Loss: 0.9658
2025-01-29 01:35:42,623 - INFO -   Training Accuracy: 0.9849
2025-01-29 01:35:42,630 - INFO - Model saved to ./results/best_model_epoch_63.pth
2025-01-29 01:35:42,630 - INFO -   New best loss achieved! Model saved.
2025-01-29 01:36:08,104 - INFO - Epoch 64 Results:
2025-01-29 01:36:08,104 - INFO -   Average Loss: 0.9632
2025-01-29 01:36:08,104 - INFO -   Training Accuracy: 0.9858
2025-01-29 01:36:08,111 - INFO - Model saved to ./results/best_model_epoch_64.pth
2025-01-29 01:36:08,112 - INFO -   New best loss achieved! Model saved.
2025-01-29 01:36:32,484 - INFO - Epoch 65 Results:
2025-01-29 01:36:32,484 - INFO -   Average Loss: 0.9641
2025-01-29 01:36:32,484 - INFO -   Training Accuracy: 0.9850
2025-01-29 01:36:32,484 - INFO -   No improvement for 1 epochs
2025-01-29 01:36:57,844 - INFO - Epoch 66 Results:
2025-01-29 01:36:57,845 - INFO -   Average Loss: 0.9626
2025-01-29 01:36:57,845 - INFO -   Training Accuracy: 0.9849
2025-01-29 01:36:57,850 - INFO - Model saved to ./results/best_model_epoch_66.pth
2025-01-29 01:36:57,850 - INFO -   New best loss achieved! Model saved.
2025-01-29 01:37:22,603 - INFO - Epoch 67 Results:
2025-01-29 01:37:22,603 - INFO -   Average Loss: 0.9616
2025-01-29 01:37:22,603 - INFO -   Training Accuracy: 0.9851
2025-01-29 01:37:22,610 - INFO - Model saved to ./results/best_model_epoch_67.pth
2025-01-29 01:37:22,610 - INFO -   New best loss achieved! Model saved.
2025-01-29 01:37:46,352 - INFO - Epoch 68 Results:
2025-01-29 01:37:46,352 - INFO -   Average Loss: 0.9617
2025-01-29 01:37:46,352 - INFO -   Training Accuracy: 0.9847
2025-01-29 01:37:46,352 - INFO -   No improvement for 1 epochs
2025-01-29 01:38:15,161 - INFO - Epoch 69 Results:
2025-01-29 01:38:15,162 - INFO -   Average Loss: 0.9593
2025-01-29 01:38:15,162 - INFO -   Training Accuracy: 0.9853
2025-01-29 01:38:15,168 - INFO - Model saved to ./results/best_model_epoch_69.pth
2025-01-29 01:38:15,168 - INFO -   New best loss achieved! Model saved.
2025-01-29 01:38:48,658 - INFO - Epoch 70 Results:
2025-01-29 01:38:48,658 - INFO -   Average Loss: 0.9595
2025-01-29 01:38:48,658 - INFO -   Training Accuracy: 0.9848
2025-01-29 01:38:48,658 - INFO -   No improvement for 1 epochs
2025-01-29 01:39:21,198 - INFO - Epoch 71 Results:
2025-01-29 01:39:21,198 - INFO -   Average Loss: 0.9589
2025-01-29 01:39:21,198 - INFO -   Training Accuracy: 0.9850
2025-01-29 01:39:21,214 - INFO - Model saved to ./results/best_model_epoch_71.pth
2025-01-29 01:39:21,214 - INFO -   New best loss achieved! Model saved.
2025-01-29 01:39:55,784 - INFO - Epoch 72 Results:
2025-01-29 01:39:55,784 - INFO -   Average Loss: 0.9569
2025-01-29 01:39:55,784 - INFO -   Training Accuracy: 0.9859
2025-01-29 01:39:55,790 - INFO - Model saved to ./results/best_model_epoch_72.pth
2025-01-29 01:39:55,790 - INFO -   New best loss achieved! Model saved.
2025-01-29 01:40:31,274 - INFO - Epoch 73 Results:
2025-01-29 01:40:31,274 - INFO -   Average Loss: 0.9571
2025-01-29 01:40:31,274 - INFO -   Training Accuracy: 0.9853
2025-01-29 01:40:31,274 - INFO -   No improvement for 1 epochs
2025-01-29 01:41:08,758 - INFO - Epoch 74 Results:
2025-01-29 01:41:08,758 - INFO -   Average Loss: 0.9583
2025-01-29 01:41:08,758 - INFO -   Training Accuracy: 0.9844
2025-01-29 01:41:08,758 - INFO -   No improvement for 2 epochs
2025-01-29 01:41:45,592 - INFO - Epoch 75 Results:
2025-01-29 01:41:45,592 - INFO -   Average Loss: 0.9554
2025-01-29 01:41:45,592 - INFO -   Training Accuracy: 0.9860
2025-01-29 01:41:45,598 - INFO - Model saved to ./results/best_model_epoch_75.pth
2025-01-29 01:41:45,598 - INFO -   New best loss achieved! Model saved.
2025-01-29 01:42:23,472 - INFO - Epoch 76 Results:
2025-01-29 01:42:23,472 - INFO -   Average Loss: 0.9547
2025-01-29 01:42:23,472 - INFO -   Training Accuracy: 0.9862
2025-01-29 01:42:23,483 - INFO - Model saved to ./results/best_model_epoch_76.pth
2025-01-29 01:42:23,483 - INFO -   New best loss achieved! Model saved.
2025-01-29 01:42:59,283 - INFO - Epoch 77 Results:
2025-01-29 01:42:59,283 - INFO -   Average Loss: 0.9567
2025-01-29 01:42:59,283 - INFO -   Training Accuracy: 0.9848
2025-01-29 01:42:59,283 - INFO -   No improvement for 1 epochs
2025-01-29 01:43:37,402 - INFO - Epoch 78 Results:
2025-01-29 01:43:37,402 - INFO -   Average Loss: 0.9544
2025-01-29 01:43:37,402 - INFO -   Training Accuracy: 0.9857
2025-01-29 01:43:37,408 - INFO - Model saved to ./results/best_model_epoch_78.pth
2025-01-29 01:43:37,408 - INFO -   New best loss achieved! Model saved.
2025-01-29 01:44:18,407 - INFO - Epoch 79 Results:
2025-01-29 01:44:18,407 - INFO -   Average Loss: 0.9539
2025-01-29 01:44:18,407 - INFO -   Training Accuracy: 0.9857
2025-01-29 01:44:18,413 - INFO - Model saved to ./results/best_model_epoch_79.pth
2025-01-29 01:44:18,413 - INFO -   New best loss achieved! Model saved.
2025-01-29 01:44:59,120 - INFO - Epoch 80 Results:
2025-01-29 01:44:59,120 - INFO -   Average Loss: 0.9550
2025-01-29 01:44:59,120 - INFO -   Training Accuracy: 0.9848
2025-01-29 01:44:59,120 - INFO -   No improvement for 1 epochs
2025-01-29 01:45:42,247 - INFO - Epoch 81 Results:
2025-01-29 01:45:42,248 - INFO -   Average Loss: 0.9544
2025-01-29 01:45:42,248 - INFO -   Training Accuracy: 0.9850
2025-01-29 01:45:42,248 - INFO -   No improvement for 2 epochs
2025-01-29 01:46:27,793 - INFO - Epoch 82 Results:
2025-01-29 01:46:27,793 - INFO -   Average Loss: 0.9534
2025-01-29 01:46:27,793 - INFO -   Training Accuracy: 0.9852
2025-01-29 01:46:27,799 - INFO - Model saved to ./results/best_model_epoch_82.pth
2025-01-29 01:46:27,799 - INFO -   New best loss achieved! Model saved.
2025-01-29 01:47:15,643 - INFO - Epoch 83 Results:
2025-01-29 01:47:15,644 - INFO -   Average Loss: 0.9531
2025-01-29 01:47:15,644 - INFO -   Training Accuracy: 0.9852
2025-01-29 01:47:15,651 - INFO - Model saved to ./results/best_model_epoch_83.pth
2025-01-29 01:47:15,651 - INFO -   New best loss achieved! Model saved.
2025-01-29 01:47:58,969 - INFO - Epoch 84 Results:
2025-01-29 01:47:58,970 - INFO -   Average Loss: 0.9523
2025-01-29 01:47:58,970 - INFO -   Training Accuracy: 0.9853
2025-01-29 01:47:58,974 - INFO - Model saved to ./results/best_model_epoch_84.pth
2025-01-29 01:47:58,975 - INFO -   New best loss achieved! Model saved.
2025-01-29 01:48:41,494 - INFO - Epoch 85 Results:
2025-01-29 01:48:41,494 - INFO -   Average Loss: 0.9514
2025-01-29 01:48:41,494 - INFO -   Training Accuracy: 0.9857
2025-01-29 01:48:41,500 - INFO - Model saved to ./results/best_model_epoch_85.pth
2025-01-29 01:48:41,500 - INFO -   New best loss achieved! Model saved.
2025-01-29 01:49:25,621 - INFO - Epoch 86 Results:
2025-01-29 01:49:25,621 - INFO -   Average Loss: 0.9543
2025-01-29 01:49:25,621 - INFO -   Training Accuracy: 0.9841
2025-01-29 01:49:25,621 - INFO -   No improvement for 1 epochs
2025-01-29 01:50:09,384 - INFO - Epoch 87 Results:
2025-01-29 01:50:09,384 - INFO -   Average Loss: 0.9518
2025-01-29 01:50:09,384 - INFO -   Training Accuracy: 0.9855
2025-01-29 01:50:09,384 - INFO -   No improvement for 2 epochs
2025-01-29 01:50:50,907 - INFO - Epoch 88 Results:
2025-01-29 01:50:50,907 - INFO -   Average Loss: 0.9514
2025-01-29 01:50:50,907 - INFO -   Training Accuracy: 0.9855
2025-01-29 01:50:50,913 - INFO - Model saved to ./results/best_model_epoch_88.pth
2025-01-29 01:50:50,913 - INFO -   New best loss achieved! Model saved.
2025-01-29 01:51:30,078 - INFO - Epoch 89 Results:
2025-01-29 01:51:30,079 - INFO -   Average Loss: 0.9490
2025-01-29 01:51:30,079 - INFO -   Training Accuracy: 0.9862
2025-01-29 01:51:30,086 - INFO - Model saved to ./results/best_model_epoch_89.pth
2025-01-29 01:51:30,086 - INFO -   New best loss achieved! Model saved.
2025-01-29 01:52:12,899 - INFO - Epoch 90 Results:
2025-01-29 01:52:12,899 - INFO -   Average Loss: 0.9510
2025-01-29 01:52:12,900 - INFO -   Training Accuracy: 0.9852
2025-01-29 01:52:12,900 - INFO -   No improvement for 1 epochs
2025-01-29 01:52:55,137 - INFO - Epoch 91 Results:
2025-01-29 01:52:55,137 - INFO -   Average Loss: 0.9500
2025-01-29 01:52:55,137 - INFO -   Training Accuracy: 0.9856
2025-01-29 01:52:55,137 - INFO -   No improvement for 2 epochs
2025-01-29 01:53:39,090 - INFO - Epoch 92 Results:
2025-01-29 01:53:39,090 - INFO -   Average Loss: 0.9509
2025-01-29 01:53:39,090 - INFO -   Training Accuracy: 0.9849
2025-01-29 01:53:39,090 - INFO -   No improvement for 3 epochs
2025-01-29 01:54:20,676 - INFO - Epoch 93 Results:
2025-01-29 01:54:20,676 - INFO -   Average Loss: 0.9492
2025-01-29 01:54:20,676 - INFO -   Training Accuracy: 0.9860
2025-01-29 01:54:20,676 - INFO -   No improvement for 4 epochs
2025-01-29 01:55:03,135 - INFO - Epoch 94 Results:
2025-01-29 01:55:03,135 - INFO -   Average Loss: 0.9503
2025-01-29 01:55:03,136 - INFO -   Training Accuracy: 0.9853
2025-01-29 01:55:03,136 - INFO -   No improvement for 5 epochs
2025-01-29 01:55:46,393 - INFO - Epoch 95 Results:
2025-01-29 01:55:46,393 - INFO -   Average Loss: 0.9488
2025-01-29 01:55:46,393 - INFO -   Training Accuracy: 0.9860
2025-01-29 01:55:46,400 - INFO - Model saved to ./results/best_model_epoch_95.pth
2025-01-29 01:55:46,400 - INFO -   New best loss achieved! Model saved.
2025-01-29 01:56:29,018 - INFO - Epoch 96 Results:
2025-01-29 01:56:29,018 - INFO -   Average Loss: 0.9491
2025-01-29 01:56:29,018 - INFO -   Training Accuracy: 0.9856
2025-01-29 01:56:29,018 - INFO -   No improvement for 1 epochs
2025-01-29 01:57:11,558 - INFO - Epoch 97 Results:
2025-01-29 01:57:11,558 - INFO -   Average Loss: 0.9500
2025-01-29 01:57:11,558 - INFO -   Training Accuracy: 0.9853
2025-01-29 01:57:11,558 - INFO -   No improvement for 2 epochs
2025-01-29 01:57:52,101 - INFO - Epoch 98 Results:
2025-01-29 01:57:52,102 - INFO -   Average Loss: 0.9488
2025-01-29 01:57:52,102 - INFO -   Training Accuracy: 0.9856
2025-01-29 01:57:52,102 - INFO -   No improvement for 3 epochs
2025-01-29 01:58:28,635 - INFO - Epoch 99 Results:
2025-01-29 01:58:28,635 - INFO -   Average Loss: 0.9483
2025-01-29 01:58:28,635 - INFO -   Training Accuracy: 0.9855
2025-01-29 01:58:28,640 - INFO - Model saved to ./results/best_model_epoch_99.pth
2025-01-29 01:58:28,640 - INFO -   New best loss achieved! Model saved.
2025-01-29 01:59:05,609 - INFO - Epoch 100 Results:
2025-01-29 01:59:05,609 - INFO -   Average Loss: 0.9519
2025-01-29 01:59:05,609 - INFO -   Training Accuracy: 0.9836
2025-01-29 01:59:05,609 - INFO -   No improvement for 1 epochs
2025-01-29 02:00:01,441 - INFO - Epoch 101 Results:
2025-01-29 02:00:01,441 - INFO -   Average Loss: 0.9509
2025-01-29 02:00:01,441 - INFO -   Training Accuracy: 0.9837
2025-01-29 02:00:01,441 - INFO -   No improvement for 2 epochs
2025-01-29 02:01:04,195 - INFO - Epoch 102 Results:
2025-01-29 02:01:04,195 - INFO -   Average Loss: 0.9485
2025-01-29 02:01:04,195 - INFO -   Training Accuracy: 0.9854
2025-01-29 02:01:04,196 - INFO -   No improvement for 3 epochs
2025-01-29 02:02:17,474 - INFO - Epoch 103 Results:
2025-01-29 02:02:17,474 - INFO -   Average Loss: 0.9470
2025-01-29 02:02:17,475 - INFO -   Training Accuracy: 0.9858
2025-01-29 02:02:17,488 - INFO - Model saved to ./results/best_model_epoch_103.pth
2025-01-29 02:02:17,489 - INFO -   New best loss achieved! Model saved.
2025-01-29 02:03:29,272 - INFO - Epoch 104 Results:
2025-01-29 02:03:29,272 - INFO -   Average Loss: 0.9484
2025-01-29 02:03:29,272 - INFO -   Training Accuracy: 0.9851
2025-01-29 02:03:29,273 - INFO -   No improvement for 1 epochs
2025-01-29 02:04:37,803 - INFO - Epoch 105 Results:
2025-01-29 02:04:37,803 - INFO -   Average Loss: 0.9473
2025-01-29 02:04:37,803 - INFO -   Training Accuracy: 0.9853
2025-01-29 02:04:37,803 - INFO -   No improvement for 2 epochs
2025-01-29 02:05:49,888 - INFO - Epoch 106 Results:
2025-01-29 02:05:49,888 - INFO -   Average Loss: 0.9463
2025-01-29 02:05:49,888 - INFO -   Training Accuracy: 0.9860
2025-01-29 02:05:49,896 - INFO - Model saved to ./results/best_model_epoch_106.pth
2025-01-29 02:05:49,896 - INFO -   New best loss achieved! Model saved.
2025-01-29 02:07:01,553 - INFO - Epoch 107 Results:
2025-01-29 02:07:01,554 - INFO -   Average Loss: 0.9472
2025-01-29 02:07:01,554 - INFO -   Training Accuracy: 0.9855
2025-01-29 02:07:01,554 - INFO -   No improvement for 1 epochs
2025-01-29 02:07:53,059 - INFO - Epoch 108 Results:
2025-01-29 02:07:53,059 - INFO -   Average Loss: 0.9465
2025-01-29 02:07:53,059 - INFO -   Training Accuracy: 0.9854
2025-01-29 02:07:53,059 - INFO -   No improvement for 2 epochs
2025-01-29 02:08:33,204 - INFO - Epoch 109 Results:
2025-01-29 02:08:33,204 - INFO -   Average Loss: 0.9483
2025-01-29 02:08:33,204 - INFO -   Training Accuracy: 0.9847
2025-01-29 02:08:33,204 - INFO -   No improvement for 3 epochs
2025-01-29 02:09:12,501 - INFO - Epoch 110 Results:
2025-01-29 02:09:12,502 - INFO -   Average Loss: 0.9515
2025-01-29 02:09:12,502 - INFO -   Training Accuracy: 0.9829
2025-01-29 02:09:12,502 - INFO -   No improvement for 4 epochs
2025-01-29 02:09:50,541 - INFO - Epoch 111 Results:
2025-01-29 02:09:50,541 - INFO -   Average Loss: 0.9468
2025-01-29 02:09:50,541 - INFO -   Training Accuracy: 0.9850
2025-01-29 02:09:50,541 - INFO -   No improvement for 5 epochs
2025-01-29 02:10:29,447 - INFO - Epoch 112 Results:
2025-01-29 02:10:29,447 - INFO -   Average Loss: 0.9455
2025-01-29 02:10:29,447 - INFO -   Training Accuracy: 0.9859
2025-01-29 02:10:29,452 - INFO - Model saved to ./results/best_model_epoch_112.pth
2025-01-29 02:10:29,453 - INFO -   New best loss achieved! Model saved.
2025-01-29 02:11:06,357 - INFO - Epoch 113 Results:
2025-01-29 02:11:06,357 - INFO -   Average Loss: 0.9471
2025-01-29 02:11:06,357 - INFO -   Training Accuracy: 0.9848
2025-01-29 02:11:06,357 - INFO -   No improvement for 1 epochs
2025-01-29 02:11:45,555 - INFO - Epoch 114 Results:
2025-01-29 02:11:45,555 - INFO -   Average Loss: 0.9484
2025-01-29 02:11:45,555 - INFO -   Training Accuracy: 0.9843
2025-01-29 02:11:45,555 - INFO -   No improvement for 2 epochs
2025-01-29 02:12:25,359 - INFO - Epoch 115 Results:
2025-01-29 02:12:25,359 - INFO -   Average Loss: 0.9479
2025-01-29 02:12:25,359 - INFO -   Training Accuracy: 0.9844
2025-01-29 02:12:25,359 - INFO -   No improvement for 3 epochs
2025-01-29 02:13:07,098 - INFO - Epoch 116 Results:
2025-01-29 02:13:07,098 - INFO -   Average Loss: 0.9445
2025-01-29 02:13:07,098 - INFO -   Training Accuracy: 0.9857
2025-01-29 02:13:07,104 - INFO - Model saved to ./results/best_model_epoch_116.pth
2025-01-29 02:13:07,104 - INFO -   New best loss achieved! Model saved.
2025-01-29 02:13:51,516 - INFO - Epoch 117 Results:
2025-01-29 02:13:51,517 - INFO -   Average Loss: 0.9462
2025-01-29 02:13:51,517 - INFO -   Training Accuracy: 0.9851
2025-01-29 02:13:51,517 - INFO -   No improvement for 1 epochs
2025-01-29 02:14:38,039 - INFO - Epoch 118 Results:
2025-01-29 02:14:38,040 - INFO -   Average Loss: 0.9466
2025-01-29 02:14:38,040 - INFO -   Training Accuracy: 0.9847
2025-01-29 02:14:38,040 - INFO -   No improvement for 2 epochs
2025-01-29 02:15:26,683 - INFO - Epoch 119 Results:
2025-01-29 02:15:26,683 - INFO -   Average Loss: 0.9461
2025-01-29 02:15:26,684 - INFO -   Training Accuracy: 0.9851
2025-01-29 02:15:26,684 - INFO -   No improvement for 3 epochs
2025-01-29 02:16:14,973 - INFO - Epoch 120 Results:
2025-01-29 02:16:14,973 - INFO -   Average Loss: 0.9463
2025-01-29 02:16:14,974 - INFO -   Training Accuracy: 0.9847
2025-01-29 02:16:14,974 - INFO -   No improvement for 4 epochs
2025-01-29 02:17:04,593 - INFO - Epoch 121 Results:
2025-01-29 02:17:04,593 - INFO -   Average Loss: 0.9459
2025-01-29 02:17:04,593 - INFO -   Training Accuracy: 0.9850
2025-01-29 02:17:04,593 - INFO -   No improvement for 5 epochs
2025-01-29 02:17:53,197 - INFO - Epoch 122 Results:
2025-01-29 02:17:53,197 - INFO -   Average Loss: 0.9451
2025-01-29 02:17:53,197 - INFO -   Training Accuracy: 0.9852
2025-01-29 02:17:53,197 - INFO -   No improvement for 6 epochs
2025-01-29 02:18:41,226 - INFO - Epoch 123 Results:
2025-01-29 02:18:41,226 - INFO -   Average Loss: 0.9439
2025-01-29 02:18:41,226 - INFO -   Training Accuracy: 0.9861
2025-01-29 02:18:41,232 - INFO - Model saved to ./results/best_model_epoch_123.pth
2025-01-29 02:18:41,232 - INFO -   New best loss achieved! Model saved.
2025-01-29 02:19:27,815 - INFO - Epoch 124 Results:
2025-01-29 02:19:27,815 - INFO -   Average Loss: 0.9449
2025-01-29 02:19:27,815 - INFO -   Training Accuracy: 0.9853
2025-01-29 02:19:27,815 - INFO -   No improvement for 1 epochs
2025-01-29 02:20:10,549 - INFO - Epoch 125 Results:
2025-01-29 02:20:10,549 - INFO -   Average Loss: 0.9454
2025-01-29 02:20:10,549 - INFO -   Training Accuracy: 0.9849
2025-01-29 02:20:10,549 - INFO -   No improvement for 2 epochs
2025-01-29 02:20:52,410 - INFO - Epoch 126 Results:
2025-01-29 02:20:52,410 - INFO -   Average Loss: 0.9470
2025-01-29 02:20:52,410 - INFO -   Training Accuracy: 0.9842
2025-01-29 02:20:52,410 - INFO -   No improvement for 3 epochs
2025-01-29 02:21:35,068 - INFO - Epoch 127 Results:
2025-01-29 02:21:35,068 - INFO -   Average Loss: 0.9442
2025-01-29 02:21:35,068 - INFO -   Training Accuracy: 0.9854
2025-01-29 02:21:35,068 - INFO -   No improvement for 4 epochs
2025-01-29 02:22:19,224 - INFO - Epoch 128 Results:
2025-01-29 02:22:19,224 - INFO -   Average Loss: 0.9446
2025-01-29 02:22:19,224 - INFO -   Training Accuracy: 0.9850
2025-01-29 02:22:19,224 - INFO -   No improvement for 5 epochs
2025-01-29 02:23:03,129 - INFO - Epoch 129 Results:
2025-01-29 02:23:03,129 - INFO -   Average Loss: 0.9455
2025-01-29 02:23:03,129 - INFO -   Training Accuracy: 0.9849
2025-01-29 02:23:03,129 - INFO -   No improvement for 6 epochs
2025-01-29 02:23:47,393 - INFO - Epoch 130 Results:
2025-01-29 02:23:47,393 - INFO -   Average Loss: 0.9452
2025-01-29 02:23:47,393 - INFO -   Training Accuracy: 0.9848
2025-01-29 02:23:47,393 - INFO -   No improvement for 7 epochs
2025-01-29 02:24:30,179 - INFO - Epoch 131 Results:
2025-01-29 02:24:30,179 - INFO -   Average Loss: 0.9467
2025-01-29 02:24:30,179 - INFO -   Training Accuracy: 0.9834
2025-01-29 02:24:30,179 - INFO -   No improvement for 8 epochs
2025-01-29 02:25:14,595 - INFO - Epoch 132 Results:
2025-01-29 02:25:14,595 - INFO -   Average Loss: 0.9422
2025-01-29 02:25:14,595 - INFO -   Training Accuracy: 0.9861
2025-01-29 02:25:14,600 - INFO - Model saved to ./results/best_model_epoch_132.pth
2025-01-29 02:25:14,601 - INFO -   New best loss achieved! Model saved.
2025-01-29 02:26:04,449 - INFO - Epoch 133 Results:
2025-01-29 02:26:04,449 - INFO -   Average Loss: 0.9406
2025-01-29 02:26:04,449 - INFO -   Training Accuracy: 0.9868
2025-01-29 02:26:04,456 - INFO - Model saved to ./results/best_model_epoch_133.pth
2025-01-29 02:26:04,456 - INFO -   New best loss achieved! Model saved.
2025-01-29 02:26:57,319 - INFO - Epoch 134 Results:
2025-01-29 02:26:57,319 - INFO -   Average Loss: 0.9394
2025-01-29 02:26:57,319 - INFO -   Training Accuracy: 0.9875
2025-01-29 02:26:57,325 - INFO - Model saved to ./results/best_model_epoch_134.pth
2025-01-29 02:26:57,325 - INFO -   New best loss achieved! Model saved.
2025-01-29 02:27:52,297 - INFO - Epoch 135 Results:
2025-01-29 02:27:52,298 - INFO -   Average Loss: 0.9397
2025-01-29 02:27:52,298 - INFO -   Training Accuracy: 0.9872
2025-01-29 02:27:52,298 - INFO -   No improvement for 1 epochs
2025-01-29 02:28:46,860 - INFO - Epoch 136 Results:
2025-01-29 02:28:46,860 - INFO -   Average Loss: 0.9387
2025-01-29 02:28:46,860 - INFO -   Training Accuracy: 0.9877
2025-01-29 02:28:46,866 - INFO - Model saved to ./results/best_model_epoch_136.pth
2025-01-29 02:28:46,866 - INFO -   New best loss achieved! Model saved.
2025-01-29 02:29:41,074 - INFO - Epoch 137 Results:
2025-01-29 02:29:41,074 - INFO -   Average Loss: 0.9389
2025-01-29 02:29:41,074 - INFO -   Training Accuracy: 0.9877
2025-01-29 02:29:41,074 - INFO -   No improvement for 1 epochs
2025-01-29 02:30:34,921 - INFO - Epoch 138 Results:
2025-01-29 02:30:34,921 - INFO -   Average Loss: 0.9404
2025-01-29 02:30:34,921 - INFO -   Training Accuracy: 0.9864
2025-01-29 02:30:34,921 - INFO -   No improvement for 2 epochs
2025-01-29 02:31:28,041 - INFO - Epoch 139 Results:
2025-01-29 02:31:28,041 - INFO -   Average Loss: 0.9390
2025-01-29 02:31:28,041 - INFO -   Training Accuracy: 0.9875
2025-01-29 02:31:28,041 - INFO -   No improvement for 3 epochs
2025-01-29 02:32:17,133 - INFO - Epoch 140 Results:
2025-01-29 02:32:17,133 - INFO -   Average Loss: 0.9384
2025-01-29 02:32:17,133 - INFO -   Training Accuracy: 0.9877
2025-01-29 02:32:17,138 - INFO - Model saved to ./results/best_model_epoch_140.pth
2025-01-29 02:32:17,138 - INFO -   New best loss achieved! Model saved.
2025-01-29 02:33:04,819 - INFO - Epoch 141 Results:
2025-01-29 02:33:04,819 - INFO -   Average Loss: 0.9388
2025-01-29 02:33:04,819 - INFO -   Training Accuracy: 0.9875
2025-01-29 02:33:04,819 - INFO -   No improvement for 1 epochs
2025-01-29 02:33:47,955 - INFO - Epoch 142 Results:
2025-01-29 02:33:47,955 - INFO -   Average Loss: 0.9377
2025-01-29 02:33:47,955 - INFO -   Training Accuracy: 0.9883
2025-01-29 02:33:47,970 - INFO - Model saved to ./results/best_model_epoch_142.pth
2025-01-29 02:33:47,970 - INFO -   New best loss achieved! Model saved.
2025-01-29 02:34:29,361 - INFO - Epoch 143 Results:
2025-01-29 02:34:29,362 - INFO -   Average Loss: 0.9375
2025-01-29 02:34:29,362 - INFO -   Training Accuracy: 0.9886
2025-01-29 02:34:29,367 - INFO - Model saved to ./results/best_model_epoch_143.pth
2025-01-29 02:34:29,367 - INFO -   New best loss achieved! Model saved.
2025-01-29 02:35:10,571 - INFO - Epoch 144 Results:
2025-01-29 02:35:10,571 - INFO -   Average Loss: 0.9378
2025-01-29 02:35:10,571 - INFO -   Training Accuracy: 0.9881
2025-01-29 02:35:10,571 - INFO -   No improvement for 1 epochs
2025-01-29 02:35:50,603 - INFO - Epoch 145 Results:
2025-01-29 02:35:50,603 - INFO -   Average Loss: 0.9372
2025-01-29 02:35:50,603 - INFO -   Training Accuracy: 0.9882
2025-01-29 02:35:50,609 - INFO - Model saved to ./results/best_model_epoch_145.pth
2025-01-29 02:35:50,609 - INFO -   New best loss achieved! Model saved.
2025-01-29 02:36:28,020 - INFO - Epoch 146 Results:
2025-01-29 02:36:28,020 - INFO -   Average Loss: 0.9374
2025-01-29 02:36:28,020 - INFO -   Training Accuracy: 0.9882
2025-01-29 02:36:28,020 - INFO -   No improvement for 1 epochs
2025-01-29 02:37:04,532 - INFO - Epoch 147 Results:
2025-01-29 02:37:04,532 - INFO -   Average Loss: 0.9373
2025-01-29 02:37:04,532 - INFO -   Training Accuracy: 0.9881
2025-01-29 02:37:04,532 - INFO -   No improvement for 2 epochs
2025-01-29 02:37:42,456 - INFO - Epoch 148 Results:
2025-01-29 02:37:42,456 - INFO -   Average Loss: 0.9372
2025-01-29 02:37:42,456 - INFO -   Training Accuracy: 0.9883
2025-01-29 02:37:42,456 - INFO -   No improvement for 3 epochs
2025-01-29 02:38:20,293 - INFO - Epoch 149 Results:
2025-01-29 02:38:20,294 - INFO -   Average Loss: 0.9377
2025-01-29 02:38:20,294 - INFO -   Training Accuracy: 0.9876
2025-01-29 02:38:20,294 - INFO -   No improvement for 4 epochs
2025-01-29 02:38:58,012 - INFO - Epoch 150 Results:
2025-01-29 02:38:58,012 - INFO -   Average Loss: 0.9364
2025-01-29 02:38:58,012 - INFO -   Training Accuracy: 0.9887
2025-01-29 02:38:58,016 - INFO - Model saved to ./results/best_model_epoch_150.pth
2025-01-29 02:38:58,016 - INFO -   New best loss achieved! Model saved.
2025-01-29 02:39:33,351 - INFO - Epoch 151 Results:
2025-01-29 02:39:33,351 - INFO -   Average Loss: 0.9362
2025-01-29 02:39:33,351 - INFO -   Training Accuracy: 0.9886
2025-01-29 02:39:33,357 - INFO - Model saved to ./results/best_model_epoch_151.pth
2025-01-29 02:39:33,357 - INFO -   New best loss achieved! Model saved.
2025-01-29 02:40:09,315 - INFO - Epoch 152 Results:
2025-01-29 02:40:09,315 - INFO -   Average Loss: 0.9369
2025-01-29 02:40:09,316 - INFO -   Training Accuracy: 0.9882
2025-01-29 02:40:09,316 - INFO -   No improvement for 1 epochs
2025-01-29 02:40:45,849 - INFO - Epoch 153 Results:
2025-01-29 02:40:45,850 - INFO -   Average Loss: 0.9376
2025-01-29 02:40:45,850 - INFO -   Training Accuracy: 0.9881
2025-01-29 02:40:45,850 - INFO -   No improvement for 2 epochs
2025-01-29 02:41:21,668 - INFO - Epoch 154 Results:
2025-01-29 02:41:21,668 - INFO -   Average Loss: 0.9363
2025-01-29 02:41:21,668 - INFO -   Training Accuracy: 0.9885
2025-01-29 02:41:21,669 - INFO -   No improvement for 3 epochs
2025-01-29 02:41:56,642 - INFO - Epoch 155 Results:
2025-01-29 02:41:56,642 - INFO -   Average Loss: 0.9365
2025-01-29 02:41:56,642 - INFO -   Training Accuracy: 0.9884
2025-01-29 02:41:56,642 - INFO -   No improvement for 4 epochs
2025-01-29 02:42:31,112 - INFO - Epoch 156 Results:
2025-01-29 02:42:31,112 - INFO -   Average Loss: 0.9363
2025-01-29 02:42:31,112 - INFO -   Training Accuracy: 0.9885
2025-01-29 02:42:31,112 - INFO -   No improvement for 5 epochs
2025-01-29 02:43:05,220 - INFO - Epoch 157 Results:
2025-01-29 02:43:05,220 - INFO -   Average Loss: 0.9359
2025-01-29 02:43:05,220 - INFO -   Training Accuracy: 0.9886
2025-01-29 02:43:05,226 - INFO - Model saved to ./results/best_model_epoch_157.pth
2025-01-29 02:43:05,226 - INFO -   New best loss achieved! Model saved.
2025-01-29 02:43:39,321 - INFO - Epoch 158 Results:
2025-01-29 02:43:39,321 - INFO -   Average Loss: 0.9351
2025-01-29 02:43:39,321 - INFO -   Training Accuracy: 0.9890
2025-01-29 02:43:39,326 - INFO - Model saved to ./results/best_model_epoch_158.pth
2025-01-29 02:43:39,326 - INFO -   New best loss achieved! Model saved.
2025-01-29 02:44:16,676 - INFO - Epoch 159 Results:
2025-01-29 02:44:16,676 - INFO -   Average Loss: 0.9357
2025-01-29 02:44:16,676 - INFO -   Training Accuracy: 0.9885
2025-01-29 02:44:16,676 - INFO -   No improvement for 1 epochs
2025-01-29 02:44:58,228 - INFO - Epoch 160 Results:
2025-01-29 02:44:58,229 - INFO -   Average Loss: 0.9356
2025-01-29 02:44:58,229 - INFO -   Training Accuracy: 0.9885
2025-01-29 02:44:58,229 - INFO -   No improvement for 2 epochs
2025-01-29 02:45:42,125 - INFO - Epoch 161 Results:
2025-01-29 02:45:42,125 - INFO -   Average Loss: 0.9372
2025-01-29 02:45:42,125 - INFO -   Training Accuracy: 0.9875
2025-01-29 02:45:42,125 - INFO -   No improvement for 3 epochs
2025-01-29 02:46:25,312 - INFO - Epoch 162 Results:
2025-01-29 02:46:25,312 - INFO -   Average Loss: 0.9357
2025-01-29 02:46:25,312 - INFO -   Training Accuracy: 0.9885
2025-01-29 02:46:25,312 - INFO -   No improvement for 4 epochs
2025-01-29 02:47:06,871 - INFO - Epoch 163 Results:
2025-01-29 02:47:06,871 - INFO -   Average Loss: 0.9359
2025-01-29 02:47:06,871 - INFO -   Training Accuracy: 0.9880
2025-01-29 02:47:06,871 - INFO -   No improvement for 5 epochs
2025-01-29 02:47:48,041 - INFO - Epoch 164 Results:
2025-01-29 02:47:48,041 - INFO -   Average Loss: 0.9345
2025-01-29 02:47:48,041 - INFO -   Training Accuracy: 0.9892
2025-01-29 02:47:48,047 - INFO - Model saved to ./results/best_model_epoch_164.pth
2025-01-29 02:47:48,047 - INFO -   New best loss achieved! Model saved.
2025-01-29 02:48:29,386 - INFO - Epoch 165 Results:
2025-01-29 02:48:29,386 - INFO -   Average Loss: 0.9373
2025-01-29 02:48:29,386 - INFO -   Training Accuracy: 0.9874
2025-01-29 02:48:29,386 - INFO -   No improvement for 1 epochs
2025-01-29 02:49:11,407 - INFO - Epoch 166 Results:
2025-01-29 02:49:11,407 - INFO -   Average Loss: 0.9346
2025-01-29 02:49:11,407 - INFO -   Training Accuracy: 0.9890
2025-01-29 02:49:11,407 - INFO -   No improvement for 2 epochs
2025-01-29 02:49:49,050 - INFO - Epoch 167 Results:
2025-01-29 02:49:49,050 - INFO -   Average Loss: 0.9347
2025-01-29 02:49:49,050 - INFO -   Training Accuracy: 0.9888
2025-01-29 02:49:49,050 - INFO -   No improvement for 3 epochs
2025-01-29 02:50:25,414 - INFO - Epoch 168 Results:
2025-01-29 02:50:25,415 - INFO -   Average Loss: 0.9364
2025-01-29 02:50:25,415 - INFO -   Training Accuracy: 0.9882
2025-01-29 02:50:25,415 - INFO -   No improvement for 4 epochs
2025-01-29 02:51:02,718 - INFO - Epoch 169 Results:
2025-01-29 02:51:02,718 - INFO -   Average Loss: 0.9350
2025-01-29 02:51:02,718 - INFO -   Training Accuracy: 0.9887
2025-01-29 02:51:02,718 - INFO -   No improvement for 5 epochs
2025-01-29 02:51:39,304 - INFO - Epoch 170 Results:
2025-01-29 02:51:39,304 - INFO -   Average Loss: 0.9353
2025-01-29 02:51:39,304 - INFO -   Training Accuracy: 0.9885
2025-01-29 02:51:39,304 - INFO -   No improvement for 6 epochs
2025-01-29 02:52:15,429 - INFO - Epoch 171 Results:
2025-01-29 02:52:15,429 - INFO -   Average Loss: 0.9357
2025-01-29 02:52:15,429 - INFO -   Training Accuracy: 0.9883
2025-01-29 02:52:15,429 - INFO -   No improvement for 7 epochs
2025-01-29 02:52:52,253 - INFO - Epoch 172 Results:
2025-01-29 02:52:52,253 - INFO -   Average Loss: 0.9360
2025-01-29 02:52:52,253 - INFO -   Training Accuracy: 0.9878
2025-01-29 02:52:52,253 - INFO -   No improvement for 8 epochs
2025-01-29 02:53:32,589 - INFO - Epoch 173 Results:
2025-01-29 02:53:32,589 - INFO -   Average Loss: 0.9338
2025-01-29 02:53:32,589 - INFO -   Training Accuracy: 0.9895
2025-01-29 02:53:32,594 - INFO - Model saved to ./results/best_model_epoch_173.pth
2025-01-29 02:53:32,595 - INFO -   New best loss achieved! Model saved.
2025-01-29 02:54:17,364 - INFO - Epoch 174 Results:
2025-01-29 02:54:17,364 - INFO -   Average Loss: 0.9323
2025-01-29 02:54:17,364 - INFO -   Training Accuracy: 0.9904
2025-01-29 02:54:17,371 - INFO - Model saved to ./results/best_model_epoch_174.pth
2025-01-29 02:54:17,371 - INFO -   New best loss achieved! Model saved.
2025-01-29 02:55:04,560 - INFO - Epoch 175 Results:
2025-01-29 02:55:04,560 - INFO -   Average Loss: 0.9314
2025-01-29 02:55:04,561 - INFO -   Training Accuracy: 0.9907
2025-01-29 02:55:04,567 - INFO - Model saved to ./results/best_model_epoch_175.pth
2025-01-29 02:55:04,567 - INFO -   New best loss achieved! Model saved.
2025-01-29 02:55:53,649 - INFO - Epoch 176 Results:
2025-01-29 02:55:53,649 - INFO -   Average Loss: 0.9322
2025-01-29 02:55:53,650 - INFO -   Training Accuracy: 0.9903
2025-01-29 02:55:53,650 - INFO -   No improvement for 1 epochs
2025-01-29 02:56:43,072 - INFO - Epoch 177 Results:
2025-01-29 02:56:43,072 - INFO -   Average Loss: 0.9321
2025-01-29 02:56:43,072 - INFO -   Training Accuracy: 0.9903
2025-01-29 02:56:43,072 - INFO -   No improvement for 2 epochs
2025-01-29 02:57:34,384 - INFO - Epoch 178 Results:
2025-01-29 02:57:34,384 - INFO -   Average Loss: 0.9328
2025-01-29 02:57:34,384 - INFO -   Training Accuracy: 0.9899
2025-01-29 02:57:34,384 - INFO -   No improvement for 3 epochs
2025-01-29 02:58:26,071 - INFO - Epoch 179 Results:
2025-01-29 02:58:26,072 - INFO -   Average Loss: 0.9324
2025-01-29 02:58:26,072 - INFO -   Training Accuracy: 0.9900
2025-01-29 02:58:26,072 - INFO -   No improvement for 4 epochs
2025-01-29 02:59:13,480 - INFO - Epoch 180 Results:
2025-01-29 02:59:13,480 - INFO -   Average Loss: 0.9317
2025-01-29 02:59:13,480 - INFO -   Training Accuracy: 0.9906
2025-01-29 02:59:13,480 - INFO -   No improvement for 5 epochs
2025-01-29 02:59:55,641 - INFO - Epoch 181 Results:
2025-01-29 02:59:55,641 - INFO -   Average Loss: 0.9314
2025-01-29 02:59:55,641 - INFO -   Training Accuracy: 0.9908
2025-01-29 02:59:55,641 - INFO -   No improvement for 6 epochs
2025-01-29 03:00:34,339 - INFO - Epoch 182 Results:
2025-01-29 03:00:34,339 - INFO -   Average Loss: 0.9317
2025-01-29 03:00:34,339 - INFO -   Training Accuracy: 0.9904
2025-01-29 03:00:34,339 - INFO -   No improvement for 7 epochs
2025-01-29 03:01:11,719 - INFO - Epoch 183 Results:
2025-01-29 03:01:11,719 - INFO -   Average Loss: 0.9320
2025-01-29 03:01:11,719 - INFO -   Training Accuracy: 0.9902
2025-01-29 03:01:11,719 - INFO -   No improvement for 8 epochs
2025-01-29 03:01:50,196 - INFO - Epoch 184 Results:
2025-01-29 03:01:50,196 - INFO -   Average Loss: 0.9309
2025-01-29 03:01:50,196 - INFO -   Training Accuracy: 0.9911
2025-01-29 03:01:50,202 - INFO - Model saved to ./results/best_model_epoch_184.pth
2025-01-29 03:01:50,202 - INFO -   New best loss achieved! Model saved.
2025-01-29 03:02:34,733 - INFO - Epoch 185 Results:
2025-01-29 03:02:34,733 - INFO -   Average Loss: 0.9301
2025-01-29 03:02:34,733 - INFO -   Training Accuracy: 0.9919
2025-01-29 03:02:34,739 - INFO - Model saved to ./results/best_model_epoch_185.pth
2025-01-29 03:02:34,739 - INFO -   New best loss achieved! Model saved.
2025-01-29 03:03:20,120 - INFO - Epoch 186 Results:
2025-01-29 03:03:20,120 - INFO -   Average Loss: 0.9305
2025-01-29 03:03:20,120 - INFO -   Training Accuracy: 0.9913
2025-01-29 03:03:20,120 - INFO -   No improvement for 1 epochs
2025-01-29 03:04:05,009 - INFO - Epoch 187 Results:
2025-01-29 03:04:05,009 - INFO -   Average Loss: 0.9305
2025-01-29 03:04:05,009 - INFO -   Training Accuracy: 0.9915
2025-01-29 03:04:05,009 - INFO -   No improvement for 2 epochs
2025-01-29 03:04:48,921 - INFO - Epoch 188 Results:
2025-01-29 03:04:48,921 - INFO -   Average Loss: 0.9296
2025-01-29 03:04:48,921 - INFO -   Training Accuracy: 0.9918
2025-01-29 03:04:48,926 - INFO - Model saved to ./results/best_model_epoch_188.pth
2025-01-29 03:04:48,927 - INFO -   New best loss achieved! Model saved.
2025-01-29 03:05:30,319 - INFO - Epoch 189 Results:
2025-01-29 03:05:30,319 - INFO -   Average Loss: 0.9297
2025-01-29 03:05:30,319 - INFO -   Training Accuracy: 0.9918
2025-01-29 03:05:30,319 - INFO -   No improvement for 1 epochs
2025-01-29 03:06:11,583 - INFO - Epoch 190 Results:
2025-01-29 03:06:11,584 - INFO -   Average Loss: 0.9305
2025-01-29 03:06:11,584 - INFO -   Training Accuracy: 0.9912
2025-01-29 03:06:11,584 - INFO -   No improvement for 2 epochs
2025-01-29 03:06:48,436 - INFO - Epoch 191 Results:
2025-01-29 03:06:48,436 - INFO -   Average Loss: 0.9292
2025-01-29 03:06:48,436 - INFO -   Training Accuracy: 0.9922
2025-01-29 03:06:48,441 - INFO - Model saved to ./results/best_model_epoch_191.pth
2025-01-29 03:06:48,441 - INFO -   New best loss achieved! Model saved.
2025-01-29 03:07:21,877 - INFO - Epoch 192 Results:
2025-01-29 03:07:21,877 - INFO -   Average Loss: 0.9297
2025-01-29 03:07:21,877 - INFO -   Training Accuracy: 0.9918
2025-01-29 03:07:21,877 - INFO -   No improvement for 1 epochs
2025-01-29 03:07:54,224 - INFO - Epoch 193 Results:
2025-01-29 03:07:54,224 - INFO -   Average Loss: 0.9296
2025-01-29 03:07:54,224 - INFO -   Training Accuracy: 0.9918
2025-01-29 03:07:54,224 - INFO -   No improvement for 2 epochs
2025-01-29 03:08:25,805 - INFO - Epoch 194 Results:
2025-01-29 03:08:25,806 - INFO -   Average Loss: 0.9297
2025-01-29 03:08:25,806 - INFO -   Training Accuracy: 0.9918
2025-01-29 03:08:25,806 - INFO -   No improvement for 3 epochs
2025-01-29 03:08:58,049 - INFO - Epoch 195 Results:
2025-01-29 03:08:58,049 - INFO -   Average Loss: 0.9300
2025-01-29 03:08:58,050 - INFO -   Training Accuracy: 0.9917
2025-01-29 03:08:58,050 - INFO -   No improvement for 4 epochs
2025-01-29 03:09:32,810 - INFO - Epoch 196 Results:
2025-01-29 03:09:32,810 - INFO -   Average Loss: 0.9297
2025-01-29 03:09:32,810 - INFO -   Training Accuracy: 0.9919
2025-01-29 03:09:32,810 - INFO -   No improvement for 5 epochs
2025-01-29 03:10:07,828 - INFO - Epoch 197 Results:
2025-01-29 03:10:07,828 - INFO -   Average Loss: 0.9300
2025-01-29 03:10:07,828 - INFO -   Training Accuracy: 0.9916
2025-01-29 03:10:07,828 - INFO -   No improvement for 6 epochs
2025-01-29 03:10:43,653 - INFO - Epoch 198 Results:
2025-01-29 03:10:43,653 - INFO -   Average Loss: 0.9297
2025-01-29 03:10:43,653 - INFO -   Training Accuracy: 0.9917
2025-01-29 03:10:43,653 - INFO -   No improvement for 7 epochs
2025-01-29 03:11:19,184 - INFO - Epoch 199 Results:
2025-01-29 03:11:19,184 - INFO -   Average Loss: 0.9296
2025-01-29 03:11:19,184 - INFO -   Training Accuracy: 0.9918
2025-01-29 03:11:19,184 - INFO -   No improvement for 8 epochs
2025-01-29 03:11:54,997 - INFO - Epoch 200 Results:
2025-01-29 03:11:54,997 - INFO -   Average Loss: 0.9288
2025-01-29 03:11:54,997 - INFO -   Training Accuracy: 0.9925
2025-01-29 03:11:55,003 - INFO - Model saved to ./results/best_model_epoch_200.pth
2025-01-29 03:11:55,003 - INFO -   New best loss achieved! Model saved.
2025-01-29 03:11:55,003 - INFO - 
Training completed!
2025-01-29 03:11:55,003 - INFO - Best loss achieved: 0.9288
2025-01-29 03:11:55,009 - INFO - Model saved to ./results/best_performance_predictor.pth
2025-01-29 03:11:55,009 - INFO - Starting model evaluation...
2025-01-29 03:11:58,904 - INFO - 
Detailed Evaluation Results:
2025-01-29 03:11:58,904 - INFO - ==================================================
2025-01-29 03:11:58,904 - INFO - EXTREME:
2025-01-29 03:11:58,904 - INFO -   Performance diff: > 0.5
2025-01-29 03:11:58,904 - INFO -   Total pairs: 1000
2025-01-29 03:11:58,904 - INFO -   Correct predictions: 809
2025-01-29 03:11:58,904 - INFO -   Accuracy: 0.8090
2025-01-29 03:11:58,904 - INFO - VERY_LARGE:
2025-01-29 03:11:58,904 - INFO -   Performance diff: 0.3 - 0.5
2025-01-29 03:11:58,904 - INFO -   Total pairs: 800
2025-01-29 03:11:58,904 - INFO -   Correct predictions: 562
2025-01-29 03:11:58,904 - INFO -   Accuracy: 0.7025
2025-01-29 03:11:58,904 - INFO - LARGE:
2025-01-29 03:11:58,904 - INFO -   Performance diff: 0.2 - 0.3
2025-01-29 03:11:58,904 - INFO -   Total pairs: 700
2025-01-29 03:11:58,904 - INFO -   Correct predictions: 473
2025-01-29 03:11:58,904 - INFO -   Accuracy: 0.6757
2025-01-29 03:11:58,904 - INFO - MEDIUM:
2025-01-29 03:11:58,904 - INFO -   Performance diff: 0.1 - 0.2
2025-01-29 03:11:58,904 - INFO -   Total pairs: 600
2025-01-29 03:11:58,904 - INFO -   Correct predictions: 422
2025-01-29 03:11:58,904 - INFO -   Accuracy: 0.7033
2025-01-29 03:11:58,904 - INFO - SMALL:
2025-01-29 03:11:58,904 - INFO -   Performance diff: 0.05 - 0.1
2025-01-29 03:11:58,904 - INFO -   Total pairs: 500
2025-01-29 03:11:58,904 - INFO -   Correct predictions: 346
2025-01-29 03:11:58,904 - INFO -   Accuracy: 0.6920
2025-01-29 03:11:58,904 - INFO - VERY_SMALL:
2025-01-29 03:11:58,904 - INFO -   Performance diff: 0.03 - 0.05
2025-01-29 03:11:58,905 - INFO -   Total pairs: 400
2025-01-29 03:11:58,905 - INFO -   Correct predictions: 289
2025-01-29 03:11:58,905 - INFO -   Accuracy: 0.7225
2025-01-29 03:11:58,905 - INFO - MINIMAL:
2025-01-29 03:11:58,905 - INFO -   Performance diff: ¡Ü 0.03
2025-01-29 03:11:58,905 - INFO -   Total pairs: 300
2025-01-29 03:11:58,905 - INFO -   Correct predictions: 183
2025-01-29 03:11:58,905 - INFO -   Accuracy: 0.6100
2025-01-29 03:11:58,905 - INFO - 
Overall Results:
2025-01-29 03:11:58,905 - INFO - Total test pairs: 4300
2025-01-29 03:11:58,905 - INFO - Total correct predictions: 3084
2025-01-29 03:11:58,905 - INFO - Overall accuracy: 0.7172
2025-01-29 03:11:58,905 - INFO - 
Poor Code Detection Results:
2025-01-29 03:11:58,905 - INFO - Total poor code pairs: 2500
2025-01-29 03:11:58,905 - INFO - Correctly identified: 1844
2025-01-29 03:11:58,905 - INFO - Poor code detection accuracy: 0.7376
