2025-01-05 09:56:11,808 - INFO - Loading data...
2025-01-05 09:56:13,055 - INFO - Loaded 2915 code samples
2025-01-05 09:56:13,055 - INFO - Performance statistics:
2025-01-05 09:56:13,055 - INFO -   Mean: 10.6621
2025-01-05 09:56:13,056 - INFO -   Std: 0.0755
2025-01-05 09:56:13,056 - INFO -   Min: 10.5913
2025-01-05 09:56:13,056 - INFO -   Max: 10.9718
2025-01-05 09:56:13,057 - INFO - Preparing training and test data...
2025-01-05 09:56:14,573 - INFO - Selected 5000 training pairs
2025-01-05 09:56:14,848 - INFO - Selected 1000 test pairs
2025-01-05 09:56:15,048 - INFO - Starting training...
2025-01-05 09:56:48,728 - INFO - Epoch 10/100, Loss: 0.0002
2025-01-05 09:57:30,312 - INFO - Epoch 20/100, Loss: 0.0000
2025-01-05 09:57:49,705 - INFO - Early stopping at epoch 25
2025-01-05 09:57:49,705 - INFO - Starting model evaluation...
2025-01-05 09:57:50,872 - INFO - 
Detailed Evaluation Results:
2025-01-05 09:57:50,872 - INFO - ==================================================
2025-01-05 09:57:50,872 - INFO - very_close:
2025-01-05 09:57:50,872 - INFO -   Total pairs: 630
2025-01-05 09:57:50,872 - INFO -   Correct predictions: 300
2025-01-05 09:57:50,872 - INFO -   Accuracy: 0.4762
2025-01-05 09:57:50,872 - INFO - close:
2025-01-05 09:57:50,872 - INFO -   Total pairs: 126
2025-01-05 09:57:50,872 - INFO -   Correct predictions: 62
2025-01-05 09:57:50,872 - INFO -   Accuracy: 0.4921
2025-01-05 09:57:50,872 - INFO - medium:
2025-01-05 09:57:50,873 - INFO -   Total pairs: 133
2025-01-05 09:57:50,873 - INFO -   Correct predictions: 86
2025-01-05 09:57:50,873 - INFO -   Accuracy: 0.6466
2025-01-05 09:57:50,873 - INFO - far:
2025-01-05 09:57:50,873 - INFO -   Total pairs: 111
2025-01-05 09:57:50,873 - INFO -   Correct predictions: 83
2025-01-05 09:57:50,873 - INFO -   Accuracy: 0.7477
2025-01-05 09:57:50,873 - INFO - 
Overall Results:
2025-01-05 09:57:50,873 - INFO - Total test pairs: 1000
2025-01-05 09:57:50,873 - INFO - Total correct predictions: 531
2025-01-05 09:57:50,873 - INFO - Overall accuracy: 0.5310
