2025-01-04 21:53:59,437 - INFO - Using device: cpu
2025-01-04 21:54:00,217 - INFO - Loading data...
2025-01-04 21:54:01,509 - INFO - Starting training...
2025-01-04 21:54:13,182 - INFO - Epoch 1/50, Loss: 0.2326
2025-01-04 21:54:20,672 - INFO - Epoch 2/50, Loss: 0.1151
2025-01-04 21:54:27,370 - INFO - Epoch 3/50, Loss: 0.1038
2025-01-04 21:54:33,764 - INFO - Epoch 4/50, Loss: 0.0984
2025-01-04 21:54:40,570 - INFO - Epoch 5/50, Loss: 0.0899
2025-01-04 21:54:46,946 - INFO - Epoch 6/50, Loss: 0.0937
2025-01-04 21:54:54,331 - INFO - Epoch 7/50, Loss: 0.0808
2025-01-04 21:55:01,321 - INFO - Epoch 8/50, Loss: 0.0753
2025-01-04 21:55:07,937 - INFO - Epoch 9/50, Loss: 0.0757
2025-01-04 21:55:15,086 - INFO - Epoch 10/50, Loss: 0.0709
2025-01-04 21:55:23,440 - INFO - Epoch 11/50, Loss: 0.0655
2025-01-04 21:55:31,711 - INFO - Epoch 12/50, Loss: 0.0651
2025-01-04 21:55:39,514 - INFO - Epoch 13/50, Loss: 0.0660
2025-01-04 21:55:47,397 - INFO - Epoch 14/50, Loss: 0.0606
2025-01-04 21:55:56,604 - INFO - Epoch 15/50, Loss: 0.0574
2025-01-04 21:56:05,129 - INFO - Epoch 16/50, Loss: 0.0578
2025-01-04 21:56:13,575 - INFO - Epoch 17/50, Loss: 0.0557
2025-01-04 21:56:22,324 - INFO - Epoch 18/50, Loss: 0.0577
2025-01-04 21:56:30,725 - INFO - Epoch 19/50, Loss: 0.0557
2025-01-04 21:56:39,538 - INFO - Epoch 20/50, Loss: 0.0541
2025-01-04 21:56:48,277 - INFO - Epoch 21/50, Loss: 0.0514
2025-01-04 21:56:58,528 - INFO - Epoch 22/50, Loss: 0.0505
2025-01-04 21:57:08,600 - INFO - Epoch 23/50, Loss: 0.0492
2025-01-04 21:57:18,016 - INFO - Epoch 24/50, Loss: 0.0527
2025-01-04 21:57:26,920 - INFO - Epoch 25/50, Loss: 0.0481
2025-01-04 21:57:38,046 - INFO - Epoch 26/50, Loss: 0.0493
2025-01-04 21:57:47,463 - INFO - Epoch 27/50, Loss: 0.0474
2025-01-04 21:57:57,746 - INFO - Epoch 28/50, Loss: 0.0464
2025-01-04 21:58:08,440 - INFO - Epoch 29/50, Loss: 0.0464
2025-01-04 21:58:17,626 - INFO - Epoch 30/50, Loss: 0.0429
2025-01-04 21:58:26,699 - INFO - Epoch 31/50, Loss: 0.0457
2025-01-04 21:58:35,806 - INFO - Epoch 32/50, Loss: 0.0435
2025-01-04 21:58:44,938 - INFO - Epoch 33/50, Loss: 0.0435
2025-01-04 21:58:54,132 - INFO - Epoch 34/50, Loss: 0.0430
2025-01-04 21:59:03,783 - INFO - Epoch 35/50, Loss: 0.0405
2025-01-04 21:59:12,738 - INFO - Epoch 36/50, Loss: 0.0435
2025-01-04 21:59:22,095 - INFO - Epoch 37/50, Loss: 0.0432
2025-01-04 21:59:31,486 - INFO - Epoch 38/50, Loss: 0.0392
2025-01-04 21:59:40,630 - INFO - Epoch 39/50, Loss: 0.0419
2025-01-04 21:59:49,769 - INFO - Epoch 40/50, Loss: 0.0382
2025-01-04 21:59:59,081 - INFO - Epoch 41/50, Loss: 0.0395
2025-01-04 22:00:08,605 - INFO - Epoch 42/50, Loss: 0.0436
2025-01-04 22:00:17,890 - INFO - Epoch 43/50, Loss: 0.0396
2025-01-04 22:00:27,140 - INFO - Epoch 44/50, Loss: 0.0390
2025-01-04 22:00:36,267 - INFO - Epoch 45/50, Loss: 0.0415
2025-01-04 22:00:45,481 - INFO - Epoch 46/50, Loss: 0.0409
2025-01-04 22:00:54,722 - INFO - Epoch 47/50, Loss: 0.0406
2025-01-04 22:01:03,954 - INFO - Epoch 48/50, Loss: 0.0357
2025-01-04 22:01:13,190 - INFO - Epoch 49/50, Loss: 0.0371
2025-01-04 22:01:22,445 - INFO - Epoch 50/50, Loss: 0.0352
2025-01-04 22:01:22,454 - INFO - Comparison results:
2025-01-04 22:01:22,455 - INFO - Code 1 predicted performance: 10.5786
2025-01-04 22:01:22,455 - INFO - Code 2 predicted performance: 10.5728
2025-01-04 22:01:22,455 - INFO - Is Code 1 better? False
2025-01-04 22:01:22,455 - INFO - Performance difference: 0.0059
