2025-01-05 09:21:51,511 - INFO - Using device: cpu
2025-01-05 09:21:52,688 - INFO - Loading data...
2025-01-05 09:21:53,954 - INFO - Preparing training and test data...
2025-01-05 09:21:53,955 - INFO - Split codes into 2332 training and 583 testing
2025-01-05 09:21:53,985 - INFO - Generated 23320 training samples and 100 test pairs
2025-01-05 09:21:53,985 - INFO - Starting training...
2025-01-05 09:22:02,669 - INFO - Epoch 1/50, Loss: 0.2674
2025-01-05 09:22:09,385 - INFO - Epoch 2/50, Loss: 0.1234
2025-01-05 09:22:15,517 - INFO - Epoch 3/50, Loss: 0.1079
2025-01-05 09:22:20,789 - INFO - Epoch 4/50, Loss: 0.0984
2025-01-05 09:22:25,845 - INFO - Epoch 5/50, Loss: 0.0937
2025-01-05 09:22:31,733 - INFO - Epoch 6/50, Loss: 0.0895
2025-01-05 09:22:37,454 - INFO - Epoch 7/50, Loss: 0.0822
2025-01-05 09:22:43,016 - INFO - Epoch 8/50, Loss: 0.0794
2025-01-05 09:22:48,681 - INFO - Epoch 9/50, Loss: 0.0773
2025-01-05 09:22:54,352 - INFO - Epoch 10/50, Loss: 0.1047
2025-01-05 09:23:00,055 - INFO - Epoch 11/50, Loss: 0.0735
2025-01-05 09:23:06,105 - INFO - Epoch 12/50, Loss: 0.0673
2025-01-05 09:23:12,227 - INFO - Epoch 13/50, Loss: 0.0655
2025-01-05 09:23:18,572 - INFO - Epoch 14/50, Loss: 0.0648
2025-01-05 09:23:25,074 - INFO - Epoch 15/50, Loss: 0.0643
2025-01-05 09:23:31,923 - INFO - Epoch 16/50, Loss: 0.0592
2025-01-05 09:23:38,483 - INFO - Epoch 17/50, Loss: 0.0602
2025-01-05 09:23:44,808 - INFO - Epoch 18/50, Loss: 0.0616
2025-01-05 09:23:51,728 - INFO - Epoch 19/50, Loss: 0.0576
2025-01-05 09:23:58,673 - INFO - Epoch 20/50, Loss: 0.0614
2025-01-05 09:24:05,542 - INFO - Epoch 21/50, Loss: 0.0617
2025-01-05 09:24:12,483 - INFO - Epoch 22/50, Loss: 0.0559
2025-01-05 09:24:19,318 - INFO - Epoch 23/50, Loss: 0.0619
2025-01-05 09:24:26,160 - INFO - Epoch 24/50, Loss: 0.0596
2025-01-05 09:24:33,163 - INFO - Epoch 25/50, Loss: 0.0540
2025-01-05 09:24:40,302 - INFO - Epoch 26/50, Loss: 0.0563
2025-01-05 09:24:47,271 - INFO - Epoch 27/50, Loss: 0.0500
2025-01-05 09:24:53,959 - INFO - Epoch 28/50, Loss: 0.0523
2025-01-05 09:25:01,040 - INFO - Epoch 29/50, Loss: 0.0508
2025-01-05 09:25:09,447 - INFO - Epoch 30/50, Loss: 0.0500
2025-01-05 09:25:18,745 - INFO - Epoch 31/50, Loss: 0.0470
2025-01-05 09:25:27,878 - INFO - Epoch 32/50, Loss: 0.0517
2025-01-05 09:25:37,345 - INFO - Epoch 33/50, Loss: 0.0505
2025-01-05 09:25:46,710 - INFO - Epoch 34/50, Loss: 0.0459
2025-01-05 09:25:55,467 - INFO - Epoch 35/50, Loss: 0.0472
2025-01-05 09:26:04,296 - INFO - Epoch 36/50, Loss: 0.0464
2025-01-05 09:26:12,872 - INFO - Epoch 37/50, Loss: 0.0440
2025-01-05 09:26:21,478 - INFO - Epoch 38/50, Loss: 0.0455
2025-01-05 09:26:29,981 - INFO - Epoch 39/50, Loss: 0.0438
2025-01-05 09:26:38,459 - INFO - Epoch 40/50, Loss: 0.0419
2025-01-05 09:26:47,050 - INFO - Epoch 41/50, Loss: 0.0476
2025-01-05 09:26:55,713 - INFO - Epoch 42/50, Loss: 0.0506
2025-01-05 09:27:03,974 - INFO - Epoch 43/50, Loss: 0.0459
2025-01-05 09:27:12,100 - INFO - Epoch 44/50, Loss: 0.0445
2025-01-05 09:27:20,497 - INFO - Epoch 45/50, Loss: 0.0445
2025-01-05 09:27:28,544 - INFO - Epoch 46/50, Loss: 0.0502
2025-01-05 09:27:37,861 - INFO - Epoch 47/50, Loss: 0.0490
2025-01-05 09:27:47,237 - INFO - Epoch 48/50, Loss: 0.0426
2025-01-05 09:27:56,709 - INFO - Epoch 49/50, Loss: 0.0423
2025-01-05 09:28:05,941 - INFO - Epoch 50/50, Loss: 0.0466
2025-01-05 09:28:05,961 - INFO - Starting model evaluation...
2025-01-05 09:28:06,145 - INFO - 
Detailed Evaluation Results:
2025-01-05 09:28:06,145 - INFO - ================================================================================
2025-01-05 09:28:06,145 - INFO - 
Test Pair 1:
2025-01-05 09:28:06,145 - INFO - Instance ID: 5
2025-01-05 09:28:06,146 - INFO - Code 1 (ID: 1765):
2025-01-05 09:28:06,146 - INFO -   Predicted performance: 10.3760
2025-01-05 09:28:06,146 - INFO -   Actual performance: 10.3617
2025-01-05 09:28:06,146 - INFO - Code 2 (ID: 1938):
2025-01-05 09:28:06,146 - INFO -   Predicted performance: 10.3825
2025-01-05 09:28:06,146 - INFO -   Actual performance: 10.3545
2025-01-05 09:28:06,146 - INFO - Prediction: code1 is better
2025-01-05 09:28:06,146 - INFO - Reality: code2 is better
2025-01-05 09:28:06,146 - INFO - Prediction incorrect
2025-01-05 09:28:06,146 - INFO - 
Test Pair 2:
2025-01-05 09:28:06,146 - INFO - Instance ID: 5
2025-01-05 09:28:06,146 - INFO - Code 1 (ID: 899):
2025-01-05 09:28:06,146 - INFO -   Predicted performance: 10.3864
2025-01-05 09:28:06,146 - INFO -   Actual performance: 10.3149
2025-01-05 09:28:06,146 - INFO - Code 2 (ID: 2):
2025-01-05 09:28:06,146 - INFO -   Predicted performance: 10.3822
2025-01-05 09:28:06,146 - INFO -   Actual performance: 10.3843
2025-01-05 09:28:06,146 - INFO - Prediction: code2 is better
2025-01-05 09:28:06,146 - INFO - Reality: code1 is better
2025-01-05 09:28:06,146 - INFO - Prediction incorrect
2025-01-05 09:28:06,146 - INFO - 
Test Pair 3:
2025-01-05 09:28:06,146 - INFO - Instance ID: 5
2025-01-05 09:28:06,146 - INFO - Code 1 (ID: 610):
2025-01-05 09:28:06,146 - INFO -   Predicted performance: 10.3788
2025-01-05 09:28:06,146 - INFO -   Actual performance: 10.3580
2025-01-05 09:28:06,146 - INFO - Code 2 (ID: 8):
2025-01-05 09:28:06,146 - INFO -   Predicted performance: 10.3760
2025-01-05 09:28:06,147 - INFO -   Actual performance: 10.3957
2025-01-05 09:28:06,147 - INFO - Prediction: code2 is better
2025-01-05 09:28:06,147 - INFO - Reality: code1 is better
2025-01-05 09:28:06,147 - INFO - Prediction incorrect
2025-01-05 09:28:06,147 - INFO - 
Test Pair 4:
2025-01-05 09:28:06,147 - INFO - Instance ID: 5
2025-01-05 09:28:06,147 - INFO - Code 1 (ID: 977):
2025-01-05 09:28:06,147 - INFO -   Predicted performance: 10.3989
2025-01-05 09:28:06,147 - INFO -   Actual performance: 10.3374
2025-01-05 09:28:06,147 - INFO - Code 2 (ID: 937):
2025-01-05 09:28:06,147 - INFO -   Predicted performance: 10.3737
2025-01-05 09:28:06,147 - INFO -   Actual performance: 10.3545
2025-01-05 09:28:06,147 - INFO - Prediction: code2 is better
2025-01-05 09:28:06,147 - INFO - Reality: code1 is better
2025-01-05 09:28:06,147 - INFO - Prediction incorrect
2025-01-05 09:28:06,147 - INFO - 
Test Pair 5:
2025-01-05 09:28:06,147 - INFO - Instance ID: 5
2025-01-05 09:28:06,147 - INFO - Code 1 (ID: 1353):
2025-01-05 09:28:06,147 - INFO -   Predicted performance: 10.3765
2025-01-05 09:28:06,147 - INFO -   Actual performance: 10.3067
2025-01-05 09:28:06,147 - INFO - Code 2 (ID: 2495):
2025-01-05 09:28:06,147 - INFO -   Predicted performance: 10.3737
2025-01-05 09:28:06,147 - INFO -   Actual performance: 10.3632
2025-01-05 09:28:06,147 - INFO - Prediction: code2 is better
2025-01-05 09:28:06,147 - INFO - Reality: code1 is better
2025-01-05 09:28:06,147 - INFO - Prediction incorrect
2025-01-05 09:28:06,147 - INFO - 
Test Pair 6:
2025-01-05 09:28:06,147 - INFO - Instance ID: 5
2025-01-05 09:28:06,147 - INFO - Code 1 (ID: 2207):
2025-01-05 09:28:06,148 - INFO -   Predicted performance: 10.3740
2025-01-05 09:28:06,148 - INFO -   Actual performance: 10.4120
2025-01-05 09:28:06,148 - INFO - Code 2 (ID: 2050):
2025-01-05 09:28:06,148 - INFO -   Predicted performance: 10.3831
2025-01-05 09:28:06,148 - INFO -   Actual performance: 10.3726
2025-01-05 09:28:06,148 - INFO - Prediction: code1 is better
2025-01-05 09:28:06,148 - INFO - Reality: code2 is better
2025-01-05 09:28:06,148 - INFO - Prediction incorrect
2025-01-05 09:28:06,148 - INFO - 
Test Pair 7:
2025-01-05 09:28:06,148 - INFO - Instance ID: 5
2025-01-05 09:28:06,148 - INFO - Code 1 (ID: 1319):
2025-01-05 09:28:06,152 - INFO -   Predicted performance: 10.3791
2025-01-05 09:28:06,152 - INFO -   Actual performance: 10.3239
2025-01-05 09:28:06,152 - INFO - Code 2 (ID: 347):
2025-01-05 09:28:06,152 - INFO -   Predicted performance: 10.3671
2025-01-05 09:28:06,152 - INFO -   Actual performance: 10.3325
2025-01-05 09:28:06,152 - INFO - Prediction: code2 is better
2025-01-05 09:28:06,152 - INFO - Reality: code1 is better
2025-01-05 09:28:06,152 - INFO - Prediction incorrect
2025-01-05 09:28:06,152 - INFO - 
Test Pair 8:
2025-01-05 09:28:06,152 - INFO - Instance ID: 5
2025-01-05 09:28:06,152 - INFO - Code 1 (ID: 1885):
2025-01-05 09:28:06,152 - INFO -   Predicted performance: 10.3797
2025-01-05 09:28:06,152 - INFO -   Actual performance: 10.3665
2025-01-05 09:28:06,152 - INFO - Code 2 (ID: 952):
2025-01-05 09:28:06,152 - INFO -   Predicted performance: 10.3789
2025-01-05 09:28:06,153 - INFO -   Actual performance: 10.3577
2025-01-05 09:28:06,153 - INFO - Prediction: code2 is better
2025-01-05 09:28:06,153 - INFO - Reality: code2 is better
2025-01-05 09:28:06,153 - INFO - Prediction correct
2025-01-05 09:28:06,153 - INFO - 
Test Pair 9:
2025-01-05 09:28:06,153 - INFO - Instance ID: 5
2025-01-05 09:28:06,153 - INFO - Code 1 (ID: 999):
2025-01-05 09:28:06,153 - INFO -   Predicted performance: 10.3867
2025-01-05 09:28:06,153 - INFO -   Actual performance: 10.3149
2025-01-05 09:28:06,153 - INFO - Code 2 (ID: 1634):
2025-01-05 09:28:06,153 - INFO -   Predicted performance: 10.3736
2025-01-05 09:28:06,153 - INFO -   Actual performance: 10.3149
2025-01-05 09:28:06,153 - INFO - Prediction: code2 is better
2025-01-05 09:28:06,153 - INFO - Reality: code2 is better
2025-01-05 09:28:06,153 - INFO - Prediction correct
2025-01-05 09:28:06,153 - INFO - 
Test Pair 10:
2025-01-05 09:28:06,153 - INFO - Instance ID: 5
2025-01-05 09:28:06,153 - INFO - Code 1 (ID: 2119):
2025-01-05 09:28:06,153 - INFO -   Predicted performance: 10.3716
2025-01-05 09:28:06,153 - INFO -   Actual performance: 10.3556
2025-01-05 09:28:06,153 - INFO - Code 2 (ID: 189):
2025-01-05 09:28:06,153 - INFO -   Predicted performance: 10.3729
2025-01-05 09:28:06,153 - INFO -   Actual performance: 10.3067
2025-01-05 09:28:06,153 - INFO - Prediction: code1 is better
2025-01-05 09:28:06,153 - INFO - Reality: code2 is better
2025-01-05 09:28:06,153 - INFO - Prediction incorrect
2025-01-05 09:28:06,153 - INFO - 
Test Pair 11:
2025-01-05 09:28:06,153 - INFO - Instance ID: 8
2025-01-05 09:28:06,154 - INFO - Code 1 (ID: 2202):
2025-01-05 09:28:06,154 - INFO -   Predicted performance: 10.6122
2025-01-05 09:28:06,154 - INFO -   Actual performance: 10.6088
2025-01-05 09:28:06,154 - INFO - Code 2 (ID: 2625):
2025-01-05 09:28:06,154 - INFO -   Predicted performance: 10.6068
2025-01-05 09:28:06,154 - INFO -   Actual performance: 10.5426
2025-01-05 09:28:06,154 - INFO - Prediction: code2 is better
2025-01-05 09:28:06,154 - INFO - Reality: code2 is better
2025-01-05 09:28:06,154 - INFO - Prediction correct
2025-01-05 09:28:06,154 - INFO - 
Test Pair 12:
2025-01-05 09:28:06,154 - INFO - Instance ID: 8
2025-01-05 09:28:06,154 - INFO - Code 1 (ID: 1162):
2025-01-05 09:28:06,154 - INFO -   Predicted performance: 10.5914
2025-01-05 09:28:06,154 - INFO -   Actual performance: 10.5221
2025-01-05 09:28:06,154 - INFO - Code 2 (ID: 435):
2025-01-05 09:28:06,154 - INFO -   Predicted performance: 10.5898
2025-01-05 09:28:06,154 - INFO -   Actual performance: 10.6089
2025-01-05 09:28:06,154 - INFO - Prediction: code2 is better
2025-01-05 09:28:06,154 - INFO - Reality: code1 is better
2025-01-05 09:28:06,154 - INFO - Prediction incorrect
2025-01-05 09:28:06,154 - INFO - 
Test Pair 13:
2025-01-05 09:28:06,154 - INFO - Instance ID: 8
2025-01-05 09:28:06,154 - INFO - Code 1 (ID: 1863):
2025-01-05 09:28:06,154 - INFO -   Predicted performance: 10.5971
2025-01-05 09:28:06,154 - INFO -   Actual performance: 10.7159
2025-01-05 09:28:06,154 - INFO - Code 2 (ID: 2390):
2025-01-05 09:28:06,154 - INFO -   Predicted performance: 10.5848
2025-01-05 09:28:06,154 - INFO -   Actual performance: 10.5830
2025-01-05 09:28:06,167 - INFO - Prediction: code2 is better
2025-01-05 09:28:06,167 - INFO - Reality: code2 is better
2025-01-05 09:28:06,167 - INFO - Prediction correct
2025-01-05 09:28:06,167 - INFO - 
Test Pair 14:
2025-01-05 09:28:06,167 - INFO - Instance ID: 8
2025-01-05 09:28:06,167 - INFO - Code 1 (ID: 2743):
2025-01-05 09:28:06,167 - INFO -   Predicted performance: 10.6020
2025-01-05 09:28:06,167 - INFO -   Actual performance: 10.7159
2025-01-05 09:28:06,167 - INFO - Code 2 (ID: 2001):
2025-01-05 09:28:06,168 - INFO -   Predicted performance: 10.6644
2025-01-05 09:28:06,168 - INFO -   Actual performance: 10.6047
2025-01-05 09:28:06,168 - INFO - Prediction: code1 is better
2025-01-05 09:28:06,168 - INFO - Reality: code2 is better
2025-01-05 09:28:06,168 - INFO - Prediction incorrect
2025-01-05 09:28:06,168 - INFO - 
Test Pair 15:
2025-01-05 09:28:06,168 - INFO - Instance ID: 8
2025-01-05 09:28:06,168 - INFO - Code 1 (ID: 2207):
2025-01-05 09:28:06,168 - INFO -   Predicted performance: 10.5835
2025-01-05 09:28:06,168 - INFO -   Actual performance: 10.5995
2025-01-05 09:28:06,168 - INFO - Code 2 (ID: 1096):
2025-01-05 09:28:06,168 - INFO -   Predicted performance: 10.5910
2025-01-05 09:28:06,168 - INFO -   Actual performance: 10.5830
2025-01-05 09:28:06,169 - INFO - Prediction: code1 is better
2025-01-05 09:28:06,169 - INFO - Reality: code2 is better
2025-01-05 09:28:06,169 - INFO - Prediction incorrect
2025-01-05 09:28:06,169 - INFO - 
Test Pair 16:
2025-01-05 09:28:06,169 - INFO - Instance ID: 8
2025-01-05 09:28:06,169 - INFO - Code 1 (ID: 2570):
2025-01-05 09:28:06,169 - INFO -   Predicted performance: 10.5852
2025-01-05 09:28:06,169 - INFO -   Actual performance: 10.6214
2025-01-05 09:28:06,169 - INFO - Code 2 (ID: 1904):
2025-01-05 09:28:06,169 - INFO -   Predicted performance: 10.5971
2025-01-05 09:28:06,169 - INFO -   Actual performance: 10.5308
2025-01-05 09:28:06,169 - INFO - Prediction: code1 is better
2025-01-05 09:28:06,169 - INFO - Reality: code2 is better
2025-01-05 09:28:06,169 - INFO - Prediction incorrect
2025-01-05 09:28:06,169 - INFO - 
Test Pair 17:
2025-01-05 09:28:06,169 - INFO - Instance ID: 8
2025-01-05 09:28:06,169 - INFO - Code 1 (ID: 205):
2025-01-05 09:28:06,169 - INFO -   Predicted performance: 10.6052
2025-01-05 09:28:06,169 - INFO -   Actual performance: 10.5820
2025-01-05 09:28:06,169 - INFO - Code 2 (ID: 814):
2025-01-05 09:28:06,169 - INFO -   Predicted performance: 10.5881
2025-01-05 09:28:06,169 - INFO -   Actual performance: 10.5468
2025-01-05 09:28:06,169 - INFO - Prediction: code2 is better
2025-01-05 09:28:06,169 - INFO - Reality: code2 is better
2025-01-05 09:28:06,169 - INFO - Prediction correct
2025-01-05 09:28:06,169 - INFO - 
Test Pair 18:
2025-01-05 09:28:06,169 - INFO - Instance ID: 8
2025-01-05 09:28:06,169 - INFO - Code 1 (ID: 1529):
2025-01-05 09:28:06,169 - INFO -   Predicted performance: 10.7079
2025-01-05 09:28:06,170 - INFO -   Actual performance: 10.6214
2025-01-05 09:28:06,170 - INFO - Code 2 (ID: 913):
2025-01-05 09:28:06,170 - INFO -   Predicted performance: 10.5829
2025-01-05 09:28:06,170 - INFO -   Actual performance: 10.5221
2025-01-05 09:28:06,170 - INFO - Prediction: code2 is better
2025-01-05 09:28:06,170 - INFO - Reality: code2 is better
2025-01-05 09:28:06,170 - INFO - Prediction correct
2025-01-05 09:28:06,170 - INFO - 
Test Pair 19:
2025-01-05 09:28:06,170 - INFO - Instance ID: 8
2025-01-05 09:28:06,170 - INFO - Code 1 (ID: 1016):
2025-01-05 09:28:06,170 - INFO -   Predicted performance: 10.7070
2025-01-05 09:28:06,170 - INFO -   Actual performance: 10.7159
2025-01-05 09:28:06,170 - INFO - Code 2 (ID: 356):
2025-01-05 09:28:06,170 - INFO -   Predicted performance: 10.5994
2025-01-05 09:28:06,170 - INFO -   Actual performance: 10.6086
2025-01-05 09:28:06,170 - INFO - Prediction: code2 is better
2025-01-05 09:28:06,170 - INFO - Reality: code2 is better
2025-01-05 09:28:06,170 - INFO - Prediction correct
2025-01-05 09:28:06,170 - INFO - 
Test Pair 20:
2025-01-05 09:28:06,170 - INFO - Instance ID: 8
2025-01-05 09:28:06,184 - INFO - Code 1 (ID: 913):
2025-01-05 09:28:06,184 - INFO -   Predicted performance: 10.5829
2025-01-05 09:28:06,184 - INFO -   Actual performance: 10.5221
2025-01-05 09:28:06,184 - INFO - Code 2 (ID: 409):
2025-01-05 09:28:06,184 - INFO -   Predicted performance: 10.6940
2025-01-05 09:28:06,184 - INFO -   Actual performance: 10.6554
2025-01-05 09:28:06,184 - INFO - Prediction: code1 is better
2025-01-05 09:28:06,184 - INFO - Reality: code1 is better
2025-01-05 09:28:06,184 - INFO - Prediction correct
2025-01-05 09:28:06,184 - INFO - 
Test Pair 21:
2025-01-05 09:28:06,184 - INFO - Instance ID: 1
2025-01-05 09:28:06,184 - INFO - Code 1 (ID: 2375):
2025-01-05 09:28:06,184 - INFO -   Predicted performance: 10.7182
2025-01-05 09:28:06,184 - INFO -   Actual performance: 10.6864
2025-01-05 09:28:06,184 - INFO - Code 2 (ID: 1366):
2025-01-05 09:28:06,184 - INFO -   Predicted performance: 10.7224
2025-01-05 09:28:06,184 - INFO -   Actual performance: 10.7060
2025-01-05 09:28:06,185 - INFO - Prediction: code1 is better
2025-01-05 09:28:06,185 - INFO - Reality: code1 is better
2025-01-05 09:28:06,185 - INFO - Prediction correct
2025-01-05 09:28:06,185 - INFO - 
Test Pair 22:
2025-01-05 09:28:06,185 - INFO - Instance ID: 1
2025-01-05 09:28:06,185 - INFO - Code 1 (ID: 2024):
2025-01-05 09:28:06,185 - INFO -   Predicted performance: 10.7224
2025-01-05 09:28:06,185 - INFO -   Actual performance: 10.7075
2025-01-05 09:28:06,185 - INFO - Code 2 (ID: 2234):
2025-01-05 09:28:06,185 - INFO -   Predicted performance: 10.7393
2025-01-05 09:28:06,185 - INFO -   Actual performance: 10.8265
2025-01-05 09:28:06,185 - INFO - Prediction: code1 is better
2025-01-05 09:28:06,185 - INFO - Reality: code1 is better
2025-01-05 09:28:06,185 - INFO - Prediction correct
2025-01-05 09:28:06,185 - INFO - 
Test Pair 23:
2025-01-05 09:28:06,185 - INFO - Instance ID: 1
2025-01-05 09:28:06,185 - INFO - Code 1 (ID: 676):
2025-01-05 09:28:06,185 - INFO -   Predicted performance: 10.7727
2025-01-05 09:28:06,185 - INFO -   Actual performance: 10.7176
2025-01-05 09:28:06,185 - INFO - Code 2 (ID: 1722):
2025-01-05 09:28:06,185 - INFO -   Predicted performance: 10.8170
2025-01-05 09:28:06,185 - INFO -   Actual performance: 10.7759
2025-01-05 09:28:06,185 - INFO - Prediction: code1 is better
2025-01-05 09:28:06,185 - INFO - Reality: code1 is better
2025-01-05 09:28:06,185 - INFO - Prediction correct
2025-01-05 09:28:06,185 - INFO - 
Test Pair 24:
2025-01-05 09:28:06,185 - INFO - Instance ID: 1
2025-01-05 09:28:06,185 - INFO - Code 1 (ID: 860):
2025-01-05 09:28:06,185 - INFO -   Predicted performance: 10.7135
2025-01-05 09:28:06,186 - INFO -   Actual performance: 10.7377
2025-01-05 09:28:06,186 - INFO - Code 2 (ID: 2437):
2025-01-05 09:28:06,186 - INFO -   Predicted performance: 10.7185
2025-01-05 09:28:06,186 - INFO -   Actual performance: 10.7059
2025-01-05 09:28:06,186 - INFO - Prediction: code1 is better
2025-01-05 09:28:06,186 - INFO - Reality: code2 is better
2025-01-05 09:28:06,186 - INFO - Prediction incorrect
2025-01-05 09:28:06,186 - INFO - 
Test Pair 25:
2025-01-05 09:28:06,186 - INFO - Instance ID: 1
2025-01-05 09:28:06,186 - INFO - Code 1 (ID: 862):
2025-01-05 09:28:06,186 - INFO -   Predicted performance: 10.7151
2025-01-05 09:28:06,186 - INFO -   Actual performance: 10.6847
2025-01-05 09:28:06,186 - INFO - Code 2 (ID: 911):
2025-01-05 09:28:06,186 - INFO -   Predicted performance: 10.7199
2025-01-05 09:28:06,186 - INFO -   Actual performance: 10.7306
2025-01-05 09:28:06,186 - INFO - Prediction: code1 is better
2025-01-05 09:28:06,186 - INFO - Reality: code1 is better
2025-01-05 09:28:06,186 - INFO - Prediction correct
2025-01-05 09:28:06,186 - INFO - 
Test Pair 26:
2025-01-05 09:28:06,186 - INFO - Instance ID: 1
2025-01-05 09:28:06,186 - INFO - Code 1 (ID: 867):
2025-01-05 09:28:06,186 - INFO -   Predicted performance: 10.7166
2025-01-05 09:28:06,186 - INFO -   Actual performance: 10.7089
2025-01-05 09:28:06,186 - INFO - Code 2 (ID: 1140):
2025-01-05 09:28:06,186 - INFO -   Predicted performance: 10.7178
2025-01-05 09:28:06,199 - INFO -   Actual performance: 10.7308
2025-01-05 09:28:06,199 - INFO - Prediction: code1 is better
2025-01-05 09:28:06,199 - INFO - Reality: code1 is better
2025-01-05 09:28:06,199 - INFO - Prediction correct
2025-01-05 09:28:06,199 - INFO - 
Test Pair 27:
2025-01-05 09:28:06,199 - INFO - Instance ID: 1
2025-01-05 09:28:06,199 - INFO - Code 1 (ID: 860):
2025-01-05 09:28:06,199 - INFO -   Predicted performance: 10.7135
2025-01-05 09:28:06,199 - INFO -   Actual performance: 10.7377
2025-01-05 09:28:06,199 - INFO - Code 2 (ID: 1200):
2025-01-05 09:28:06,199 - INFO -   Predicted performance: 10.7196
2025-01-05 09:28:06,199 - INFO -   Actual performance: 10.7075
2025-01-05 09:28:06,200 - INFO - Prediction: code1 is better
2025-01-05 09:28:06,200 - INFO - Reality: code2 is better
2025-01-05 09:28:06,200 - INFO - Prediction incorrect
2025-01-05 09:28:06,200 - INFO - 
Test Pair 28:
2025-01-05 09:28:06,200 - INFO - Instance ID: 1
2025-01-05 09:28:06,200 - INFO - Code 1 (ID: 156):
2025-01-05 09:28:06,200 - INFO -   Predicted performance: 10.7296
2025-01-05 09:28:06,200 - INFO -   Actual performance: 10.7072
2025-01-05 09:28:06,200 - INFO - Code 2 (ID: 1648):
2025-01-05 09:28:06,200 - INFO -   Predicted performance: 10.7160
2025-01-05 09:28:06,200 - INFO -   Actual performance: 10.7059
2025-01-05 09:28:06,200 - INFO - Prediction: code2 is better
2025-01-05 09:28:06,200 - INFO - Reality: code2 is better
2025-01-05 09:28:06,200 - INFO - Prediction correct
2025-01-05 09:28:06,200 - INFO - 
Test Pair 29:
2025-01-05 09:28:06,200 - INFO - Instance ID: 1
2025-01-05 09:28:06,200 - INFO - Code 1 (ID: 396):
2025-01-05 09:28:06,200 - INFO -   Predicted performance: 10.7224
2025-01-05 09:28:06,200 - INFO -   Actual performance: 10.7019
2025-01-05 09:28:06,200 - INFO - Code 2 (ID: 734):
2025-01-05 09:28:06,200 - INFO -   Predicted performance: 10.7256
2025-01-05 09:28:06,201 - INFO -   Actual performance: 10.7060
2025-01-05 09:28:06,201 - INFO - Prediction: code1 is better
2025-01-05 09:28:06,201 - INFO - Reality: code1 is better
2025-01-05 09:28:06,201 - INFO - Prediction correct
2025-01-05 09:28:06,201 - INFO - 
Test Pair 30:
2025-01-05 09:28:06,201 - INFO - Instance ID: 1
2025-01-05 09:28:06,201 - INFO - Code 1 (ID: 1271):
2025-01-05 09:28:06,201 - INFO -   Predicted performance: 10.7314
2025-01-05 09:28:06,201 - INFO -   Actual performance: 10.8265
2025-01-05 09:28:06,201 - INFO - Code 2 (ID: 942):
2025-01-05 09:28:06,201 - INFO -   Predicted performance: 10.7193
2025-01-05 09:28:06,202 - INFO -   Actual performance: 10.7072
2025-01-05 09:28:06,202 - INFO - Prediction: code2 is better
2025-01-05 09:28:06,202 - INFO - Reality: code2 is better
2025-01-05 09:28:06,202 - INFO - Prediction correct
2025-01-05 09:28:06,202 - INFO - 
Test Pair 31:
2025-01-05 09:28:06,202 - INFO - Instance ID: 7
2025-01-05 09:28:06,202 - INFO - Code 1 (ID: 2791):
2025-01-05 09:28:06,202 - INFO -   Predicted performance: 10.7487
2025-01-05 09:28:06,202 - INFO -   Actual performance: 10.7812
2025-01-05 09:28:06,202 - INFO - Code 2 (ID: 933):
2025-01-05 09:28:06,202 - INFO -   Predicted performance: 10.7178
2025-01-05 09:28:06,202 - INFO -   Actual performance: 10.7171
2025-01-05 09:28:06,202 - INFO - Prediction: code2 is better
2025-01-05 09:28:06,202 - INFO - Reality: code2 is better
2025-01-05 09:28:06,202 - INFO - Prediction correct
2025-01-05 09:28:06,202 - INFO - 
Test Pair 32:
2025-01-05 09:28:06,202 - INFO - Instance ID: 7
2025-01-05 09:28:06,202 - INFO - Code 1 (ID: 1482):
2025-01-05 09:28:06,202 - INFO -   Predicted performance: 10.7535
2025-01-05 09:28:06,202 - INFO -   Actual performance: 10.7171
2025-01-05 09:28:06,202 - INFO - Code 2 (ID: 902):
2025-01-05 09:28:06,202 - INFO -   Predicted performance: 10.7649
2025-01-05 09:28:06,202 - INFO -   Actual performance: 10.9324
2025-01-05 09:28:06,202 - INFO - Prediction: code1 is better
2025-01-05 09:28:06,202 - INFO - Reality: code1 is better
2025-01-05 09:28:06,202 - INFO - Prediction correct
2025-01-05 09:28:06,202 - INFO - 
Test Pair 33:
2025-01-05 09:28:06,214 - INFO - Instance ID: 7
2025-01-05 09:28:06,214 - INFO - Code 1 (ID: 1139):
2025-01-05 09:28:06,214 - INFO -   Predicted performance: 10.7486
2025-01-05 09:28:06,214 - INFO -   Actual performance: 10.6943
2025-01-05 09:28:06,214 - INFO - Code 2 (ID: 2701):
2025-01-05 09:28:06,214 - INFO -   Predicted performance: 10.7358
2025-01-05 09:28:06,214 - INFO -   Actual performance: 10.6915
2025-01-05 09:28:06,214 - INFO - Prediction: code2 is better
2025-01-05 09:28:06,214 - INFO - Reality: code2 is better
2025-01-05 09:28:06,214 - INFO - Prediction correct
2025-01-05 09:28:06,214 - INFO - 
Test Pair 34:
2025-01-05 09:28:06,214 - INFO - Instance ID: 7
2025-01-05 09:28:06,214 - INFO - Code 1 (ID: 807):
2025-01-05 09:28:06,214 - INFO -   Predicted performance: 10.9406
2025-01-05 09:28:06,214 - INFO -   Actual performance: 10.9324
2025-01-05 09:28:06,214 - INFO - Code 2 (ID: 2533):
2025-01-05 09:28:06,215 - INFO -   Predicted performance: 10.7318
2025-01-05 09:28:06,215 - INFO -   Actual performance: 10.6964
2025-01-05 09:28:06,215 - INFO - Prediction: code2 is better
2025-01-05 09:28:06,215 - INFO - Reality: code2 is better
2025-01-05 09:28:06,215 - INFO - Prediction correct
2025-01-05 09:28:06,215 - INFO - 
Test Pair 35:
2025-01-05 09:28:06,215 - INFO - Instance ID: 7
2025-01-05 09:28:06,215 - INFO - Code 1 (ID: 2050):
2025-01-05 09:28:06,215 - INFO -   Predicted performance: 10.7481
2025-01-05 09:28:06,215 - INFO -   Actual performance: 10.7485
2025-01-05 09:28:06,215 - INFO - Code 2 (ID: 2080):
2025-01-05 09:28:06,215 - INFO -   Predicted performance: 10.9450
2025-01-05 09:28:06,215 - INFO -   Actual performance: 10.9324
2025-01-05 09:28:06,215 - INFO - Prediction: code1 is better
2025-01-05 09:28:06,215 - INFO - Reality: code1 is better
2025-01-05 09:28:06,215 - INFO - Prediction correct
2025-01-05 09:28:06,215 - INFO - 
Test Pair 36:
2025-01-05 09:28:06,215 - INFO - Instance ID: 7
2025-01-05 09:28:06,215 - INFO - Code 1 (ID: 1043):
2025-01-05 09:28:06,215 - INFO -   Predicted performance: 10.7766
2025-01-05 09:28:06,215 - INFO -   Actual performance: 10.7718
2025-01-05 09:28:06,215 - INFO - Code 2 (ID: 1211):
2025-01-05 09:28:06,215 - INFO -   Predicted performance: 10.7377
2025-01-05 09:28:06,215 - INFO -   Actual performance: 10.7737
2025-01-05 09:28:06,215 - INFO - Prediction: code2 is better
2025-01-05 09:28:06,215 - INFO - Reality: code1 is better
2025-01-05 09:28:06,215 - INFO - Prediction incorrect
2025-01-05 09:28:06,216 - INFO - 
Test Pair 37:
2025-01-05 09:28:06,216 - INFO - Instance ID: 7
2025-01-05 09:28:06,216 - INFO - Code 1 (ID: 1734):
2025-01-05 09:28:06,216 - INFO -   Predicted performance: 10.7427
2025-01-05 09:28:06,216 - INFO -   Actual performance: 10.7171
2025-01-05 09:28:06,216 - INFO - Code 2 (ID: 2902):
2025-01-05 09:28:06,216 - INFO -   Predicted performance: 10.7744
2025-01-05 09:28:06,216 - INFO -   Actual performance: 10.7737
2025-01-05 09:28:06,216 - INFO - Prediction: code1 is better
2025-01-05 09:28:06,216 - INFO - Reality: code1 is better
2025-01-05 09:28:06,216 - INFO - Prediction correct
2025-01-05 09:28:06,216 - INFO - 
Test Pair 38:
2025-01-05 09:28:06,216 - INFO - Instance ID: 7
2025-01-05 09:28:06,216 - INFO - Code 1 (ID: 356):
2025-01-05 09:28:06,216 - INFO -   Predicted performance: 10.7544
2025-01-05 09:28:06,216 - INFO -   Actual performance: 10.7583
2025-01-05 09:28:06,216 - INFO - Code 2 (ID: 2214):
2025-01-05 09:28:06,216 - INFO -   Predicted performance: 10.7378
2025-01-05 09:28:06,216 - INFO -   Actual performance: 10.6943
2025-01-05 09:28:06,216 - INFO - Prediction: code2 is better
2025-01-05 09:28:06,216 - INFO - Reality: code2 is better
2025-01-05 09:28:06,216 - INFO - Prediction correct
2025-01-05 09:28:06,216 - INFO - 
Test Pair 39:
2025-01-05 09:28:06,216 - INFO - Instance ID: 7
2025-01-05 09:28:06,216 - INFO - Code 1 (ID: 1438):
2025-01-05 09:28:06,216 - INFO -   Predicted performance: 10.8685
2025-01-05 09:28:06,216 - INFO -   Actual performance: 10.8842
2025-01-05 09:28:06,217 - INFO - Code 2 (ID: 2271):
2025-01-05 09:28:06,229 - INFO -   Predicted performance: 10.7752
2025-01-05 09:28:06,229 - INFO -   Actual performance: 10.8822
2025-01-05 09:28:06,229 - INFO - Prediction: code2 is better
2025-01-05 09:28:06,229 - INFO - Reality: code2 is better
2025-01-05 09:28:06,229 - INFO - Prediction correct
2025-01-05 09:28:06,229 - INFO - 
Test Pair 40:
2025-01-05 09:28:06,229 - INFO - Instance ID: 7
2025-01-05 09:28:06,229 - INFO - Code 1 (ID: 1731):
2025-01-05 09:28:06,229 - INFO -   Predicted performance: 10.7404
2025-01-05 09:28:06,229 - INFO -   Actual performance: 10.7382
2025-01-05 09:28:06,229 - INFO - Code 2 (ID: 276):
2025-01-05 09:28:06,229 - INFO -   Predicted performance: 10.7498
2025-01-05 09:28:06,229 - INFO -   Actual performance: 10.8380
2025-01-05 09:28:06,229 - INFO - Prediction: code1 is better
2025-01-05 09:28:06,229 - INFO - Reality: code1 is better
2025-01-05 09:28:06,229 - INFO - Prediction correct
2025-01-05 09:28:06,229 - INFO - 
Test Pair 41:
2025-01-05 09:28:06,229 - INFO - Instance ID: 6
2025-01-05 09:28:06,229 - INFO - Code 1 (ID: 2902):
2025-01-05 09:28:06,229 - INFO -   Predicted performance: 11.1907
2025-01-05 09:28:06,229 - INFO -   Actual performance: 11.1052
2025-01-05 09:28:06,229 - INFO - Code 2 (ID: 1718):
2025-01-05 09:28:06,229 - INFO -   Predicted performance: 11.1501
2025-01-05 09:28:06,229 - INFO -   Actual performance: 11.2689
2025-01-05 09:28:06,229 - INFO - Prediction: code2 is better
2025-01-05 09:28:06,229 - INFO - Reality: code1 is better
2025-01-05 09:28:06,229 - INFO - Prediction incorrect
2025-01-05 09:28:06,231 - INFO - 
Test Pair 42:
2025-01-05 09:28:06,231 - INFO - Instance ID: 6
2025-01-05 09:28:06,231 - INFO - Code 1 (ID: 1811):
2025-01-05 09:28:06,231 - INFO -   Predicted performance: 11.1624
2025-01-05 09:28:06,231 - INFO -   Actual performance: 11.1565
2025-01-05 09:28:06,231 - INFO - Code 2 (ID: 2205):
2025-01-05 09:28:06,231 - INFO -   Predicted performance: 11.1696
2025-01-05 09:28:06,231 - INFO -   Actual performance: 11.1398
2025-01-05 09:28:06,231 - INFO - Prediction: code1 is better
2025-01-05 09:28:06,231 - INFO - Reality: code2 is better
2025-01-05 09:28:06,231 - INFO - Prediction incorrect
2025-01-05 09:28:06,231 - INFO - 
Test Pair 43:
2025-01-05 09:28:06,231 - INFO - Instance ID: 6
2025-01-05 09:28:06,231 - INFO - Code 1 (ID: 1360):
2025-01-05 09:28:06,231 - INFO -   Predicted performance: 11.2116
2025-01-05 09:28:06,231 - INFO -   Actual performance: 11.2262
2025-01-05 09:28:06,231 - INFO - Code 2 (ID: 2244):
2025-01-05 09:28:06,231 - INFO -   Predicted performance: 11.1529
2025-01-05 09:28:06,231 - INFO -   Actual performance: 11.1649
2025-01-05 09:28:06,231 - INFO - Prediction: code2 is better
2025-01-05 09:28:06,231 - INFO - Reality: code2 is better
2025-01-05 09:28:06,231 - INFO - Prediction correct
2025-01-05 09:28:06,231 - INFO - 
Test Pair 44:
2025-01-05 09:28:06,231 - INFO - Instance ID: 6
2025-01-05 09:28:06,231 - INFO - Code 1 (ID: 1801):
2025-01-05 09:28:06,232 - INFO -   Predicted performance: 11.5132
2025-01-05 09:28:06,232 - INFO -   Actual performance: 11.5207
2025-01-05 09:28:06,232 - INFO - Code 2 (ID: 1649):
2025-01-05 09:28:06,232 - INFO -   Predicted performance: 11.1397
2025-01-05 09:28:06,232 - INFO -   Actual performance: 11.1237
2025-01-05 09:28:06,232 - INFO - Prediction: code2 is better
2025-01-05 09:28:06,232 - INFO - Reality: code2 is better
2025-01-05 09:28:06,232 - INFO - Prediction correct
2025-01-05 09:28:06,232 - INFO - 
Test Pair 45:
2025-01-05 09:28:06,232 - INFO - Instance ID: 6
2025-01-05 09:28:06,232 - INFO - Code 1 (ID: 122):
2025-01-05 09:28:06,232 - INFO -   Predicted performance: 11.1784
2025-01-05 09:28:06,232 - INFO -   Actual performance: 11.1409
2025-01-05 09:28:06,232 - INFO - Code 2 (ID: 131):
2025-01-05 09:28:06,232 - INFO -   Predicted performance: 11.1478
2025-01-05 09:28:06,232 - INFO -   Actual performance: 11.1239
2025-01-05 09:28:06,232 - INFO - Prediction: code2 is better
2025-01-05 09:28:06,232 - INFO - Reality: code2 is better
2025-01-05 09:28:06,232 - INFO - Prediction correct
2025-01-05 09:28:06,245 - INFO - 
Test Pair 46:
2025-01-05 09:28:06,245 - INFO - Instance ID: 6
2025-01-05 09:28:06,245 - INFO - Code 1 (ID: 1141):
2025-01-05 09:28:06,245 - INFO -   Predicted performance: 11.1544
2025-01-05 09:28:06,245 - INFO -   Actual performance: 11.1220
2025-01-05 09:28:06,245 - INFO - Code 2 (ID: 1259):
2025-01-05 09:28:06,245 - INFO -   Predicted performance: 11.1733
2025-01-05 09:28:06,245 - INFO -   Actual performance: 11.1386
2025-01-05 09:28:06,246 - INFO - Prediction: code1 is better
2025-01-05 09:28:06,246 - INFO - Reality: code1 is better
2025-01-05 09:28:06,246 - INFO - Prediction correct
2025-01-05 09:28:06,246 - INFO - 
Test Pair 47:
2025-01-05 09:28:06,246 - INFO - Instance ID: 6
2025-01-05 09:28:06,246 - INFO - Code 1 (ID: 725):
2025-01-05 09:28:06,246 - INFO -   Predicted performance: 11.1412
2025-01-05 09:28:06,246 - INFO -   Actual performance: 11.1601
2025-01-05 09:28:06,246 - INFO - Code 2 (ID: 2263):
2025-01-05 09:28:06,246 - INFO -   Predicted performance: 11.1633
2025-01-05 09:28:06,246 - INFO -   Actual performance: 11.1291
2025-01-05 09:28:06,246 - INFO - Prediction: code1 is better
2025-01-05 09:28:06,246 - INFO - Reality: code2 is better
2025-01-05 09:28:06,246 - INFO - Prediction incorrect
2025-01-05 09:28:06,246 - INFO - 
Test Pair 48:
2025-01-05 09:28:06,246 - INFO - Instance ID: 6
2025-01-05 09:28:06,246 - INFO - Code 1 (ID: 1812):
2025-01-05 09:28:06,246 - INFO -   Predicted performance: 11.1378
2025-01-05 09:28:06,246 - INFO -   Actual performance: 11.1237
2025-01-05 09:28:06,246 - INFO - Code 2 (ID: 2652):
2025-01-05 09:28:06,246 - INFO -   Predicted performance: 11.1649
2025-01-05 09:28:06,246 - INFO -   Actual performance: 11.3119
2025-01-05 09:28:06,246 - INFO - Prediction: code1 is better
2025-01-05 09:28:06,246 - INFO - Reality: code1 is better
2025-01-05 09:28:06,246 - INFO - Prediction correct
2025-01-05 09:28:06,246 - INFO - 
Test Pair 49:
2025-01-05 09:28:06,246 - INFO - Instance ID: 6
2025-01-05 09:28:06,247 - INFO - Code 1 (ID: 877):
2025-01-05 09:28:06,247 - INFO -   Predicted performance: 11.1518
2025-01-05 09:28:06,247 - INFO -   Actual performance: 11.1268
2025-01-05 09:28:06,247 - INFO - Code 2 (ID: 2561):
2025-01-05 09:28:06,247 - INFO -   Predicted performance: 11.2159
2025-01-05 09:28:06,247 - INFO -   Actual performance: 11.2511
2025-01-05 09:28:06,247 - INFO - Prediction: code1 is better
2025-01-05 09:28:06,247 - INFO - Reality: code1 is better
2025-01-05 09:28:06,247 - INFO - Prediction correct
2025-01-05 09:28:06,247 - INFO - 
Test Pair 50:
2025-01-05 09:28:06,247 - INFO - Instance ID: 6
2025-01-05 09:28:06,247 - INFO - Code 1 (ID: 2375):
2025-01-05 09:28:06,247 - INFO -   Predicted performance: 11.1502
2025-01-05 09:28:06,247 - INFO -   Actual performance: 11.1622
2025-01-05 09:28:06,247 - INFO - Code 2 (ID: 2172):
2025-01-05 09:28:06,247 - INFO -   Predicted performance: 11.1549
2025-01-05 09:28:06,247 - INFO -   Actual performance: 11.1849
2025-01-05 09:28:06,247 - INFO - Prediction: code1 is better
2025-01-05 09:28:06,247 - INFO - Reality: code1 is better
2025-01-05 09:28:06,247 - INFO - Prediction correct
2025-01-05 09:28:06,247 - INFO - 
Test Pair 51:
2025-01-05 09:28:06,247 - INFO - Instance ID: 9
2025-01-05 09:28:06,247 - INFO - Code 1 (ID: 902):
2025-01-05 09:28:06,247 - INFO -   Predicted performance: 10.3319
2025-01-05 09:28:06,247 - INFO -   Actual performance: 10.5521
2025-01-05 09:28:06,247 - INFO - Code 2 (ID: 1717):
2025-01-05 09:28:06,247 - INFO -   Predicted performance: 10.3122
2025-01-05 09:28:06,248 - INFO -   Actual performance: 10.2694
2025-01-05 09:28:06,248 - INFO - Prediction: code2 is better
2025-01-05 09:28:06,248 - INFO - Reality: code2 is better
2025-01-05 09:28:06,248 - INFO - Prediction correct
2025-01-05 09:28:06,248 - INFO - 
Test Pair 52:
2025-01-05 09:28:06,248 - INFO - Instance ID: 9
2025-01-05 09:28:06,248 - INFO - Code 1 (ID: 1881):
2025-01-05 09:28:06,248 - INFO -   Predicted performance: 10.3056
2025-01-05 09:28:06,248 - INFO -   Actual performance: 10.2709
2025-01-05 09:28:06,261 - INFO - Code 2 (ID: 2624):
2025-01-05 09:28:06,261 - INFO -   Predicted performance: 10.3034
2025-01-05 09:28:06,261 - INFO -   Actual performance: 10.2832
2025-01-05 09:28:06,261 - INFO - Prediction: code2 is better
2025-01-05 09:28:06,261 - INFO - Reality: code1 is better
2025-01-05 09:28:06,262 - INFO - Prediction incorrect
2025-01-05 09:28:06,262 - INFO - 
Test Pair 53:
2025-01-05 09:28:06,262 - INFO - Instance ID: 9
2025-01-05 09:28:06,262 - INFO - Code 1 (ID: 2495):
2025-01-05 09:28:06,262 - INFO -   Predicted performance: 10.3038
2025-01-05 09:28:06,262 - INFO -   Actual performance: 10.2928
2025-01-05 09:28:06,262 - INFO - Code 2 (ID: 1092):
2025-01-05 09:28:06,262 - INFO -   Predicted performance: 10.3044
2025-01-05 09:28:06,262 - INFO -   Actual performance: 10.2709
2025-01-05 09:28:06,262 - INFO - Prediction: code1 is better
2025-01-05 09:28:06,262 - INFO - Reality: code2 is better
2025-01-05 09:28:06,262 - INFO - Prediction incorrect
2025-01-05 09:28:06,262 - INFO - 
Test Pair 54:
2025-01-05 09:28:06,262 - INFO - Instance ID: 9
2025-01-05 09:28:06,262 - INFO - Code 1 (ID: 2371):
2025-01-05 09:28:06,262 - INFO -   Predicted performance: 10.3078
2025-01-05 09:28:06,262 - INFO -   Actual performance: 10.2694
2025-01-05 09:28:06,262 - INFO - Code 2 (ID: 335):
2025-01-05 09:28:06,262 - INFO -   Predicted performance: 10.3097
2025-01-05 09:28:06,262 - INFO -   Actual performance: 10.2694
2025-01-05 09:28:06,262 - INFO - Prediction: code1 is better
2025-01-05 09:28:06,262 - INFO - Reality: code2 is better
2025-01-05 09:28:06,262 - INFO - Prediction incorrect
2025-01-05 09:28:06,263 - INFO - 
Test Pair 55:
2025-01-05 09:28:06,263 - INFO - Instance ID: 9
2025-01-05 09:28:06,263 - INFO - Code 1 (ID: 2494):
2025-01-05 09:28:06,263 - INFO -   Predicted performance: 10.3172
2025-01-05 09:28:06,263 - INFO -   Actual performance: 10.2709
2025-01-05 09:28:06,263 - INFO - Code 2 (ID: 1002):
2025-01-05 09:28:06,263 - INFO -   Predicted performance: 10.3038
2025-01-05 09:28:06,263 - INFO -   Actual performance: 10.3726
2025-01-05 09:28:06,263 - INFO - Prediction: code2 is better
2025-01-05 09:28:06,263 - INFO - Reality: code1 is better
2025-01-05 09:28:06,263 - INFO - Prediction incorrect
2025-01-05 09:28:06,263 - INFO - 
Test Pair 56:
2025-01-05 09:28:06,263 - INFO - Instance ID: 9
2025-01-05 09:28:06,263 - INFO - Code 1 (ID: 2080):
2025-01-05 09:28:06,263 - INFO -   Predicted performance: 10.5596
2025-01-05 09:28:06,263 - INFO -   Actual performance: 10.5521
2025-01-05 09:28:06,263 - INFO - Code 2 (ID: 1754):
2025-01-05 09:28:06,263 - INFO -   Predicted performance: 10.3249
2025-01-05 09:28:06,263 - INFO -   Actual performance: 10.2694
2025-01-05 09:28:06,263 - INFO - Prediction: code2 is better
2025-01-05 09:28:06,263 - INFO - Reality: code2 is better
2025-01-05 09:28:06,263 - INFO - Prediction correct
2025-01-05 09:28:06,263 - INFO - 
Test Pair 57:
2025-01-05 09:28:06,263 - INFO - Instance ID: 9
2025-01-05 09:28:06,263 - INFO - Code 1 (ID: 963):
2025-01-05 09:28:06,263 - INFO -   Predicted performance: 10.3052
2025-01-05 09:28:06,263 - INFO -   Actual performance: 10.2694
2025-01-05 09:28:06,264 - INFO - Code 2 (ID: 1944):
2025-01-05 09:28:06,264 - INFO -   Predicted performance: 10.5610
2025-01-05 09:28:06,264 - INFO -   Actual performance: 10.5521
2025-01-05 09:28:06,264 - INFO - Prediction: code1 is better
2025-01-05 09:28:06,264 - INFO - Reality: code1 is better
2025-01-05 09:28:06,264 - INFO - Prediction correct
2025-01-05 09:28:06,264 - INFO - 
Test Pair 58:
2025-01-05 09:28:06,264 - INFO - Instance ID: 9
2025-01-05 09:28:06,264 - INFO - Code 1 (ID: 1486):
2025-01-05 09:28:06,264 - INFO -   Predicted performance: 10.4290
2025-01-05 09:28:06,264 - INFO -   Actual performance: 10.5521
2025-01-05 09:28:06,264 - INFO - Code 2 (ID: 189):
2025-01-05 09:28:06,264 - INFO -   Predicted performance: 10.3031
2025-01-05 09:28:06,264 - INFO -   Actual performance: 10.2825
2025-01-05 09:28:06,264 - INFO - Prediction: code2 is better
2025-01-05 09:28:06,264 - INFO - Reality: code2 is better
2025-01-05 09:28:06,276 - INFO - Prediction correct
2025-01-05 09:28:06,276 - INFO - 
Test Pair 59:
2025-01-05 09:28:06,276 - INFO - Instance ID: 9
2025-01-05 09:28:06,276 - INFO - Code 1 (ID: 2804):
2025-01-05 09:28:06,276 - INFO -   Predicted performance: 10.3326
2025-01-05 09:28:06,276 - INFO -   Actual performance: 10.2694
2025-01-05 09:28:06,276 - INFO - Code 2 (ID: 1438):
2025-01-05 09:28:06,276 - INFO -   Predicted performance: 10.4413
2025-01-05 09:28:06,276 - INFO -   Actual performance: 10.4848
2025-01-05 09:28:06,276 - INFO - Prediction: code1 is better
2025-01-05 09:28:06,276 - INFO - Reality: code1 is better
2025-01-05 09:28:06,276 - INFO - Prediction correct
2025-01-05 09:28:06,276 - INFO - 
Test Pair 60:
2025-01-05 09:28:06,276 - INFO - Instance ID: 9
2025-01-05 09:28:06,276 - INFO - Code 1 (ID: 2390):
2025-01-05 09:28:06,276 - INFO -   Predicted performance: 10.3045
2025-01-05 09:28:06,277 - INFO -   Actual performance: 10.2712
2025-01-05 09:28:06,277 - INFO - Code 2 (ID: 1230):
2025-01-05 09:28:06,277 - INFO -   Predicted performance: 10.3054
2025-01-05 09:28:06,277 - INFO -   Actual performance: 10.2694
2025-01-05 09:28:06,277 - INFO - Prediction: code1 is better
2025-01-05 09:28:06,277 - INFO - Reality: code2 is better
2025-01-05 09:28:06,277 - INFO - Prediction incorrect
2025-01-05 09:28:06,277 - INFO - 
Test Pair 61:
2025-01-05 09:28:06,277 - INFO - Instance ID: 3
2025-01-05 09:28:06,277 - INFO - Code 1 (ID: 2069):
2025-01-05 09:28:06,277 - INFO -   Predicted performance: 10.4242
2025-01-05 09:28:06,277 - INFO -   Actual performance: 10.3844
2025-01-05 09:28:06,277 - INFO - Code 2 (ID: 436):
2025-01-05 09:28:06,277 - INFO -   Predicted performance: 10.4290
2025-01-05 09:28:06,277 - INFO -   Actual performance: 10.4149
2025-01-05 09:28:06,277 - INFO - Prediction: code1 is better
2025-01-05 09:28:06,277 - INFO - Reality: code1 is better
2025-01-05 09:28:06,277 - INFO - Prediction correct
2025-01-05 09:28:06,277 - INFO - 
Test Pair 62:
2025-01-05 09:28:06,277 - INFO - Instance ID: 3
2025-01-05 09:28:06,277 - INFO - Code 1 (ID: 626):
2025-01-05 09:28:06,277 - INFO -   Predicted performance: 10.4036
2025-01-05 09:28:06,278 - INFO -   Actual performance: 10.4062
2025-01-05 09:28:06,278 - INFO - Code 2 (ID: 2808):
2025-01-05 09:28:06,278 - INFO -   Predicted performance: 10.4475
2025-01-05 09:28:06,278 - INFO -   Actual performance: 10.5043
2025-01-05 09:28:06,278 - INFO - Prediction: code1 is better
2025-01-05 09:28:06,278 - INFO - Reality: code1 is better
2025-01-05 09:28:06,278 - INFO - Prediction correct
2025-01-05 09:28:06,278 - INFO - 
Test Pair 63:
2025-01-05 09:28:06,278 - INFO - Instance ID: 3
2025-01-05 09:28:06,278 - INFO - Code 1 (ID: 1556):
2025-01-05 09:28:06,278 - INFO -   Predicted performance: 10.4191
2025-01-05 09:28:06,278 - INFO -   Actual performance: 10.3844
2025-01-05 09:28:06,278 - INFO - Code 2 (ID: 1020):
2025-01-05 09:28:06,278 - INFO -   Predicted performance: 10.4199
2025-01-05 09:28:06,278 - INFO -   Actual performance: 10.8329
2025-01-05 09:28:06,278 - INFO - Prediction: code1 is better
2025-01-05 09:28:06,278 - INFO - Reality: code1 is better
2025-01-05 09:28:06,278 - INFO - Prediction correct
2025-01-05 09:28:06,278 - INFO - 
Test Pair 64:
2025-01-05 09:28:06,278 - INFO - Instance ID: 3
2025-01-05 09:28:06,278 - INFO - Code 1 (ID: 2094):
2025-01-05 09:28:06,278 - INFO -   Predicted performance: 10.4425
2025-01-05 09:28:06,278 - INFO -   Actual performance: 10.4149
2025-01-05 09:28:06,278 - INFO - Code 2 (ID: 860):
2025-01-05 09:28:06,278 - INFO -   Predicted performance: 10.3975
2025-01-05 09:28:06,278 - INFO -   Actual performance: 10.4281
2025-01-05 09:28:06,279 - INFO - Prediction: code2 is better
2025-01-05 09:28:06,279 - INFO - Reality: code1 is better
2025-01-05 09:28:06,279 - INFO - Prediction incorrect
2025-01-05 09:28:06,279 - INFO - 
Test Pair 65:
2025-01-05 09:28:06,279 - INFO - Instance ID: 3
2025-01-05 09:28:06,279 - INFO - Code 1 (ID: 1096):
2025-01-05 09:28:06,279 - INFO -   Predicted performance: 10.4159
2025-01-05 09:28:06,279 - INFO -   Actual performance: 10.4203
2025-01-05 09:28:06,292 - INFO - Code 2 (ID: 2001):
2025-01-05 09:28:06,292 - INFO -   Predicted performance: 10.6544
2025-01-05 09:28:06,292 - INFO -   Actual performance: 10.3844
2025-01-05 09:28:06,292 - INFO - Prediction: code1 is better
2025-01-05 09:28:06,292 - INFO - Reality: code2 is better
2025-01-05 09:28:06,292 - INFO - Prediction incorrect
2025-01-05 09:28:06,292 - INFO - 
Test Pair 66:
2025-01-05 09:28:06,292 - INFO - Instance ID: 3
2025-01-05 09:28:06,292 - INFO - Code 1 (ID: 669):
2025-01-05 09:28:06,292 - INFO -   Predicted performance: 10.5374
2025-01-05 09:28:06,292 - INFO -   Actual performance: 10.3957
2025-01-05 09:28:06,292 - INFO - Code 2 (ID: 881):
2025-01-05 09:28:06,292 - INFO -   Predicted performance: 10.4131
2025-01-05 09:28:06,292 - INFO -   Actual performance: 10.4315
2025-01-05 09:28:06,292 - INFO - Prediction: code2 is better
2025-01-05 09:28:06,292 - INFO - Reality: code1 is better
2025-01-05 09:28:06,292 - INFO - Prediction incorrect
2025-01-05 09:28:06,292 - INFO - 
Test Pair 67:
2025-01-05 09:28:06,293 - INFO - Instance ID: 3
2025-01-05 09:28:06,293 - INFO - Code 1 (ID: 2234):
2025-01-05 09:28:06,293 - INFO -   Predicted performance: 10.4653
2025-01-05 09:28:06,293 - INFO -   Actual performance: 10.8329
2025-01-05 09:28:06,293 - INFO - Code 2 (ID: 1162):
2025-01-05 09:28:06,293 - INFO -   Predicted performance: 10.4159
2025-01-05 09:28:06,293 - INFO -   Actual performance: 10.3916
2025-01-05 09:28:06,293 - INFO - Prediction: code2 is better
2025-01-05 09:28:06,293 - INFO - Reality: code2 is better
2025-01-05 09:28:06,293 - INFO - Prediction correct
2025-01-05 09:28:06,293 - INFO - 
Test Pair 68:
2025-01-05 09:28:06,293 - INFO - Instance ID: 3
2025-01-05 09:28:06,293 - INFO - Code 1 (ID: 1126):
2025-01-05 09:28:06,293 - INFO -   Predicted performance: 10.4185
2025-01-05 09:28:06,293 - INFO -   Actual performance: 10.4347
2025-01-05 09:28:06,293 - INFO - Code 2 (ID: 521):
2025-01-05 09:28:06,293 - INFO -   Predicted performance: 10.4357
2025-01-05 09:28:06,293 - INFO -   Actual performance: 10.3988
2025-01-05 09:28:06,293 - INFO - Prediction: code1 is better
2025-01-05 09:28:06,293 - INFO - Reality: code2 is better
2025-01-05 09:28:06,293 - INFO - Prediction incorrect
2025-01-05 09:28:06,293 - INFO - 
Test Pair 69:
2025-01-05 09:28:06,293 - INFO - Instance ID: 3
2025-01-05 09:28:06,293 - INFO - Code 1 (ID: 2681):
2025-01-05 09:28:06,293 - INFO -   Predicted performance: 10.8314
2025-01-05 09:28:06,293 - INFO -   Actual performance: 10.6747
2025-01-05 09:28:06,293 - INFO - Code 2 (ID: 2799):
2025-01-05 09:28:06,294 - INFO -   Predicted performance: 10.4234
2025-01-05 09:28:06,294 - INFO -   Actual performance: 10.8329
2025-01-05 09:28:06,294 - INFO - Prediction: code2 is better
2025-01-05 09:28:06,294 - INFO - Reality: code1 is better
2025-01-05 09:28:06,294 - INFO - Prediction incorrect
2025-01-05 09:28:06,294 - INFO - 
Test Pair 70:
2025-01-05 09:28:06,294 - INFO - Instance ID: 3
2025-01-05 09:28:06,294 - INFO - Code 1 (ID: 232):
2025-01-05 09:28:06,294 - INFO -   Predicted performance: 10.4056
2025-01-05 09:28:06,294 - INFO -   Actual performance: 10.3844
2025-01-05 09:28:06,294 - INFO - Code 2 (ID: 260):
2025-01-05 09:28:06,294 - INFO -   Predicted performance: 10.4091
2025-01-05 09:28:06,294 - INFO -   Actual performance: 10.4062
2025-01-05 09:28:06,294 - INFO - Prediction: code1 is better
2025-01-05 09:28:06,294 - INFO - Reality: code1 is better
2025-01-05 09:28:06,294 - INFO - Prediction correct
2025-01-05 09:28:06,294 - INFO - 
Test Pair 71:
2025-01-05 09:28:06,294 - INFO - Instance ID: 2
2025-01-05 09:28:06,294 - INFO - Code 1 (ID: 1663):
2025-01-05 09:28:06,294 - INFO -   Predicted performance: 10.8797
2025-01-05 09:28:06,294 - INFO -   Actual performance: 10.8464
2025-01-05 09:28:06,294 - INFO - Code 2 (ID: 962):
2025-01-05 09:28:06,294 - INFO -   Predicted performance: 10.8671
2025-01-05 09:28:06,294 - INFO -   Actual performance: 10.8719
2025-01-05 09:28:06,294 - INFO - Prediction: code2 is better
2025-01-05 09:28:06,294 - INFO - Reality: code1 is better
2025-01-05 09:28:06,308 - INFO - Prediction incorrect
2025-01-05 09:28:06,308 - INFO - 
Test Pair 72:
2025-01-05 09:28:06,308 - INFO - Instance ID: 2
2025-01-05 09:28:06,308 - INFO - Code 1 (ID: 2232):
2025-01-05 09:28:06,308 - INFO -   Predicted performance: 10.9163
2025-01-05 09:28:06,308 - INFO -   Actual performance: 10.9132
2025-01-05 09:28:06,308 - INFO - Code 2 (ID: 2631):
2025-01-05 09:28:06,308 - INFO -   Predicted performance: 10.8892
2025-01-05 09:28:06,308 - INFO -   Actual performance: 10.9132
2025-01-05 09:28:06,308 - INFO - Prediction: code2 is better
2025-01-05 09:28:06,308 - INFO - Reality: code2 is better
2025-01-05 09:28:06,308 - INFO - Prediction correct
2025-01-05 09:28:06,308 - INFO - 
Test Pair 73:
2025-01-05 09:28:06,308 - INFO - Instance ID: 2
2025-01-05 09:28:06,308 - INFO - Code 1 (ID: 1849):
2025-01-05 09:28:06,308 - INFO -   Predicted performance: 10.8777
2025-01-05 09:28:06,308 - INFO -   Actual performance: 10.8790
2025-01-05 09:28:06,308 - INFO - Code 2 (ID: 1432):
2025-01-05 09:28:06,309 - INFO -   Predicted performance: 10.9164
2025-01-05 09:28:06,309 - INFO -   Actual performance: 10.9132
2025-01-05 09:28:06,309 - INFO - Prediction: code1 is better
2025-01-05 09:28:06,309 - INFO - Reality: code1 is better
2025-01-05 09:28:06,309 - INFO - Prediction correct
2025-01-05 09:28:06,309 - INFO - 
Test Pair 74:
2025-01-05 09:28:06,309 - INFO - Instance ID: 2
2025-01-05 09:28:06,309 - INFO - Code 1 (ID: 286):
2025-01-05 09:28:06,309 - INFO -   Predicted performance: 10.9092
2025-01-05 09:28:06,309 - INFO -   Actual performance: 10.9118
2025-01-05 09:28:06,309 - INFO - Code 2 (ID: 2654):
2025-01-05 09:28:06,309 - INFO -   Predicted performance: 10.8827
2025-01-05 09:28:06,309 - INFO -   Actual performance: 10.8689
2025-01-05 09:28:06,309 - INFO - Prediction: code2 is better
2025-01-05 09:28:06,309 - INFO - Reality: code2 is better
2025-01-05 09:28:06,309 - INFO - Prediction correct
2025-01-05 09:28:06,309 - INFO - 
Test Pair 75:
2025-01-05 09:28:06,309 - INFO - Instance ID: 2
2025-01-05 09:28:06,309 - INFO - Code 1 (ID: 2541):
2025-01-05 09:28:06,309 - INFO -   Predicted performance: 10.8786
2025-01-05 09:28:06,309 - INFO -   Actual performance: 10.9379
2025-01-05 09:28:06,309 - INFO - Code 2 (ID: 1408):
2025-01-05 09:28:06,309 - INFO -   Predicted performance: 10.8772
2025-01-05 09:28:06,309 - INFO -   Actual performance: 10.8769
2025-01-05 09:28:06,309 - INFO - Prediction: code2 is better
2025-01-05 09:28:06,309 - INFO - Reality: code2 is better
2025-01-05 09:28:06,309 - INFO - Prediction correct
2025-01-05 09:28:06,309 - INFO - 
Test Pair 76:
2025-01-05 09:28:06,310 - INFO - Instance ID: 2
2025-01-05 09:28:06,310 - INFO - Code 1 (ID: 1936):
2025-01-05 09:28:06,310 - INFO -   Predicted performance: 10.9163
2025-01-05 09:28:06,310 - INFO -   Actual performance: 10.9132
2025-01-05 09:28:06,310 - INFO - Code 2 (ID: 1226):
2025-01-05 09:28:06,310 - INFO -   Predicted performance: 10.8733
2025-01-05 09:28:06,310 - INFO -   Actual performance: 10.8367
2025-01-05 09:28:06,310 - INFO - Prediction: code2 is better
2025-01-05 09:28:06,310 - INFO - Reality: code2 is better
2025-01-05 09:28:06,310 - INFO - Prediction correct
2025-01-05 09:28:06,310 - INFO - 
Test Pair 77:
2025-01-05 09:28:06,310 - INFO - Instance ID: 2
2025-01-05 09:28:06,310 - INFO - Code 1 (ID: 1531):
2025-01-05 09:28:06,310 - INFO -   Predicted performance: 10.8737
2025-01-05 09:28:06,310 - INFO -   Actual performance: 10.9218
2025-01-05 09:28:06,310 - INFO - Code 2 (ID: 980):
2025-01-05 09:28:06,310 - INFO -   Predicted performance: 10.8612
2025-01-05 09:28:06,310 - INFO -   Actual performance: 10.9032
2025-01-05 09:28:06,310 - INFO - Prediction: code2 is better
2025-01-05 09:28:06,310 - INFO - Reality: code2 is better
2025-01-05 09:28:06,310 - INFO - Prediction correct
2025-01-05 09:28:06,310 - INFO - 
Test Pair 78:
2025-01-05 09:28:06,310 - INFO - Instance ID: 2
2025-01-05 09:28:06,310 - INFO - Code 1 (ID: 472):
2025-01-05 09:28:06,310 - INFO -   Predicted performance: 10.8818
2025-01-05 09:28:06,310 - INFO -   Actual performance: 10.8584
2025-01-05 09:28:06,324 - INFO - Code 2 (ID: 2877):
2025-01-05 09:28:06,324 - INFO -   Predicted performance: 10.8774
2025-01-05 09:28:06,324 - INFO -   Actual performance: 10.9256
2025-01-05 09:28:06,324 - INFO - Prediction: code2 is better
2025-01-05 09:28:06,324 - INFO - Reality: code1 is better
2025-01-05 09:28:06,324 - INFO - Prediction incorrect
2025-01-05 09:28:06,324 - INFO - 
Test Pair 79:
2025-01-05 09:28:06,324 - INFO - Instance ID: 2
2025-01-05 09:28:06,324 - INFO - Code 1 (ID: 2167):
2025-01-05 09:28:06,324 - INFO -   Predicted performance: 10.8726
2025-01-05 09:28:06,324 - INFO -   Actual performance: 10.9096
2025-01-05 09:28:06,324 - INFO - Code 2 (ID: 2570):
2025-01-05 09:28:06,324 - INFO -   Predicted performance: 10.8645
2025-01-05 09:28:06,324 - INFO -   Actual performance: 10.8594
2025-01-05 09:28:06,325 - INFO - Prediction: code2 is better
2025-01-05 09:28:06,325 - INFO - Reality: code2 is better
2025-01-05 09:28:06,325 - INFO - Prediction correct
2025-01-05 09:28:06,325 - INFO - 
Test Pair 80:
2025-01-05 09:28:06,325 - INFO - Instance ID: 2
2025-01-05 09:28:06,325 - INFO - Code 1 (ID: 1020):
2025-01-05 09:28:06,325 - INFO -   Predicted performance: 10.8721
2025-01-05 09:28:06,325 - INFO -   Actual performance: 10.9132
2025-01-05 09:28:06,325 - INFO - Code 2 (ID: 1093):
2025-01-05 09:28:06,325 - INFO -   Predicted performance: 10.8935
2025-01-05 09:28:06,325 - INFO -   Actual performance: 10.9237
2025-01-05 09:28:06,325 - INFO - Prediction: code1 is better
2025-01-05 09:28:06,325 - INFO - Reality: code1 is better
2025-01-05 09:28:06,325 - INFO - Prediction correct
2025-01-05 09:28:06,325 - INFO - 
Test Pair 81:
2025-01-05 09:28:06,325 - INFO - Instance ID: 0
2025-01-05 09:28:06,325 - INFO - Code 1 (ID: 1731):
2025-01-05 09:28:06,325 - INFO -   Predicted performance: 10.5609
2025-01-05 09:28:06,325 - INFO -   Actual performance: 10.5712
2025-01-05 09:28:06,325 - INFO - Code 2 (ID: 1734):
2025-01-05 09:28:06,325 - INFO -   Predicted performance: 10.5631
2025-01-05 09:28:06,325 - INFO -   Actual performance: 10.5604
2025-01-05 09:28:06,326 - INFO - Prediction: code1 is better
2025-01-05 09:28:06,326 - INFO - Reality: code2 is better
2025-01-05 09:28:06,326 - INFO - Prediction incorrect
2025-01-05 09:28:06,326 - INFO - 
Test Pair 82:
2025-01-05 09:28:06,326 - INFO - Instance ID: 0
2025-01-05 09:28:06,326 - INFO - Code 1 (ID: 1653):
2025-01-05 09:28:06,326 - INFO -   Predicted performance: 10.5593
2025-01-05 09:28:06,326 - INFO -   Actual performance: 10.5259
2025-01-05 09:28:06,326 - INFO - Code 2 (ID: 1010):
2025-01-05 09:28:06,326 - INFO -   Predicted performance: 10.5612
2025-01-05 09:28:06,326 - INFO -   Actual performance: 10.5801
2025-01-05 09:28:06,326 - INFO - Prediction: code1 is better
2025-01-05 09:28:06,326 - INFO - Reality: code1 is better
2025-01-05 09:28:06,326 - INFO - Prediction correct
2025-01-05 09:28:06,326 - INFO - 
Test Pair 83:
2025-01-05 09:28:06,326 - INFO - Instance ID: 0
2025-01-05 09:28:06,326 - INFO - Code 1 (ID: 181):
2025-01-05 09:28:06,326 - INFO -   Predicted performance: 10.5579
2025-01-05 09:28:06,326 - INFO -   Actual performance: 10.5375
2025-01-05 09:28:06,326 - INFO - Code 2 (ID: 1015):
2025-01-05 09:28:06,326 - INFO -   Predicted performance: 10.8063
2025-01-05 09:28:06,326 - INFO -   Actual performance: 10.5259
2025-01-05 09:28:06,326 - INFO - Prediction: code1 is better
2025-01-05 09:28:06,326 - INFO - Reality: code2 is better
2025-01-05 09:28:06,326 - INFO - Prediction incorrect
2025-01-05 09:28:06,326 - INFO - 
Test Pair 84:
2025-01-05 09:28:06,326 - INFO - Instance ID: 0
2025-01-05 09:28:06,326 - INFO - Code 1 (ID: 1295):
2025-01-05 09:28:06,326 - INFO -   Predicted performance: 10.5614
2025-01-05 09:28:06,327 - INFO -   Actual performance: 10.5604
2025-01-05 09:28:06,327 - INFO - Code 2 (ID: 2):
2025-01-05 09:28:06,327 - INFO -   Predicted performance: 10.8742
2025-01-05 09:28:06,327 - INFO -   Actual performance: 10.6890
2025-01-05 09:28:06,327 - INFO - Prediction: code1 is better
2025-01-05 09:28:06,327 - INFO - Reality: code1 is better
2025-01-05 09:28:06,339 - INFO - Prediction correct
2025-01-05 09:28:06,339 - INFO - 
Test Pair 85:
2025-01-05 09:28:06,339 - INFO - Instance ID: 0
2025-01-05 09:28:06,339 - INFO - Code 1 (ID: 952):
2025-01-05 09:28:06,339 - INFO -   Predicted performance: 10.5679
2025-01-05 09:28:06,339 - INFO -   Actual performance: 10.5604
2025-01-05 09:28:06,339 - INFO - Code 2 (ID: 751):
2025-01-05 09:28:06,339 - INFO -   Predicted performance: 10.5614
2025-01-05 09:28:06,339 - INFO -   Actual performance: 10.5948
2025-01-05 09:28:06,339 - INFO - Prediction: code2 is better
2025-01-05 09:28:06,339 - INFO - Reality: code1 is better
2025-01-05 09:28:06,339 - INFO - Prediction incorrect
2025-01-05 09:28:06,339 - INFO - 
Test Pair 86:
2025-01-05 09:28:06,339 - INFO - Instance ID: 0
2025-01-05 09:28:06,339 - INFO - Code 1 (ID: 1185):
2025-01-05 09:28:06,339 - INFO -   Predicted performance: 10.5679
2025-01-05 09:28:06,339 - INFO -   Actual performance: 10.5259
2025-01-05 09:28:06,339 - INFO - Code 2 (ID: 1093):
2025-01-05 09:28:06,339 - INFO -   Predicted performance: 10.6146
2025-01-05 09:28:06,340 - INFO -   Actual performance: 10.5447
2025-01-05 09:28:06,340 - INFO - Prediction: code1 is better
2025-01-05 09:28:06,340 - INFO - Reality: code1 is better
2025-01-05 09:28:06,340 - INFO - Prediction correct
2025-01-05 09:28:06,340 - INFO - 
Test Pair 87:
2025-01-05 09:28:06,340 - INFO - Instance ID: 0
2025-01-05 09:28:06,340 - INFO - Code 1 (ID: 1672):
2025-01-05 09:28:06,340 - INFO -   Predicted performance: 10.5618
2025-01-05 09:28:06,340 - INFO -   Actual performance: 10.5813
2025-01-05 09:28:06,340 - INFO - Code 2 (ID: 1448):
2025-01-05 09:28:06,340 - INFO -   Predicted performance: 10.5626
2025-01-05 09:28:06,340 - INFO -   Actual performance: 10.5259
2025-01-05 09:28:06,340 - INFO - Prediction: code1 is better
2025-01-05 09:28:06,340 - INFO - Reality: code2 is better
2025-01-05 09:28:06,340 - INFO - Prediction incorrect
2025-01-05 09:28:06,340 - INFO - 
Test Pair 88:
2025-01-05 09:28:06,340 - INFO - Instance ID: 0
2025-01-05 09:28:06,340 - INFO - Code 1 (ID: 2263):
2025-01-05 09:28:06,340 - INFO -   Predicted performance: 10.5646
2025-01-05 09:28:06,340 - INFO -   Actual performance: 10.5259
2025-01-05 09:28:06,340 - INFO - Code 2 (ID: 2864):
2025-01-05 09:28:06,340 - INFO -   Predicted performance: 10.5655
2025-01-05 09:28:06,340 - INFO -   Actual performance: 10.5604
2025-01-05 09:28:06,340 - INFO - Prediction: code1 is better
2025-01-05 09:28:06,340 - INFO - Reality: code1 is better
2025-01-05 09:28:06,340 - INFO - Prediction correct
2025-01-05 09:28:06,340 - INFO - 
Test Pair 89:
2025-01-05 09:28:06,340 - INFO - Instance ID: 0
2025-01-05 09:28:06,341 - INFO - Code 1 (ID: 566):
2025-01-05 09:28:06,341 - INFO -   Predicted performance: 10.5760
2025-01-05 09:28:06,341 - INFO -   Actual performance: 10.5888
2025-01-05 09:28:06,341 - INFO - Code 2 (ID: 2453):
2025-01-05 09:28:06,341 - INFO -   Predicted performance: 10.8893
2025-01-05 09:28:06,341 - INFO -   Actual performance: 10.8838
2025-01-05 09:28:06,341 - INFO - Prediction: code1 is better
2025-01-05 09:28:06,341 - INFO - Reality: code1 is better
2025-01-05 09:28:06,341 - INFO - Prediction correct
2025-01-05 09:28:06,341 - INFO - 
Test Pair 90:
2025-01-05 09:28:06,341 - INFO - Instance ID: 0
2025-01-05 09:28:06,341 - INFO - Code 1 (ID: 1154):
2025-01-05 09:28:06,341 - INFO -   Predicted performance: 10.5726
2025-01-05 09:28:06,341 - INFO -   Actual performance: 10.6164
2025-01-05 09:28:06,341 - INFO - Code 2 (ID: 541):
2025-01-05 09:28:06,342 - INFO -   Predicted performance: 10.8876
2025-01-05 09:28:06,342 - INFO -   Actual performance: 10.8838
2025-01-05 09:28:06,342 - INFO - Prediction: code1 is better
2025-01-05 09:28:06,342 - INFO - Reality: code1 is better
2025-01-05 09:28:06,342 - INFO - Prediction correct
2025-01-05 09:28:06,342 - INFO - 
Test Pair 91:
2025-01-05 09:28:06,342 - INFO - Instance ID: 4
2025-01-05 09:28:06,342 - INFO - Code 1 (ID: 2867):
2025-01-05 09:28:06,342 - INFO -   Predicted performance: 10.6000
2025-01-05 09:28:06,342 - INFO -   Actual performance: 10.6067
2025-01-05 09:28:06,354 - INFO - Code 2 (ID: 1554):
2025-01-05 09:28:06,354 - INFO -   Predicted performance: 10.7008
2025-01-05 09:28:06,354 - INFO -   Actual performance: 10.7254
2025-01-05 09:28:06,354 - INFO - Prediction: code1 is better
2025-01-05 09:28:06,354 - INFO - Reality: code1 is better
2025-01-05 09:28:06,354 - INFO - Prediction correct
2025-01-05 09:28:06,354 - INFO - 
Test Pair 92:
2025-01-05 09:28:06,354 - INFO - Instance ID: 4
2025-01-05 09:28:06,354 - INFO - Code 1 (ID: 2804):
2025-01-05 09:28:06,354 - INFO -   Predicted performance: 10.6174
2025-01-05 09:28:06,354 - INFO -   Actual performance: 10.5365
2025-01-05 09:28:06,354 - INFO - Code 2 (ID: 1389):
2025-01-05 09:28:06,354 - INFO -   Predicted performance: 10.6144
2025-01-05 09:28:06,354 - INFO -   Actual performance: 10.6496
2025-01-05 09:28:06,354 - INFO - Prediction: code2 is better
2025-01-05 09:28:06,354 - INFO - Reality: code1 is better
2025-01-05 09:28:06,354 - INFO - Prediction incorrect
2025-01-05 09:28:06,354 - INFO - 
Test Pair 93:
2025-01-05 09:28:06,355 - INFO - Instance ID: 4
2025-01-05 09:28:06,355 - INFO - Code 1 (ID: 1232):
2025-01-05 09:28:06,355 - INFO -   Predicted performance: 10.5984
2025-01-05 09:28:06,355 - INFO -   Actual performance: 10.5390
2025-01-05 09:28:06,355 - INFO - Code 2 (ID: 1787):
2025-01-05 09:28:06,355 - INFO -   Predicted performance: 10.6724
2025-01-05 09:28:06,355 - INFO -   Actual performance: 10.6949
2025-01-05 09:28:06,355 - INFO - Prediction: code1 is better
2025-01-05 09:28:06,355 - INFO - Reality: code1 is better
2025-01-05 09:28:06,355 - INFO - Prediction correct
2025-01-05 09:28:06,355 - INFO - 
Test Pair 94:
2025-01-05 09:28:06,355 - INFO - Instance ID: 4
2025-01-05 09:28:06,355 - INFO - Code 1 (ID: 1741):
2025-01-05 09:28:06,355 - INFO -   Predicted performance: 10.5879
2025-01-05 09:28:06,355 - INFO -   Actual performance: 10.5547
2025-01-05 09:28:06,355 - INFO - Code 2 (ID: 2361):
2025-01-05 09:28:06,355 - INFO -   Predicted performance: 10.6036
2025-01-05 09:28:06,355 - INFO -   Actual performance: 10.6234
2025-01-05 09:28:06,355 - INFO - Prediction: code1 is better
2025-01-05 09:28:06,355 - INFO - Reality: code1 is better
2025-01-05 09:28:06,355 - INFO - Prediction correct
2025-01-05 09:28:06,355 - INFO - 
Test Pair 95:
2025-01-05 09:28:06,355 - INFO - Instance ID: 4
2025-01-05 09:28:06,355 - INFO - Code 1 (ID: 180):
2025-01-05 09:28:06,355 - INFO -   Predicted performance: 10.7000
2025-01-05 09:28:06,355 - INFO -   Actual performance: 10.6949
2025-01-05 09:28:06,355 - INFO - Code 2 (ID: 2584):
2025-01-05 09:28:06,355 - INFO -   Predicted performance: 10.5999
2025-01-05 09:28:06,355 - INFO -   Actual performance: 10.6604
2025-01-05 09:28:06,356 - INFO - Prediction: code2 is better
2025-01-05 09:28:06,356 - INFO - Reality: code2 is better
2025-01-05 09:28:06,356 - INFO - Prediction correct
2025-01-05 09:28:06,356 - INFO - 
Test Pair 96:
2025-01-05 09:28:06,356 - INFO - Instance ID: 4
2025-01-05 09:28:06,356 - INFO - Code 1 (ID: 1837):
2025-01-05 09:28:06,356 - INFO -   Predicted performance: 10.5993
2025-01-05 09:28:06,356 - INFO -   Actual performance: 10.5365
2025-01-05 09:28:06,356 - INFO - Code 2 (ID: 652):
2025-01-05 09:28:06,356 - INFO -   Predicted performance: 10.5994
2025-01-05 09:28:06,356 - INFO -   Actual performance: 10.6720
2025-01-05 09:28:06,356 - INFO - Prediction: code1 is better
2025-01-05 09:28:06,356 - INFO - Reality: code1 is better
2025-01-05 09:28:06,356 - INFO - Prediction correct
2025-01-05 09:28:06,356 - INFO - 
Test Pair 97:
2025-01-05 09:28:06,356 - INFO - Instance ID: 4
2025-01-05 09:28:06,356 - INFO - Code 1 (ID: 207):
2025-01-05 09:28:06,356 - INFO -   Predicted performance: 10.6307
2025-01-05 09:28:06,356 - INFO -   Actual performance: 10.6604
2025-01-05 09:28:06,356 - INFO - Code 2 (ID: 633):
2025-01-05 09:28:06,356 - INFO -   Predicted performance: 10.5818
2025-01-05 09:28:06,356 - INFO -   Actual performance: 10.5752
2025-01-05 09:28:06,356 - INFO - Prediction: code2 is better
2025-01-05 09:28:06,356 - INFO - Reality: code2 is better
2025-01-05 09:28:06,370 - INFO - Prediction correct
2025-01-05 09:28:06,370 - INFO - 
Test Pair 98:
2025-01-05 09:28:06,370 - INFO - Instance ID: 4
2025-01-05 09:28:06,370 - INFO - Code 1 (ID: 1529):
2025-01-05 09:28:06,370 - INFO -   Predicted performance: 10.7003
2025-01-05 09:28:06,370 - INFO -   Actual performance: 10.6067
2025-01-05 09:28:06,370 - INFO - Code 2 (ID: 1211):
2025-01-05 09:28:06,370 - INFO -   Predicted performance: 10.5907
2025-01-05 09:28:06,370 - INFO -   Actual performance: 10.6067
2025-01-05 09:28:06,370 - INFO - Prediction: code2 is better
2025-01-05 09:28:06,370 - INFO - Reality: code2 is better
2025-01-05 09:28:06,370 - INFO - Prediction correct
2025-01-05 09:28:06,370 - INFO - 
Test Pair 99:
2025-01-05 09:28:06,370 - INFO - Instance ID: 4
2025-01-05 09:28:06,370 - INFO - Code 1 (ID: 932):
2025-01-05 09:28:06,370 - INFO -   Predicted performance: 10.5925
2025-01-05 09:28:06,371 - INFO -   Actual performance: 10.5742
2025-01-05 09:28:06,371 - INFO - Code 2 (ID: 1372):
2025-01-05 09:28:06,371 - INFO -   Predicted performance: 10.5981
2025-01-05 09:28:06,371 - INFO -   Actual performance: 10.6003
2025-01-05 09:28:06,371 - INFO - Prediction: code1 is better
2025-01-05 09:28:06,371 - INFO - Reality: code1 is better
2025-01-05 09:28:06,371 - INFO - Prediction correct
2025-01-05 09:28:06,371 - INFO - 
Test Pair 100:
2025-01-05 09:28:06,371 - INFO - Instance ID: 4
2025-01-05 09:28:06,371 - INFO - Code 1 (ID: 1375):
2025-01-05 09:28:06,371 - INFO -   Predicted performance: 10.5902
2025-01-05 09:28:06,371 - INFO -   Actual performance: 10.6643
2025-01-05 09:28:06,371 - INFO - Code 2 (ID: 1653):
2025-01-05 09:28:06,371 - INFO -   Predicted performance: 10.5855
2025-01-05 09:28:06,371 - INFO -   Actual performance: 10.5365
2025-01-05 09:28:06,372 - INFO - Prediction: code2 is better
2025-01-05 09:28:06,372 - INFO - Reality: code2 is better
2025-01-05 09:28:06,372 - INFO - Prediction correct
2025-01-05 09:28:06,372 - INFO - 
Summary Statistics:
2025-01-05 09:28:06,372 - INFO - ================================================================================
2025-01-05 09:28:06,372 - INFO - Total test pairs: 100
2025-01-05 09:28:06,372 - INFO - Correct predictions: 65
2025-01-05 09:28:06,372 - INFO - Prediction accuracy: 0.6500
2025-01-05 09:28:06,375 - INFO - Evaluation results saved to ./results/evaluation_results_20250105_092806.json
