2025-01-05 10:21:12,877 - INFO - Starting training process...
2025-01-05 10:21:12,877 - INFO - Loading data...
2025-01-05 10:21:14,118 - INFO - Loaded 2915 code samples
2025-01-05 10:21:14,119 - INFO - Performance statistics:
2025-01-05 10:21:14,119 - INFO -   Mean: 10.6621
2025-01-05 10:21:14,119 - INFO -   Std: 0.0755
2025-01-05 10:21:14,119 - INFO -   Min: 10.5913
2025-01-05 10:21:14,119 - INFO -   Max: 10.9718
2025-01-05 10:21:14,121 - INFO - Preparing training and test data...
2025-01-05 10:21:15,985 - INFO - Selected 6000 balanced training pairs
2025-01-05 10:21:16,313 - INFO - Selected 1000 balanced test pairs
2025-01-05 10:21:16,576 - INFO - Starting training...
2025-01-05 10:21:16,585 - INFO - Total training pairs: 6000
2025-01-05 10:21:16,585 - INFO - Batch size: 32
2025-01-05 10:21:16,585 - INFO - Max epochs: 100
2025-01-05 10:21:16,585 - INFO - 
Epoch 1/100
2025-01-05 10:21:16,585 - INFO - Processing batches...
2025-01-05 10:21:19,090 - INFO - Epoch 1 Results:
2025-01-05 10:21:19,091 - INFO -   Average Loss: 0.6017
2025-01-05 10:21:19,091 - INFO -   Training Accuracy: 0.6827
2025-01-05 10:21:19,091 - INFO -   New best loss achieved!
2025-01-05 10:21:19,091 - INFO - 
Epoch 2/100
2025-01-05 10:21:19,091 - INFO - Processing batches...
2025-01-05 10:21:21,538 - INFO - Epoch 2 Results:
2025-01-05 10:21:21,538 - INFO -   Average Loss: 0.5272
2025-01-05 10:21:21,538 - INFO -   Training Accuracy: 0.7775
2025-01-05 10:21:21,538 - INFO -   New best loss achieved!
2025-01-05 10:21:21,539 - INFO - 
Epoch 3/100
2025-01-05 10:21:21,539 - INFO - Processing batches...
2025-01-05 10:21:24,008 - INFO - Epoch 3 Results:
2025-01-05 10:21:24,008 - INFO -   Average Loss: 0.4968
2025-01-05 10:21:24,008 - INFO -   Training Accuracy: 0.8105
2025-01-05 10:21:24,008 - INFO -   New best loss achieved!
2025-01-05 10:21:24,009 - INFO - 
Epoch 4/100
2025-01-05 10:21:24,009 - INFO - Processing batches...
2025-01-05 10:21:26,467 - INFO - Epoch 4 Results:
2025-01-05 10:21:26,467 - INFO -   Average Loss: 0.4716
2025-01-05 10:21:26,467 - INFO -   Training Accuracy: 0.8360
2025-01-05 10:21:26,467 - INFO -   New best loss achieved!
2025-01-05 10:21:26,467 - INFO - 
Epoch 5/100
2025-01-05 10:21:26,467 - INFO - Processing batches...
2025-01-05 10:21:28,908 - INFO - Epoch 5 Results:
2025-01-05 10:21:28,908 - INFO -   Average Loss: 0.4599
2025-01-05 10:21:28,908 - INFO -   Training Accuracy: 0.8485
2025-01-05 10:21:28,908 - INFO -   New best loss achieved!
2025-01-05 10:21:28,909 - INFO - 
Epoch 6/100
2025-01-05 10:21:28,909 - INFO - Processing batches...
2025-01-05 10:21:31,444 - INFO - Epoch 6 Results:
2025-01-05 10:21:31,444 - INFO -   Average Loss: 0.4551
2025-01-05 10:21:31,445 - INFO -   Training Accuracy: 0.8513
2025-01-05 10:21:31,445 - INFO -   New best loss achieved!
2025-01-05 10:21:31,445 - INFO - 
Epoch 7/100
2025-01-05 10:21:31,445 - INFO - Processing batches...
2025-01-05 10:21:34,260 - INFO - Epoch 7 Results:
2025-01-05 10:21:34,260 - INFO -   Average Loss: 0.4520
2025-01-05 10:21:34,260 - INFO -   Training Accuracy: 0.8563
2025-01-05 10:21:34,260 - INFO -   New best loss achieved!
2025-01-05 10:21:34,261 - INFO - 
Epoch 8/100
2025-01-05 10:21:34,261 - INFO - Processing batches...
2025-01-05 10:21:36,969 - INFO - Epoch 8 Results:
2025-01-05 10:21:36,969 - INFO -   Average Loss: 0.4479
2025-01-05 10:21:36,969 - INFO -   Training Accuracy: 0.8602
2025-01-05 10:21:36,969 - INFO -   New best loss achieved!
2025-01-05 10:21:36,969 - INFO - 
Epoch 9/100
2025-01-05 10:21:36,970 - INFO - Processing batches...
2025-01-05 10:21:39,649 - INFO - Epoch 9 Results:
2025-01-05 10:21:39,649 - INFO -   Average Loss: 0.4433
2025-01-05 10:21:39,649 - INFO -   Training Accuracy: 0.8632
2025-01-05 10:21:39,649 - INFO -   New best loss achieved!
2025-01-05 10:21:39,649 - INFO - 
Epoch 10/100
2025-01-05 10:21:39,650 - INFO - Processing batches...
2025-01-05 10:21:42,315 - INFO - Epoch 10 Results:
2025-01-05 10:21:42,316 - INFO -   Average Loss: 0.4307
2025-01-05 10:21:42,316 - INFO -   Training Accuracy: 0.8762
2025-01-05 10:21:42,316 - INFO -   New best loss achieved!
2025-01-05 10:21:42,316 - INFO - 
Epoch 11/100
2025-01-05 10:21:42,316 - INFO - Processing batches...
2025-01-05 10:21:45,011 - INFO - Epoch 11 Results:
2025-01-05 10:21:45,011 - INFO -   Average Loss: 0.4303
2025-01-05 10:21:45,011 - INFO -   Training Accuracy: 0.8783
2025-01-05 10:21:45,011 - INFO -   New best loss achieved!
2025-01-05 10:21:45,011 - INFO - 
Epoch 12/100
2025-01-05 10:21:45,012 - INFO - Processing batches...
2025-01-05 10:21:47,702 - INFO - Epoch 12 Results:
2025-01-05 10:21:47,702 - INFO -   Average Loss: 0.4249
2025-01-05 10:21:47,702 - INFO -   Training Accuracy: 0.8858
2025-01-05 10:21:47,703 - INFO -   New best loss achieved!
2025-01-05 10:21:47,703 - INFO - 
Epoch 13/100
2025-01-05 10:21:47,703 - INFO - Processing batches...
2025-01-05 10:21:50,401 - INFO - Epoch 13 Results:
2025-01-05 10:21:50,401 - INFO -   Average Loss: 0.4247
2025-01-05 10:21:50,401 - INFO -   Training Accuracy: 0.8828
2025-01-05 10:21:50,401 - INFO -   New best loss achieved!
2025-01-05 10:21:50,401 - INFO - 
Epoch 14/100
2025-01-05 10:21:50,401 - INFO - Processing batches...
2025-01-05 10:21:53,085 - INFO - Epoch 14 Results:
2025-01-05 10:21:53,085 - INFO -   Average Loss: 0.4170
2025-01-05 10:21:53,086 - INFO -   Training Accuracy: 0.8942
2025-01-05 10:21:53,086 - INFO -   New best loss achieved!
2025-01-05 10:21:53,086 - INFO - 
Epoch 15/100
2025-01-05 10:21:53,086 - INFO - Processing batches...
2025-01-05 10:21:55,797 - INFO - Epoch 15 Results:
2025-01-05 10:21:55,797 - INFO -   Average Loss: 0.4156
2025-01-05 10:21:55,797 - INFO -   Training Accuracy: 0.8938
2025-01-05 10:21:55,797 - INFO -   New best loss achieved!
2025-01-05 10:21:55,797 - INFO - 
Epoch 16/100
2025-01-05 10:21:55,797 - INFO - Processing batches...
2025-01-05 10:21:58,535 - INFO - Epoch 16 Results:
2025-01-05 10:21:58,535 - INFO -   Average Loss: 0.4150
2025-01-05 10:21:58,535 - INFO -   Training Accuracy: 0.8948
2025-01-05 10:21:58,535 - INFO -   New best loss achieved!
2025-01-05 10:21:58,535 - INFO - 
Epoch 17/100
2025-01-05 10:21:58,535 - INFO - Processing batches...
2025-01-05 10:22:01,274 - INFO - Epoch 17 Results:
2025-01-05 10:22:01,274 - INFO -   Average Loss: 0.4104
2025-01-05 10:22:01,275 - INFO -   Training Accuracy: 0.8990
2025-01-05 10:22:01,275 - INFO -   New best loss achieved!
2025-01-05 10:22:01,275 - INFO - 
Epoch 18/100
2025-01-05 10:22:01,275 - INFO - Processing batches...
2025-01-05 10:22:03,983 - INFO - Epoch 18 Results:
2025-01-05 10:22:03,983 - INFO -   Average Loss: 0.4136
2025-01-05 10:22:03,983 - INFO -   Training Accuracy: 0.8972
2025-01-05 10:22:03,983 - INFO -   No improvement for 1 epochs
2025-01-05 10:22:03,984 - INFO - 
Epoch 19/100
2025-01-05 10:22:03,984 - INFO - Processing batches...
2025-01-05 10:22:06,748 - INFO - Epoch 19 Results:
2025-01-05 10:22:06,748 - INFO -   Average Loss: 0.4077
2025-01-05 10:22:06,748 - INFO -   Training Accuracy: 0.9020
2025-01-05 10:22:06,748 - INFO -   New best loss achieved!
2025-01-05 10:22:06,749 - INFO - 
Epoch 20/100
2025-01-05 10:22:06,749 - INFO - Processing batches...
2025-01-05 10:22:09,472 - INFO - Epoch 20 Results:
2025-01-05 10:22:09,473 - INFO -   Average Loss: 0.4044
2025-01-05 10:22:09,473 - INFO -   Training Accuracy: 0.9055
2025-01-05 10:22:09,473 - INFO -   New best loss achieved!
2025-01-05 10:22:09,473 - INFO - 
Epoch 21/100
2025-01-05 10:22:09,473 - INFO - Processing batches...
2025-01-05 10:22:12,172 - INFO - Epoch 21 Results:
2025-01-05 10:22:12,172 - INFO -   Average Loss: 0.4020
2025-01-05 10:22:12,172 - INFO -   Training Accuracy: 0.9093
2025-01-05 10:22:12,172 - INFO -   New best loss achieved!
2025-01-05 10:22:12,172 - INFO - 
Epoch 22/100
2025-01-05 10:22:12,173 - INFO - Processing batches...
2025-01-05 10:22:14,879 - INFO - Epoch 22 Results:
2025-01-05 10:22:14,880 - INFO -   Average Loss: 0.3982
2025-01-05 10:22:14,880 - INFO -   Training Accuracy: 0.9112
2025-01-05 10:22:14,880 - INFO -   New best loss achieved!
2025-01-05 10:22:14,880 - INFO - 
Epoch 23/100
2025-01-05 10:22:14,880 - INFO - Processing batches...
2025-01-05 10:22:17,603 - INFO - Epoch 23 Results:
2025-01-05 10:22:17,603 - INFO -   Average Loss: 0.4014
2025-01-05 10:22:17,603 - INFO -   Training Accuracy: 0.9077
2025-01-05 10:22:17,603 - INFO -   No improvement for 1 epochs
2025-01-05 10:22:17,603 - INFO - 
Epoch 24/100
2025-01-05 10:22:17,603 - INFO - Processing batches...
2025-01-05 10:22:20,390 - INFO - Epoch 24 Results:
2025-01-05 10:22:20,391 - INFO -   Average Loss: 0.3979
2025-01-05 10:22:20,391 - INFO -   Training Accuracy: 0.9117
2025-01-05 10:22:20,391 - INFO -   New best loss achieved!
2025-01-05 10:22:20,391 - INFO - 
Epoch 25/100
2025-01-05 10:22:20,391 - INFO - Processing batches...
2025-01-05 10:22:23,186 - INFO - Epoch 25 Results:
2025-01-05 10:22:23,187 - INFO -   Average Loss: 0.4020
2025-01-05 10:22:23,187 - INFO -   Training Accuracy: 0.9072
2025-01-05 10:22:23,187 - INFO -   No improvement for 1 epochs
2025-01-05 10:22:23,187 - INFO - 
Epoch 26/100
2025-01-05 10:22:23,187 - INFO - Processing batches...
2025-01-05 10:22:25,982 - INFO - Epoch 26 Results:
2025-01-05 10:22:25,982 - INFO -   Average Loss: 0.3972
2025-01-05 10:22:25,982 - INFO -   Training Accuracy: 0.9123
2025-01-05 10:22:25,982 - INFO -   New best loss achieved!
2025-01-05 10:22:25,982 - INFO - 
Epoch 27/100
2025-01-05 10:22:25,983 - INFO - Processing batches...
2025-01-05 10:22:28,740 - INFO - Epoch 27 Results:
2025-01-05 10:22:28,740 - INFO -   Average Loss: 0.3919
2025-01-05 10:22:28,740 - INFO -   Training Accuracy: 0.9178
2025-01-05 10:22:28,740 - INFO -   New best loss achieved!
2025-01-05 10:22:28,740 - INFO - 
Epoch 28/100
2025-01-05 10:22:28,740 - INFO - Processing batches...
2025-01-05 10:22:31,546 - INFO - Epoch 28 Results:
2025-01-05 10:22:31,546 - INFO -   Average Loss: 0.3951
2025-01-05 10:22:31,547 - INFO -   Training Accuracy: 0.9157
2025-01-05 10:22:31,547 - INFO -   No improvement for 1 epochs
2025-01-05 10:22:31,547 - INFO - 
Epoch 29/100
2025-01-05 10:22:31,547 - INFO - Processing batches...
2025-01-05 10:22:34,432 - INFO - Epoch 29 Results:
2025-01-05 10:22:34,433 - INFO -   Average Loss: 0.3865
2025-01-05 10:22:34,433 - INFO -   Training Accuracy: 0.9240
2025-01-05 10:22:34,433 - INFO -   New best loss achieved!
2025-01-05 10:22:34,433 - INFO - 
Epoch 30/100
2025-01-05 10:22:34,433 - INFO - Processing batches...
2025-01-05 10:22:37,256 - INFO - Epoch 30 Results:
2025-01-05 10:22:37,256 - INFO -   Average Loss: 0.3920
2025-01-05 10:22:37,256 - INFO -   Training Accuracy: 0.9187
2025-01-05 10:22:37,257 - INFO -   No improvement for 1 epochs
2025-01-05 10:22:37,257 - INFO - 
Epoch 31/100
2025-01-05 10:22:37,257 - INFO - Processing batches...
2025-01-05 10:22:40,030 - INFO - Epoch 31 Results:
2025-01-05 10:22:40,030 - INFO -   Average Loss: 0.3880
2025-01-05 10:22:40,030 - INFO -   Training Accuracy: 0.9228
2025-01-05 10:22:40,031 - INFO -   No improvement for 2 epochs
2025-01-05 10:22:40,031 - INFO - 
Epoch 32/100
2025-01-05 10:22:40,031 - INFO - Processing batches...
2025-01-05 10:22:42,801 - INFO - Epoch 32 Results:
2025-01-05 10:22:42,802 - INFO -   Average Loss: 0.3818
2025-01-05 10:22:42,802 - INFO -   Training Accuracy: 0.9293
2025-01-05 10:22:42,802 - INFO -   New best loss achieved!
2025-01-05 10:22:42,802 - INFO - 
Epoch 33/100
2025-01-05 10:22:42,802 - INFO - Processing batches...
2025-01-05 10:22:45,560 - INFO - Epoch 33 Results:
2025-01-05 10:22:45,560 - INFO -   Average Loss: 0.3818
2025-01-05 10:22:45,560 - INFO -   Training Accuracy: 0.9302
2025-01-05 10:22:45,561 - INFO -   No improvement for 1 epochs
2025-01-05 10:22:45,561 - INFO - 
Epoch 34/100
2025-01-05 10:22:45,561 - INFO - Processing batches...
2025-01-05 10:22:48,312 - INFO - Epoch 34 Results:
2025-01-05 10:22:48,313 - INFO -   Average Loss: 0.3888
2025-01-05 10:22:48,313 - INFO -   Training Accuracy: 0.9222
2025-01-05 10:22:48,313 - INFO -   No improvement for 2 epochs
2025-01-05 10:22:48,313 - INFO - 
Epoch 35/100
2025-01-05 10:22:48,313 - INFO - Processing batches...
2025-01-05 10:22:51,086 - INFO - Epoch 35 Results:
2025-01-05 10:22:51,086 - INFO -   Average Loss: 0.3822
2025-01-05 10:22:51,087 - INFO -   Training Accuracy: 0.9292
2025-01-05 10:22:51,087 - INFO -   No improvement for 3 epochs
2025-01-05 10:22:51,087 - INFO - 
Epoch 36/100
2025-01-05 10:22:51,087 - INFO - Processing batches...
2025-01-05 10:22:53,870 - INFO - Epoch 36 Results:
2025-01-05 10:22:53,870 - INFO -   Average Loss: 0.3816
2025-01-05 10:22:53,870 - INFO -   Training Accuracy: 0.9288
2025-01-05 10:22:53,870 - INFO -   New best loss achieved!
2025-01-05 10:22:53,871 - INFO - 
Epoch 37/100
2025-01-05 10:22:53,871 - INFO - Processing batches...
2025-01-05 10:22:56,701 - INFO - Epoch 37 Results:
2025-01-05 10:22:56,701 - INFO -   Average Loss: 0.3765
2025-01-05 10:22:56,701 - INFO -   Training Accuracy: 0.9350
2025-01-05 10:22:56,703 - INFO -   New best loss achieved!
2025-01-05 10:22:56,703 - INFO - 
Epoch 38/100
2025-01-05 10:22:56,703 - INFO - Processing batches...
2025-01-05 10:22:59,521 - INFO - Epoch 38 Results:
2025-01-05 10:22:59,521 - INFO -   Average Loss: 0.3737
2025-01-05 10:22:59,521 - INFO -   Training Accuracy: 0.9375
2025-01-05 10:22:59,521 - INFO -   New best loss achieved!
2025-01-05 10:22:59,521 - INFO - 
Epoch 39/100
2025-01-05 10:22:59,522 - INFO - Processing batches...
2025-01-05 10:23:02,310 - INFO - Epoch 39 Results:
2025-01-05 10:23:02,311 - INFO -   Average Loss: 0.3726
2025-01-05 10:23:02,311 - INFO -   Training Accuracy: 0.9397
2025-01-05 10:23:02,311 - INFO -   New best loss achieved!
2025-01-05 10:23:02,311 - INFO - 
Epoch 40/100
2025-01-05 10:23:02,311 - INFO - Processing batches...
2025-01-05 10:23:05,083 - INFO - Epoch 40 Results:
2025-01-05 10:23:05,085 - INFO -   Average Loss: 0.3751
2025-01-05 10:23:05,085 - INFO -   Training Accuracy: 0.9370
2025-01-05 10:23:05,085 - INFO -   No improvement for 1 epochs
2025-01-05 10:23:05,085 - INFO - 
Epoch 41/100
2025-01-05 10:23:05,085 - INFO - Processing batches...
2025-01-05 10:23:07,901 - INFO - Epoch 41 Results:
2025-01-05 10:23:07,901 - INFO -   Average Loss: 0.3810
2025-01-05 10:23:07,901 - INFO -   Training Accuracy: 0.9313
2025-01-05 10:23:07,901 - INFO -   No improvement for 2 epochs
2025-01-05 10:23:07,901 - INFO - 
Epoch 42/100
2025-01-05 10:23:07,901 - INFO - Processing batches...
2025-01-05 10:23:10,723 - INFO - Epoch 42 Results:
2025-01-05 10:23:10,724 - INFO -   Average Loss: 0.3759
2025-01-05 10:23:10,724 - INFO -   Training Accuracy: 0.9363
2025-01-05 10:23:10,724 - INFO -   No improvement for 3 epochs
2025-01-05 10:23:10,724 - INFO - 
Epoch 43/100
2025-01-05 10:23:10,724 - INFO - Processing batches...
2025-01-05 10:23:13,504 - INFO - Epoch 43 Results:
2025-01-05 10:23:13,504 - INFO -   Average Loss: 0.3771
2025-01-05 10:23:13,504 - INFO -   Training Accuracy: 0.9347
2025-01-05 10:23:13,505 - INFO -   No improvement for 4 epochs
2025-01-05 10:23:13,505 - INFO - 
Epoch 44/100
2025-01-05 10:23:13,505 - INFO - Processing batches...
2025-01-05 10:23:16,351 - INFO - Epoch 44 Results:
2025-01-05 10:23:16,351 - INFO -   Average Loss: 0.3801
2025-01-05 10:23:16,351 - INFO -   Training Accuracy: 0.9322
2025-01-05 10:23:16,351 - INFO -   No improvement for 5 epochs
2025-01-05 10:23:16,352 - INFO - 
Epoch 45/100
2025-01-05 10:23:16,352 - INFO - Processing batches...
2025-01-05 10:23:19,193 - INFO - Epoch 45 Results:
2025-01-05 10:23:19,194 - INFO -   Average Loss: 0.3796
2025-01-05 10:23:19,194 - INFO -   Training Accuracy: 0.9317
2025-01-05 10:23:19,194 - INFO -   No improvement for 6 epochs
2025-01-05 10:23:19,194 - INFO - 
Epoch 46/100
2025-01-05 10:23:19,194 - INFO - Processing batches...
2025-01-05 10:23:22,050 - INFO - Epoch 46 Results:
2025-01-05 10:23:22,050 - INFO -   Average Loss: 0.3750
2025-01-05 10:23:22,050 - INFO -   Training Accuracy: 0.9370
2025-01-05 10:23:22,050 - INFO -   No improvement for 7 epochs
2025-01-05 10:23:22,051 - INFO - 
Epoch 47/100
2025-01-05 10:23:22,051 - INFO - Processing batches...
2025-01-05 10:23:24,890 - INFO - Epoch 47 Results:
2025-01-05 10:23:24,891 - INFO -   Average Loss: 0.3716
2025-01-05 10:23:24,891 - INFO -   Training Accuracy: 0.9405
2025-01-05 10:23:24,891 - INFO -   New best loss achieved!
2025-01-05 10:23:24,891 - INFO - 
Epoch 48/100
2025-01-05 10:23:24,891 - INFO - Processing batches...
2025-01-05 10:23:27,709 - INFO - Epoch 48 Results:
2025-01-05 10:23:27,709 - INFO -   Average Loss: 0.3697
2025-01-05 10:23:27,709 - INFO -   Training Accuracy: 0.9420
2025-01-05 10:23:27,709 - INFO -   New best loss achieved!
2025-01-05 10:23:27,709 - INFO - 
Epoch 49/100
2025-01-05 10:23:27,709 - INFO - Processing batches...
2025-01-05 10:23:30,494 - INFO - Epoch 49 Results:
2025-01-05 10:23:30,494 - INFO -   Average Loss: 0.3701
2025-01-05 10:23:30,494 - INFO -   Training Accuracy: 0.9413
2025-01-05 10:23:30,494 - INFO -   No improvement for 1 epochs
2025-01-05 10:23:30,494 - INFO - 
Epoch 50/100
2025-01-05 10:23:30,494 - INFO - Processing batches...
2025-01-05 10:23:33,316 - INFO - Epoch 50 Results:
2025-01-05 10:23:33,316 - INFO -   Average Loss: 0.3678
2025-01-05 10:23:33,316 - INFO -   Training Accuracy: 0.9433
2025-01-05 10:23:33,317 - INFO -   New best loss achieved!
2025-01-05 10:23:33,317 - INFO - 
Epoch 51/100
2025-01-05 10:23:33,317 - INFO - Processing batches...
2025-01-05 10:23:36,161 - INFO - Epoch 51 Results:
2025-01-05 10:23:36,161 - INFO -   Average Loss: 0.3727
2025-01-05 10:23:36,161 - INFO -   Training Accuracy: 0.9395
2025-01-05 10:23:36,161 - INFO -   No improvement for 1 epochs
2025-01-05 10:23:36,161 - INFO - 
Epoch 52/100
2025-01-05 10:23:36,161 - INFO - Processing batches...
2025-01-05 10:23:39,025 - INFO - Epoch 52 Results:
2025-01-05 10:23:39,025 - INFO -   Average Loss: 0.3722
2025-01-05 10:23:39,025 - INFO -   Training Accuracy: 0.9398
2025-01-05 10:23:39,025 - INFO -   No improvement for 2 epochs
2025-01-05 10:23:39,025 - INFO - 
Epoch 53/100
2025-01-05 10:23:39,025 - INFO - Processing batches...
2025-01-05 10:23:41,848 - INFO - Epoch 53 Results:
2025-01-05 10:23:41,849 - INFO -   Average Loss: 0.3669
2025-01-05 10:23:41,849 - INFO -   Training Accuracy: 0.9457
2025-01-05 10:23:41,849 - INFO -   New best loss achieved!
2025-01-05 10:23:41,849 - INFO - 
Epoch 54/100
2025-01-05 10:23:41,849 - INFO - Processing batches...
2025-01-05 10:23:44,715 - INFO - Epoch 54 Results:
2025-01-05 10:23:44,716 - INFO -   Average Loss: 0.3698
2025-01-05 10:23:44,716 - INFO -   Training Accuracy: 0.9433
2025-01-05 10:23:44,716 - INFO -   No improvement for 1 epochs
2025-01-05 10:23:44,716 - INFO - 
Epoch 55/100
2025-01-05 10:23:44,716 - INFO - Processing batches...
2025-01-05 10:23:47,558 - INFO - Epoch 55 Results:
2025-01-05 10:23:47,558 - INFO -   Average Loss: 0.3706
2025-01-05 10:23:47,558 - INFO -   Training Accuracy: 0.9415
2025-01-05 10:23:47,559 - INFO -   No improvement for 2 epochs
2025-01-05 10:23:47,559 - INFO - 
Epoch 56/100
2025-01-05 10:23:47,559 - INFO - Processing batches...
2025-01-05 10:23:50,378 - INFO - Epoch 56 Results:
2025-01-05 10:23:50,378 - INFO -   Average Loss: 0.3657
2025-01-05 10:23:50,378 - INFO -   Training Accuracy: 0.9457
2025-01-05 10:23:50,378 - INFO -   New best loss achieved!
2025-01-05 10:23:50,378 - INFO - 
Epoch 57/100
2025-01-05 10:23:50,379 - INFO - Processing batches...
2025-01-05 10:23:53,186 - INFO - Epoch 57 Results:
2025-01-05 10:23:53,186 - INFO -   Average Loss: 0.3739
2025-01-05 10:23:53,186 - INFO -   Training Accuracy: 0.9372
2025-01-05 10:23:53,186 - INFO -   No improvement for 1 epochs
2025-01-05 10:23:53,187 - INFO - 
Epoch 58/100
2025-01-05 10:23:53,187 - INFO - Processing batches...
2025-01-05 10:23:55,993 - INFO - Epoch 58 Results:
2025-01-05 10:23:55,994 - INFO -   Average Loss: 0.3693
2025-01-05 10:23:55,994 - INFO -   Training Accuracy: 0.9420
2025-01-05 10:23:55,994 - INFO -   No improvement for 2 epochs
2025-01-05 10:23:55,994 - INFO - 
Epoch 59/100
2025-01-05 10:23:55,994 - INFO - Processing batches...
2025-01-05 10:23:58,774 - INFO - Epoch 59 Results:
2025-01-05 10:23:58,774 - INFO -   Average Loss: 0.3650
2025-01-05 10:23:58,774 - INFO -   Training Accuracy: 0.9462
2025-01-05 10:23:58,775 - INFO -   New best loss achieved!
2025-01-05 10:23:58,775 - INFO - 
Epoch 60/100
2025-01-05 10:23:58,775 - INFO - Processing batches...
2025-01-05 10:24:01,565 - INFO - Epoch 60 Results:
2025-01-05 10:24:01,565 - INFO -   Average Loss: 0.3636
2025-01-05 10:24:01,565 - INFO -   Training Accuracy: 0.9485
2025-01-05 10:24:01,565 - INFO -   New best loss achieved!
2025-01-05 10:24:01,565 - INFO - 
Epoch 61/100
2025-01-05 10:24:01,565 - INFO - Processing batches...
2025-01-05 10:24:04,368 - INFO - Epoch 61 Results:
2025-01-05 10:24:04,368 - INFO -   Average Loss: 0.3625
2025-01-05 10:24:04,368 - INFO -   Training Accuracy: 0.9497
2025-01-05 10:24:04,368 - INFO -   New best loss achieved!
2025-01-05 10:24:04,368 - INFO - 
Epoch 62/100
2025-01-05 10:24:04,369 - INFO - Processing batches...
2025-01-05 10:24:07,178 - INFO - Epoch 62 Results:
2025-01-05 10:24:07,178 - INFO -   Average Loss: 0.3618
2025-01-05 10:24:07,178 - INFO -   Training Accuracy: 0.9498
2025-01-05 10:24:07,178 - INFO -   New best loss achieved!
2025-01-05 10:24:07,178 - INFO - 
Epoch 63/100
2025-01-05 10:24:07,178 - INFO - Processing batches...
2025-01-05 10:24:09,980 - INFO - Epoch 63 Results:
2025-01-05 10:24:09,980 - INFO -   Average Loss: 0.3696
2025-01-05 10:24:09,980 - INFO -   Training Accuracy: 0.9420
2025-01-05 10:24:09,980 - INFO -   No improvement for 1 epochs
2025-01-05 10:24:09,981 - INFO - 
Epoch 64/100
2025-01-05 10:24:09,981 - INFO - Processing batches...
2025-01-05 10:24:12,795 - INFO - Epoch 64 Results:
2025-01-05 10:24:12,795 - INFO -   Average Loss: 0.3653
2025-01-05 10:24:12,795 - INFO -   Training Accuracy: 0.9460
2025-01-05 10:24:12,796 - INFO -   No improvement for 2 epochs
2025-01-05 10:24:12,796 - INFO - 
Epoch 65/100
2025-01-05 10:24:12,796 - INFO - Processing batches...
2025-01-05 10:24:15,654 - INFO - Epoch 65 Results:
2025-01-05 10:24:15,654 - INFO -   Average Loss: 0.3624
2025-01-05 10:24:15,654 - INFO -   Training Accuracy: 0.9490
2025-01-05 10:24:15,654 - INFO -   No improvement for 3 epochs
2025-01-05 10:24:15,655 - INFO - 
Epoch 66/100
2025-01-05 10:24:15,655 - INFO - Processing batches...
2025-01-05 10:24:18,557 - INFO - Epoch 66 Results:
2025-01-05 10:24:18,557 - INFO -   Average Loss: 0.3693
2025-01-05 10:24:18,557 - INFO -   Training Accuracy: 0.9425
2025-01-05 10:24:18,557 - INFO -   No improvement for 4 epochs
2025-01-05 10:24:18,557 - INFO - 
Epoch 67/100
2025-01-05 10:24:18,557 - INFO - Processing batches...
2025-01-05 10:24:21,427 - INFO - Epoch 67 Results:
2025-01-05 10:24:21,427 - INFO -   Average Loss: 0.3662
2025-01-05 10:24:21,427 - INFO -   Training Accuracy: 0.9455
2025-01-05 10:24:21,427 - INFO -   No improvement for 5 epochs
2025-01-05 10:24:21,427 - INFO - 
Epoch 68/100
2025-01-05 10:24:21,428 - INFO - Processing batches...
2025-01-05 10:24:24,266 - INFO - Epoch 68 Results:
2025-01-05 10:24:24,266 - INFO -   Average Loss: 0.3639
2025-01-05 10:24:24,266 - INFO -   Training Accuracy: 0.9472
2025-01-05 10:24:24,266 - INFO -   No improvement for 6 epochs
2025-01-05 10:24:24,267 - INFO - 
Epoch 69/100
2025-01-05 10:24:24,267 - INFO - Processing batches...
2025-01-05 10:24:27,131 - INFO - Epoch 69 Results:
2025-01-05 10:24:27,131 - INFO -   Average Loss: 0.3616
2025-01-05 10:24:27,131 - INFO -   Training Accuracy: 0.9500
2025-01-05 10:24:27,131 - INFO -   New best loss achieved!
2025-01-05 10:24:27,131 - INFO - 
Epoch 70/100
2025-01-05 10:24:27,131 - INFO - Processing batches...
2025-01-05 10:24:30,005 - INFO - Epoch 70 Results:
2025-01-05 10:24:30,005 - INFO -   Average Loss: 0.3625
2025-01-05 10:24:30,005 - INFO -   Training Accuracy: 0.9500
2025-01-05 10:24:30,005 - INFO -   No improvement for 1 epochs
2025-01-05 10:24:30,005 - INFO - 
Epoch 71/100
2025-01-05 10:24:30,005 - INFO - Processing batches...
2025-01-05 10:24:32,844 - INFO - Epoch 71 Results:
2025-01-05 10:24:32,844 - INFO -   Average Loss: 0.3663
2025-01-05 10:24:32,844 - INFO -   Training Accuracy: 0.9442
2025-01-05 10:24:32,845 - INFO -   No improvement for 2 epochs
2025-01-05 10:24:32,845 - INFO - 
Epoch 72/100
2025-01-05 10:24:32,845 - INFO - Processing batches...
2025-01-05 10:24:35,730 - INFO - Epoch 72 Results:
2025-01-05 10:24:35,730 - INFO -   Average Loss: 0.3558
2025-01-05 10:24:35,730 - INFO -   Training Accuracy: 0.9550
2025-01-05 10:24:35,730 - INFO -   New best loss achieved!
2025-01-05 10:24:35,730 - INFO - 
Epoch 73/100
2025-01-05 10:24:35,730 - INFO - Processing batches...
2025-01-05 10:24:38,597 - INFO - Epoch 73 Results:
2025-01-05 10:24:38,597 - INFO -   Average Loss: 0.3551
2025-01-05 10:24:38,597 - INFO -   Training Accuracy: 0.9573
2025-01-05 10:24:38,597 - INFO -   New best loss achieved!
2025-01-05 10:24:38,597 - INFO - 
Epoch 74/100
2025-01-05 10:24:38,598 - INFO - Processing batches...
2025-01-05 10:24:41,478 - INFO - Epoch 74 Results:
2025-01-05 10:24:41,478 - INFO -   Average Loss: 0.3575
2025-01-05 10:24:41,478 - INFO -   Training Accuracy: 0.9543
2025-01-05 10:24:41,478 - INFO -   No improvement for 1 epochs
2025-01-05 10:24:41,478 - INFO - 
Epoch 75/100
2025-01-05 10:24:41,478 - INFO - Processing batches...
2025-01-05 10:24:44,290 - INFO - Epoch 75 Results:
2025-01-05 10:24:44,291 - INFO -   Average Loss: 0.3653
2025-01-05 10:24:44,291 - INFO -   Training Accuracy: 0.9457
2025-01-05 10:24:44,291 - INFO -   No improvement for 2 epochs
2025-01-05 10:24:44,291 - INFO - 
Epoch 76/100
2025-01-05 10:24:44,291 - INFO - Processing batches...
2025-01-05 10:24:47,193 - INFO - Epoch 76 Results:
2025-01-05 10:24:47,193 - INFO -   Average Loss: 0.3656
2025-01-05 10:24:47,195 - INFO -   Training Accuracy: 0.9460
2025-01-05 10:24:47,195 - INFO -   No improvement for 3 epochs
2025-01-05 10:24:47,195 - INFO - 
Epoch 77/100
2025-01-05 10:24:47,195 - INFO - Processing batches...
2025-01-05 10:24:50,101 - INFO - Epoch 77 Results:
2025-01-05 10:24:50,101 - INFO -   Average Loss: 0.3557
2025-01-05 10:24:50,102 - INFO -   Training Accuracy: 0.9572
2025-01-05 10:24:50,102 - INFO -   No improvement for 4 epochs
2025-01-05 10:24:50,102 - INFO - 
Epoch 78/100
2025-01-05 10:24:50,102 - INFO - Processing batches...
2025-01-05 10:24:53,198 - INFO - Epoch 78 Results:
2025-01-05 10:24:53,198 - INFO -   Average Loss: 0.3581
2025-01-05 10:24:53,198 - INFO -   Training Accuracy: 0.9532
2025-01-05 10:24:53,199 - INFO -   No improvement for 5 epochs
2025-01-05 10:24:53,199 - INFO - 
Epoch 79/100
2025-01-05 10:24:53,199 - INFO - Processing batches...
2025-01-05 10:24:55,849 - INFO - Epoch 79 Results:
2025-01-05 10:24:55,849 - INFO -   Average Loss: 0.3517
2025-01-05 10:24:55,849 - INFO -   Training Accuracy: 0.9600
2025-01-05 10:24:55,849 - INFO -   New best loss achieved!
2025-01-05 10:24:55,849 - INFO - 
Epoch 80/100
2025-01-05 10:24:55,849 - INFO - Processing batches...
2025-01-05 10:24:58,559 - INFO - Epoch 80 Results:
2025-01-05 10:24:58,559 - INFO -   Average Loss: 0.3595
2025-01-05 10:24:58,559 - INFO -   Training Accuracy: 0.9517
2025-01-05 10:24:58,559 - INFO -   No improvement for 1 epochs
2025-01-05 10:24:58,560 - INFO - 
Epoch 81/100
2025-01-05 10:24:58,560 - INFO - Processing batches...
2025-01-05 10:25:01,308 - INFO - Epoch 81 Results:
2025-01-05 10:25:01,309 - INFO -   Average Loss: 0.3543
2025-01-05 10:25:01,309 - INFO -   Training Accuracy: 0.9578
2025-01-05 10:25:01,309 - INFO -   No improvement for 2 epochs
2025-01-05 10:25:01,309 - INFO - 
Epoch 82/100
2025-01-05 10:25:01,309 - INFO - Processing batches...
2025-01-05 10:25:04,067 - INFO - Epoch 82 Results:
2025-01-05 10:25:04,067 - INFO -   Average Loss: 0.3542
2025-01-05 10:25:04,067 - INFO -   Training Accuracy: 0.9580
2025-01-05 10:25:04,067 - INFO -   No improvement for 3 epochs
2025-01-05 10:25:04,067 - INFO - 
Epoch 83/100
2025-01-05 10:25:04,067 - INFO - Processing batches...
2025-01-05 10:25:06,791 - INFO - Epoch 83 Results:
2025-01-05 10:25:06,791 - INFO -   Average Loss: 0.3547
2025-01-05 10:25:06,791 - INFO -   Training Accuracy: 0.9583
2025-01-05 10:25:06,792 - INFO -   No improvement for 4 epochs
2025-01-05 10:25:06,792 - INFO - 
Epoch 84/100
2025-01-05 10:25:06,792 - INFO - Processing batches...
2025-01-05 10:25:09,545 - INFO - Epoch 84 Results:
2025-01-05 10:25:09,545 - INFO -   Average Loss: 0.3556
2025-01-05 10:25:09,546 - INFO -   Training Accuracy: 0.9570
2025-01-05 10:25:09,546 - INFO -   No improvement for 5 epochs
2025-01-05 10:25:09,546 - INFO - 
Epoch 85/100
2025-01-05 10:25:09,546 - INFO - Processing batches...
2025-01-05 10:25:12,317 - INFO - Epoch 85 Results:
2025-01-05 10:25:12,317 - INFO -   Average Loss: 0.3551
2025-01-05 10:25:12,317 - INFO -   Training Accuracy: 0.9578
2025-01-05 10:25:12,317 - INFO -   No improvement for 6 epochs
2025-01-05 10:25:12,317 - INFO - 
Epoch 86/100
2025-01-05 10:25:12,318 - INFO - Processing batches...
2025-01-05 10:25:15,093 - INFO - Epoch 86 Results:
2025-01-05 10:25:15,094 - INFO -   Average Loss: 0.3562
2025-01-05 10:25:15,094 - INFO -   Training Accuracy: 0.9562
2025-01-05 10:25:15,094 - INFO -   No improvement for 7 epochs
2025-01-05 10:25:15,094 - INFO - 
Epoch 87/100
2025-01-05 10:25:15,094 - INFO - Processing batches...
2025-01-05 10:25:17,822 - INFO - Epoch 87 Results:
2025-01-05 10:25:17,822 - INFO -   Average Loss: 0.3495
2025-01-05 10:25:17,822 - INFO -   Training Accuracy: 0.9625
2025-01-05 10:25:17,822 - INFO -   New best loss achieved!
2025-01-05 10:25:17,822 - INFO - 
Epoch 88/100
2025-01-05 10:25:17,822 - INFO - Processing batches...
2025-01-05 10:25:20,547 - INFO - Epoch 88 Results:
2025-01-05 10:25:20,547 - INFO -   Average Loss: 0.3601
2025-01-05 10:25:20,547 - INFO -   Training Accuracy: 0.9525
2025-01-05 10:25:20,547 - INFO -   No improvement for 1 epochs
2025-01-05 10:25:20,547 - INFO - 
Epoch 89/100
2025-01-05 10:25:20,547 - INFO - Processing batches...
2025-01-05 10:25:23,237 - INFO - Epoch 89 Results:
2025-01-05 10:25:23,237 - INFO -   Average Loss: 0.3489
2025-01-05 10:25:23,237 - INFO -   Training Accuracy: 0.9633
2025-01-05 10:25:23,237 - INFO -   New best loss achieved!
2025-01-05 10:25:23,237 - INFO - 
Epoch 90/100
2025-01-05 10:25:23,238 - INFO - Processing batches...
2025-01-05 10:25:26,000 - INFO - Epoch 90 Results:
2025-01-05 10:25:26,000 - INFO -   Average Loss: 0.3509
2025-01-05 10:25:26,000 - INFO -   Training Accuracy: 0.9618
2025-01-05 10:25:26,000 - INFO -   No improvement for 1 epochs
2025-01-05 10:25:26,001 - INFO - 
Epoch 91/100
2025-01-05 10:25:26,001 - INFO - Processing batches...
2025-01-05 10:25:28,828 - INFO - Epoch 91 Results:
2025-01-05 10:25:28,829 - INFO -   Average Loss: 0.3582
2025-01-05 10:25:28,829 - INFO -   Training Accuracy: 0.9538
2025-01-05 10:25:28,829 - INFO -   No improvement for 2 epochs
2025-01-05 10:25:28,829 - INFO - 
Epoch 92/100
2025-01-05 10:25:28,829 - INFO - Processing batches...
2025-01-05 10:25:31,630 - INFO - Epoch 92 Results:
2025-01-05 10:25:31,630 - INFO -   Average Loss: 0.3600
2025-01-05 10:25:31,630 - INFO -   Training Accuracy: 0.9513
2025-01-05 10:25:31,630 - INFO -   No improvement for 3 epochs
2025-01-05 10:25:31,630 - INFO - 
Epoch 93/100
2025-01-05 10:25:31,630 - INFO - Processing batches...
2025-01-05 10:25:34,423 - INFO - Epoch 93 Results:
2025-01-05 10:25:34,423 - INFO -   Average Loss: 0.3474
2025-01-05 10:25:34,424 - INFO -   Training Accuracy: 0.9648
2025-01-05 10:25:34,424 - INFO -   New best loss achieved!
2025-01-05 10:25:34,424 - INFO - 
Epoch 94/100
2025-01-05 10:25:34,424 - INFO - Processing batches...
2025-01-05 10:25:37,203 - INFO - Epoch 94 Results:
2025-01-05 10:25:37,203 - INFO -   Average Loss: 0.3506
2025-01-05 10:25:37,203 - INFO -   Training Accuracy: 0.9620
2025-01-05 10:25:37,204 - INFO -   No improvement for 1 epochs
2025-01-05 10:25:37,204 - INFO - 
Epoch 95/100
2025-01-05 10:25:37,204 - INFO - Processing batches...
2025-01-05 10:25:40,171 - INFO - Epoch 95 Results:
2025-01-05 10:25:40,171 - INFO -   Average Loss: 0.3464
2025-01-05 10:25:40,171 - INFO -   Training Accuracy: 0.9667
2025-01-05 10:25:40,171 - INFO -   New best loss achieved!
2025-01-05 10:25:40,171 - INFO - 
Epoch 96/100
2025-01-05 10:25:40,171 - INFO - Processing batches...
2025-01-05 10:25:43,018 - INFO - Epoch 96 Results:
2025-01-05 10:25:43,019 - INFO -   Average Loss: 0.3469
2025-01-05 10:25:43,019 - INFO -   Training Accuracy: 0.9662
2025-01-05 10:25:43,019 - INFO -   No improvement for 1 epochs
2025-01-05 10:25:43,019 - INFO - 
Epoch 97/100
2025-01-05 10:25:43,019 - INFO - Processing batches...
2025-01-05 10:25:45,814 - INFO - Epoch 97 Results:
2025-01-05 10:25:45,814 - INFO -   Average Loss: 0.3538
2025-01-05 10:25:45,815 - INFO -   Training Accuracy: 0.9588
2025-01-05 10:25:45,815 - INFO -   No improvement for 2 epochs
2025-01-05 10:25:45,815 - INFO - 
Epoch 98/100
2025-01-05 10:25:45,815 - INFO - Processing batches...
2025-01-05 10:25:48,642 - INFO - Epoch 98 Results:
2025-01-05 10:25:48,642 - INFO -   Average Loss: 0.3584
2025-01-05 10:25:48,643 - INFO -   Training Accuracy: 0.9542
2025-01-05 10:25:48,643 - INFO -   No improvement for 3 epochs
2025-01-05 10:25:48,643 - INFO - 
Epoch 99/100
2025-01-05 10:25:48,643 - INFO - Processing batches...
2025-01-05 10:25:51,501 - INFO - Epoch 99 Results:
2025-01-05 10:25:51,501 - INFO -   Average Loss: 0.3507
2025-01-05 10:25:51,501 - INFO -   Training Accuracy: 0.9615
2025-01-05 10:25:51,501 - INFO -   No improvement for 4 epochs
2025-01-05 10:25:51,501 - INFO - 
Epoch 100/100
2025-01-05 10:25:51,501 - INFO - Processing batches...
2025-01-05 10:25:54,439 - INFO - Epoch 100 Results:
2025-01-05 10:25:54,440 - INFO -   Average Loss: 0.3532
2025-01-05 10:25:54,440 - INFO -   Training Accuracy: 0.9600
2025-01-05 10:25:54,440 - INFO -   No improvement for 5 epochs
2025-01-05 10:25:54,440 - INFO - 
Training completed!
2025-01-05 10:25:54,440 - INFO - Best loss achieved: 0.3464
2025-01-05 10:25:54,447 - INFO - Model saved to ./results/best_performance_predictor.pth
2025-01-05 10:25:54,447 - INFO - Starting model evaluation...
2025-01-05 10:25:55,234 - INFO - 
Detailed Evaluation Results:
2025-01-05 10:25:55,234 - INFO - ==================================================
2025-01-05 10:25:55,235 - INFO - very_close:
2025-01-05 10:25:55,235 - INFO -   Total pairs: 250
2025-01-05 10:25:55,235 - INFO -   Correct predictions: 139
2025-01-05 10:25:55,235 - INFO -   Accuracy: 0.5560
2025-01-05 10:25:55,235 - INFO - close:
2025-01-05 10:25:55,235 - INFO -   Total pairs: 250
2025-01-05 10:25:55,235 - INFO -   Correct predictions: 191
2025-01-05 10:25:55,235 - INFO -   Accuracy: 0.7640
2025-01-05 10:25:55,236 - INFO - medium:
2025-01-05 10:25:55,236 - INFO -   Total pairs: 250
2025-01-05 10:25:55,236 - INFO -   Correct predictions: 213
2025-01-05 10:25:55,236 - INFO -   Accuracy: 0.8520
2025-01-05 10:25:55,236 - INFO - far:
2025-01-05 10:25:55,236 - INFO -   Total pairs: 250
2025-01-05 10:25:55,236 - INFO -   Correct predictions: 211
2025-01-05 10:25:55,236 - INFO -   Accuracy: 0.8440
2025-01-05 10:25:55,236 - INFO - 
Overall Results:
2025-01-05 10:25:55,236 - INFO - Total test pairs: 1000
2025-01-05 10:25:55,236 - INFO - Total correct predictions: 754
2025-01-05 10:25:55,236 - INFO - Overall accuracy: 0.7540
2025-01-05 10:25:55,238 - INFO - Evaluation results saved to ./results/evaluation_results_20250105_102555.json
