2025-01-05 10:10:30,386 - INFO - Loading data...
2025-01-05 10:10:31,650 - INFO - Loaded 2915 code samples
2025-01-05 10:10:31,650 - INFO - Performance statistics:
2025-01-05 10:10:31,650 - INFO -   Mean: 10.6621
2025-01-05 10:10:31,651 - INFO -   Std: 0.0755
2025-01-05 10:10:31,651 - INFO -   Min: 10.5913
2025-01-05 10:10:31,651 - INFO -   Max: 10.9718
2025-01-05 10:10:31,652 - INFO - Preparing training and test data...
2025-01-05 10:10:33,669 - INFO - Selected 6000 balanced training pairs
2025-01-05 10:10:34,015 - INFO - Selected 1000 balanced test pairs
2025-01-05 10:10:34,287 - INFO - Starting training...
2025-01-05 10:10:34,287 - INFO - Total training pairs: 6000
2025-01-05 10:10:34,296 - INFO - Batch size: 32
2025-01-05 10:10:34,296 - INFO - Max epochs: 100
2025-01-05 10:10:34,296 - INFO - 
Epoch 1/100
2025-01-05 10:10:34,296 - INFO - Processing batches...
2025-01-05 10:10:37,034 - INFO - Epoch 1 Results:
2025-01-05 10:10:37,034 - INFO -   Average Loss: 0.6000
2025-01-05 10:10:37,034 - INFO -   Training Accuracy: 0.6872
2025-01-05 10:10:37,034 - INFO -   New best loss achieved!
2025-01-05 10:10:37,034 - INFO - 
Epoch 2/100
2025-01-05 10:10:37,034 - INFO - Processing batches...
2025-01-05 10:10:39,753 - INFO - Epoch 2 Results:
2025-01-05 10:10:39,754 - INFO -   Average Loss: 0.5135
2025-01-05 10:10:39,754 - INFO -   Training Accuracy: 0.7927
2025-01-05 10:10:39,754 - INFO -   New best loss achieved!
2025-01-05 10:10:39,754 - INFO - 
Epoch 3/100
2025-01-05 10:10:39,754 - INFO - Processing batches...
2025-01-05 10:10:42,455 - INFO - Epoch 3 Results:
2025-01-05 10:10:42,455 - INFO -   Average Loss: 0.4847
2025-01-05 10:10:42,455 - INFO -   Training Accuracy: 0.8248
2025-01-05 10:10:42,455 - INFO -   New best loss achieved!
2025-01-05 10:10:42,455 - INFO - 
Epoch 4/100
2025-01-05 10:10:42,455 - INFO - Processing batches...
2025-01-05 10:10:45,166 - INFO - Epoch 4 Results:
2025-01-05 10:10:45,166 - INFO -   Average Loss: 0.4719
2025-01-05 10:10:45,166 - INFO -   Training Accuracy: 0.8377
2025-01-05 10:10:45,166 - INFO -   New best loss achieved!
2025-01-05 10:10:45,167 - INFO - 
Epoch 5/100
2025-01-05 10:10:45,167 - INFO - Processing batches...
2025-01-05 10:10:47,900 - INFO - Epoch 5 Results:
2025-01-05 10:10:47,900 - INFO -   Average Loss: 0.4600
2025-01-05 10:10:47,900 - INFO -   Training Accuracy: 0.8477
2025-01-05 10:10:47,900 - INFO -   New best loss achieved!
2025-01-05 10:10:47,900 - INFO - 
Epoch 6/100
2025-01-05 10:10:47,900 - INFO - Processing batches...
2025-01-05 10:10:50,594 - INFO - Epoch 6 Results:
2025-01-05 10:10:50,594 - INFO -   Average Loss: 0.4495
2025-01-05 10:10:50,594 - INFO -   Training Accuracy: 0.8612
2025-01-05 10:10:50,594 - INFO -   New best loss achieved!
2025-01-05 10:10:50,594 - INFO - 
Epoch 7/100
2025-01-05 10:10:50,595 - INFO - Processing batches...
2025-01-05 10:10:53,266 - INFO - Epoch 7 Results:
2025-01-05 10:10:53,266 - INFO -   Average Loss: 0.4482
2025-01-05 10:10:53,266 - INFO -   Training Accuracy: 0.8603
2025-01-05 10:10:53,266 - INFO -   New best loss achieved!
2025-01-05 10:10:53,266 - INFO - 
Epoch 8/100
2025-01-05 10:10:53,266 - INFO - Processing batches...
2025-01-05 10:10:55,955 - INFO - Epoch 8 Results:
2025-01-05 10:10:55,955 - INFO -   Average Loss: 0.4475
2025-01-05 10:10:55,955 - INFO -   Training Accuracy: 0.8628
2025-01-05 10:10:55,955 - INFO -   New best loss achieved!
2025-01-05 10:10:55,955 - INFO - 
Epoch 9/100
2025-01-05 10:10:55,956 - INFO - Processing batches...
2025-01-05 10:10:58,663 - INFO - Epoch 9 Results:
2025-01-05 10:10:58,663 - INFO -   Average Loss: 0.4439
2025-01-05 10:10:58,663 - INFO -   Training Accuracy: 0.8637
2025-01-05 10:10:58,663 - INFO -   New best loss achieved!
2025-01-05 10:10:58,664 - INFO - 
Epoch 10/100
2025-01-05 10:10:58,664 - INFO - Processing batches...
2025-01-05 10:11:01,359 - INFO - Epoch 10 Results:
2025-01-05 10:11:01,360 - INFO -   Average Loss: 0.4352
2025-01-05 10:11:01,360 - INFO -   Training Accuracy: 0.8720
2025-01-05 10:11:01,360 - INFO -   New best loss achieved!
2025-01-05 10:11:01,360 - INFO - 
Epoch 11/100
2025-01-05 10:11:01,360 - INFO - Processing batches...
2025-01-05 10:11:04,100 - INFO - Epoch 11 Results:
2025-01-05 10:11:04,100 - INFO -   Average Loss: 0.4305
2025-01-05 10:11:04,100 - INFO -   Training Accuracy: 0.8793
2025-01-05 10:11:04,100 - INFO -   New best loss achieved!
2025-01-05 10:11:04,101 - INFO - 
Epoch 12/100
2025-01-05 10:11:04,101 - INFO - Processing batches...
2025-01-05 10:11:06,835 - INFO - Epoch 12 Results:
2025-01-05 10:11:06,835 - INFO -   Average Loss: 0.4274
2025-01-05 10:11:06,835 - INFO -   Training Accuracy: 0.8802
2025-01-05 10:11:06,835 - INFO -   New best loss achieved!
2025-01-05 10:11:06,835 - INFO - 
Epoch 13/100
2025-01-05 10:11:06,835 - INFO - Processing batches...
2025-01-05 10:11:09,595 - INFO - Epoch 13 Results:
2025-01-05 10:11:09,595 - INFO -   Average Loss: 0.4227
2025-01-05 10:11:09,595 - INFO -   Training Accuracy: 0.8873
2025-01-05 10:11:09,595 - INFO -   New best loss achieved!
2025-01-05 10:11:09,595 - INFO - 
Epoch 14/100
2025-01-05 10:11:09,595 - INFO - Processing batches...
2025-01-05 10:11:12,340 - INFO - Epoch 14 Results:
2025-01-05 10:11:12,340 - INFO -   Average Loss: 0.4207
2025-01-05 10:11:12,340 - INFO -   Training Accuracy: 0.8883
2025-01-05 10:11:12,340 - INFO -   New best loss achieved!
2025-01-05 10:11:12,340 - INFO - 
Epoch 15/100
2025-01-05 10:11:12,340 - INFO - Processing batches...
2025-01-05 10:11:15,095 - INFO - Epoch 15 Results:
2025-01-05 10:11:15,095 - INFO -   Average Loss: 0.4259
2025-01-05 10:11:15,095 - INFO -   Training Accuracy: 0.8820
2025-01-05 10:11:15,095 - INFO -   No improvement for 1 epochs
2025-01-05 10:11:15,095 - INFO - 
Epoch 16/100
2025-01-05 10:11:15,095 - INFO - Processing batches...
2025-01-05 10:11:17,880 - INFO - Epoch 16 Results:
2025-01-05 10:11:17,880 - INFO -   Average Loss: 0.4175
2025-01-05 10:11:17,880 - INFO -   Training Accuracy: 0.8905
2025-01-05 10:11:17,880 - INFO -   New best loss achieved!
2025-01-05 10:11:17,880 - INFO - 
Epoch 17/100
2025-01-05 10:11:17,880 - INFO - Processing batches...
2025-01-05 10:11:20,667 - INFO - Epoch 17 Results:
2025-01-05 10:11:20,668 - INFO -   Average Loss: 0.4160
2025-01-05 10:11:20,668 - INFO -   Training Accuracy: 0.8942
2025-01-05 10:11:20,668 - INFO -   New best loss achieved!
2025-01-05 10:11:20,668 - INFO - 
Epoch 18/100
2025-01-05 10:11:20,668 - INFO - Processing batches...
2025-01-05 10:11:23,452 - INFO - Epoch 18 Results:
2025-01-05 10:11:23,452 - INFO -   Average Loss: 0.4137
2025-01-05 10:11:23,452 - INFO -   Training Accuracy: 0.8963
2025-01-05 10:11:23,452 - INFO -   New best loss achieved!
2025-01-05 10:11:23,452 - INFO - 
Epoch 19/100
2025-01-05 10:11:23,452 - INFO - Processing batches...
2025-01-05 10:11:26,249 - INFO - Epoch 19 Results:
2025-01-05 10:11:26,249 - INFO -   Average Loss: 0.4116
2025-01-05 10:11:26,249 - INFO -   Training Accuracy: 0.8977
2025-01-05 10:11:26,249 - INFO -   New best loss achieved!
2025-01-05 10:11:26,250 - INFO - 
Epoch 20/100
2025-01-05 10:11:26,250 - INFO - Processing batches...
2025-01-05 10:11:29,048 - INFO - Epoch 20 Results:
2025-01-05 10:11:29,048 - INFO -   Average Loss: 0.4080
2025-01-05 10:11:29,049 - INFO -   Training Accuracy: 0.8993
2025-01-05 10:11:29,049 - INFO -   New best loss achieved!
2025-01-05 10:11:29,049 - INFO - 
Epoch 21/100
2025-01-05 10:11:29,049 - INFO - Processing batches...
2025-01-05 10:11:31,893 - INFO - Epoch 21 Results:
2025-01-05 10:11:31,893 - INFO -   Average Loss: 0.4085
2025-01-05 10:11:31,893 - INFO -   Training Accuracy: 0.9018
2025-01-05 10:11:31,893 - INFO -   No improvement for 1 epochs
2025-01-05 10:11:31,893 - INFO - 
Epoch 22/100
2025-01-05 10:11:31,893 - INFO - Processing batches...
2025-01-05 10:11:34,665 - INFO - Epoch 22 Results:
2025-01-05 10:11:34,665 - INFO -   Average Loss: 0.4025
2025-01-05 10:11:34,665 - INFO -   Training Accuracy: 0.9083
2025-01-05 10:11:34,665 - INFO -   New best loss achieved!
2025-01-05 10:11:34,665 - INFO - 
Epoch 23/100
2025-01-05 10:11:34,665 - INFO - Processing batches...
2025-01-05 10:11:37,452 - INFO - Epoch 23 Results:
2025-01-05 10:11:37,452 - INFO -   Average Loss: 0.3991
2025-01-05 10:11:37,452 - INFO -   Training Accuracy: 0.9115
2025-01-05 10:11:37,452 - INFO -   New best loss achieved!
2025-01-05 10:11:37,452 - INFO - 
Epoch 24/100
2025-01-05 10:11:37,452 - INFO - Processing batches...
2025-01-05 10:11:40,287 - INFO - Epoch 24 Results:
2025-01-05 10:11:40,287 - INFO -   Average Loss: 0.4007
2025-01-05 10:11:40,287 - INFO -   Training Accuracy: 0.9095
2025-01-05 10:11:40,287 - INFO -   No improvement for 1 epochs
2025-01-05 10:11:40,288 - INFO - 
Epoch 25/100
2025-01-05 10:11:40,288 - INFO - Processing batches...
2025-01-05 10:11:43,096 - INFO - Epoch 25 Results:
2025-01-05 10:11:43,096 - INFO -   Average Loss: 0.4033
2025-01-05 10:11:43,096 - INFO -   Training Accuracy: 0.9053
2025-01-05 10:11:43,096 - INFO -   No improvement for 2 epochs
2025-01-05 10:11:43,096 - INFO - 
Epoch 26/100
2025-01-05 10:11:43,096 - INFO - Processing batches...
2025-01-05 10:11:45,872 - INFO - Epoch 26 Results:
2025-01-05 10:11:45,872 - INFO -   Average Loss: 0.3941
2025-01-05 10:11:45,872 - INFO -   Training Accuracy: 0.9160
2025-01-05 10:11:45,872 - INFO -   New best loss achieved!
2025-01-05 10:11:45,872 - INFO - 
Epoch 27/100
2025-01-05 10:11:45,872 - INFO - Processing batches...
2025-01-05 10:11:48,701 - INFO - Epoch 27 Results:
2025-01-05 10:11:48,701 - INFO -   Average Loss: 0.4042
2025-01-05 10:11:48,701 - INFO -   Training Accuracy: 0.9068
2025-01-05 10:11:48,701 - INFO -   No improvement for 1 epochs
2025-01-05 10:11:48,701 - INFO - 
Epoch 28/100
2025-01-05 10:11:48,701 - INFO - Processing batches...
2025-01-05 10:11:51,452 - INFO - Epoch 28 Results:
2025-01-05 10:11:51,452 - INFO -   Average Loss: 0.3944
2025-01-05 10:11:51,452 - INFO -   Training Accuracy: 0.9158
2025-01-05 10:11:51,452 - INFO -   No improvement for 2 epochs
2025-01-05 10:11:51,452 - INFO - 
Epoch 29/100
2025-01-05 10:11:51,452 - INFO - Processing batches...
2025-01-05 10:11:54,236 - INFO - Epoch 29 Results:
2025-01-05 10:11:54,236 - INFO -   Average Loss: 0.3963
2025-01-05 10:11:54,236 - INFO -   Training Accuracy: 0.9145
2025-01-05 10:11:54,236 - INFO -   No improvement for 3 epochs
2025-01-05 10:11:54,236 - INFO - 
Epoch 30/100
2025-01-05 10:11:54,236 - INFO - Processing batches...
2025-01-05 10:11:57,009 - INFO - Epoch 30 Results:
2025-01-05 10:11:57,010 - INFO -   Average Loss: 0.3997
2025-01-05 10:11:57,010 - INFO -   Training Accuracy: 0.9108
2025-01-05 10:11:57,010 - INFO -   No improvement for 4 epochs
2025-01-05 10:11:57,010 - INFO - 
Epoch 31/100
2025-01-05 10:11:57,010 - INFO - Processing batches...
2025-01-05 10:11:59,805 - INFO - Epoch 31 Results:
2025-01-05 10:11:59,805 - INFO -   Average Loss: 0.3960
2025-01-05 10:11:59,805 - INFO -   Training Accuracy: 0.9132
2025-01-05 10:11:59,805 - INFO -   No improvement for 5 epochs
2025-01-05 10:11:59,805 - INFO - 
Epoch 32/100
2025-01-05 10:11:59,805 - INFO - Processing batches...
2025-01-05 10:12:02,600 - INFO - Epoch 32 Results:
2025-01-05 10:12:02,600 - INFO -   Average Loss: 0.3906
2025-01-05 10:12:02,600 - INFO -   Training Accuracy: 0.9212
2025-01-05 10:12:02,600 - INFO -   New best loss achieved!
2025-01-05 10:12:02,601 - INFO - 
Epoch 33/100
2025-01-05 10:12:02,601 - INFO - Processing batches...
2025-01-05 10:12:05,419 - INFO - Epoch 33 Results:
2025-01-05 10:12:05,419 - INFO -   Average Loss: 0.3927
2025-01-05 10:12:05,419 - INFO -   Training Accuracy: 0.9182
2025-01-05 10:12:05,419 - INFO -   No improvement for 1 epochs
2025-01-05 10:12:05,419 - INFO - 
Epoch 34/100
2025-01-05 10:12:05,419 - INFO - Processing batches...
2025-01-05 10:12:08,280 - INFO - Epoch 34 Results:
2025-01-05 10:12:08,280 - INFO -   Average Loss: 0.3895
2025-01-05 10:12:08,280 - INFO -   Training Accuracy: 0.9205
2025-01-05 10:12:08,280 - INFO -   New best loss achieved!
2025-01-05 10:12:08,280 - INFO - 
Epoch 35/100
2025-01-05 10:12:08,280 - INFO - Processing batches...
2025-01-05 10:12:11,157 - INFO - Epoch 35 Results:
2025-01-05 10:12:11,157 - INFO -   Average Loss: 0.3919
2025-01-05 10:12:11,157 - INFO -   Training Accuracy: 0.9188
2025-01-05 10:12:11,157 - INFO -   No improvement for 1 epochs
2025-01-05 10:12:11,157 - INFO - 
Epoch 36/100
2025-01-05 10:12:11,157 - INFO - Processing batches...
2025-01-05 10:12:14,048 - INFO - Epoch 36 Results:
2025-01-05 10:12:14,049 - INFO -   Average Loss: 0.3941
2025-01-05 10:12:14,049 - INFO -   Training Accuracy: 0.9155
2025-01-05 10:12:14,049 - INFO -   No improvement for 2 epochs
2025-01-05 10:12:14,049 - INFO - 
Epoch 37/100
2025-01-05 10:12:14,049 - INFO - Processing batches...
2025-01-05 10:12:16,906 - INFO - Epoch 37 Results:
2025-01-05 10:12:16,906 - INFO -   Average Loss: 0.3847
2025-01-05 10:12:16,906 - INFO -   Training Accuracy: 0.9265
2025-01-05 10:12:16,906 - INFO -   New best loss achieved!
2025-01-05 10:12:16,906 - INFO - 
Epoch 38/100
2025-01-05 10:12:16,906 - INFO - Processing batches...
2025-01-05 10:12:19,787 - INFO - Epoch 38 Results:
2025-01-05 10:12:19,787 - INFO -   Average Loss: 0.3858
2025-01-05 10:12:19,788 - INFO -   Training Accuracy: 0.9252
2025-01-05 10:12:19,788 - INFO -   No improvement for 1 epochs
2025-01-05 10:12:19,788 - INFO - 
Epoch 39/100
2025-01-05 10:12:19,788 - INFO - Processing batches...
2025-01-05 10:12:22,673 - INFO - Epoch 39 Results:
2025-01-05 10:12:22,673 - INFO -   Average Loss: 0.3841
2025-01-05 10:12:22,673 - INFO -   Training Accuracy: 0.9277
2025-01-05 10:12:22,673 - INFO -   New best loss achieved!
2025-01-05 10:12:22,674 - INFO - 
Epoch 40/100
2025-01-05 10:12:22,674 - INFO - Processing batches...
2025-01-05 10:12:25,531 - INFO - Epoch 40 Results:
2025-01-05 10:12:25,531 - INFO -   Average Loss: 0.3821
2025-01-05 10:12:25,531 - INFO -   Training Accuracy: 0.9300
2025-01-05 10:12:25,531 - INFO -   New best loss achieved!
2025-01-05 10:12:25,532 - INFO - 
Epoch 41/100
2025-01-05 10:12:25,532 - INFO - Processing batches...
2025-01-05 10:12:28,334 - INFO - Epoch 41 Results:
2025-01-05 10:12:28,334 - INFO -   Average Loss: 0.3798
2025-01-05 10:12:28,334 - INFO -   Training Accuracy: 0.9310
2025-01-05 10:12:28,334 - INFO -   New best loss achieved!
2025-01-05 10:12:28,334 - INFO - 
Epoch 42/100
2025-01-05 10:12:28,334 - INFO - Processing batches...
2025-01-05 10:12:31,166 - INFO - Epoch 42 Results:
2025-01-05 10:12:31,166 - INFO -   Average Loss: 0.3759
2025-01-05 10:12:31,166 - INFO -   Training Accuracy: 0.9357
2025-01-05 10:12:31,166 - INFO -   New best loss achieved!
2025-01-05 10:12:31,166 - INFO - 
Epoch 43/100
2025-01-05 10:12:31,167 - INFO - Processing batches...
2025-01-05 10:12:34,015 - INFO - Epoch 43 Results:
2025-01-05 10:12:34,015 - INFO -   Average Loss: 0.3807
2025-01-05 10:12:34,015 - INFO -   Training Accuracy: 0.9302
2025-01-05 10:12:34,015 - INFO -   No improvement for 1 epochs
2025-01-05 10:12:34,015 - INFO - 
Epoch 44/100
2025-01-05 10:12:34,015 - INFO - Processing batches...
2025-01-05 10:12:36,859 - INFO - Epoch 44 Results:
2025-01-05 10:12:36,859 - INFO -   Average Loss: 0.3795
2025-01-05 10:12:36,859 - INFO -   Training Accuracy: 0.9313
2025-01-05 10:12:36,859 - INFO -   No improvement for 2 epochs
2025-01-05 10:12:36,859 - INFO - 
Epoch 45/100
2025-01-05 10:12:36,859 - INFO - Processing batches...
2025-01-05 10:12:39,707 - INFO - Epoch 45 Results:
2025-01-05 10:12:39,707 - INFO -   Average Loss: 0.3769
2025-01-05 10:12:39,707 - INFO -   Training Accuracy: 0.9330
2025-01-05 10:12:39,707 - INFO -   No improvement for 3 epochs
2025-01-05 10:12:39,707 - INFO - 
Epoch 46/100
2025-01-05 10:12:39,707 - INFO - Processing batches...
2025-01-05 10:12:42,546 - INFO - Epoch 46 Results:
2025-01-05 10:12:42,546 - INFO -   Average Loss: 0.3846
2025-01-05 10:12:42,546 - INFO -   Training Accuracy: 0.9268
2025-01-05 10:12:42,546 - INFO -   No improvement for 4 epochs
2025-01-05 10:12:42,546 - INFO - 
Epoch 47/100
2025-01-05 10:12:42,546 - INFO - Processing batches...
2025-01-05 10:12:45,408 - INFO - Epoch 47 Results:
2025-01-05 10:12:45,409 - INFO -   Average Loss: 0.3793
2025-01-05 10:12:45,409 - INFO -   Training Accuracy: 0.9322
2025-01-05 10:12:45,409 - INFO -   No improvement for 5 epochs
2025-01-05 10:12:45,409 - INFO - 
Epoch 48/100
2025-01-05 10:12:45,409 - INFO - Processing batches...
2025-01-05 10:12:48,261 - INFO - Epoch 48 Results:
2025-01-05 10:12:48,261 - INFO -   Average Loss: 0.3840
2025-01-05 10:12:48,261 - INFO -   Training Accuracy: 0.9267
2025-01-05 10:12:48,261 - INFO -   No improvement for 6 epochs
2025-01-05 10:12:48,261 - INFO - 
Epoch 49/100
2025-01-05 10:12:48,261 - INFO - Processing batches...
2025-01-05 10:12:51,100 - INFO - Epoch 49 Results:
2025-01-05 10:12:51,100 - INFO -   Average Loss: 0.3802
2025-01-05 10:12:51,100 - INFO -   Training Accuracy: 0.9317
2025-01-05 10:12:51,100 - INFO -   No improvement for 7 epochs
2025-01-05 10:12:51,100 - INFO - 
Epoch 50/100
2025-01-05 10:12:51,100 - INFO - Processing batches...
2025-01-05 10:12:53,920 - INFO - Epoch 50 Results:
2025-01-05 10:12:53,920 - INFO -   Average Loss: 0.3777
2025-01-05 10:12:53,920 - INFO -   Training Accuracy: 0.9343
2025-01-05 10:12:53,920 - INFO -   No improvement for 8 epochs
2025-01-05 10:12:53,921 - INFO - 
Epoch 51/100
2025-01-05 10:12:53,921 - INFO - Processing batches...
2025-01-05 10:12:56,744 - INFO - Epoch 51 Results:
2025-01-05 10:12:56,744 - INFO -   Average Loss: 0.3740
2025-01-05 10:12:56,744 - INFO -   Training Accuracy: 0.9367
2025-01-05 10:12:56,744 - INFO -   New best loss achieved!
2025-01-05 10:12:56,744 - INFO - 
Epoch 52/100
2025-01-05 10:12:56,744 - INFO - Processing batches...
2025-01-05 10:12:59,590 - INFO - Epoch 52 Results:
2025-01-05 10:12:59,590 - INFO -   Average Loss: 0.3762
2025-01-05 10:12:59,590 - INFO -   Training Accuracy: 0.9355
2025-01-05 10:12:59,590 - INFO -   No improvement for 1 epochs
2025-01-05 10:12:59,590 - INFO - 
Epoch 53/100
2025-01-05 10:12:59,590 - INFO - Processing batches...
2025-01-05 10:13:02,411 - INFO - Epoch 53 Results:
2025-01-05 10:13:02,411 - INFO -   Average Loss: 0.3703
2025-01-05 10:13:02,411 - INFO -   Training Accuracy: 0.9417
2025-01-05 10:13:02,411 - INFO -   New best loss achieved!
2025-01-05 10:13:02,411 - INFO - 
Epoch 54/100
2025-01-05 10:13:02,411 - INFO - Processing batches...
2025-01-05 10:13:05,222 - INFO - Epoch 54 Results:
2025-01-05 10:13:05,222 - INFO -   Average Loss: 0.3708
2025-01-05 10:13:05,222 - INFO -   Training Accuracy: 0.9405
2025-01-05 10:13:05,222 - INFO -   No improvement for 1 epochs
2025-01-05 10:13:05,222 - INFO - 
Epoch 55/100
2025-01-05 10:13:05,223 - INFO - Processing batches...
2025-01-05 10:13:08,033 - INFO - Epoch 55 Results:
2025-01-05 10:13:08,033 - INFO -   Average Loss: 0.3752
2025-01-05 10:13:08,033 - INFO -   Training Accuracy: 0.9357
2025-01-05 10:13:08,033 - INFO -   No improvement for 2 epochs
2025-01-05 10:13:08,033 - INFO - 
Epoch 56/100
2025-01-05 10:13:08,033 - INFO - Processing batches...
2025-01-05 10:13:10,850 - INFO - Epoch 56 Results:
2025-01-05 10:13:10,850 - INFO -   Average Loss: 0.3721
2025-01-05 10:13:10,850 - INFO -   Training Accuracy: 0.9412
2025-01-05 10:13:10,850 - INFO -   No improvement for 3 epochs
2025-01-05 10:13:10,851 - INFO - 
Epoch 57/100
2025-01-05 10:13:10,851 - INFO - Processing batches...
2025-01-05 10:13:13,730 - INFO - Epoch 57 Results:
2025-01-05 10:13:13,730 - INFO -   Average Loss: 0.3759
2025-01-05 10:13:13,730 - INFO -   Training Accuracy: 0.9365
2025-01-05 10:13:13,730 - INFO -   No improvement for 4 epochs
2025-01-05 10:13:13,730 - INFO - 
Epoch 58/100
2025-01-05 10:13:13,730 - INFO - Processing batches...
2025-01-05 10:13:16,592 - INFO - Epoch 58 Results:
2025-01-05 10:13:16,592 - INFO -   Average Loss: 0.3744
2025-01-05 10:13:16,592 - INFO -   Training Accuracy: 0.9365
2025-01-05 10:13:16,592 - INFO -   No improvement for 5 epochs
2025-01-05 10:13:16,592 - INFO - 
Epoch 59/100
2025-01-05 10:13:16,592 - INFO - Processing batches...
2025-01-05 10:13:19,447 - INFO - Epoch 59 Results:
2025-01-05 10:13:19,447 - INFO -   Average Loss: 0.3650
2025-01-05 10:13:19,448 - INFO -   Training Accuracy: 0.9478
2025-01-05 10:13:19,448 - INFO -   New best loss achieved!
2025-01-05 10:13:19,448 - INFO - 
Epoch 60/100
2025-01-05 10:13:19,448 - INFO - Processing batches...
2025-01-05 10:13:22,282 - INFO - Epoch 60 Results:
2025-01-05 10:13:22,282 - INFO -   Average Loss: 0.3747
2025-01-05 10:13:22,282 - INFO -   Training Accuracy: 0.9382
2025-01-05 10:13:22,282 - INFO -   No improvement for 1 epochs
2025-01-05 10:13:22,282 - INFO - 
Epoch 61/100
2025-01-05 10:13:22,282 - INFO - Processing batches...
2025-01-05 10:13:25,150 - INFO - Epoch 61 Results:
2025-01-05 10:13:25,150 - INFO -   Average Loss: 0.3772
2025-01-05 10:13:25,150 - INFO -   Training Accuracy: 0.9340
2025-01-05 10:13:25,150 - INFO -   No improvement for 2 epochs
2025-01-05 10:13:25,150 - INFO - 
Epoch 62/100
2025-01-05 10:13:25,150 - INFO - Processing batches...
2025-01-05 10:13:28,041 - INFO - Epoch 62 Results:
2025-01-05 10:13:28,041 - INFO -   Average Loss: 0.3737
2025-01-05 10:13:28,041 - INFO -   Training Accuracy: 0.9388
2025-01-05 10:13:28,041 - INFO -   No improvement for 3 epochs
2025-01-05 10:13:28,041 - INFO - 
Epoch 63/100
2025-01-05 10:13:28,041 - INFO - Processing batches...
2025-01-05 10:13:30,926 - INFO - Epoch 63 Results:
2025-01-05 10:13:30,926 - INFO -   Average Loss: 0.3754
2025-01-05 10:13:30,926 - INFO -   Training Accuracy: 0.9370
2025-01-05 10:13:30,926 - INFO -   No improvement for 4 epochs
2025-01-05 10:13:30,926 - INFO - 
Epoch 64/100
2025-01-05 10:13:30,926 - INFO - Processing batches...
2025-01-05 10:13:33,839 - INFO - Epoch 64 Results:
2025-01-05 10:13:33,840 - INFO -   Average Loss: 0.3764
2025-01-05 10:13:33,840 - INFO -   Training Accuracy: 0.9352
2025-01-05 10:13:33,840 - INFO -   No improvement for 5 epochs
2025-01-05 10:13:33,840 - INFO - 
Epoch 65/100
2025-01-05 10:13:33,840 - INFO - Processing batches...
2025-01-05 10:13:36,706 - INFO - Epoch 65 Results:
2025-01-05 10:13:36,706 - INFO -   Average Loss: 0.3729
2025-01-05 10:13:36,706 - INFO -   Training Accuracy: 0.9392
2025-01-05 10:13:36,706 - INFO -   No improvement for 6 epochs
2025-01-05 10:13:36,706 - INFO - 
Epoch 66/100
2025-01-05 10:13:36,706 - INFO - Processing batches...
2025-01-05 10:13:39,549 - INFO - Epoch 66 Results:
2025-01-05 10:13:39,549 - INFO -   Average Loss: 0.3724
2025-01-05 10:13:39,549 - INFO -   Training Accuracy: 0.9388
2025-01-05 10:13:39,549 - INFO -   No improvement for 7 epochs
2025-01-05 10:13:39,549 - INFO - 
Epoch 67/100
2025-01-05 10:13:39,549 - INFO - Processing batches...
2025-01-05 10:13:42,386 - INFO - Epoch 67 Results:
2025-01-05 10:13:42,387 - INFO -   Average Loss: 0.3649
2025-01-05 10:13:42,387 - INFO -   Training Accuracy: 0.9463
2025-01-05 10:13:42,387 - INFO -   New best loss achieved!
2025-01-05 10:13:42,387 - INFO - 
Epoch 68/100
2025-01-05 10:13:42,387 - INFO - Processing batches...
2025-01-05 10:13:45,248 - INFO - Epoch 68 Results:
2025-01-05 10:13:45,248 - INFO -   Average Loss: 0.3636
2025-01-05 10:13:45,248 - INFO -   Training Accuracy: 0.9483
2025-01-05 10:13:45,248 - INFO -   New best loss achieved!
2025-01-05 10:13:45,248 - INFO - 
Epoch 69/100
2025-01-05 10:13:45,248 - INFO - Processing batches...
2025-01-05 10:13:48,132 - INFO - Epoch 69 Results:
2025-01-05 10:13:48,132 - INFO -   Average Loss: 0.3643
2025-01-05 10:13:48,132 - INFO -   Training Accuracy: 0.9490
2025-01-05 10:13:48,132 - INFO -   No improvement for 1 epochs
2025-01-05 10:13:48,132 - INFO - 
Epoch 70/100
2025-01-05 10:13:48,132 - INFO - Processing batches...
2025-01-05 10:13:50,979 - INFO - Epoch 70 Results:
2025-01-05 10:13:50,979 - INFO -   Average Loss: 0.3602
2025-01-05 10:13:50,979 - INFO -   Training Accuracy: 0.9522
2025-01-05 10:13:50,979 - INFO -   New best loss achieved!
2025-01-05 10:13:50,979 - INFO - 
Epoch 71/100
2025-01-05 10:13:50,979 - INFO - Processing batches...
2025-01-05 10:13:53,817 - INFO - Epoch 71 Results:
2025-01-05 10:13:53,817 - INFO -   Average Loss: 0.3712
2025-01-05 10:13:53,817 - INFO -   Training Accuracy: 0.9405
2025-01-05 10:13:53,817 - INFO -   No improvement for 1 epochs
2025-01-05 10:13:53,817 - INFO - 
Epoch 72/100
2025-01-05 10:13:53,817 - INFO - Processing batches...
2025-01-05 10:13:56,678 - INFO - Epoch 72 Results:
2025-01-05 10:13:56,679 - INFO -   Average Loss: 0.3621
2025-01-05 10:13:56,679 - INFO -   Training Accuracy: 0.9500
2025-01-05 10:13:56,679 - INFO -   No improvement for 2 epochs
2025-01-05 10:13:56,679 - INFO - 
Epoch 73/100
2025-01-05 10:13:56,679 - INFO - Processing batches...
2025-01-05 10:13:59,502 - INFO - Epoch 73 Results:
2025-01-05 10:13:59,502 - INFO -   Average Loss: 0.3650
2025-01-05 10:13:59,502 - INFO -   Training Accuracy: 0.9473
2025-01-05 10:13:59,502 - INFO -   No improvement for 3 epochs
2025-01-05 10:13:59,502 - INFO - 
Epoch 74/100
2025-01-05 10:13:59,502 - INFO - Processing batches...
2025-01-05 10:14:02,331 - INFO - Epoch 74 Results:
2025-01-05 10:14:02,331 - INFO -   Average Loss: 0.3624
2025-01-05 10:14:02,331 - INFO -   Training Accuracy: 0.9502
2025-01-05 10:14:02,331 - INFO -   No improvement for 4 epochs
2025-01-05 10:14:02,331 - INFO - 
Epoch 75/100
2025-01-05 10:14:02,331 - INFO - Processing batches...
2025-01-05 10:14:05,128 - INFO - Epoch 75 Results:
2025-01-05 10:14:05,129 - INFO -   Average Loss: 0.3667
2025-01-05 10:14:05,129 - INFO -   Training Accuracy: 0.9438
2025-01-05 10:14:05,129 - INFO -   No improvement for 5 epochs
2025-01-05 10:14:05,129 - INFO - 
Epoch 76/100
2025-01-05 10:14:05,129 - INFO - Processing batches...
2025-01-05 10:14:07,941 - INFO - Epoch 76 Results:
2025-01-05 10:14:07,941 - INFO -   Average Loss: 0.3628
2025-01-05 10:14:07,941 - INFO -   Training Accuracy: 0.9490
2025-01-05 10:14:07,941 - INFO -   No improvement for 6 epochs
2025-01-05 10:14:07,941 - INFO - 
Epoch 77/100
2025-01-05 10:14:07,941 - INFO - Processing batches...
2025-01-05 10:14:10,777 - INFO - Epoch 77 Results:
2025-01-05 10:14:10,777 - INFO -   Average Loss: 0.3611
2025-01-05 10:14:10,777 - INFO -   Training Accuracy: 0.9497
2025-01-05 10:14:10,777 - INFO -   No improvement for 7 epochs
2025-01-05 10:14:10,777 - INFO - 
Epoch 78/100
2025-01-05 10:14:10,778 - INFO - Processing batches...
2025-01-05 10:14:13,653 - INFO - Epoch 78 Results:
2025-01-05 10:14:13,654 - INFO -   Average Loss: 0.3576
2025-01-05 10:14:13,654 - INFO -   Training Accuracy: 0.9538
2025-01-05 10:14:13,654 - INFO -   New best loss achieved!
2025-01-05 10:14:13,654 - INFO - 
Epoch 79/100
2025-01-05 10:14:13,654 - INFO - Processing batches...
2025-01-05 10:14:16,501 - INFO - Epoch 79 Results:
2025-01-05 10:14:16,501 - INFO -   Average Loss: 0.3599
2025-01-05 10:14:16,501 - INFO -   Training Accuracy: 0.9515
2025-01-05 10:14:16,501 - INFO -   No improvement for 1 epochs
2025-01-05 10:14:16,502 - INFO - 
Epoch 80/100
2025-01-05 10:14:16,502 - INFO - Processing batches...
2025-01-05 10:14:19,402 - INFO - Epoch 80 Results:
2025-01-05 10:14:19,404 - INFO -   Average Loss: 0.3572
2025-01-05 10:14:19,404 - INFO -   Training Accuracy: 0.9550
2025-01-05 10:14:19,404 - INFO -   New best loss achieved!
2025-01-05 10:14:19,404 - INFO - 
Epoch 81/100
2025-01-05 10:14:19,404 - INFO - Processing batches...
2025-01-05 10:14:22,315 - INFO - Epoch 81 Results:
2025-01-05 10:14:22,315 - INFO -   Average Loss: 0.3570
2025-01-05 10:14:22,315 - INFO -   Training Accuracy: 0.9557
2025-01-05 10:14:22,315 - INFO -   New best loss achieved!
2025-01-05 10:14:22,315 - INFO - 
Epoch 82/100
2025-01-05 10:14:22,316 - INFO - Processing batches...
2025-01-05 10:14:25,188 - INFO - Epoch 82 Results:
2025-01-05 10:14:25,188 - INFO -   Average Loss: 0.3607
2025-01-05 10:14:25,188 - INFO -   Training Accuracy: 0.9517
2025-01-05 10:14:25,188 - INFO -   No improvement for 1 epochs
2025-01-05 10:14:25,188 - INFO - 
Epoch 83/100
2025-01-05 10:14:25,188 - INFO - Processing batches...
2025-01-05 10:14:28,011 - INFO - Epoch 83 Results:
2025-01-05 10:14:28,011 - INFO -   Average Loss: 0.3572
2025-01-05 10:14:28,011 - INFO -   Training Accuracy: 0.9547
2025-01-05 10:14:28,012 - INFO -   No improvement for 2 epochs
2025-01-05 10:14:28,012 - INFO - 
Epoch 84/100
2025-01-05 10:14:28,012 - INFO - Processing batches...
2025-01-05 10:14:30,822 - INFO - Epoch 84 Results:
2025-01-05 10:14:30,822 - INFO -   Average Loss: 0.3649
2025-01-05 10:14:30,822 - INFO -   Training Accuracy: 0.9480
2025-01-05 10:14:30,822 - INFO -   No improvement for 3 epochs
2025-01-05 10:14:30,822 - INFO - 
Epoch 85/100
2025-01-05 10:14:30,822 - INFO - Processing batches...
2025-01-05 10:14:33,656 - INFO - Epoch 85 Results:
2025-01-05 10:14:33,656 - INFO -   Average Loss: 0.3604
2025-01-05 10:14:33,656 - INFO -   Training Accuracy: 0.9505
2025-01-05 10:14:33,656 - INFO -   No improvement for 4 epochs
2025-01-05 10:14:33,656 - INFO - 
Epoch 86/100
2025-01-05 10:14:33,656 - INFO - Processing batches...
2025-01-05 10:14:36,449 - INFO - Epoch 86 Results:
2025-01-05 10:14:36,449 - INFO -   Average Loss: 0.3578
2025-01-05 10:14:36,449 - INFO -   Training Accuracy: 0.9547
2025-01-05 10:14:36,449 - INFO -   No improvement for 5 epochs
2025-01-05 10:14:36,449 - INFO - 
Epoch 87/100
2025-01-05 10:14:36,449 - INFO - Processing batches...
2025-01-05 10:14:39,324 - INFO - Epoch 87 Results:
2025-01-05 10:14:39,325 - INFO -   Average Loss: 0.3576
2025-01-05 10:14:39,325 - INFO -   Training Accuracy: 0.9540
2025-01-05 10:14:39,325 - INFO -   No improvement for 6 epochs
2025-01-05 10:14:39,325 - INFO - 
Epoch 88/100
2025-01-05 10:14:39,325 - INFO - Processing batches...
2025-01-05 10:14:42,077 - INFO - Epoch 88 Results:
2025-01-05 10:14:42,077 - INFO -   Average Loss: 0.3581
2025-01-05 10:14:42,077 - INFO -   Training Accuracy: 0.9537
2025-01-05 10:14:42,077 - INFO -   No improvement for 7 epochs
2025-01-05 10:14:42,077 - INFO - 
Epoch 89/100
2025-01-05 10:14:42,077 - INFO - Processing batches...
2025-01-05 10:14:44,881 - INFO - Epoch 89 Results:
2025-01-05 10:14:44,881 - INFO -   Average Loss: 0.3537
2025-01-05 10:14:44,881 - INFO -   Training Accuracy: 0.9587
2025-01-05 10:14:44,881 - INFO -   New best loss achieved!
2025-01-05 10:14:44,882 - INFO - 
Epoch 90/100
2025-01-05 10:14:44,882 - INFO - Processing batches...
2025-01-05 10:14:47,662 - INFO - Epoch 90 Results:
2025-01-05 10:14:47,663 - INFO -   Average Loss: 0.3518
2025-01-05 10:14:47,663 - INFO -   Training Accuracy: 0.9602
2025-01-05 10:14:47,663 - INFO -   New best loss achieved!
2025-01-05 10:14:47,663 - INFO - 
Epoch 91/100
2025-01-05 10:14:47,663 - INFO - Processing batches...
2025-01-05 10:14:50,495 - INFO - Epoch 91 Results:
2025-01-05 10:14:50,495 - INFO -   Average Loss: 0.3594
2025-01-05 10:14:50,495 - INFO -   Training Accuracy: 0.9527
2025-01-05 10:14:50,495 - INFO -   No improvement for 1 epochs
2025-01-05 10:14:50,496 - INFO - 
Epoch 92/100
2025-01-05 10:14:50,496 - INFO - Processing batches...
2025-01-05 10:14:53,216 - INFO - Epoch 92 Results:
2025-01-05 10:14:53,216 - INFO -   Average Loss: 0.3526
2025-01-05 10:14:53,217 - INFO -   Training Accuracy: 0.9595
2025-01-05 10:14:53,217 - INFO -   No improvement for 2 epochs
2025-01-05 10:14:53,217 - INFO - 
Epoch 93/100
2025-01-05 10:14:53,217 - INFO - Processing batches...
2025-01-05 10:14:55,940 - INFO - Epoch 93 Results:
2025-01-05 10:14:55,940 - INFO -   Average Loss: 0.3503
2025-01-05 10:14:55,940 - INFO -   Training Accuracy: 0.9622
2025-01-05 10:14:55,940 - INFO -   New best loss achieved!
2025-01-05 10:14:55,940 - INFO - 
Epoch 94/100
2025-01-05 10:14:55,940 - INFO - Processing batches...
2025-01-05 10:14:58,619 - INFO - Epoch 94 Results:
2025-01-05 10:14:58,619 - INFO -   Average Loss: 0.3613
2025-01-05 10:14:58,619 - INFO -   Training Accuracy: 0.9505
2025-01-05 10:14:58,619 - INFO -   No improvement for 1 epochs
2025-01-05 10:14:58,619 - INFO - 
Epoch 95/100
2025-01-05 10:14:58,619 - INFO - Processing batches...
2025-01-05 10:15:01,342 - INFO - Epoch 95 Results:
2025-01-05 10:15:01,342 - INFO -   Average Loss: 0.3519
2025-01-05 10:15:01,342 - INFO -   Training Accuracy: 0.9610
2025-01-05 10:15:01,342 - INFO -   No improvement for 2 epochs
2025-01-05 10:15:01,343 - INFO - 
Epoch 96/100
2025-01-05 10:15:01,343 - INFO - Processing batches...
2025-01-05 10:15:04,089 - INFO - Epoch 96 Results:
2025-01-05 10:15:04,089 - INFO -   Average Loss: 0.3609
2025-01-05 10:15:04,089 - INFO -   Training Accuracy: 0.9520
2025-01-05 10:15:04,090 - INFO -   No improvement for 3 epochs
2025-01-05 10:15:04,090 - INFO - 
Epoch 97/100
2025-01-05 10:15:04,090 - INFO - Processing batches...
2025-01-05 10:15:06,842 - INFO - Epoch 97 Results:
2025-01-05 10:15:06,842 - INFO -   Average Loss: 0.3551
2025-01-05 10:15:06,842 - INFO -   Training Accuracy: 0.9572
2025-01-05 10:15:06,843 - INFO -   No improvement for 4 epochs
2025-01-05 10:15:06,843 - INFO - 
Epoch 98/100
2025-01-05 10:15:06,843 - INFO - Processing batches...
2025-01-05 10:15:09,614 - INFO - Epoch 98 Results:
2025-01-05 10:15:09,614 - INFO -   Average Loss: 0.3528
2025-01-05 10:15:09,615 - INFO -   Training Accuracy: 0.9597
2025-01-05 10:15:09,615 - INFO -   No improvement for 5 epochs
2025-01-05 10:15:09,615 - INFO - 
Epoch 99/100
2025-01-05 10:15:09,615 - INFO - Processing batches...
2025-01-05 10:15:12,356 - INFO - Epoch 99 Results:
2025-01-05 10:15:12,356 - INFO -   Average Loss: 0.3506
2025-01-05 10:15:12,356 - INFO -   Training Accuracy: 0.9618
2025-01-05 10:15:12,356 - INFO -   No improvement for 6 epochs
2025-01-05 10:15:12,356 - INFO - 
Epoch 100/100
2025-01-05 10:15:12,356 - INFO - Processing batches...
2025-01-05 10:15:15,108 - INFO - Epoch 100 Results:
2025-01-05 10:15:15,108 - INFO -   Average Loss: 0.3510
2025-01-05 10:15:15,109 - INFO -   Training Accuracy: 0.9620
2025-01-05 10:15:15,109 - INFO -   No improvement for 7 epochs
2025-01-05 10:15:15,109 - INFO - 
Training completed!
2025-01-05 10:15:15,109 - INFO - Best loss achieved: 0.3503
2025-01-05 10:15:15,109 - INFO - Starting model evaluation...
2025-01-05 10:15:15,787 - INFO - 
Detailed Evaluation Results:
2025-01-05 10:15:15,788 - INFO - ==================================================
2025-01-05 10:15:15,788 - INFO - very_close:
2025-01-05 10:15:15,788 - INFO -   Total pairs: 250
2025-01-05 10:15:15,788 - INFO -   Correct predictions: 126
2025-01-05 10:15:15,788 - INFO -   Accuracy: 0.5040
2025-01-05 10:15:15,788 - INFO - close:
2025-01-05 10:15:15,788 - INFO -   Total pairs: 250
2025-01-05 10:15:15,788 - INFO -   Correct predictions: 188
2025-01-05 10:15:15,788 - INFO -   Accuracy: 0.7520
2025-01-05 10:15:15,788 - INFO - medium:
2025-01-05 10:15:15,788 - INFO -   Total pairs: 250
2025-01-05 10:15:15,788 - INFO -   Correct predictions: 205
2025-01-05 10:15:15,788 - INFO -   Accuracy: 0.8200
2025-01-05 10:15:15,788 - INFO - far:
2025-01-05 10:15:15,788 - INFO -   Total pairs: 250
2025-01-05 10:15:15,788 - INFO -   Correct predictions: 229
2025-01-05 10:15:15,788 - INFO -   Accuracy: 0.9160
2025-01-05 10:15:15,788 - INFO - 
Overall Results:
2025-01-05 10:15:15,788 - INFO - Total test pairs: 1000
2025-01-05 10:15:15,788 - INFO - Total correct predictions: 748
2025-01-05 10:15:15,788 - INFO - Overall accuracy: 0.7480
2025-01-05 10:15:15,790 - INFO - Evaluation results saved to ./results/evaluation_results_20250105_101515.json
