2025-01-05 10:03:49,630 - INFO - Loading data...
2025-01-05 10:03:50,882 - INFO - Loaded 2915 code samples
2025-01-05 10:03:50,882 - INFO - Performance statistics:
2025-01-05 10:03:50,882 - INFO -   Mean: 10.6621
2025-01-05 10:03:50,882 - INFO -   Std: 0.0755
2025-01-05 10:03:50,883 - INFO -   Min: 10.5913
2025-01-05 10:03:50,883 - INFO -   Max: 10.9718
2025-01-05 10:03:50,884 - INFO - Preparing training and test data...
2025-01-05 10:03:52,810 - INFO - Selected 6000 balanced training pairs
2025-01-05 10:03:53,132 - INFO - Selected 1000 balanced test pairs
2025-01-05 10:03:53,392 - INFO - Starting training...
2025-01-05 10:03:53,392 - INFO - Total training pairs: 6000
2025-01-05 10:03:53,392 - INFO - Batch size: 32
2025-01-05 10:03:53,392 - INFO - Max epochs: 100
2025-01-05 10:03:53,392 - INFO - 
Epoch 1/100
2025-01-05 10:03:53,392 - INFO - Processing batches...
2025-01-05 10:03:56,057 - INFO - Epoch 1 Results:
2025-01-05 10:03:56,058 - INFO -   Average Loss: 0.6087
2025-01-05 10:03:56,058 - INFO -   Training Accuracy: 0.6702
2025-01-05 10:03:56,058 - INFO -   New best loss achieved!
2025-01-05 10:03:56,058 - INFO - 
Epoch 2/100
2025-01-05 10:03:56,058 - INFO - Processing batches...
2025-01-05 10:03:58,980 - INFO - Epoch 2 Results:
2025-01-05 10:03:58,981 - INFO -   Average Loss: 0.5199
2025-01-05 10:03:58,981 - INFO -   Training Accuracy: 0.7878
2025-01-05 10:03:58,981 - INFO -   New best loss achieved!
2025-01-05 10:03:58,981 - INFO - 
Epoch 3/100
2025-01-05 10:03:58,981 - INFO - Processing batches...
2025-01-05 10:04:01,485 - INFO - Epoch 3 Results:
2025-01-05 10:04:01,485 - INFO -   Average Loss: 0.4917
2025-01-05 10:04:01,485 - INFO -   Training Accuracy: 0.8128
2025-01-05 10:04:01,485 - INFO -   New best loss achieved!
2025-01-05 10:04:01,485 - INFO - 
Epoch 4/100
2025-01-05 10:04:01,485 - INFO - Processing batches...
2025-01-05 10:04:03,971 - INFO - Epoch 4 Results:
2025-01-05 10:04:03,971 - INFO -   Average Loss: 0.4708
2025-01-05 10:04:03,972 - INFO -   Training Accuracy: 0.8367
2025-01-05 10:04:03,972 - INFO -   New best loss achieved!
2025-01-05 10:04:03,972 - INFO - 
Epoch 5/100
2025-01-05 10:04:03,972 - INFO - Processing batches...
2025-01-05 10:04:06,463 - INFO - Epoch 5 Results:
2025-01-05 10:04:06,463 - INFO -   Average Loss: 0.4616
2025-01-05 10:04:06,463 - INFO -   Training Accuracy: 0.8448
2025-01-05 10:04:06,464 - INFO -   New best loss achieved!
2025-01-05 10:04:06,464 - INFO - 
Epoch 6/100
2025-01-05 10:04:06,464 - INFO - Processing batches...
2025-01-05 10:04:08,936 - INFO - Epoch 6 Results:
2025-01-05 10:04:08,936 - INFO -   Average Loss: 0.4552
2025-01-05 10:04:08,936 - INFO -   Training Accuracy: 0.8542
2025-01-05 10:04:08,936 - INFO -   New best loss achieved!
2025-01-05 10:04:08,936 - INFO - 
Epoch 7/100
2025-01-05 10:04:08,937 - INFO - Processing batches...
2025-01-05 10:04:11,388 - INFO - Epoch 7 Results:
2025-01-05 10:04:11,388 - INFO -   Average Loss: 0.4451
2025-01-05 10:04:11,388 - INFO -   Training Accuracy: 0.8613
2025-01-05 10:04:11,388 - INFO -   New best loss achieved!
2025-01-05 10:04:11,388 - INFO - 
Epoch 8/100
2025-01-05 10:04:11,388 - INFO - Processing batches...
2025-01-05 10:04:13,847 - INFO - Epoch 8 Results:
2025-01-05 10:04:13,847 - INFO -   Average Loss: 0.4349
2025-01-05 10:04:13,847 - INFO -   Training Accuracy: 0.8737
2025-01-05 10:04:13,847 - INFO -   New best loss achieved!
2025-01-05 10:04:13,847 - INFO - 
Epoch 9/100
2025-01-05 10:04:13,847 - INFO - Processing batches...
2025-01-05 10:04:16,309 - INFO - Epoch 9 Results:
2025-01-05 10:04:16,309 - INFO -   Average Loss: 0.4375
2025-01-05 10:04:16,309 - INFO -   Training Accuracy: 0.8712
2025-01-05 10:04:16,309 - INFO -   No improvement for 1 epochs
2025-01-05 10:04:16,309 - INFO - 
Epoch 10/100
2025-01-05 10:04:16,310 - INFO - Processing batches...
2025-01-05 10:04:18,786 - INFO - Epoch 10 Results:
2025-01-05 10:04:18,786 - INFO -   Average Loss: 0.4276
2025-01-05 10:04:18,786 - INFO -   Training Accuracy: 0.8822
2025-01-05 10:04:18,786 - INFO -   New best loss achieved!
2025-01-05 10:04:18,786 - INFO - 
Epoch 11/100
2025-01-05 10:04:18,787 - INFO - Processing batches...
2025-01-05 10:04:21,283 - INFO - Epoch 11 Results:
2025-01-05 10:04:21,284 - INFO -   Average Loss: 0.4278
2025-01-05 10:04:21,284 - INFO -   Training Accuracy: 0.8833
2025-01-05 10:04:21,284 - INFO -   No improvement for 1 epochs
2025-01-05 10:04:21,284 - INFO - 
Epoch 12/100
2025-01-05 10:04:21,284 - INFO - Processing batches...
2025-01-05 10:04:23,924 - INFO - Epoch 12 Results:
2025-01-05 10:04:23,924 - INFO -   Average Loss: 0.4240
2025-01-05 10:04:23,924 - INFO -   Training Accuracy: 0.8862
2025-01-05 10:04:23,924 - INFO -   New best loss achieved!
2025-01-05 10:04:23,924 - INFO - 
Epoch 13/100
2025-01-05 10:04:23,924 - INFO - Processing batches...
2025-01-05 10:04:26,495 - INFO - Epoch 13 Results:
2025-01-05 10:04:26,495 - INFO -   Average Loss: 0.4241
2025-01-05 10:04:26,495 - INFO -   Training Accuracy: 0.8832
2025-01-05 10:04:26,495 - INFO -   No improvement for 1 epochs
2025-01-05 10:04:26,496 - INFO - 
Epoch 14/100
2025-01-05 10:04:26,496 - INFO - Processing batches...
2025-01-05 10:04:29,112 - INFO - Epoch 14 Results:
2025-01-05 10:04:29,112 - INFO -   Average Loss: 0.4207
2025-01-05 10:04:29,112 - INFO -   Training Accuracy: 0.8893
2025-01-05 10:04:29,112 - INFO -   New best loss achieved!
2025-01-05 10:04:29,112 - INFO - 
Epoch 15/100
2025-01-05 10:04:29,112 - INFO - Processing batches...
2025-01-05 10:04:31,611 - INFO - Epoch 15 Results:
2025-01-05 10:04:31,612 - INFO -   Average Loss: 0.4152
2025-01-05 10:04:31,612 - INFO -   Training Accuracy: 0.8952
2025-01-05 10:04:31,612 - INFO -   New best loss achieved!
2025-01-05 10:04:31,612 - INFO - 
Epoch 16/100
2025-01-05 10:04:31,612 - INFO - Processing batches...
2025-01-05 10:04:34,169 - INFO - Epoch 16 Results:
2025-01-05 10:04:34,169 - INFO -   Average Loss: 0.4114
2025-01-05 10:04:34,169 - INFO -   Training Accuracy: 0.8973
2025-01-05 10:04:34,169 - INFO -   New best loss achieved!
2025-01-05 10:04:34,169 - INFO - 
Epoch 17/100
2025-01-05 10:04:34,169 - INFO - Processing batches...
2025-01-05 10:04:36,728 - INFO - Epoch 17 Results:
2025-01-05 10:04:36,728 - INFO -   Average Loss: 0.4169
2025-01-05 10:04:36,728 - INFO -   Training Accuracy: 0.8922
2025-01-05 10:04:36,728 - INFO -   No improvement for 1 epochs
2025-01-05 10:04:36,728 - INFO - 
Epoch 18/100
2025-01-05 10:04:36,728 - INFO - Processing batches...
2025-01-05 10:04:39,267 - INFO - Epoch 18 Results:
2025-01-05 10:04:39,267 - INFO -   Average Loss: 0.4110
2025-01-05 10:04:39,267 - INFO -   Training Accuracy: 0.8990
2025-01-05 10:04:39,267 - INFO -   New best loss achieved!
2025-01-05 10:04:39,267 - INFO - 
Epoch 19/100
2025-01-05 10:04:39,267 - INFO - Processing batches...
2025-01-05 10:04:41,783 - INFO - Epoch 19 Results:
2025-01-05 10:04:41,783 - INFO -   Average Loss: 0.4056
2025-01-05 10:04:41,784 - INFO -   Training Accuracy: 0.9042
2025-01-05 10:04:41,784 - INFO -   New best loss achieved!
2025-01-05 10:04:41,784 - INFO - 
Epoch 20/100
2025-01-05 10:04:41,784 - INFO - Processing batches...
2025-01-05 10:04:44,463 - INFO - Epoch 20 Results:
2025-01-05 10:04:44,463 - INFO -   Average Loss: 0.4065
2025-01-05 10:04:44,463 - INFO -   Training Accuracy: 0.9027
2025-01-05 10:04:44,463 - INFO -   No improvement for 1 epochs
2025-01-05 10:04:44,463 - INFO - 
Epoch 21/100
2025-01-05 10:04:44,463 - INFO - Processing batches...
2025-01-05 10:04:47,032 - INFO - Epoch 21 Results:
2025-01-05 10:04:47,032 - INFO -   Average Loss: 0.4029
2025-01-05 10:04:47,032 - INFO -   Training Accuracy: 0.9055
2025-01-05 10:04:47,033 - INFO -   New best loss achieved!
2025-01-05 10:04:47,033 - INFO - 
Epoch 22/100
2025-01-05 10:04:47,033 - INFO - Processing batches...
2025-01-05 10:04:49,578 - INFO - Epoch 22 Results:
2025-01-05 10:04:49,578 - INFO -   Average Loss: 0.3977
2025-01-05 10:04:49,579 - INFO -   Training Accuracy: 0.9133
2025-01-05 10:04:49,579 - INFO -   New best loss achieved!
2025-01-05 10:04:49,579 - INFO - 
Epoch 23/100
2025-01-05 10:04:49,579 - INFO - Processing batches...
2025-01-05 10:04:52,128 - INFO - Epoch 23 Results:
2025-01-05 10:04:52,128 - INFO -   Average Loss: 0.4016
2025-01-05 10:04:52,128 - INFO -   Training Accuracy: 0.9090
2025-01-05 10:04:52,128 - INFO -   No improvement for 1 epochs
2025-01-05 10:04:52,128 - INFO - 
Epoch 24/100
2025-01-05 10:04:52,128 - INFO - Processing batches...
2025-01-05 10:04:54,679 - INFO - Epoch 24 Results:
2025-01-05 10:04:54,679 - INFO -   Average Loss: 0.4003
2025-01-05 10:04:54,680 - INFO -   Training Accuracy: 0.9092
2025-01-05 10:04:54,680 - INFO -   No improvement for 2 epochs
2025-01-05 10:04:54,680 - INFO - 
Epoch 25/100
2025-01-05 10:04:54,680 - INFO - Processing batches...
2025-01-05 10:04:57,262 - INFO - Epoch 25 Results:
2025-01-05 10:04:57,262 - INFO -   Average Loss: 0.3960
2025-01-05 10:04:57,262 - INFO -   Training Accuracy: 0.9147
2025-01-05 10:04:57,262 - INFO -   New best loss achieved!
2025-01-05 10:04:57,262 - INFO - 
Epoch 26/100
2025-01-05 10:04:57,263 - INFO - Processing batches...
2025-01-05 10:04:59,832 - INFO - Epoch 26 Results:
2025-01-05 10:04:59,832 - INFO -   Average Loss: 0.3969
2025-01-05 10:04:59,832 - INFO -   Training Accuracy: 0.9130
2025-01-05 10:04:59,832 - INFO -   No improvement for 1 epochs
2025-01-05 10:04:59,833 - INFO - 
Epoch 27/100
2025-01-05 10:04:59,833 - INFO - Processing batches...
2025-01-05 10:05:02,443 - INFO - Epoch 27 Results:
2025-01-05 10:05:02,443 - INFO -   Average Loss: 0.3931
2025-01-05 10:05:02,443 - INFO -   Training Accuracy: 0.9180
2025-01-05 10:05:02,443 - INFO -   New best loss achieved!
2025-01-05 10:05:02,443 - INFO - 
Epoch 28/100
2025-01-05 10:05:02,443 - INFO - Processing batches...
2025-01-05 10:05:05,094 - INFO - Epoch 28 Results:
2025-01-05 10:05:05,094 - INFO -   Average Loss: 0.3950
2025-01-05 10:05:05,094 - INFO -   Training Accuracy: 0.9163
2025-01-05 10:05:05,095 - INFO -   No improvement for 1 epochs
2025-01-05 10:05:05,095 - INFO - 
Epoch 29/100
2025-01-05 10:05:05,095 - INFO - Processing batches...
2025-01-05 10:05:07,732 - INFO - Epoch 29 Results:
2025-01-05 10:05:07,732 - INFO -   Average Loss: 0.3956
2025-01-05 10:05:07,732 - INFO -   Training Accuracy: 0.9150
2025-01-05 10:05:07,732 - INFO -   No improvement for 2 epochs
2025-01-05 10:05:07,732 - INFO - 
Epoch 30/100
2025-01-05 10:05:07,732 - INFO - Processing batches...
2025-01-05 10:05:10,367 - INFO - Epoch 30 Results:
2025-01-05 10:05:10,367 - INFO -   Average Loss: 0.3885
2025-01-05 10:05:10,367 - INFO -   Training Accuracy: 0.9235
2025-01-05 10:05:10,367 - INFO -   New best loss achieved!
2025-01-05 10:05:10,367 - INFO - 
Epoch 31/100
2025-01-05 10:05:10,367 - INFO - Processing batches...
2025-01-05 10:05:13,034 - INFO - Epoch 31 Results:
2025-01-05 10:05:13,034 - INFO -   Average Loss: 0.3892
2025-01-05 10:05:13,034 - INFO -   Training Accuracy: 0.9212
2025-01-05 10:05:13,034 - INFO -   No improvement for 1 epochs
2025-01-05 10:05:13,034 - INFO - 
Epoch 32/100
2025-01-05 10:05:13,034 - INFO - Processing batches...
2025-01-05 10:05:15,709 - INFO - Epoch 32 Results:
2025-01-05 10:05:15,709 - INFO -   Average Loss: 0.3869
2025-01-05 10:05:15,709 - INFO -   Training Accuracy: 0.9233
2025-01-05 10:05:15,709 - INFO -   New best loss achieved!
2025-01-05 10:05:15,709 - INFO - 
Epoch 33/100
2025-01-05 10:05:15,709 - INFO - Processing batches...
2025-01-05 10:05:18,359 - INFO - Epoch 33 Results:
2025-01-05 10:05:18,359 - INFO -   Average Loss: 0.3862
2025-01-05 10:05:18,359 - INFO -   Training Accuracy: 0.9255
2025-01-05 10:05:18,359 - INFO -   New best loss achieved!
2025-01-05 10:05:18,359 - INFO - 
Epoch 34/100
2025-01-05 10:05:18,359 - INFO - Processing batches...
2025-01-05 10:05:20,978 - INFO - Epoch 34 Results:
2025-01-05 10:05:20,978 - INFO -   Average Loss: 0.3814
2025-01-05 10:05:20,978 - INFO -   Training Accuracy: 0.9295
2025-01-05 10:05:20,978 - INFO -   New best loss achieved!
2025-01-05 10:05:20,978 - INFO - 
Epoch 35/100
2025-01-05 10:05:20,979 - INFO - Processing batches...
2025-01-05 10:05:23,568 - INFO - Epoch 35 Results:
2025-01-05 10:05:23,568 - INFO -   Average Loss: 0.3819
2025-01-05 10:05:23,568 - INFO -   Training Accuracy: 0.9288
2025-01-05 10:05:23,568 - INFO -   No improvement for 1 epochs
2025-01-05 10:05:23,568 - INFO - 
Epoch 36/100
2025-01-05 10:05:23,568 - INFO - Processing batches...
2025-01-05 10:05:26,188 - INFO - Epoch 36 Results:
2025-01-05 10:05:26,188 - INFO -   Average Loss: 0.3837
2025-01-05 10:05:26,188 - INFO -   Training Accuracy: 0.9265
2025-01-05 10:05:26,188 - INFO -   No improvement for 2 epochs
2025-01-05 10:05:26,188 - INFO - 
Epoch 37/100
2025-01-05 10:05:26,188 - INFO - Processing batches...
2025-01-05 10:05:28,822 - INFO - Epoch 37 Results:
2025-01-05 10:05:28,822 - INFO -   Average Loss: 0.3864
2025-01-05 10:05:28,822 - INFO -   Training Accuracy: 0.9232
2025-01-05 10:05:28,822 - INFO -   No improvement for 3 epochs
2025-01-05 10:05:28,822 - INFO - 
Epoch 38/100
2025-01-05 10:05:28,822 - INFO - Processing batches...
2025-01-05 10:05:31,438 - INFO - Epoch 38 Results:
2025-01-05 10:05:31,438 - INFO -   Average Loss: 0.3823
2025-01-05 10:05:31,438 - INFO -   Training Accuracy: 0.9277
2025-01-05 10:05:31,438 - INFO -   No improvement for 4 epochs
2025-01-05 10:05:31,438 - INFO - 
Epoch 39/100
2025-01-05 10:05:31,438 - INFO - Processing batches...
2025-01-05 10:05:34,073 - INFO - Epoch 39 Results:
2025-01-05 10:05:34,073 - INFO -   Average Loss: 0.3789
2025-01-05 10:05:34,073 - INFO -   Training Accuracy: 0.9320
2025-01-05 10:05:34,074 - INFO -   New best loss achieved!
2025-01-05 10:05:34,074 - INFO - 
Epoch 40/100
2025-01-05 10:05:34,074 - INFO - Processing batches...
2025-01-05 10:05:36,685 - INFO - Epoch 40 Results:
2025-01-05 10:05:36,686 - INFO -   Average Loss: 0.3805
2025-01-05 10:05:36,686 - INFO -   Training Accuracy: 0.9308
2025-01-05 10:05:36,686 - INFO -   No improvement for 1 epochs
2025-01-05 10:05:36,686 - INFO - 
Epoch 41/100
2025-01-05 10:05:36,686 - INFO - Processing batches...
2025-01-05 10:05:39,287 - INFO - Epoch 41 Results:
2025-01-05 10:05:39,287 - INFO -   Average Loss: 0.3836
2025-01-05 10:05:39,287 - INFO -   Training Accuracy: 0.9260
2025-01-05 10:05:39,287 - INFO -   No improvement for 2 epochs
2025-01-05 10:05:39,287 - INFO - 
Epoch 42/100
2025-01-05 10:05:39,287 - INFO - Processing batches...
2025-01-05 10:05:41,874 - INFO - Epoch 42 Results:
2025-01-05 10:05:41,874 - INFO -   Average Loss: 0.3725
2025-01-05 10:05:41,874 - INFO -   Training Accuracy: 0.9395
2025-01-05 10:05:41,874 - INFO -   New best loss achieved!
2025-01-05 10:05:41,874 - INFO - 
Epoch 43/100
2025-01-05 10:05:41,874 - INFO - Processing batches...
2025-01-05 10:05:44,479 - INFO - Epoch 43 Results:
2025-01-05 10:05:44,479 - INFO -   Average Loss: 0.3774
2025-01-05 10:05:44,479 - INFO -   Training Accuracy: 0.9338
2025-01-05 10:05:44,479 - INFO -   No improvement for 1 epochs
2025-01-05 10:05:44,480 - INFO - 
Epoch 44/100
2025-01-05 10:05:44,480 - INFO - Processing batches...
2025-01-05 10:05:47,198 - INFO - Epoch 44 Results:
2025-01-05 10:05:47,198 - INFO -   Average Loss: 0.3713
2025-01-05 10:05:47,198 - INFO -   Training Accuracy: 0.9403
2025-01-05 10:05:47,198 - INFO -   New best loss achieved!
2025-01-05 10:05:47,198 - INFO - 
Epoch 45/100
2025-01-05 10:05:47,198 - INFO - Processing batches...
2025-01-05 10:05:49,885 - INFO - Epoch 45 Results:
2025-01-05 10:05:49,885 - INFO -   Average Loss: 0.3733
2025-01-05 10:05:49,885 - INFO -   Training Accuracy: 0.9387
2025-01-05 10:05:49,885 - INFO -   No improvement for 1 epochs
2025-01-05 10:05:49,885 - INFO - 
Epoch 46/100
2025-01-05 10:05:49,885 - INFO - Processing batches...
2025-01-05 10:05:52,558 - INFO - Epoch 46 Results:
2025-01-05 10:05:52,558 - INFO -   Average Loss: 0.3754
2025-01-05 10:05:52,558 - INFO -   Training Accuracy: 0.9363
2025-01-05 10:05:52,558 - INFO -   No improvement for 2 epochs
2025-01-05 10:05:52,559 - INFO - 
Epoch 47/100
2025-01-05 10:05:52,559 - INFO - Processing batches...
2025-01-05 10:05:55,243 - INFO - Epoch 47 Results:
2025-01-05 10:05:55,243 - INFO -   Average Loss: 0.3755
2025-01-05 10:05:55,243 - INFO -   Training Accuracy: 0.9350
2025-01-05 10:05:55,243 - INFO -   No improvement for 3 epochs
2025-01-05 10:05:55,244 - INFO - 
Epoch 48/100
2025-01-05 10:05:55,244 - INFO - Processing batches...
2025-01-05 10:05:57,965 - INFO - Epoch 48 Results:
2025-01-05 10:05:57,965 - INFO -   Average Loss: 0.3730
2025-01-05 10:05:57,965 - INFO -   Training Accuracy: 0.9392
2025-01-05 10:05:57,965 - INFO -   No improvement for 4 epochs
2025-01-05 10:05:57,966 - INFO - 
Epoch 49/100
2025-01-05 10:05:57,966 - INFO - Processing batches...
2025-01-05 10:06:00,658 - INFO - Epoch 49 Results:
2025-01-05 10:06:00,658 - INFO -   Average Loss: 0.3747
2025-01-05 10:06:00,658 - INFO -   Training Accuracy: 0.9368
2025-01-05 10:06:00,658 - INFO -   No improvement for 5 epochs
2025-01-05 10:06:00,658 - INFO - 
Epoch 50/100
2025-01-05 10:06:00,658 - INFO - Processing batches...
2025-01-05 10:06:03,474 - INFO - Epoch 50 Results:
2025-01-05 10:06:03,474 - INFO -   Average Loss: 0.3742
2025-01-05 10:06:03,474 - INFO -   Training Accuracy: 0.9382
2025-01-05 10:06:03,474 - INFO -   No improvement for 6 epochs
2025-01-05 10:06:03,474 - INFO - 
Epoch 51/100
2025-01-05 10:06:03,474 - INFO - Processing batches...
2025-01-05 10:06:06,297 - INFO - Epoch 51 Results:
2025-01-05 10:06:06,297 - INFO -   Average Loss: 0.3697
2025-01-05 10:06:06,298 - INFO -   Training Accuracy: 0.9422
2025-01-05 10:06:06,298 - INFO -   New best loss achieved!
2025-01-05 10:06:06,298 - INFO - 
Epoch 52/100
2025-01-05 10:06:06,298 - INFO - Processing batches...
2025-01-05 10:06:09,044 - INFO - Epoch 52 Results:
2025-01-05 10:06:09,044 - INFO -   Average Loss: 0.3668
2025-01-05 10:06:09,044 - INFO -   Training Accuracy: 0.9457
2025-01-05 10:06:09,045 - INFO -   New best loss achieved!
2025-01-05 10:06:09,045 - INFO - 
Epoch 53/100
2025-01-05 10:06:09,045 - INFO - Processing batches...
2025-01-05 10:06:11,728 - INFO - Epoch 53 Results:
2025-01-05 10:06:11,728 - INFO -   Average Loss: 0.3722
2025-01-05 10:06:11,728 - INFO -   Training Accuracy: 0.9407
2025-01-05 10:06:11,728 - INFO -   No improvement for 1 epochs
2025-01-05 10:06:11,728 - INFO - 
Epoch 54/100
2025-01-05 10:06:11,728 - INFO - Processing batches...
2025-01-05 10:06:14,397 - INFO - Epoch 54 Results:
2025-01-05 10:06:14,397 - INFO -   Average Loss: 0.3706
2025-01-05 10:06:14,397 - INFO -   Training Accuracy: 0.9412
2025-01-05 10:06:14,397 - INFO -   No improvement for 2 epochs
2025-01-05 10:06:14,398 - INFO - 
Epoch 55/100
2025-01-05 10:06:14,398 - INFO - Processing batches...
2025-01-05 10:06:17,060 - INFO - Epoch 55 Results:
2025-01-05 10:06:17,060 - INFO -   Average Loss: 0.3699
2025-01-05 10:06:17,060 - INFO -   Training Accuracy: 0.9415
2025-01-05 10:06:17,060 - INFO -   No improvement for 3 epochs
2025-01-05 10:06:17,060 - INFO - 
Epoch 56/100
2025-01-05 10:06:17,061 - INFO - Processing batches...
2025-01-05 10:06:19,722 - INFO - Epoch 56 Results:
2025-01-05 10:06:19,722 - INFO -   Average Loss: 0.3696
2025-01-05 10:06:19,722 - INFO -   Training Accuracy: 0.9410
2025-01-05 10:06:19,722 - INFO -   No improvement for 4 epochs
2025-01-05 10:06:19,722 - INFO - 
Epoch 57/100
2025-01-05 10:06:19,722 - INFO - Processing batches...
2025-01-05 10:06:22,405 - INFO - Epoch 57 Results:
2025-01-05 10:06:22,405 - INFO -   Average Loss: 0.3707
2025-01-05 10:06:22,405 - INFO -   Training Accuracy: 0.9408
2025-01-05 10:06:22,405 - INFO -   No improvement for 5 epochs
2025-01-05 10:06:22,405 - INFO - 
Epoch 58/100
2025-01-05 10:06:22,405 - INFO - Processing batches...
2025-01-05 10:06:25,102 - INFO - Epoch 58 Results:
2025-01-05 10:06:25,103 - INFO -   Average Loss: 0.3692
2025-01-05 10:06:25,103 - INFO -   Training Accuracy: 0.9418
2025-01-05 10:06:25,103 - INFO -   No improvement for 6 epochs
2025-01-05 10:06:25,103 - INFO - 
Epoch 59/100
2025-01-05 10:06:25,103 - INFO - Processing batches...
2025-01-05 10:06:27,830 - INFO - Epoch 59 Results:
2025-01-05 10:06:27,830 - INFO -   Average Loss: 0.3632
2025-01-05 10:06:27,830 - INFO -   Training Accuracy: 0.9492
2025-01-05 10:06:27,830 - INFO -   New best loss achieved!
2025-01-05 10:06:27,830 - INFO - 
Epoch 60/100
2025-01-05 10:06:27,830 - INFO - Processing batches...
2025-01-05 10:06:30,537 - INFO - Epoch 60 Results:
2025-01-05 10:06:30,537 - INFO -   Average Loss: 0.3710
2025-01-05 10:06:30,537 - INFO -   Training Accuracy: 0.9403
2025-01-05 10:06:30,537 - INFO -   No improvement for 1 epochs
2025-01-05 10:06:30,537 - INFO - 
Epoch 61/100
2025-01-05 10:06:30,537 - INFO - Processing batches...
2025-01-05 10:06:33,261 - INFO - Epoch 61 Results:
2025-01-05 10:06:33,261 - INFO -   Average Loss: 0.3667
2025-01-05 10:06:33,261 - INFO -   Training Accuracy: 0.9460
2025-01-05 10:06:33,261 - INFO -   No improvement for 2 epochs
2025-01-05 10:06:33,261 - INFO - 
Epoch 62/100
2025-01-05 10:06:33,261 - INFO - Processing batches...
2025-01-05 10:06:35,924 - INFO - Epoch 62 Results:
2025-01-05 10:06:35,924 - INFO -   Average Loss: 0.3661
2025-01-05 10:06:35,924 - INFO -   Training Accuracy: 0.9450
2025-01-05 10:06:35,924 - INFO -   No improvement for 3 epochs
2025-01-05 10:06:35,924 - INFO - 
Epoch 63/100
2025-01-05 10:06:35,924 - INFO - Processing batches...
2025-01-05 10:06:38,604 - INFO - Epoch 63 Results:
2025-01-05 10:06:38,604 - INFO -   Average Loss: 0.3614
2025-01-05 10:06:38,604 - INFO -   Training Accuracy: 0.9503
2025-01-05 10:06:38,604 - INFO -   New best loss achieved!
2025-01-05 10:06:38,604 - INFO - 
Epoch 64/100
2025-01-05 10:06:38,604 - INFO - Processing batches...
2025-01-05 10:06:41,315 - INFO - Epoch 64 Results:
2025-01-05 10:06:41,315 - INFO -   Average Loss: 0.3606
2025-01-05 10:06:41,315 - INFO -   Training Accuracy: 0.9503
2025-01-05 10:06:41,315 - INFO -   New best loss achieved!
2025-01-05 10:06:41,315 - INFO - 
Epoch 65/100
2025-01-05 10:06:41,315 - INFO - Processing batches...
2025-01-05 10:06:44,062 - INFO - Epoch 65 Results:
2025-01-05 10:06:44,062 - INFO -   Average Loss: 0.3621
2025-01-05 10:06:44,062 - INFO -   Training Accuracy: 0.9515
2025-01-05 10:06:44,062 - INFO -   No improvement for 1 epochs
2025-01-05 10:06:44,062 - INFO - 
Epoch 66/100
2025-01-05 10:06:44,062 - INFO - Processing batches...
2025-01-05 10:06:46,839 - INFO - Epoch 66 Results:
2025-01-05 10:06:46,839 - INFO -   Average Loss: 0.3607
2025-01-05 10:06:46,839 - INFO -   Training Accuracy: 0.9502
2025-01-05 10:06:46,839 - INFO -   No improvement for 2 epochs
2025-01-05 10:06:46,839 - INFO - 
Epoch 67/100
2025-01-05 10:06:46,839 - INFO - Processing batches...
2025-01-05 10:06:49,648 - INFO - Epoch 67 Results:
2025-01-05 10:06:49,648 - INFO -   Average Loss: 0.3526
2025-01-05 10:06:49,648 - INFO -   Training Accuracy: 0.9585
2025-01-05 10:06:49,648 - INFO -   New best loss achieved!
2025-01-05 10:06:49,648 - INFO - 
Epoch 68/100
2025-01-05 10:06:49,648 - INFO - Processing batches...
2025-01-05 10:06:52,390 - INFO - Epoch 68 Results:
2025-01-05 10:06:52,390 - INFO -   Average Loss: 0.3567
2025-01-05 10:06:52,390 - INFO -   Training Accuracy: 0.9552
2025-01-05 10:06:52,390 - INFO -   No improvement for 1 epochs
2025-01-05 10:06:52,390 - INFO - 
Epoch 69/100
2025-01-05 10:06:52,390 - INFO - Processing batches...
2025-01-05 10:06:55,137 - INFO - Epoch 69 Results:
2025-01-05 10:06:55,137 - INFO -   Average Loss: 0.3603
2025-01-05 10:06:55,137 - INFO -   Training Accuracy: 0.9515
2025-01-05 10:06:55,137 - INFO -   No improvement for 2 epochs
2025-01-05 10:06:55,138 - INFO - 
Epoch 70/100
2025-01-05 10:06:55,138 - INFO - Processing batches...
2025-01-05 10:06:57,913 - INFO - Epoch 70 Results:
2025-01-05 10:06:57,913 - INFO -   Average Loss: 0.3622
2025-01-05 10:06:57,913 - INFO -   Training Accuracy: 0.9497
2025-01-05 10:06:57,913 - INFO -   No improvement for 3 epochs
2025-01-05 10:06:57,913 - INFO - 
Epoch 71/100
2025-01-05 10:06:57,913 - INFO - Processing batches...
2025-01-05 10:07:00,629 - INFO - Epoch 71 Results:
2025-01-05 10:07:00,629 - INFO -   Average Loss: 0.3587
2025-01-05 10:07:00,629 - INFO -   Training Accuracy: 0.9537
2025-01-05 10:07:00,629 - INFO -   No improvement for 4 epochs
2025-01-05 10:07:00,629 - INFO - 
Epoch 72/100
2025-01-05 10:07:00,629 - INFO - Processing batches...
2025-01-05 10:07:03,398 - INFO - Epoch 72 Results:
2025-01-05 10:07:03,398 - INFO -   Average Loss: 0.3546
2025-01-05 10:07:03,398 - INFO -   Training Accuracy: 0.9577
2025-01-05 10:07:03,398 - INFO -   No improvement for 5 epochs
2025-01-05 10:07:03,398 - INFO - 
Epoch 73/100
2025-01-05 10:07:03,398 - INFO - Processing batches...
2025-01-05 10:07:06,269 - INFO - Epoch 73 Results:
2025-01-05 10:07:06,269 - INFO -   Average Loss: 0.3587
2025-01-05 10:07:06,269 - INFO -   Training Accuracy: 0.9538
2025-01-05 10:07:06,269 - INFO -   No improvement for 6 epochs
2025-01-05 10:07:06,270 - INFO - 
Epoch 74/100
2025-01-05 10:07:06,270 - INFO - Processing batches...
2025-01-05 10:07:09,171 - INFO - Epoch 74 Results:
2025-01-05 10:07:09,171 - INFO -   Average Loss: 0.3635
2025-01-05 10:07:09,171 - INFO -   Training Accuracy: 0.9492
2025-01-05 10:07:09,171 - INFO -   No improvement for 7 epochs
2025-01-05 10:07:09,171 - INFO - 
Epoch 75/100
2025-01-05 10:07:09,171 - INFO - Processing batches...
2025-01-05 10:07:12,175 - INFO - Epoch 75 Results:
2025-01-05 10:07:12,175 - INFO -   Average Loss: 0.3573
2025-01-05 10:07:12,175 - INFO -   Training Accuracy: 0.9557
2025-01-05 10:07:12,175 - INFO -   No improvement for 8 epochs
2025-01-05 10:07:12,176 - INFO - 
Epoch 76/100
2025-01-05 10:07:12,176 - INFO - Processing batches...
2025-01-05 10:07:15,319 - INFO - Epoch 76 Results:
2025-01-05 10:07:15,319 - INFO -   Average Loss: 0.3543
2025-01-05 10:07:15,319 - INFO -   Training Accuracy: 0.9583
2025-01-05 10:07:15,319 - INFO -   No improvement for 9 epochs
2025-01-05 10:07:15,319 - INFO - 
Epoch 77/100
2025-01-05 10:07:15,319 - INFO - Processing batches...
2025-01-05 10:07:18,251 - INFO - Epoch 77 Results:
2025-01-05 10:07:18,252 - INFO -   Average Loss: 0.3558
2025-01-05 10:07:18,252 - INFO -   Training Accuracy: 0.9558
2025-01-05 10:07:18,252 - INFO -   No improvement for 10 epochs
2025-01-05 10:07:18,252 - INFO - Early stopping triggered after 77 epochs
2025-01-05 10:07:18,252 - INFO - 
Training completed!
2025-01-05 10:07:18,252 - INFO - Best loss achieved: 0.3526
2025-01-05 10:07:18,252 - INFO - Starting model evaluation...
2025-01-05 10:07:19,132 - INFO - 
Detailed Evaluation Results:
2025-01-05 10:07:19,132 - INFO - ==================================================
2025-01-05 10:07:19,132 - INFO - very_close:
2025-01-05 10:07:19,132 - INFO -   Total pairs: 250
2025-01-05 10:07:19,132 - INFO -   Correct predictions: 132
2025-01-05 10:07:19,132 - INFO -   Accuracy: 0.5280
2025-01-05 10:07:19,132 - INFO - close:
2025-01-05 10:07:19,132 - INFO -   Total pairs: 250
2025-01-05 10:07:19,132 - INFO -   Correct predictions: 182
2025-01-05 10:07:19,132 - INFO -   Accuracy: 0.7280
2025-01-05 10:07:19,132 - INFO - medium:
2025-01-05 10:07:19,132 - INFO -   Total pairs: 250
2025-01-05 10:07:19,132 - INFO -   Correct predictions: 206
2025-01-05 10:07:19,132 - INFO -   Accuracy: 0.8240
2025-01-05 10:07:19,132 - INFO - far:
2025-01-05 10:07:19,132 - INFO -   Total pairs: 250
2025-01-05 10:07:19,132 - INFO -   Correct predictions: 228
2025-01-05 10:07:19,132 - INFO -   Accuracy: 0.9120
2025-01-05 10:07:19,132 - INFO - 
Overall Results:
2025-01-05 10:07:19,132 - INFO - Total test pairs: 1000
2025-01-05 10:07:19,132 - INFO - Total correct predictions: 748
2025-01-05 10:07:19,132 - INFO - Overall accuracy: 0.7480
