Total count: 79, Total time: 915.80s
35.9137
38.3174
56.2139
38.5446
0.0000
0.0000
1.9132
54.5570
0.0000
0.0000
4.1921
39.1037
0.0000
2.0679
0.0000
1.4826
88.3200
0.0000
0.0000
4.7473
32.2485
0.0000
0.0000
2.9416
42.0682
0.0000
1.1986
0.0000
2.4150
41.0920
0.0000
0.0000
2.0574
41.9637
1.8863
5.1502
8.7399
7.1543
15.0561
4.9025
13.4825
4.0860
11.3150
4.0095
12.5602
2.9029
10.7330
6.1624
15.5392
2.3506
11.6651
3.8219
12.6888
1.9951
7.5007
5.5714
16.5377
3.4711
9.1999
3.7115
18.0087
7.5497
9.1303
3.8351
19.5515
2.6691
13.1616
4.6001
19.0080
2.9788
12.3258
4.7731
17.1876
3.3745
7.5681
4.3957
17.3116
3.3672
11.4521
