Total count: 180, Total time: 3736.61s
5.0180
30.7435
1.5443
14.5198
8.4406
24.4518
1.6120
15.4387
8.1116
26.3473
3.1824
15.3352
10.3531
22.6579
1.5681
13.4253
10.1731
17.9201
5.5691
18.6874
4.8145
26.3744
5.3053
15.5486
5.7516
26.4183
1.3116
24.0140
4.3008
25.1848
2.7695
18.5875
12.8902
28.5089
1.5566
22.2071
5.9225
29.6552
2.4855
22.2009
6.2538
26.2818
3.8144
19.2296
4.3686
29.7383
2.3081
17.3093
4.5591
29.6352
4.5450
16.3579
3.5035
27.6716
2.0150
18.8374
4.9813
29.7017
1.6391
20.7178
6.8489
32.5663
2.4029
29.2215
5.4192
46.8376
1.5210
23.2583
5.6054
33.7817
2.5142
25.8558
5.5838
40.2464
2.4267
21.7982
5.9351
46.1463
2.4236
24.7398
4.8460
35.7900
1.7606
25.0111
6.2130
43.2681
2.0775
27.5938
5.1403
44.3676
1.9102
33.5668
7.9310
42.3896
4.9398
26.7892
8.7799
39.2655
2.0248
29.7369
4.8094
47.0276
2.1718
29.3850
6.8130
46.8755
2.1310
34.2933
5.9870
48.1927
2.0279
45.3069
6.9208
54.7626
4.2085
42.3169
7.3297
60.9733
6.5091
41.7598
6.9149
60.7579
2.5180
39.1425
5.4342
47.9358
1.0398
40.1842
4.9500
55.1349
2.6478
38.1538
7.7795
74.5976
3.2597
35.5736
4.4609
55.1265
2.0318
41.3057
9.1957
57.9312
1.6760
33.0964
6.4502
46.1377
2.0457
42.4540
4.3876
54.5423
1.6378
46.2956
5.0196
56.4375
1.3995
36.9204
5.4612
65.0070
2.3811
44.7433
7.6037
62.9972
2.4911
56.9660
4.6350
64.0964
2.2086
44.1082
9.6799
74.0472
2.8487
43.9355
5.4682
67.7904
3.3265
39.9786
4.7820
61.3356
2.0830
51.3523
