3.56	49.884079	inf
64.94	49.884079	inf
64.94	49.884079	inf
64.95	49.884079	inf
78.96	49.884079	60.102218
209.21	49.884079	50.345509
209.21	49.884079	50.345509
209.21	49.884079	49.991438
209.21	49.884079	49.991438
209.22	49.884079	49.991438
209.22	49.884079	49.991438
209.22	49.884079	49.983264
209.22	49.884079	49.983264
209.22	49.884079	49.983264
209.22	49.884079	49.947478
209.22	49.884079	49.947478
209.22	49.884079	49.911691
209.22	49.884079	49.884079
209.23	49.884079	49.884079
209.23	49.884079	49.884079
226.58	49.884079	49.884079
226.58	49.884079	49.884079
226.58	49.884079	49.884079
239.70	49.884079	49.884079
239.70	49.884079	49.884079
301.03	49.884079	49.884079
301.03	49.884079	49.884079
301.03	49.884079	49.884079
301.04	49.884079	49.884079
301.04	49.884079	49.884079
429.92	49.884079	49.884079
429.92	49.884079	49.884079
429.93	49.884079	49.884079
429.93	49.884079	49.884079
429.93	49.884079	49.884079
429.93	49.884079	49.884079
429.93	49.884079	49.884079
430.81	49.884079	49.884079
430.81	49.884079	49.884079
430.82	49.884079	49.884079
446.27	49.884079	49.884079
446.28	49.884079	49.884079
446.28	49.884079	49.884079
449.05	49.884079	49.884079
449.05	49.884079	49.884079
462.61	49.884079	49.884079
462.61	49.884079	49.884079
462.61	49.884079	49.884079
462.61	49.884079	49.884079
468.38	49.884079	49.884079
525.74	49.884079	49.884079
525.74	49.884079	49.884079
525.74	49.884079	49.884079
525.74	49.884079	49.884079
525.74	49.884079	49.884079
525.74	49.884079	49.884079
549.13	49.884079	49.884079
683.47	49.884079	49.884079
683.47	49.884079	49.884079
683.47	49.884079	49.884079
683.47	49.884079	49.884079
683.47	49.884079	49.884079
683.47	49.884079	49.884079
683.48	49.884079	49.884079
683.49	49.884079	49.884079
683.49	49.884079	49.884079
683.49	49.884079	49.884079
683.49	49.884079	49.884079
683.49	49.884079	49.884079
683.50	49.843632	49.875990
683.50	49.843632	49.875990
683.50	49.843632	49.875990
683.50	49.843632	49.875990
705.09	49.843632	49.875990
705.09	49.843632	49.875990
710.79	49.843632	49.875990
710.79	49.843632	49.875990
710.79	49.843632	49.875990
719.28	49.843632	49.875990
719.28	49.843632	49.875990
719.28	49.843632	49.875990
719.28	49.843632	49.875990
719.28	49.843632	49.875990
781.31	49.843632	49.875990
781.31	49.843632	49.867900
781.31	49.843632	49.859811
781.31	49.843632	49.859811
781.32	49.843632	49.859811
781.32	49.594166	49.801828
781.32	49.594166	49.801828
781.33	49.594166	49.801828
781.35	49.594166	49.793739
781.36	49.594166	49.793739
907.24	49.594166	49.793739
907.24	49.594166	49.743845
907.24	49.594166	49.743845
907.24	49.594166	49.743845
907.24	49.594166	49.743845
907.24	49.594166	49.693952
907.24	49.594166	49.693952
907.24	49.594166	49.693952
907.25	49.594166	49.693952
907.25	49.594166	49.693952
907.25	49.594166	49.690131
916.97	49.594166	49.688058
916.97	49.594166	49.688058
916.97	49.594166	49.688058
916.98	49.594166	49.688058
1050.77	49.594166	49.688058
1050.77	49.594166	49.688058
1050.78	49.594166	49.688058
1050.78	49.594166	49.688058
1050.78	49.594166	49.640237
1050.78	49.594166	49.640237
1050.78	49.594166	49.617985
1050.78	49.594166	49.617985
1050.78	49.594166	49.617985
1050.78	49.594166	49.617985
1115.06	49.594166	49.617985
1115.06	49.594166	49.594166
1115.06	49.594166	49.594166
1115.06	49.594166	49.594166
1115.07	49.594166	49.594166
1115.07	49.594166	49.594166
1115.07	49.594166	49.594166
1116.74	49.540180	49.583369
1238.84	49.540180	49.583369
1238.85	49.540180	49.583369
1238.85	49.540180	49.583369
1238.85	49.540180	49.583369
1238.85	49.540180	49.583369
1238.85	49.540180	49.583369
1238.85	49.540180	49.583369
1238.85	49.540180	49.583369
1238.85	49.540180	49.583369
1238.85	49.540180	49.583369
1238.85	49.540180	49.583369
1238.86	49.540180	49.583369
1355.83	49.540180	49.583369
1355.83	49.540180	49.583369
1355.83	49.540180	49.583369
1355.83	49.540180	49.583369
1355.83	49.540180	49.583369
1355.83	49.540180	49.583369
1355.83	49.540180	49.583369
1355.83	49.540180	49.583369
1355.83	49.540180	49.583369
1355.84	49.540180	49.583369
1355.84	49.540180	49.583369
1355.84	49.540180	49.583369
1355.84	49.540180	49.583369
1425.21	49.540180	49.583369
1425.21	49.540180	49.583369
1425.22	49.540180	49.583369
1425.22	49.540180	49.583369
1425.22	49.540180	49.583369
1425.22	49.540180	49.583369
1425.22	49.540180	49.583369
1425.23	49.540180	49.583369
1425.24	49.540180	49.583369
1425.26	49.540180	49.583369
1550.15	49.540180	49.583369
1550.15	49.540180	49.583369
1550.16	49.540180	49.583369
1550.16	49.540180	49.583369
1550.16	49.540180	49.583369
1550.16	49.540180	49.583369
1550.16	49.540180	49.583369
1550.16	49.540180	49.583369
1550.16	49.540180	49.583369
1550.16	49.540180	49.583369
1550.17	49.540180	49.583369
1671.26	49.540180	49.583369
1672.25	49.540180	49.583369
1672.25	49.540180	49.583369
1672.25	49.540180	49.583369
1672.25	49.540180	49.583369
1672.25	49.540180	49.583369
1672.25	49.540180	49.583369
1672.26	49.540180	49.583369
1672.26	49.540180	49.583369
1672.26	49.540180	49.583369
1672.26	49.540180	49.583369
1737.97	49.540180	49.583369
1737.97	49.540180	49.572572
1737.99	49.540180	49.561774
1738.00	49.540180	49.561774
1738.01	49.540180	49.561774
1738.02	49.540180	49.561774
1738.03	49.540180	49.561774
1738.03	49.540180	49.550977
1738.04	49.540180	49.540180
1739.15	49.540180	49.540180
1864.25	49.540180	49.540180
1864.25	49.540180	49.540180
1864.25	49.540180	49.540180
1953.11	49.540180	49.540180
1953.11	49.540180	49.540180
1953.11	49.540180	49.540180
1953.11	49.540180	49.540180
1953.11	49.540180	49.540180
1953.11	49.540180	49.540180
1953.12	49.540180	49.540180
1953.12	49.540180	49.540180
1953.12	49.540180	49.540180
1953.12	49.540180	49.540180
1953.12	49.540180	49.540180
1953.12	49.540180	49.540180
1953.12	49.540180	49.540180
1953.12	49.540180	49.540180
1953.12	49.540180	49.540180
1953.12	49.540180	49.540180
1953.12	49.540180	49.540180
1953.13	49.540180	49.540180
1953.13	49.540180	49.540180
1953.13	49.540180	49.540180
1953.13	49.540180	49.540180
1953.13	49.540180	49.540180
2015.47	49.540180	49.540180
2015.47	49.540180	49.540180
2015.47	49.540180	49.540180
2015.48	49.540180	49.540180
2084.43	49.540180	49.540180
2084.43	49.540180	49.540180
2084.43	49.540180	49.540180
2084.43	49.514221	49.534988
2084.43	49.514221	49.534988
2084.43	49.514221	49.534988
2084.43	49.514221	49.534988
2084.44	49.514221	49.534988
2084.44	49.514221	49.534988
2084.44	49.514221	49.534988
2086.18	49.514221	49.534988
2210.36	49.514221	49.534988
2210.36	49.514221	49.534988
2210.36	49.514221	49.534988
2210.36	49.514221	49.534988
2210.36	49.514221	49.534988
2210.36	49.514221	49.534988
2210.37	49.514221	49.534988
2210.37	49.514221	49.534988
2210.37	49.514221	49.534988
2210.37	49.514221	49.534988
2210.37	49.514221	49.534988
2210.37	49.514221	49.534988
2210.38	49.514221	49.534988
2210.38	49.514221	49.534988
2210.38	49.514221	49.534988
2210.38	49.514221	49.534988
2210.38	49.514221	49.534988
2210.38	49.514221	49.534988
2210.38	49.514221	49.534988
2210.38	49.514221	49.534988
2210.38	49.514221	49.534988
2210.39	49.514221	49.534988
2210.39	49.514221	49.534988
2210.39	49.514221	49.534988
2210.39	49.514221	49.534988
2210.39	49.514221	49.534988
2212.07	49.514221	49.534988
2271.97	49.514221	49.534988
2271.98	49.514221	49.534988
2271.98	49.514221	49.534988
2271.98	49.514221	49.534988
2271.98	49.514221	49.534988
2271.98	49.514221	49.534988
2271.98	49.514221	49.534988
2271.98	49.514221	49.529797
2271.98	49.514221	49.529797
2271.99	49.514221	49.529797
2403.95	49.514053	49.524571
2403.95	49.514053	49.524571
2667.95	49.514053	49.524571
2668.04	49.514053	49.524571
2668.04	49.514053	49.524571
2668.05	49.514053	49.524571
2668.05	49.514053	49.524571
2668.06	49.514053	49.524571
2668.06	49.514053	49.524571
2668.06	49.514053	49.524571
2668.06	49.514053	49.524571
2668.07	49.514053	49.524571
2780.17	49.514053	49.524571
2780.17	49.514053	49.524571
2780.18	49.514053	49.524571
2787.94	49.514053	49.519346
2787.94	49.514053	49.519346
2787.94	49.514053	49.519346
2787.94	49.514053	49.519346
2787.94	49.514053	49.519346
2787.94	49.514053	49.519346
2787.95	49.514053	49.519346
2787.95	49.514053	49.519346
3468.61	49.514053	49.514120
3468.61	49.514053	49.514087
3468.62	49.514053	49.514053
3468.62	49.514053	49.514053
3468.62	49.514053	49.514053
3603.48	49.514053	49.514053
3603.48	49.514053	49.514053
3603.48	49.514053	49.514053
3603.49	49.514053	49.514053
3603.49	49.514053	49.514053
3603.49	49.514053	49.514053
3603.49	49.514053	49.514053
3694.36	49.514053	49.514053
3694.37	49.514053	49.514053
3694.37	49.514053	49.514053
3694.37	49.514053	49.514053
3694.37	49.514053	49.514053
3708.63	49.514053	49.514053
3708.63	49.514053	49.514053
3708.63	49.514053	49.514053
3708.64	49.514053	49.514053
3708.64	49.514053	49.514053
3708.64	49.514053	49.514053
3708.64	49.514053	49.514053
3708.64	49.514053	49.514053
3708.65	49.514053	49.514053
3708.65	49.514053	49.514053
3708.65	49.514053	49.514053
3936.33	49.514053	49.514053
3940.91	49.514053	49.514053
3946.58	49.514053	49.514053
3946.58	49.514053	49.514053
3955.27	49.514053	49.514053
3955.27	49.514053	49.514053
3955.28	49.514053	49.514053
3955.28	49.514053	49.514053
3962.84	49.514053	49.514053
3966.52	49.514053	49.514053
3969.21	49.514053	49.514053
3970.07	49.514053	49.514053
4112.64	49.514053	49.514053
4112.64	49.514053	49.514053
4189.09	49.514053	49.514053
4189.09	49.514053	49.514053
4189.09	49.514053	49.514053
4196.44	49.514053	49.514053
4202.90	49.514053	49.514053
4202.90	49.514053	49.514053
4202.90	49.514053	49.514053
4202.90	49.514053	49.514053
4202.90	49.514053	49.514053
4202.90	49.514053	49.514053
4202.90	49.514053	49.514053
4202.91	49.514053	49.514053
4202.91	49.514053	49.514053
4230.97	49.514053	49.514053
4230.97	49.514053	49.514053
4230.98	49.514053	49.514053
4230.98	49.514053	49.514053
4238.96	49.514053	49.514053
4238.97	49.514053	49.514053
4238.97	49.514053	49.514053
4238.97	49.514053	49.514053
4238.97	49.514053	49.514053
4238.97	49.514053	49.514053
4284.63	49.514053	49.514053
4481.09	49.514053	49.514053
4481.09	49.514053	49.514053
4486.35	49.514053	49.514053
4486.35	49.514053	49.514053
4486.35	49.514053	49.514053
4499.43	49.514053	49.514053
4499.43	49.514053	49.514053
4506.24	49.514053	49.514053
4510.04	49.514053	49.514053
4511.47	49.514053	49.514053
4511.47	49.514053	49.514053
4642.03	49.514053	49.514053
4642.03	49.514053	49.514053
4642.03	49.514053	49.514053
4753.59	49.514053	49.514053
4753.59	49.514053	49.514053
4753.59	49.514053	49.514053
4753.59	49.514053	49.514053
4753.59	49.514053	49.514053
4753.60	49.514053	49.514053
4753.60	49.514053	49.514053
4753.60	49.514053	49.514053
4753.60	49.514053	49.514053
4753.60	49.514053	49.514053
4753.60	49.514053	49.514053
4753.61	49.514053	49.514053
4753.61	49.514053	49.514053
4753.61	49.514053	49.514053
4753.61	49.514053	49.514053
4753.61	49.514053	49.514053
4753.61	49.514053	49.514053
4753.61	49.514053	49.514053
4753.61	49.514053	49.514053
4753.61	49.514053	49.514053
4938.97	49.514053	49.514053
4941.25	49.514053	49.514053
4941.25	49.514053	49.514053
4950.12	49.514053	49.514053
4955.27	49.514053	49.514053
5058.37	49.514053	49.514053
5058.37	49.514053	49.514053
5206.05	49.514053	49.514053
5305.58	49.514053	49.514053
5309.82	49.514053	49.514053
5309.82	49.514053	49.514053
5318.58	49.514053	49.514053
5318.59	49.514053	49.514053
5318.59	49.514053	49.514053
5330.48	49.510799	49.513403
5330.48	49.510799	49.513403
5330.48	49.510799	49.513403
5330.48	49.510799	49.513403
5330.48	49.510799	49.513403
5330.49	49.510799	49.513403
5358.49	49.510799	49.513403
5363.24	49.510799	49.513403
5364.14	49.510799	49.513403
5364.15	49.510799	49.513403
5364.15	49.510799	49.513403
5369.54	49.510799	49.513403
5369.55	49.510799	49.513403
5369.55	49.510799	49.513403
5369.55	49.510799	49.513403
5369.55	49.510799	49.513403
5369.55	49.510799	49.513403
5369.55	49.510799	49.513403
5384.92	49.510799	49.513403
5450.00	49.510799	49.513403
5450.00	49.510799	49.513403
5568.21	49.510799	49.512752
5571.12	49.510799	49.512101
5585.22	49.510799	49.511450
5721.31	49.510799	49.511450
5721.31	49.510799	49.511450
5721.32	49.510799	49.511450
5802.07	49.510799	49.511450
5806.07	49.510799	49.510799
5806.08	49.510799	49.510799
5813.17	49.510799	49.510799
5813.17	49.510799	49.510799
5813.18	49.510799	49.510799
5813.18	49.510799	49.510799
5813.18	49.510799	49.510799
5831.19	49.510799	49.510799
5831.19	49.510799	49.510799
5831.19	49.510799	49.510799
5831.19	49.510799	49.510799
5831.19	49.510799	49.510799
5846.20	49.510799	49.510799
5847.50	49.510799	49.510799
5847.51	49.510799	49.510799
5847.51	49.510799	49.510799
5847.51	49.510799	49.510799
5847.51	49.510799	49.510799
5847.51	49.510799	49.510799
5847.51	49.510799	49.510799
6069.25	49.510799	49.510799
6069.25	49.510799	49.510799
6069.25	49.510799	49.510799
6069.26	49.510799	49.510799
6069.26	49.510799	49.510799
6071.73	49.510799	49.510799
6073.03	49.510799	49.510799
6073.03	49.510799	49.510799
6079.20	49.510799	49.510799
6079.20	49.510799	49.510799
6082.04	49.510799	49.510799
6216.63	49.510799	49.510799
6216.63	49.510799	49.510799
6216.63	49.510799	49.510799
6216.64	49.510799	49.510799
6216.64	49.510799	49.510799
6350.16	49.510799	49.510799
6350.17	49.510799	49.510799
6350.17	49.510799	49.510799
6350.17	49.510799	49.510799
6350.17	49.510799	49.510799
6350.17	49.510799	49.510799
6350.17	49.510799	49.510799
6350.18	49.510799	49.510799
6353.65	49.510799	49.510799
6353.65	49.510799	49.510799
6353.65	49.510799	49.510799
6353.66	49.510799	49.510799
6353.66	49.510799	49.510799
6353.66	49.510799	49.510799
6381.57	49.510799	49.510799
6386.06	49.510799	49.510799
6386.07	49.510799	49.510799
6386.07	49.510799	49.510799
6396.16	49.510799	49.510799
6466.09	49.510799	49.510799
6602.45	49.510799	49.510799
6609.36	49.462944	49.501228
6638.30	49.462944	49.501228
6638.30	49.462944	49.501228
6638.30	49.462944	49.501228
6773.18	49.462944	49.501228
6773.19	49.462944	49.501228
6773.19	49.462944	49.501228
6773.19	49.462944	49.501228
6773.20	49.462944	49.501228
6773.20	49.462944	49.501228
6773.20	49.462944	49.501228
6773.21	49.462944	49.501228
6773.21	49.462944	49.501228
6773.21	49.462944	49.501228
6913.36	49.462944	49.501228
6913.36	49.462944	49.501228
6913.36	49.462944	49.501228
6913.37	49.462944	49.501228
6913.37	49.462944	49.501228
6913.37	49.462944	49.501228
6913.38	49.462944	49.501228
6913.38	49.462944	49.501228
6925.49	49.462944	49.501228
6925.49	49.462944	49.501228
7015.87	49.462944	49.501228
7015.87	49.462944	49.501228
7147.91	49.462944	49.491657
7147.91	49.462944	49.491657
7147.91	49.462944	49.491657
7147.92	49.462944	49.482120
7147.92	49.462944	49.482120
7147.92	49.462944	49.482120
7147.93	49.462944	49.472582
7303.88	49.462944	49.472582
7303.88	49.462944	49.472582
7303.88	49.462944	49.472582
7303.88	49.462944	49.472582
7303.88	49.462944	49.463045
7303.88	49.462944	49.463045
7303.88	49.462944	49.463045
7303.88	49.462944	49.463045
7303.88	49.462944	49.463045
7303.89	49.462944	49.463045
7303.89	49.462944	49.463045
7303.89	49.462944	49.463045
7303.89	49.462944	49.463045
7303.89	49.462944	49.463045
7303.89	49.462944	49.463045
7303.89	49.462944	49.463045
7303.90	49.462944	49.463045
7303.90	49.462944	49.463045
7303.90	49.462944	49.463045
7303.90	49.462944	49.463045
7303.90	49.462944	49.463045
7303.90	49.462944	49.463045
7303.90	49.462944	49.463045
7303.90	49.462944	49.463045
7303.90	49.462944	49.463045
7303.90	49.462944	49.463045
7303.91	49.462944	49.463045
7306.24	49.462944	49.463045
7377.10	49.462944	49.463045
7377.10	49.462944	49.463045
7377.11	49.462944	49.463045
7377.11	49.462944	49.463045
7502.75	49.462944	49.463045
7502.75	49.462944	49.463045
7502.75	49.462944	49.463045
7502.75	49.462944	49.463045
7502.75	49.462944	49.463045
7638.83	49.462944	49.463045
7638.83	49.462944	49.463045
7638.83	49.462944	49.463045
7638.83	49.462944	49.463045
7638.83	49.462944	49.463045
7638.83	49.462944	49.463045
7638.83	49.462944	49.463045
7638.83	49.462944	49.463045
7638.84	49.462944	49.463045
7638.84	49.462944	49.463045
7638.84	49.462944	49.463045
7638.84	49.462944	49.463045
7638.84	49.462944	49.463045
7638.84	49.462944	49.463045
7638.84	49.462944	49.463045
7638.84	49.462944	49.463045
7638.84	49.462944	49.463045
7638.84	49.462944	49.463045
7638.85	49.462944	49.463045
7638.85	49.462944	49.463045
7638.85	49.462944	49.463045
7638.85	49.462944	49.463045
7638.85	49.462944	49.463045
7638.85	49.462944	49.463045
7638.85	49.462944	49.463045
7638.85	49.462944	49.463045
7638.86	49.462944	49.463045
7638.87	49.462944	49.463045
7638.87	49.462944	49.463045
7640.04	49.462944	49.463045
7815.67	49.462944	49.463045
8415.68	49.462944	49.463045
8415.68	49.462944	49.463045
8415.68	49.462944	49.463045
8415.69	49.462944	49.463045
8415.69	49.462944	49.463045
8570.21	49.462944	49.463045
8570.21	49.462944	49.463045
8570.21	49.462944	49.463045
8570.21	49.462944	49.463045
8570.21	49.462944	49.463045
8570.21	49.462944	49.463045
8570.21	49.462944	49.463045
8570.21	49.462944	49.463045
8570.22	49.462944	49.463045
8570.22	49.462944	49.463045
8570.22	49.462944	49.463045
8570.22	49.462944	49.463045
8570.22	49.462944	49.463045
8570.22	49.462944	49.463045
8570.22	49.462944	49.463045
8570.22	49.462944	49.463045
8570.23	49.462944	49.463045
8570.23	49.462944	49.463045
8570.23	49.462944	49.463045
8678.87	49.462944	49.463045
8678.88	49.462944	49.463045
8678.88	49.462944	49.463045
8678.88	49.462944	49.463045
8678.88	49.462944	49.463045
8678.88	49.462944	49.463045
8678.88	49.462944	49.463045
8678.88	49.462944	49.463045
8678.88	49.462944	49.463045
8678.88	49.462944	49.463045
8759.65	49.462944	49.463045
8759.65	49.462944	49.463045
8759.65	49.462944	49.463045
8759.65	49.462944	49.463045
8759.66	49.462944	49.463045
8759.66	49.462944	49.463045
8759.66	49.462944	49.463045
8759.67	49.462944	49.463045
8888.15	49.462944	49.463045
9049.65	49.462944	49.463045
9049.66	49.462944	49.463045
9049.66	49.462944	49.463045
9049.66	49.462944	49.463045
9049.66	49.462944	49.463045
9049.67	49.462944	49.463045
9130.70	49.462944	49.463045
9130.70	49.462944	49.463045
9130.70	49.462944	49.463045
9130.70	49.462944	49.463045
9130.70	49.462944	49.463045
9130.70	49.462944	49.463045
9130.70	49.462944	49.463045
9130.71	49.462944	49.463045
9130.71	49.462944	49.463045
9130.71	49.462944	49.463045
9130.71	49.462944	49.463045
9130.71	49.462944	49.463045
9130.71	49.462944	49.463045
9130.71	49.462944	49.463045
9130.72	49.462944	49.463045
9130.72	49.462944	49.463045
9130.72	49.462944	49.463045
9130.72	49.462944	49.463045
9130.72	49.462944	49.463045
9130.72	49.462944	49.463045
9130.72	49.462944	49.463045
9130.72	49.462944	49.463045
9212.62	49.462944	49.463045
9324.79	49.462944	49.463045
9326.84	49.462944	49.463045
9326.85	49.462944	49.463045
9326.85	49.462944	49.463045
9326.85	49.462944	49.463045
9326.85	49.462944	49.463045
9473.73	49.462944	49.463045
9473.73	49.462944	49.463045
9473.73	49.462944	49.463045
9473.73	49.462944	49.463045
9473.74	49.462944	49.463045
9473.74	49.462944	49.463045
9473.74	49.462944	49.463045
9473.74	49.462944	49.463045
9473.74	49.462944	49.463045
9473.74	49.462944	49.463045
9473.74	49.462944	49.463045
9473.74	49.462944	49.463045
9473.75	49.462944	49.463045
9473.75	49.462944	49.463045
9473.75	49.462944	49.463045
9473.75	49.462944	49.463045
9473.75	49.462944	49.463045
9473.75	49.462944	49.463045
9473.76	49.462944	49.463045
9473.76	49.462944	49.463045
9473.76	49.462944	49.463045
9473.76	49.462944	49.463045
9473.76	49.462944	49.463045
9473.76	49.462944	49.463045
9473.78	49.462944	49.463045
9476.10	49.462944	49.463045
9551.59	49.462944	49.463045
9551.60	49.462944	49.463045
9551.60	49.462944	49.463045
9554.19	49.462944	49.463045
9554.19	49.462944	49.463045
9554.20	49.462944	49.463045
9554.22	49.462944	49.463045
9708.85	49.462944	49.463045
9708.85	49.462944	49.463045
9708.85	49.462944	49.463045
9708.86	49.462944	49.463045
9708.86	49.462944	49.463045
9708.86	49.462944	49.463045
9708.86	49.462944	49.463045
9708.86	49.462944	49.463045
9708.86	49.462944	49.463045
9708.86	49.462944	49.463045
9708.86	49.462944	49.463045
9708.87	49.462944	49.463045
9708.87	49.462944	49.463045
9708.87	49.462944	49.463045
9773.90	49.462944	49.463045
9773.91	49.462944	49.463045
9773.91	49.462944	49.463045
9773.91	49.462944	49.463045
9773.91	49.462944	49.463045
9773.91	49.462944	49.463045
9773.91	49.462944	49.463045
9773.91	49.462944	49.463045
9773.92	49.462944	49.463045
9773.92	49.462944	49.463045
9773.92	49.462944	49.463045
9773.92	49.462944	49.463045
9773.92	49.462944	49.463045
9773.92	49.462944	49.463045
9773.92	49.462944	49.463045
9857.04	49.462944	49.463045
9857.04	49.462944	49.463045
9857.05	49.462944	49.463045
9857.05	49.462944	49.463045
10033.53	49.462944	49.463045
10033.53	49.462944	49.463045
10033.54	49.462944	49.463045
10043.71	49.462944	49.463045
10043.72	49.462944	49.463045
10043.72	49.462944	49.463045
10049.15	49.462944	49.463045
10255.71	49.462944	49.463045
10255.71	49.462944	49.463045
10255.72	49.462944	49.463045
10255.72	49.462944	49.463045
10255.72	49.462944	49.463045
10255.73	49.462944	49.463045
10255.73	49.462944	49.463045
10255.73	49.462944	49.463045
10255.73	49.462944	49.463045
10255.74	49.462944	49.463045
10255.74	49.462944	49.463045
10255.74	49.462944	49.463045
10255.74	49.462944	49.463045
10255.74	49.462944	49.463045
10255.75	49.462944	49.463045
10255.75	49.462944	49.463045
10255.76	49.462944	49.463045
10255.76	49.462944	49.463045
10255.77	49.462944	49.463045
10255.78	49.462944	49.463045
10354.41	49.462944	49.463045
10354.41	49.462944	49.463045
10354.41	49.462944	49.463045
10354.41	49.462944	49.463045
10354.42	49.462944	49.463045
10354.42	49.462944	49.463045
10354.42	49.462944	49.463045
10354.42	49.462944	49.463045
10354.42	49.462944	49.463045
10354.42	49.462944	49.463045
10571.76	49.462944	49.463045
10575.10	49.462944	49.463045
10575.10	49.462944	49.463045
10575.10	49.462944	49.463045
10575.11	49.462944	49.463045
10575.11	49.462944	49.463045
10575.11	49.462944	49.463045
10707.44	49.462944	49.463045
10707.44	49.462944	49.463045
10707.45	49.462944	49.463045
10707.45	49.462944	49.463045
10707.45	49.462944	49.463045
10707.45	49.462944	49.463045
10707.45	49.462944	49.463045
10707.45	49.462944	49.463045
10707.45	49.462944	49.463045
10707.45	49.462944	49.463045
10707.46	49.462944	49.463045
10707.46	49.462944	49.463045
10707.46	49.462944	49.463045
10707.46	49.462944	49.463045
10707.46	49.462944	49.463045
10707.46	49.462944	49.463045
10707.46	49.462944	49.463045
10707.47	49.462944	49.463045
10707.47	49.462944	49.463045
10707.47	49.462944	49.463045
10707.47	49.462944	49.463045
10707.47	49.462944	49.463045
10707.47	49.462944	49.463045
10707.47	49.462944	49.463045
10707.48	49.462944	49.463045
10707.48	49.462944	49.463045
10707.48	49.462944	49.463045
10708.65	49.462944	49.463045
10779.70	49.462944	49.463045
10779.71	49.462944	49.463045
10779.74	49.462944	49.463045
10912.61	49.462944	49.463045
10912.61	49.462944	49.463045
10912.61	49.462944	49.463045
10912.62	49.462944	49.463045
10912.62	49.462944	49.463045
10912.62	49.462944	49.463045
10912.62	49.462944	49.463045
10912.62	49.462944	49.463045
10912.62	49.462944	49.463045
10912.62	49.462944	49.463045
10912.63	49.462944	49.463045
10912.63	49.462944	49.463045
10912.63	49.462944	49.463045
10912.63	49.462944	49.463045
10912.63	49.462944	49.463045
10912.63	49.462944	49.463045
10912.63	49.462944	49.463045
10912.63	49.462944	49.463045
10912.64	49.462944	49.463045
10912.64	49.462944	49.463045
10912.64	49.462944	49.463045
10912.64	49.462944	49.463045
10912.64	49.462944	49.463045
10912.64	49.462944	49.463045
10912.64	49.462944	49.463045
10912.65	49.274700	49.425362
10912.65	49.274700	49.425362
10912.66	49.274700	49.425362
10912.66	49.274700	49.425362
10913.79	49.274700	49.425362
10983.93	49.274700	49.425362
10983.93	49.274700	49.425362
10983.93	49.274700	49.425362
10983.93	49.274700	49.425362
10983.93	49.274700	49.397515
10983.93	49.274700	49.397515
10983.93	49.274700	49.397515
10983.94	48.819088	49.268710
10983.94	48.819088	49.268710
10983.94	48.819088	49.268710
10983.94	48.819088	49.240897
10985.11	48.819088	49.240897
11118.83	48.819088	49.240897
11118.84	48.819088	49.240897
11118.84	48.819088	49.240897
11118.84	48.819088	49.240897
11118.84	48.819088	49.240897
11118.84	48.819088	49.240897
11718.85	48.819088	49.240897
11718.85	48.819088	49.240897
11718.85	48.819088	49.240897
11718.86	48.819088	49.240897
11718.86	48.819088	49.240897
11718.86	48.819088	49.240897
11718.86	48.819088	49.240897
11718.86	48.819088	49.240897
11718.86	48.819088	49.240897
11718.87	48.819088	49.240897
11718.87	48.819088	49.240897
11718.87	48.819088	49.240897
11718.87	48.819088	49.240897
11718.87	48.713905	49.091089
11718.87	48.713905	49.091089
11718.87	48.713905	49.091089
11718.87	48.713905	49.081254
11718.88	48.713905	49.081254
11718.88	48.713905	49.081254
11718.88	48.677803	48.952039
11718.88	48.677803	48.952039
11793.31	48.677803	48.892278
11793.31	48.677803	48.892278
11793.31	48.677803	48.772899
11793.31	48.677803	48.713280
11793.31	48.677803	48.685023
11793.31	48.677803	48.677803
11793.32	48.677803	48.677803
11793.32	48.677803	48.677803
11793.32	48.677803	48.677803
11793.32	48.677803	48.677803
11793.32	48.677803	48.677803
11793.32	48.677803	48.677803
11793.33	48.677803	48.677803
11793.33	48.677803	48.677803
11795.44	48.677803	48.677803
11931.84	48.677803	48.677803
11931.84	48.677803	48.677803
11931.85	48.677803	48.677803
11931.85	48.677803	48.677803
11931.85	48.677803	48.677803
11931.85	48.677803	48.677803
11931.85	48.677803	48.677803
11931.85	48.677803	48.677803
11931.85	48.677803	48.677803
11931.85	48.677803	48.677803
11931.86	48.677803	48.677803
11931.86	48.677803	48.677803
11931.86	48.677803	48.677803
11931.86	48.677803	48.677803
11931.86	48.677803	48.677803
11931.86	48.677803	48.677803
11931.86	48.677803	48.677803
11931.86	48.677803	48.677803
11931.87	48.677803	48.677803
11931.87	48.677803	48.677803
11931.87	48.677803	48.677803
11931.87	48.677803	48.677803
11931.87	48.677803	48.677803
11931.87	48.677803	48.677803
11931.87	48.677803	48.677803
11931.87	48.677803	48.677803
11931.88	48.677803	48.677803
11931.89	48.677803	48.677803
11931.89	48.677803	48.677803
11933.94	48.677803	48.677803
12012.87	48.677803	48.677803
12012.87	48.677803	48.677803
12012.87	48.677803	48.677803
12012.87	48.677803	48.677803
12012.88	48.677803	48.677803
12012.88	48.677803	48.677803
12012.88	48.677803	48.677803
12012.88	48.677803	48.677803
12012.88	48.677803	48.677803
12012.88	48.677803	48.677803
12012.89	48.677803	48.677803
12012.89	48.677803	48.677803
12012.89	48.677803	48.677803
12014.94	48.677803	48.677803
12164.35	48.677803	48.677803
12164.35	48.677803	48.677803
12164.35	48.677803	48.677803
12164.36	48.677803	48.677803
12164.36	48.677803	48.677803
12164.36	48.677803	48.677803
12164.36	48.677803	48.677803
12164.36	48.677803	48.677803
12164.36	48.677803	48.677803
12164.37	48.677803	48.677803
12164.37	48.677803	48.677803
12164.37	48.677803	48.677803
12164.37	48.677803	48.677803
12164.37	48.677803	48.677803
12164.37	48.677803	48.677803
12164.38	48.677803	48.677803
12164.38	48.677803	48.677803
12164.38	48.677803	48.677803
12164.38	48.677803	48.677803
12164.38	48.677803	48.677803
12164.38	48.677803	48.677803
12164.38	48.677803	48.677803
12164.39	48.677803	48.677803
12164.39	48.677803	48.677803
12164.39	48.677803	48.677803
12167.06	48.677803	48.677803
12267.51	48.677803	48.677803
12267.51	48.677803	48.677803
12267.51	48.677803	48.677803
12267.52	48.677803	48.677803
12267.52	48.677803	48.677803
12267.52	48.677803	48.677803
12267.52	48.677803	48.677803
12267.52	48.677803	48.677803
12267.52	48.677803	48.677803
12267.54	48.677803	48.677803
12267.54	48.677803	48.677803
12447.27	48.677803	48.677803
12447.27	48.677803	48.677803
12447.27	48.677803	48.677803
12447.27	48.677803	48.677803
12447.28	48.677803	48.677803
12447.28	48.677803	48.677803
12447.28	48.677803	48.677803
12447.28	48.677803	48.677803
12447.28	48.677803	48.677803
12447.28	48.677803	48.677803
12447.28	48.677803	48.677803
12447.29	48.677803	48.677803
12447.29	48.677803	48.677803
12447.29	48.677803	48.677803
12447.29	48.677803	48.677803
12447.29	48.677803	48.677803
12447.29	48.677803	48.677803
12447.30	48.677803	48.677803
12447.30	48.677803	48.677803
12447.30	48.677803	48.677803
12447.30	48.677803	48.677803
12447.30	48.677803	48.677803
12447.30	48.677803	48.677803
12447.31	48.677803	48.677803
12447.31	48.677803	48.677803
12447.32	48.279732	48.598189
12447.32	48.279732	48.598189
12459.99	48.279732	48.598189
12460.00	48.279732	48.598189
12460.01	48.279732	48.598189
12554.75	48.279732	48.598189
12554.75	48.279732	48.518575
12554.76	48.279732	48.441301
12554.76	48.279732	48.441301
12554.76	48.279732	48.361687
12554.76	48.279732	48.282072
12554.76	48.279732	48.279732
12554.76	48.279732	48.279732
12554.76	48.279732	48.279732
12554.77	48.279732	48.279732
12554.77	48.279732	48.279732
12554.78	48.279732	48.279732
12554.79	48.279732	48.279732
12554.80	48.279732	48.279732
12556.89	48.279732	48.279732
12737.89	48.279732	48.279732
12737.89	48.279732	48.279732
12737.89	48.279732	48.279732
12737.89	48.279732	48.279732
12737.89	48.279732	48.279732
12737.89	48.279732	48.279732
12737.90	48.279732	48.279732
12737.90	48.279732	48.279732
12737.90	48.279732	48.279732
12737.90	48.279732	48.279732
12737.90	48.279732	48.279732
12737.90	48.279732	48.279732
12737.90	48.279732	48.279732
12737.91	48.279732	48.279732
12737.91	48.279732	48.279732
12737.91	48.279732	48.279732
12737.91	48.279732	48.279732
12737.91	48.279732	48.279732
12737.91	48.279732	48.279732
12737.92	48.279732	48.279732
12737.92	48.279732	48.279732
12737.92	48.279732	48.279732
12737.92	48.279732	48.279732
12762.17	48.279732	48.279732
12762.17	48.279732	48.279732
12762.18	48.279732	48.279732
12762.18	48.279732	48.279732
12762.18	48.279732	48.279732
12762.18	48.279732	48.279732
12762.18	47.936527	48.211091
12869.90	47.936527	48.142450
12869.91	47.907784	48.068060
12869.91	47.907784	48.068060
12869.91	47.907784	48.068060
12869.92	47.907784	47.999419
12869.92	47.907784	47.930779
12869.92	47.907784	47.930779
12869.92	47.907784	47.925030
12869.93	47.907784	47.925030
12875.04	47.907784	47.925030
12875.04	47.907784	47.925030
12875.06	47.907784	47.925030
13055.19	47.907784	47.925030
13055.20	47.907784	47.925030
13055.20	47.907784	47.925030
13055.20	47.907784	47.925030
13055.20	47.907784	47.925030
13055.20	47.907784	47.925030
13055.21	47.907784	47.925030
13055.21	47.907784	47.925030
13055.21	47.907784	47.925030
13055.21	47.907784	47.925030
13055.21	47.907784	47.925030
13055.22	47.907784	47.925030
13055.22	47.907784	47.925030
13055.22	47.907784	47.925030
13055.22	47.878014	47.913327
13055.22	47.878014	47.913327
13059.76	47.878014	47.913327
13059.76	47.878014	47.913327
13059.77	47.878014	47.913327
13059.77	47.878014	47.913327
13059.77	47.878014	47.913327
13059.77	47.878014	47.913327
13059.77	47.878014	47.913327
13059.78	47.878014	47.913327
13059.78	47.878014	47.913327
13088.78	47.878014	47.913327
13088.78	47.878014	47.913327
13088.79	47.878014	47.913327
13088.79	47.878014	47.913327
13088.79	47.878014	47.913327
13186.39	47.878014	47.905653
13186.39	47.878014	47.905653
13186.40	47.878014	47.905653
13186.40	47.878014	47.905653
13186.41	47.878014	47.905653
13218.55	47.878014	47.905653
13218.55	47.878014	47.893951
13218.55	47.878014	47.893951
13218.56	47.878014	47.893951
13790.11	47.878014	47.893951
13951.52	47.878014	47.893951
13951.53	47.878014	47.893951
13951.53	47.878014	47.893951
13951.53	47.878014	47.893951
13951.53	47.878014	47.893951
13951.54	47.878014	47.893951
13951.54	47.878014	47.893951
13951.54	47.878014	47.887997
13951.54	47.878014	47.887997
13951.54	47.878014	47.887997
13951.55	47.878014	47.887997
13951.55	47.878014	47.887997
13951.56	47.878014	47.887997
13951.56	47.878014	47.887997
13951.56	47.878014	47.887997
13951.56	47.878014	47.887997
13951.57	47.878014	47.887997
13951.57	47.878014	47.887997
13951.57	47.878014	47.887997
13951.57	47.878014	47.887997
13951.58	47.878014	47.887997
13951.58	47.878014	47.887997
13951.58	47.878014	47.887997
13951.58	47.878014	47.887997
13951.59	47.878014	47.887997
13951.60	47.878014	47.887997
13951.60	47.878014	47.887997
13951.62	47.878014	47.887997
13954.47	47.878014	47.887997
14059.42	47.878014	47.882043
14059.42	47.878014	47.882043
14059.42	47.878014	47.882043
14059.43	47.878014	47.882043
14059.43	47.878014	47.882043
14065.21	47.878014	47.882043
14065.21	47.878014	47.878014
14065.21	47.878014	47.878014
14065.21	47.878014	47.878014
14065.22	47.878014	47.878014
14065.22	47.878014	47.878014
14065.22	47.878014	47.878014
14065.23	47.878014	47.878014
14065.23	47.878014	47.878014
14240.73	47.878014	47.878014
14240.73	47.878014	47.878014
14240.73	47.878014	47.878014
14240.73	47.878014	47.878014
14240.73	47.878014	47.878014
14240.74	47.878014	47.878014
14240.74	47.878014	47.878014
14240.74	47.878014	47.878014
14240.74	47.878014	47.878014
14240.74	47.878014	47.878014
14240.75	47.878014	47.878014
14240.75	47.878014	47.878014
14240.75	47.878014	47.878014
14240.76	47.878014	47.878014
14240.76	47.878014	47.878014
14240.76	47.878014	47.878014
14240.77	47.878014	47.878014
14240.77	47.878014	47.878014
14240.77	47.878014	47.878014
14240.77	47.878014	47.878014
14240.77	47.878014	47.878014
14240.78	47.878014	47.878014
14240.78	47.878014	47.878014
14240.78	47.878014	47.878014
14240.79	47.878014	47.878014
14240.79	47.878014	47.878014
14240.79	47.878014	47.878014
14240.79	47.878014	47.878014
14240.80	47.878014	47.878014
14243.84	47.878014	47.878014
14336.58	47.878014	47.878014
14336.58	47.878014	47.878014
14336.58	47.878014	47.878014
14430.54	47.878014	47.878014
14430.55	47.878014	47.878014
14430.55	47.878014	47.878014
14430.55	47.878014	47.878014
14430.56	47.878014	47.878014
14430.56	47.878014	47.878014
14430.56	47.878014	47.878014
14430.56	47.878014	47.878014
14631.13	47.878014	47.878014
14631.13	47.878014	47.878014
14631.13	47.878014	47.878014
14631.13	47.878014	47.878014
14631.13	47.878014	47.878014
14631.13	47.878014	47.878014
14631.14	47.878014	47.878014
14631.14	47.878014	47.878014
14631.14	47.878014	47.878014
14631.14	47.878014	47.878014
14631.14	47.878014	47.878014
14631.14	47.878014	47.878014
14631.14	47.878014	47.878014
14631.15	47.878014	47.878014
14631.15	47.878014	47.878014
14631.15	47.878014	47.878014
14631.15	47.878014	47.878014
14631.15	47.878014	47.878014
14631.15	47.878014	47.878014
14631.16	47.878014	47.878014
14631.16	47.878014	47.878014
14631.16	47.878014	47.878014
14631.16	47.878014	47.878014
14631.16	47.878014	47.878014
14631.16	47.878014	47.878014
14631.16	47.878014	47.878014
14631.17	47.878014	47.878014
14631.18	47.878014	47.878014
14631.18	47.878014	47.878014
14633.33	47.878014	47.878014
14734.39	47.878014	47.878014
14734.39	47.878014	47.878014
14734.40	47.878014	47.878014
14734.40	47.878014	47.878014
14734.40	47.878014	47.878014
14734.41	47.878014	47.878014
14734.41	47.878014	47.878014
14734.41	47.878014	47.878014
14734.41	47.878014	47.878014
14734.42	47.878014	47.878014
14734.43	47.878014	47.878014
14737.38	47.878014	47.878014
14908.90	47.878014	47.878014
14908.91	47.878014	47.878014
14908.91	47.878014	47.878014
14908.91	47.878014	47.878014
14908.91	47.878014	47.878014
14908.91	47.878014	47.878014
14908.92	47.878014	47.878014
14908.92	47.878014	47.878014
14908.92	47.878014	47.878014
14908.92	47.878014	47.878014
14908.92	47.878014	47.878014
14908.93	47.878014	47.878014
14908.93	47.878014	47.878014
14908.93	47.878014	47.878014
14908.93	47.878014	47.878014
14908.93	47.878014	47.878014
14908.94	47.878014	47.878014
14908.94	47.878014	47.878014
14908.94	47.878014	47.878014
14908.94	47.878014	47.878014
14908.94	47.878014	47.878014
14908.95	47.878014	47.878014
14908.95	47.878014	47.878014
14908.95	47.878014	47.878014
14908.95	47.878014	47.878014
14908.96	47.878014	47.878014
14908.96	47.878014	47.878014
14908.96	47.878014	47.878014
14908.97	47.878014	47.878014
14912.23	47.878014	47.878014
15016.44	47.878014	47.878014
15016.44	47.878014	47.878014
15016.44	47.878014	47.878014
15016.44	47.878014	47.878014
15016.45	47.878014	47.878014
15016.45	47.878014	47.878014
15460.59	47.878014	47.878014
15460.59	47.878014	47.878014
15460.59	47.878014	47.878014
16060.61	47.878014	47.878014
16060.61	47.878014	47.878014
16060.62	47.878014	47.878014
16250.88	47.878014	47.878014
16250.88	47.878014	47.878014
16250.89	47.878014	47.878014
16250.89	47.878014	47.878014
16250.89	47.878014	47.878014
16250.90	47.878014	47.878014
16250.90	47.878014	47.878014
16250.90	47.878014	47.878014
16250.90	47.878014	47.878014
16250.91	47.878014	47.878014
16250.91	47.878014	47.878014
16640.77	47.878014	47.878014
16640.77	47.878014	47.878014
16640.77	47.878014	47.878014
16640.78	47.878014	47.878014
16640.78	47.878014	47.878014
16640.78	47.878014	47.878014
16640.78	47.878014	47.878014
16640.78	47.878014	47.878014
16640.79	47.878014	47.878014
16640.79	47.878014	47.878014
16640.79	47.878014	47.878014
16640.79	47.878014	47.878014
16640.80	47.878014	47.878014
16640.80	47.878014	47.878014
16640.80	47.878014	47.878014
16640.80	47.878014	47.878014
16640.81	47.878014	47.878014
16640.81	47.878014	47.878014
16733.71	47.878014	47.878014
16733.72	47.878014	47.878014
16733.72	47.878014	47.878014
16733.72	47.878014	47.878014
16733.73	47.878014	47.878014
16733.73	47.878014	47.878014
16733.73	47.878014	47.878014
16733.73	47.649925	47.832396
16814.84	47.649925	47.832396
16814.85	47.649925	47.832396
16814.85	47.649925	47.832396
16814.85	47.649925	47.832396
16814.85	47.649925	47.832396
16814.85	47.649925	47.832396
16978.33	47.649925	47.832396
16978.33	47.649925	47.832396
16978.33	47.649925	47.832396
16978.34	47.649925	47.832396
16978.34	47.649925	47.832396
16978.34	47.649925	47.832396
16978.34	47.649925	47.832396
16978.35	47.649925	47.832396
16978.35	47.649925	47.832396
16978.35	47.649925	47.832396
16978.35	47.649925	47.832396
16978.36	47.649925	47.832396
16978.36	47.649925	47.832396
16978.36	47.649925	47.832396
16978.37	47.649925	47.832396
16978.37	47.649925	47.832396
16978.37	47.649925	47.832396
16978.37	47.649925	47.832396
16978.38	47.649925	47.832396
16978.38	47.649925	47.832396
16978.38	47.649925	47.832396
16978.38	47.649925	47.832396
16978.39	47.649925	47.832396
16978.39	47.649925	47.832396
16978.39	47.649925	47.832396
16978.39	47.649925	47.832396
16978.40	47.649925	47.832396
16978.41	47.649925	47.832396
16981.73	47.649925	47.832396
17079.19	47.512203	47.759234
17079.19	47.512203	47.713616
17079.19	47.512203	47.713616
17079.19	47.512203	47.713616
17079.20	47.512203	47.713616
17079.20	47.512203	47.713616
17079.20	47.512203	47.653761
17079.20	47.512203	47.608143
17079.21	47.512203	47.608143
17079.21	47.512203	47.608143
17079.21	47.512203	47.608143
17079.22	47.512203	47.608143
17079.22	47.512203	47.608143
17081.49	47.512203	47.608143
17262.61	47.512203	47.608143
17262.62	47.512203	47.608143
17262.62	47.512203	47.608143
17262.62	47.512203	47.608143
17262.62	47.512203	47.608143
17262.63	47.512203	47.608143
17262.63	47.512203	47.608143
17262.63	47.512203	47.608143
17262.64	47.512203	47.608143
17262.64	47.512203	47.608143
17262.64	47.512203	47.608143
17262.64	47.512203	47.608143
17262.65	47.512203	47.608143
17262.65	47.512203	47.608143
17262.65	47.512203	47.608143
17262.66	47.512203	47.608143
17262.66	47.512203	47.608143
17262.66	47.512203	47.608143
17262.66	47.512203	47.608143
17262.67	47.512203	47.608143
17262.67	47.512203	47.580598
17262.67	47.512203	47.580598
17262.68	47.512203	47.580598
17262.68	47.512203	47.580598
17262.68	47.512203	47.580598
17262.69	47.512203	47.580598
17262.69	47.512203	47.580598
17262.71	47.512203	47.580598
17262.75	47.512203	47.580598
17265.73	47.512203	47.580598
17380.89	47.512203	47.580598
17380.89	47.512203	47.560167
17380.90	47.512203	47.555309
17380.90	47.512203	47.555309
17380.90	47.468254	47.523833
17380.90	47.468254	47.523833
17380.91	47.468254	47.523833
17380.91	47.468254	47.523833
17380.91	47.468254	47.523833
17380.92	47.468254	47.523833
17380.92	47.468254	47.523833
17380.92	47.468254	47.523833
17380.94	47.468254	47.523833
17380.96	47.468254	47.523833
17384.07	47.468254	47.517639
17559.19	47.468254	47.517639
17559.19	47.468254	47.517639
17559.19	47.468254	47.517639
17559.20	47.468254	47.517639
17559.20	47.468254	47.517639
17559.20	47.468254	47.517639
17559.20	47.468254	47.517639
17559.20	47.468254	47.517639
17559.20	47.468254	47.517639
17559.21	47.468254	47.517639
17559.21	47.468254	47.517639
17559.21	47.468254	47.501736
17559.21	47.468254	47.501736
17559.21	47.468254	47.501736
17559.21	47.468254	47.501736
17559.22	47.468254	47.501736
17559.22	47.468254	47.501736
17559.22	47.468254	47.501736
17559.22	47.468254	47.501736
17559.22	47.468254	47.501736
17559.22	47.468254	47.501736
17559.23	47.468254	47.501736
17559.23	47.468254	47.501736
17559.23	47.468254	47.501736
17559.23	47.468254	47.501736
17559.23	47.468254	47.501736
17559.24	47.468254	47.501736
17559.25	47.468254	47.501736
17559.26	47.468254	47.501736
17561.59	47.468254	47.501736
17666.84	47.468254	47.496094
17666.84	47.468254	47.496094
17666.85	47.468254	47.496094
17666.85	47.468254	47.496094
17666.85	47.468254	47.496094
17666.85	47.468254	47.496094
17666.86	47.468254	47.496094
17666.86	47.468254	47.496094
17666.86	47.468254	47.485834
17666.87	47.468254	47.485834
17666.87	47.468254	47.485834
17666.87	47.468254	47.485834
17666.88	47.468254	47.485834
17666.88	47.468254	47.485834
17669.91	47.468254	47.485834
17853.29	47.468254	47.485834
17853.29	47.468254	47.485834
17853.29	47.468254	47.485834
17853.30	47.468254	47.485834
17853.30	47.468254	47.485834
17853.30	47.468254	47.485834
17853.30	47.468254	47.485834
17853.31	47.468254	47.485834
17853.31	47.468254	47.485834
17853.31	47.468254	47.485834
17853.31	47.468254	47.485834
17853.32	47.468254	47.485834
17853.32	47.468254	47.485834
17853.32	47.468254	47.485834
17853.33	47.468254	47.485834
17853.33	47.468254	47.485834
17853.33	47.468254	47.485834
17853.33	47.468254	47.485834
17853.34	47.468254	47.485834
17853.34	47.468254	47.485834
17853.34	47.468254	47.485834
17853.34	47.468254	47.483578
17853.35	47.468254	47.483578
17853.35	47.468254	47.483578
17853.35	47.468254	47.483578
17853.36	47.468254	47.483578
17853.36	47.468254	47.483578
17853.37	47.468254	47.483578
17853.40	47.468254	47.483578
17856.35	47.468254	47.483578
17964.10	47.468254	47.474788
17964.10	47.468254	47.474788
17964.10	47.468254	47.474788
17964.10	47.468254	47.474788
17964.11	47.468254	47.468254
17964.11	47.468254	47.468254
17964.11	47.468254	47.468254
17964.11	47.468254	47.468254
17964.11	47.468254	47.468254
17964.12	47.436237	47.461851
17964.13	47.436237	47.461851
17964.14	47.436237	47.461851
17964.14	47.436237	47.461851
17964.15	47.436237	47.461851
17966.34	47.436237	47.461851
18151.89	47.436237	47.461851
18151.89	47.436237	47.461851
18151.90	47.436237	47.461851
18151.90	47.436237	47.461851
18151.90	47.436237	47.461851
18151.91	47.436237	47.461851
18151.91	47.436237	47.461851
18151.91	47.436237	47.461851
18151.91	47.436237	47.461851
18151.92	47.436237	47.461851
18151.92	47.436237	47.461851
18151.92	47.436237	47.461851
18151.93	47.436237	47.461851
18151.93	47.436237	47.461851
18151.94	47.436237	47.461851
18151.94	47.436237	47.461851
18151.94	47.436237	47.461851
18151.95	47.436237	47.461851
18151.95	47.436237	47.461851
18151.95	47.436237	47.461851
18151.96	47.436237	47.461851
18151.96	47.436237	47.461851
18151.96	47.436237	47.461851
18151.97	47.436237	47.461851
18151.97	47.436237	47.461851
18151.97	47.436237	47.461851
18151.99	47.436237	47.461851
18152.00	47.436237	47.461851
18152.01	47.436237	47.461851
18155.27	47.436237	47.455447
18276.75	47.436237	47.449044
18276.75	47.436237	47.449044
18276.75	47.436237	47.442641
18276.76	47.436237	47.442641
18276.76	47.436237	47.442641
18276.76	47.436237	47.442641
18276.77	47.436237	47.436237
18276.77	47.436237	47.436237
18276.77	47.436237	47.436237
18276.77	47.436237	47.436237
18415.06	47.436237	47.436237
18415.06	47.436237	47.436237
18415.06	47.436237	47.436237
18415.06	47.436237	47.436237
18415.06	47.426453	47.434280
18594.21	47.426453	47.434280
18594.21	47.426453	47.434280
18594.22	47.426453	47.434280
18594.22	47.426453	47.434280
18594.22	47.426453	47.434280
18594.22	47.426453	47.434280
18594.23	47.426453	47.434280
18594.23	47.426453	47.434280
18594.23	47.426453	47.434280
18594.24	47.426453	47.434280
18594.24	47.426453	47.434280
18594.24	47.426453	47.432323
18594.24	47.426453	47.432323
18594.25	47.426453	47.432323
18594.25	47.426453	47.432323
18594.25	47.426453	47.432323
18594.25	47.426453	47.432323
18594.25	47.426453	47.432323
18594.26	47.426453	47.432323
18594.26	47.426453	47.432323
18594.26	47.426453	47.432323
18594.26	47.426453	47.432323
18594.26	47.426453	47.432323
18594.27	47.426453	47.432323
18594.27	47.426453	47.432323
18594.27	47.426453	47.432323
18594.29	47.426453	47.432323
18594.31	47.426453	47.432323
18597.45	47.426453	47.432323
18699.00	47.426453	47.430367
18699.01	47.426453	47.428410
18699.01	47.426453	47.428410
18699.01	47.426453	47.428410
18699.01	47.426453	47.426453
18699.01	47.426453	47.426453
18699.02	47.426453	47.426453
18699.02	47.426453	47.426453
18699.03	47.426453	47.426453
18699.03	47.426453	47.426453
18699.04	47.426453	47.426453
18699.05	47.426453	47.426453
18699.06	47.426453	47.426453
18699.07	47.426453	47.426453
18701.25	47.426453	47.426453
18907.53	47.426453	47.426453
18907.53	47.426453	47.426453
18907.53	47.426453	47.426453
18907.54	47.426453	47.426453
18907.54	47.426453	47.426453
18907.54	47.426453	47.426453
18907.55	47.426453	47.426453
18907.55	47.426453	47.426453
18907.55	47.426453	47.426453
18907.55	47.426453	47.426453
18907.56	47.375069	47.416176
18907.56	47.375069	47.416176
18907.56	47.375069	47.416176
18907.57	47.375069	47.416176
18907.57	47.375069	47.416176
18907.57	47.375069	47.416176
18907.57	47.375069	47.416176
18907.58	47.375069	47.416176
18907.58	47.375069	47.416176
18907.58	47.375069	47.416176
18907.59	47.375069	47.416176
18907.59	47.375069	47.416176
18907.59	47.375069	47.416176
18907.60	47.375069	47.416176
18907.60	47.375069	47.416176
18907.60	47.375069	47.416176
18907.60	47.375069	47.416176
18907.61	47.375069	47.416176
18907.61	47.375069	47.416176
18909.52	47.375069	47.416176
19018.92	47.375069	47.416176
19018.93	47.375069	47.416176
19018.93	47.375069	47.416176
19018.93	47.375069	47.416176
19018.93	47.375069	47.416176
19018.93	47.375069	47.405899
19018.94	47.375069	47.405899
19018.94	47.375069	47.405899
19018.94	47.375069	47.405899
19018.94	47.375069	47.405899
19018.95	47.375069	47.405899
19018.95	47.282509	47.377110
19018.95	47.282509	47.377110
19022.36	47.282509	47.377110
19217.81	47.282509	47.377110
19217.81	47.282509	47.377110
19217.81	47.282509	47.377110
19217.81	47.282509	47.377110
19217.81	47.282509	47.377110
19217.82	47.282509	47.348322
19217.82	47.282509	47.348322
19217.82	47.282509	47.348322
19217.82	47.282509	47.348322
19217.82	47.282509	47.348322
19217.82	47.282509	47.348322
19217.83	47.282509	47.348322
19217.83	47.282509	47.348322
19217.83	47.282509	47.348322
19217.83	47.282509	47.348322
19217.83	47.282509	47.348322
19217.84	47.282509	47.348322
19217.84	47.282509	47.348322
19217.84	47.282509	47.348322
19217.84	47.282509	47.348322
19217.84	47.282509	47.348322
19217.84	47.282509	47.348322
19217.85	47.282509	47.348322
19217.85	47.282509	47.348322
19217.85	47.282509	47.348322
19217.85	47.282509	47.348322
19217.86	47.282509	47.348322
19217.86	47.282509	47.348322
19219.98	47.282509	47.348322
19314.74	47.282509	47.348322
19314.75	47.282509	47.348322
19314.75	47.282509	47.348322
19314.75	47.282509	47.348322
19314.75	47.282509	47.348322
19314.75	47.282509	47.319533
19314.76	47.282509	47.319533
19314.76	47.282509	47.319533
19314.76	47.282509	47.319533
19314.77	47.282509	47.319533
19314.78	47.282509	47.319533
19314.79	47.282509	47.319533
19316.98	47.282509	47.319533
19491.20	47.282509	47.319533
19491.20	47.282509	47.319533
19491.20	47.282509	47.319533
19491.21	47.282509	47.319533
19491.22	47.282509	47.319533
19491.24	47.282509	47.319533
19491.24	47.282509	47.319533
19491.25	47.282509	47.319533
19491.25	47.282509	47.319533
19491.27	47.282509	47.319533
19491.27	47.282509	47.301021
19491.27	47.282509	47.301021
19491.28	47.282509	47.282509
19491.33	47.282509	47.282509
19491.36	47.282509	47.282509
19491.39	47.282509	47.282509
19491.39	47.282509	47.282509
19491.41	47.282509	47.282509
19491.43	47.282509	47.282509
19491.45	47.282509	47.282509
19491.48	47.282509	47.282509
19491.50	47.282509	47.282509
19491.52	47.282509	47.282509
19491.54	47.282509	47.282509
19491.56	47.282509	47.282509
19491.57	47.282509	47.282509
19491.59	47.282509	47.282509
19491.60	47.282509	47.282509
19494.78	47.282509	47.282509
19601.24	47.282509	47.282509
19601.25	47.282509	47.282509
19601.26	47.282509	47.282509
19601.27	47.282509	47.282509
19601.29	47.282509	47.282509
19601.30	47.282509	47.282509
19601.32	47.282509	47.282509
19601.32	47.282509	47.282509
19601.33	47.282509	47.282509
19601.35	47.282509	47.282509
19601.35	47.282509	47.282509
19601.37	47.282509	47.282509
19604.33	47.282509	47.282509
