Total count: 65, Total time: 381.92s
9.3000
3.3792
9.6277
0.0000
0.0000
1.1061
7.1661
0.0000
0.0000
3.5420
3.7159
7.9573
0.0000
0.0010
3.4955
14.4065
20.1320
0.0000
0.0000
1.8181
5.1072
11.7529
0.0000
1.0616
0.0000
3.0266
12.0235
19.1305
0.0000
0.0000
1.7447
23.2700
0.0000
0.0000
1.8005
15.5830
0.0000
0.0000
2.1627
9.9224
0.0000
0.0000
3.6935
10.0153
1.8739
3.6829
13.8239
1.4878
8.6538
4.1726
17.6944
4.2163
10.2345
4.2425
14.1498
3.4574
15.6394
3.3716
13.6494
1.9057
11.8394
5.5075
21.3874
1.1653
13.8272
