Total count: 180, Total time: 2610.60s
8.4567
21.9261
5.0098
23.0045
6.4819
39.8703
1.5848
18.3984
4.3592
23.4014
2.6239
27.4715
5.5798
24.8029
2.6431
20.0677
6.1870
25.3599
0.9357
19.7590
5.9974
37.2062
3.7506
17.4693
6.3988
20.6670
3.8804
27.8810
6.3474
27.4931
3.5144
18.4090
4.7507
37.0391
1.6463
22.4843
6.2910
37.1056
2.8212
20.3312
4.7903
40.9038
4.5364
16.2006
6.3226
31.6363
3.9052
21.8262
5.9800
25.0938
1.2957
17.9870
6.2969
29.3087
1.3618
28.8992
4.7881
29.8234
5.7200
24.3408
5.5109
32.2043
4.0450
27.6608
8.7060
31.7567
1.9336
20.0221
4.8077
24.7343
1.5606
16.7244
4.1695
21.6357
1.0827
15.7974
5.1621
28.1801
2.1393
16.9025
4.1781
31.3585
1.0499
17.0770
4.1132
31.7188
1.8403
16.7757
7.9793
26.0920
1.1099
14.6855
4.6940
26.6676
3.6625
14.1233
4.3994
23.1886
2.3846
18.3597
5.0303
25.3064
2.9819
19.9483
4.1469
22.4062
1.2527
19.9447
3.9790
25.0860
2.3872
21.2349
5.0225
28.2529
2.4141
20.9292
5.8846
25.3810
2.1880
15.7412
5.6457
35.6855
1.7644
17.2829
5.7786
27.2103
2.7971
18.1480
4.7661
26.5446
3.3818
17.7824
4.5503
29.5863
1.8009
17.0136
6.0560
26.1149
2.5816
22.9916
4.6960
27.2190
2.2742
21.4847
5.7109
30.1231
2.2410
21.3954
5.3833
34.6977
2.3534
23.9417
5.1716
36.3763
3.9869
25.5619
6.7983
28.7117
1.5149
20.0879
3.9258
37.4362
1.8717
23.5620
6.0318
33.8486
1.4572
22.6959
5.5431
34.0019
3.0510
19.1174
5.5326
37.9371
1.9911
24.8314
6.6236
29.9970
1.4032
22.3975
