5.72	21.410755	inf
48.93	21.410755	inf
48.94	21.410755	inf
48.94	21.389088	inf
175.06	21.389088	23.877863
175.06	21.389088	21.436232
175.06	21.389088	21.402088
175.06	21.389088	21.402088
175.06	21.389088	21.402088
175.06	21.389088	21.397755
175.07	21.389088	21.397755
175.07	21.389088	21.393421
175.07	21.389088	21.393421
175.07	21.389088	21.393421
175.07	21.389088	21.393421
175.07	21.389088	21.389088
178.43	21.389088	21.389088
251.52	21.389088	21.389088
251.52	21.389088	21.389088
251.53	21.389088	21.389088
251.53	21.389088	21.389088
251.53	21.389088	21.389088
251.53	21.389088	21.389088
251.53	21.389088	21.389088
251.92	21.389088	21.389088
396.56	21.389088	21.389088
396.56	21.389088	21.389088
396.56	21.389088	21.389088
396.56	21.389088	21.389088
396.57	21.389088	21.389088
396.57	21.389088	21.389088
396.57	21.389088	21.389088
396.57	21.389088	21.389088
396.57	21.389088	21.389088
396.57	21.389088	21.389088
396.57	21.389088	21.389088
396.57	21.389088	21.389088
396.57	21.389088	21.389088
396.57	21.389088	21.389088
396.57	21.389088	21.389088
396.57	21.389088	21.389088
396.58	21.389088	21.389088
396.58	21.389088	21.389088
396.58	21.389088	21.389088
396.59	21.389088	21.389088
396.96	21.389088	21.389088
400.22	21.389088	21.389088
462.24	21.389088	21.389088
462.24	21.389088	21.389088
462.24	21.389088	21.389088
462.24	21.383797	21.388029
462.24	21.383797	21.388029
462.24	21.383797	21.388029
462.24	21.383797	21.388029
590.03	21.383797	21.388029
590.03	21.383797	21.388029
590.03	21.383797	21.388029
590.03	21.383797	21.388029
590.04	21.383797	21.388029
590.04	21.383797	21.388029
590.04	21.383797	21.386971
590.04	21.383797	21.386971
590.04	21.383797	21.386971
590.04	21.383797	21.386971
590.04	21.383797	21.386971
590.04	21.383797	21.385913
590.04	21.383797	21.385913
590.04	21.383797	21.385913
590.04	21.383797	21.385913
590.05	21.383797	21.385913
590.05	21.383797	21.385913
590.05	21.383797	21.385913
590.05	21.383797	21.385913
590.05	21.383797	21.385913
590.05	21.383797	21.384855
590.05	21.383797	21.384855
590.05	21.383797	21.384855
590.05	21.383797	21.384855
590.06	21.383797	21.384855
590.07	21.383797	21.384855
590.07	21.383797	21.384855
590.80	21.383797	21.384855
594.17	21.383797	21.384855
674.19	21.383797	21.384855
674.19	21.383797	21.384855
674.19	21.383797	21.384855
674.19	21.383797	21.384855
674.20	21.383797	21.384855
674.20	21.383797	21.384855
674.20	21.383797	21.384855
674.20	21.383797	21.383797
674.20	21.383797	21.383797
674.20	21.383797	21.383797
674.20	21.383797	21.383797
674.20	21.383797	21.383797
674.20	21.383797	21.383797
674.80	21.383797	21.383797
677.48	21.383797	21.383797
803.72	21.383579	21.383753
803.72	21.383579	21.383753
803.73	21.383579	21.383753
803.73	21.383579	21.383753
803.73	21.383579	21.383753
803.73	21.383579	21.383753
803.73	21.383579	21.383753
803.73	21.383579	21.383753
803.73	21.383579	21.383753
803.73	21.383579	21.383753
803.73	21.383579	21.383753
803.73	21.383579	21.383753
803.73	21.383579	21.383753
803.74	21.383579	21.383753
803.74	21.383579	21.383753
803.74	21.383579	21.383753
803.74	21.383579	21.383753
803.74	21.383579	21.383753
803.74	21.383579	21.383753
803.74	21.383579	21.383753
803.74	21.383579	21.383753
803.75	21.383579	21.383753
803.76	21.383579	21.383753
803.76	21.383579	21.383753
804.23	21.383579	21.383753
807.43	21.383579	21.383753
881.17	21.383579	21.383753
881.17	21.383579	21.383710
881.17	21.383579	21.383710
881.17	21.383579	21.383710
881.17	21.383579	21.383710
881.17	21.383579	21.383710
881.18	21.383579	21.383666
881.18	21.383579	21.383666
881.18	21.383579	21.383666
881.19	21.383579	21.383666
881.59	21.383579	21.383666
1026.11	21.383579	21.383666
1026.11	21.383579	21.383666
1026.11	21.383579	21.383666
1026.12	21.383579	21.383623
1026.12	21.383579	21.383623
1026.13	21.383579	21.383623
1026.13	21.383579	21.383623
1026.13	21.383579	21.383623
1026.13	21.383579	21.383579
1026.14	21.383579	21.383579
1026.14	21.383579	21.383579
1026.14	21.383579	21.383579
1026.14	21.383579	21.383579
1026.15	21.383579	21.383579
1026.16	21.383579	21.383579
1026.16	21.383579	21.383579
1026.17	21.383579	21.383579
1026.18	21.383579	21.383579
1026.19	21.383579	21.383579
1026.20	21.383579	21.383579
1026.20	21.383579	21.383579
1026.22	21.383579	21.383579
1026.22	21.383579	21.383579
1026.23	21.383579	21.383579
1026.23	21.383579	21.383579
1026.26	21.383579	21.383579
1026.30	21.383579	21.383579
1026.30	21.383579	21.383579
1028.93	21.383579	21.383579
1032.40	21.383579	21.383579
1104.51	21.383579	21.383579
1104.51	21.383579	21.383579
1104.51	21.383579	21.383579
1104.51	21.383579	21.383579
1104.51	21.383579	21.383579
1104.51	21.383579	21.383579
1104.51	21.383579	21.383579
1104.52	21.383579	21.383579
1104.53	21.383579	21.383579
1104.53	21.383579	21.383579
1104.83	21.383579	21.383579
1251.73	21.383579	21.383579
1251.73	21.383579	21.383579
1251.73	21.383579	21.383579
1251.73	21.383579	21.383579
1251.73	21.383579	21.383579
1251.73	21.383579	21.383579
1251.73	21.383579	21.383579
1251.74	21.383579	21.383579
1251.74	21.383579	21.383579
1251.74	21.383579	21.383579
1251.74	21.383579	21.383579
1251.74	21.383579	21.383579
1251.74	21.383579	21.383579
1251.74	21.383579	21.383579
1251.74	21.383579	21.383579
1251.74	21.383579	21.383579
1251.74	21.383579	21.383579
1251.74	21.383579	21.383579
1251.74	21.383579	21.383579
1251.75	21.383579	21.383579
1251.76	21.383579	21.383579
1251.77	21.383579	21.383579
1251.77	21.383579	21.383579
1251.78	21.383579	21.383579
1251.79	21.383579	21.383579
1251.80	21.383579	21.383579
1252.11	21.383579	21.383579
1255.58	21.383579	21.383579
1321.84	21.383579	21.383579
1321.85	21.383579	21.383579
1321.85	21.383579	21.383579
1321.85	21.383579	21.383579
1321.85	21.383579	21.383579
1321.85	21.383579	21.383579
1321.85	21.383579	21.383579
1321.85	21.383579	21.383579
1321.85	21.383579	21.383579
1321.86	21.383579	21.383579
1322.26	21.383579	21.383579
1450.91	21.383579	21.383579
1450.91	21.383579	21.383579
1450.91	21.383579	21.383579
1450.91	21.383579	21.383579
1450.91	21.383579	21.383579
1450.92	21.383579	21.383579
1450.92	21.383579	21.383579
1450.92	21.383579	21.383579
1450.92	21.383579	21.383579
1450.92	21.383579	21.383579
1450.92	21.383579	21.383579
1450.92	21.383579	21.383579
1450.92	21.383579	21.383579
1450.92	21.383579	21.383579
1450.93	21.383579	21.383579
1450.93	21.383579	21.383579
1450.93	21.383579	21.383579
1450.93	21.383579	21.383579
1450.93	21.383579	21.383579
1450.93	21.383579	21.383579
1450.93	21.383579	21.383579
1450.93	21.383579	21.383579
1450.93	21.383579	21.383579
1450.94	21.383579	21.383579
1450.94	21.383579	21.383579
1450.94	21.383579	21.383579
1450.94	21.383579	21.383579
1450.95	21.383579	21.383579
1451.51	21.383579	21.383579
1454.65	21.383579	21.383579
1535.38	21.383579	21.383579
1535.38	21.383579	21.383579
1535.39	21.383579	21.383579
1535.39	21.383579	21.383579
1535.39	21.383579	21.383579
1535.39	21.383579	21.383579
1535.39	21.383579	21.383579
1535.40	21.383579	21.383579
1535.41	21.383579	21.383579
1535.42	21.383579	21.383579
1535.71	21.383579	21.383579
1538.79	21.383579	21.383579
1671.20	21.383579	21.383579
1671.20	21.383579	21.383579
1671.20	21.383579	21.383579
1671.20	21.383579	21.383579
1671.20	21.383579	21.383579
1671.21	21.383579	21.383579
1671.21	21.383579	21.383579
1671.21	21.383579	21.383579
1671.21	21.383579	21.383579
1671.22	21.383579	21.383579
1671.22	21.383579	21.383579
1671.23	21.383579	21.383579
1671.23	21.383579	21.383579
1671.24	21.383579	21.383579
1671.24	21.383579	21.383579
1671.26	21.383579	21.383579
1671.26	21.383579	21.383579
1671.26	21.383579	21.383579
1671.26	21.383579	21.383579
1671.26	21.383579	21.383579
1671.27	21.383579	21.383579
1671.27	21.383579	21.383579
1671.28	21.383579	21.383579
1671.28	21.383579	21.383579
1671.29	21.383579	21.383579
1671.29	21.383579	21.383579
1671.29	21.383579	21.383579
1671.62	21.383579	21.383579
1740.97	21.383579	21.383579
1740.97	21.383579	21.383579
1740.97	21.383579	21.383579
1740.97	21.383579	21.383579
1740.98	21.383579	21.383579
1740.98	21.383579	21.383579
1740.98	21.383579	21.383579
1740.98	21.383579	21.383579
1740.98	21.383579	21.383579
1741.00	21.383579	21.383579
1741.74	21.383579	21.383579
1744.96	21.383579	21.383579
1889.53	21.383579	21.383579
1889.54	21.383579	21.383579
1889.54	21.383579	21.383579
1889.54	21.383579	21.383579
1889.54	21.383579	21.383579
1889.54	21.383579	21.383579
1889.54	21.383579	21.383579
1889.54	21.383579	21.383579
1889.54	21.383579	21.383579
1889.54	21.383579	21.383579
1889.55	21.383579	21.383579
1889.55	21.383579	21.383579
1889.55	21.383579	21.383579
1889.55	21.383579	21.383579
1889.55	21.383579	21.383579
1889.55	21.383579	21.383579
1889.55	21.383579	21.383579
1889.55	21.383579	21.383579
1889.55	21.378088	21.382481
1889.55	21.378088	21.382481
1889.56	21.378088	21.382481
1889.56	21.378088	21.382481
1889.56	21.378088	21.382481
1889.56	21.378088	21.382481
1889.56	21.378088	21.382481
1889.56	21.378088	21.382481
1890.11	21.378088	21.382481
1892.93	21.378088	21.382481
1961.85	21.378088	21.382481
1961.86	21.378088	21.382481
1961.86	21.378088	21.382481
1961.86	21.378088	21.381383
1961.86	21.378088	21.380285
1961.86	21.378088	21.379186
1961.86	21.378088	21.378088
1961.86	21.378088	21.378088
1961.87	21.378088	21.378088
1961.87	21.378088	21.378088
1961.87	21.378088	21.378088
1962.45	21.378088	21.378088
1965.27	21.378088	21.378088
2107.12	21.378088	21.378088
2107.12	21.378088	21.378088
2107.12	21.378088	21.378088
2107.12	21.378088	21.378088
2107.12	21.378088	21.378088
2107.12	21.378088	21.378088
2107.12	21.378088	21.378088
2107.12	21.378088	21.378088
2107.12	21.378088	21.378088
2107.13	21.378088	21.378088
2107.13	21.378088	21.378088
2107.13	21.378088	21.378088
2107.13	21.378088	21.378088
2107.13	21.378088	21.378088
2107.13	21.378088	21.378088
2107.13	21.378088	21.378088
2107.13	21.378088	21.378088
2107.13	21.378088	21.378088
2107.13	21.378088	21.378088
2107.14	21.378088	21.378088
2107.14	21.378088	21.378088
2107.14	21.378088	21.378088
2107.14	21.378088	21.378088
2107.14	21.378088	21.378088
2107.15	21.378088	21.378088
2107.15	21.378088	21.378088
2107.16	21.378088	21.378088
2107.17	21.378088	21.378088
2107.75	21.378088	21.378088
2110.86	21.378088	21.378088
2182.94	21.378088	21.378088
2182.94	21.378088	21.378088
2182.94	21.378088	21.378088
2182.94	21.378088	21.378088
2182.94	21.378088	21.378088
2182.94	21.378088	21.378088
2182.95	21.378088	21.378088
2182.95	21.378088	21.378088
2182.96	21.378088	21.378088
2182.97	21.378088	21.378088
2183.54	21.378088	21.378088
2186.49	21.378088	21.378088
2327.69	21.378088	21.378088
2327.69	21.378088	21.378088
2327.69	21.378088	21.378088
2327.69	21.378088	21.378088
2327.69	21.378088	21.378088
2327.69	21.378088	21.378088
2327.69	21.378088	21.378088
2327.69	21.378088	21.378088
2327.69	21.378088	21.378088
2327.70	21.378088	21.378088
2327.70	21.378088	21.378088
2327.70	21.378088	21.378088
2327.70	21.378088	21.378088
2327.70	21.378088	21.378088
2327.70	21.378088	21.378088
2327.70	21.378088	21.378088
2327.70	21.378088	21.378088
2327.70	21.378088	21.378088
2327.70	21.378088	21.378088
2327.71	21.378088	21.378088
2327.71	21.378088	21.378088
2327.71	21.378088	21.378088
2327.71	21.378088	21.378088
2327.71	21.378088	21.378088
2328.11	21.378088	21.378088
2331.08	21.378088	21.378088
2394.97	21.378088	21.378088
2394.97	21.378088	21.378088
2394.97	21.378088	21.378088
2394.97	21.378088	21.378088
2394.97	21.378088	21.378088
2394.98	21.378088	21.378088
2394.99	21.378088	21.378088
2395.52	21.378088	21.378088
2398.47	21.378088	21.378088
2732.66	21.378088	21.378088
2732.67	21.378088	21.378088
2732.68	21.378088	21.378088
2732.68	21.378088	21.378088
2732.68	21.378088	21.378088
2732.68	21.378088	21.378088
2732.68	21.378088	21.378088
2732.68	21.378088	21.378088
2732.68	21.378088	21.378088
2732.68	21.378088	21.378088
2732.69	21.378088	21.378088
2732.69	21.378088	21.378088
2732.69	21.378088	21.378088
2732.69	21.378088	21.378088
2732.69	21.378088	21.378088
2732.69	21.378088	21.378088
2733.05	21.378088	21.378088
2736.14	21.378088	21.378088
2818.81	21.378088	21.378088
2818.81	21.378088	21.378088
2818.81	21.378088	21.378088
2818.82	21.378088	21.378088
2818.82	21.378088	21.378088
2818.82	21.378088	21.378088
2818.82	21.378088	21.378088
2818.82	21.378088	21.378088
2818.82	21.378088	21.378088
2818.82	21.378088	21.378088
2818.83	21.378088	21.378088
2818.83	21.378088	21.378088
2820.08	21.378088	21.378088
2962.68	21.378088	21.378088
2962.68	21.378088	21.378088
2962.68	21.378088	21.378088
2962.69	21.378088	21.378088
2962.69	21.378088	21.378088
2962.69	21.378088	21.378088
2962.69	21.378088	21.378088
2962.69	21.378088	21.378088
2962.69	21.378088	21.378088
2962.69	21.378088	21.378088
2962.69	21.378088	21.378088
2962.69	21.378088	21.378088
2962.70	21.378088	21.378088
2962.70	21.378088	21.378088
2962.70	21.378088	21.378088
2962.70	21.378088	21.378088
2962.70	21.378088	21.378088
2962.70	21.378088	21.378088
2962.70	21.378088	21.378088
2962.71	21.378088	21.378088
2962.71	21.378088	21.378088
2962.71	21.378088	21.378088
2962.71	21.378088	21.378088
2962.71	21.378088	21.378088
2962.71	21.378088	21.378088
2962.72	21.378088	21.378088
2962.72	21.378088	21.378088
2963.37	21.378088	21.378088
2966.28	21.378088	21.378088
3027.59	21.378088	21.378088
3027.59	21.378088	21.378088
3027.60	21.378088	21.378088
3027.60	21.378088	21.378088
3027.60	21.378088	21.378088
3027.60	21.378088	21.378088
3027.61	21.378088	21.378088
3027.62	21.378088	21.378088
3156.52	21.378088	21.378088
3156.52	21.378088	21.378088
3156.52	21.378088	21.378088
3156.52	21.378088	21.378088
3156.52	21.378088	21.378088
3156.52	21.378088	21.378088
3156.52	21.378088	21.378088
3156.53	21.378088	21.378088
3156.53	21.378088	21.378088
3156.53	21.378088	21.378088
3156.53	21.378088	21.378088
3156.53	21.378088	21.378088
3156.53	21.378088	21.378088
3156.53	21.378088	21.378088
3156.53	21.378088	21.378088
3156.53	21.378088	21.378088
3156.54	21.378088	21.378088
3156.54	21.378088	21.378088
3156.54	21.378088	21.378088
3156.54	21.378088	21.378088
3156.54	21.378088	21.378088
3156.54	21.378088	21.378088
3156.54	21.378088	21.378088
3156.54	21.378088	21.378088
3156.55	21.378088	21.378088
3156.55	21.378088	21.378088
3156.55	21.378088	21.378088
3157.11	21.378088	21.378088
3159.92	21.378088	21.378088
3233.73	21.378088	21.378088
3233.73	21.378088	21.378088
3233.73	21.378088	21.378088
3233.74	21.378088	21.378088
3233.74	21.378088	21.378088
3233.74	21.378088	21.378088
3233.74	21.378088	21.378088
3233.74	21.378088	21.378088
3233.74	21.378088	21.378088
3234.13	21.378088	21.378088
3362.31	21.378088	21.378088
3362.32	21.378088	21.378088
3362.32	21.378088	21.378088
3362.32	21.378088	21.378088
3362.32	21.378088	21.378088
3362.32	21.378088	21.378088
3362.32	21.378088	21.378088
3362.32	21.378088	21.378088
3362.32	21.378088	21.378088
3362.32	21.378088	21.378088
3362.33	21.378088	21.378088
3362.33	21.378088	21.378088
3362.33	21.378088	21.378088
3362.33	21.378088	21.378088
3362.33	21.378088	21.378088
3362.33	21.378088	21.378088
3362.33	21.378088	21.378088
3362.33	21.378088	21.378088
3362.33	21.378088	21.378088
3362.34	21.378088	21.378088
3362.34	21.378088	21.378088
3362.34	21.378088	21.378088
3362.34	21.378088	21.378088
3362.34	21.378088	21.378088
3362.34	21.378088	21.378088
3362.34	21.378088	21.378088
3362.34	21.378088	21.378088
3362.35	21.378088	21.378088
3362.94	21.378088	21.378088
3365.63	21.378088	21.378088
3437.30	21.378088	21.378088
3437.31	21.378088	21.378088
3437.31	21.378088	21.378088
3437.31	21.378088	21.378088
3437.31	21.378088	21.378088
3437.31	21.378088	21.378088
3437.31	21.378088	21.378088
3440.65	21.378088	21.378088
3584.21	21.378088	21.378088
3584.21	21.378088	21.378088
3584.21	21.378088	21.378088
3584.21	21.378088	21.378088
3584.21	21.378088	21.378088
3584.21	21.378088	21.378088
3584.22	21.378088	21.378088
3584.22	21.378088	21.378088
3584.22	21.378088	21.378088
3584.22	21.378088	21.378088
3584.22	21.378088	21.378088
3584.22	21.378088	21.378088
3584.22	21.378088	21.378088
3584.22	21.378088	21.378088
3584.22	21.378088	21.378088
3584.23	21.378088	21.378088
3584.23	21.378088	21.378088
3584.23	21.378088	21.378088
3584.23	21.378088	21.378088
3584.23	21.378088	21.378088
3584.23	21.378088	21.378088
3584.23	21.378088	21.378088
3584.24	21.378088	21.378088
3584.24	21.378088	21.378088
3584.24	21.378088	21.378088
3584.24	21.378088	21.378088
3587.64	21.378088	21.378088
3661.05	21.378088	21.378088
3661.06	21.378088	21.378088
3661.06	21.378088	21.378088
3661.06	21.378088	21.378088
3661.07	21.378088	21.378088
3661.70	21.378088	21.378088
3664.50	21.378088	21.378088
3822.79	21.378088	21.378088
3822.79	21.378088	21.378088
3822.79	21.378088	21.378088
3822.80	21.378088	21.378088
3822.80	21.378088	21.378088
3822.80	21.378088	21.378088
3822.80	21.378088	21.378088
3822.80	21.378088	21.378088
3822.80	21.378088	21.378088
3822.81	21.378088	21.378088
3822.81	21.378088	21.378088
3822.81	21.378088	21.378088
3822.81	21.378088	21.378088
3822.82	21.378088	21.378088
3822.82	21.378088	21.378088
3822.82	21.378088	21.378088
3822.82	21.378088	21.378088
3822.83	21.378088	21.378088
3822.83	21.378088	21.378088
3822.83	21.378088	21.378088
3822.84	21.378088	21.378088
3822.84	21.378088	21.378088
3824.04	21.378088	21.378088
3827.17	21.378088	21.378088
3903.55	21.378088	21.378088
3903.55	21.378088	21.378088
3903.55	21.378088	21.378088
3903.56	21.378088	21.378088
3903.56	21.378088	21.378088
3903.56	21.378088	21.378088
3903.56	21.378088	21.378088
3903.56	21.378088	21.378088
3903.56	21.378088	21.378088
3903.56	21.378088	21.378088
3903.57	21.378088	21.378088
4039.79	21.378088	21.378088
4039.79	21.378088	21.378088
4039.79	21.378088	21.378088
4039.79	21.378088	21.378088
4039.80	21.378088	21.378088
4039.80	21.378088	21.378088
4039.80	21.378088	21.378088
4039.80	21.378088	21.378088
4039.80	21.378088	21.378088
4039.81	21.378088	21.378088
4039.81	21.378088	21.378088
4039.81	21.378088	21.378088
4039.81	21.378088	21.378088
4039.81	21.378088	21.378088
4039.82	21.378088	21.378088
4039.82	21.378088	21.378088
4039.82	21.378088	21.378088
4039.82	21.378088	21.378088
4039.82	21.378088	21.378088
4039.82	21.378088	21.378088
4039.83	21.378088	21.378088
4039.83	21.378088	21.378088
4039.83	21.378088	21.378088
4039.83	21.378088	21.378088
4039.84	21.378088	21.378088
4039.84	21.378088	21.378088
4039.84	21.378088	21.378088
4040.88	21.378088	21.378088
4045.86	21.378088	21.378088
4112.74	21.378088	21.378088
4112.74	21.378088	21.378088
4112.74	21.378088	21.378088
4112.74	21.378088	21.378088
4112.75	21.378088	21.378088
4112.75	21.378088	21.378088
4112.75	21.378088	21.378088
4112.75	21.378088	21.378088
4113.22	21.378088	21.378088
4234.15	21.378088	21.378088
4234.15	21.378088	21.378088
4234.15	21.378088	21.378088
4234.15	21.378088	21.378088
4234.15	21.378088	21.378088
4234.15	21.378088	21.378088
4234.15	21.378088	21.378088
4234.16	21.378088	21.378088
4234.16	21.378088	21.378088
4234.16	21.378088	21.378088
4234.16	21.378088	21.378088
4234.16	21.378088	21.378088
4234.16	21.378088	21.378088
4234.17	21.378088	21.378088
4234.17	21.378088	21.378088
4234.17	21.378088	21.378088
4234.17	21.378088	21.378088
4234.17	21.378088	21.378088
4234.17	21.378088	21.378088
4234.18	21.378088	21.378088
4234.18	21.378088	21.378088
4234.18	21.378088	21.378088
4234.18	21.378088	21.378088
4234.18	21.378088	21.378088
4234.18	21.378088	21.378088
4234.19	21.378088	21.378088
4234.19	21.378088	21.378088
4234.54	21.378088	21.378088
4300.80	21.378088	21.378088
4300.81	21.378088	21.378088
4300.81	21.378088	21.378088
4300.81	21.378088	21.378088
4300.81	21.378088	21.378088
4300.82	21.378088	21.378088
4300.83	21.378088	21.378088
4300.84	21.378088	21.378088
4300.85	21.378088	21.378088
4301.71	21.378088	21.378088
4305.07	21.378088	21.378088
4449.09	21.378088	21.378088
4449.09	21.378088	21.378088
4449.09	21.378088	21.378088
4449.09	21.378088	21.378088
4449.09	21.378088	21.378088
4449.09	21.378088	21.378088
4449.09	21.378088	21.378088
4449.10	21.378088	21.378088
4449.10	21.378088	21.378088
4449.10	21.378088	21.378088
4449.10	21.378088	21.378088
4449.10	21.378088	21.378088
4449.10	21.378088	21.378088
4449.11	21.378088	21.378088
4449.11	21.378088	21.378088
4449.11	21.378088	21.378088
4449.11	21.378088	21.378088
4449.11	21.378088	21.378088
4449.11	21.378088	21.378088
4449.11	21.378088	21.378088
4449.11	21.378088	21.378088
4449.12	21.378088	21.378088
4449.12	21.378088	21.378088
4449.13	21.378088	21.378088
4449.13	21.378088	21.378088
4449.41	21.378088	21.378088
4514.69	21.378088	21.378088
4514.69	21.378088	21.378088
4514.69	21.378088	21.378088
4514.69	21.378088	21.378088
4514.69	21.378088	21.378088
4514.69	21.378088	21.378088
4514.70	21.378088	21.378088
4514.70	21.378088	21.378088
4514.70	21.378088	21.378088
4514.70	21.378088	21.378088
4514.70	21.378088	21.378088
4649.39	21.378088	21.378088
4649.39	21.378088	21.378088
4649.39	21.378088	21.378088
4649.39	21.378088	21.378088
4649.39	21.378088	21.378088
4649.39	21.378088	21.378088
4649.39	21.378088	21.378088
4649.39	21.378088	21.378088
4649.39	21.378088	21.378088
4649.40	21.378088	21.378088
4649.40	21.378088	21.378088
4649.40	21.378088	21.378088
4649.40	21.378088	21.378088
4649.40	21.378088	21.378088
4649.40	21.378088	21.378088
4649.40	21.378088	21.378088
4649.41	21.378088	21.378088
4649.41	21.378088	21.378088
4649.41	21.378088	21.378088
4649.41	21.378088	21.378088
4649.41	21.378088	21.378088
4649.41	21.378088	21.378088
4649.42	21.378088	21.378088
4649.42	21.378088	21.378088
4649.43	21.378088	21.378088
4649.43	21.378088	21.378088
4652.65	21.378088	21.378088
4714.26	21.378088	21.378088
4714.26	21.378088	21.378088
4714.27	21.378088	21.378088
4714.27	21.378088	21.378088
4714.27	21.378088	21.378088
4714.27	21.378088	21.378088
4714.27	21.378088	21.378088
4714.27	21.378088	21.378088
4714.28	21.378088	21.378088
4714.92	21.378088	21.378088
4717.71	21.378088	21.378088
4860.74	21.378088	21.378088
4860.74	21.378088	21.378088
4860.74	21.378088	21.378088
4860.74	21.378088	21.378088
4860.74	21.378088	21.378088
4860.75	21.378088	21.378088
4860.75	21.378088	21.378088
4860.75	21.378088	21.378088
4860.75	21.378088	21.378088
4860.75	21.378088	21.378088
4860.75	21.378088	21.378088
4860.75	21.378088	21.378088
4860.76	21.378088	21.378088
4860.76	21.378088	21.378088
4860.76	21.378088	21.378088
4860.76	21.378088	21.378088
4860.76	21.378088	21.378088
4860.76	21.378088	21.378088
4860.77	21.378088	21.378088
4860.77	21.378088	21.378088
4860.77	21.378088	21.378088
4860.77	21.378088	21.378088
4860.77	21.378088	21.378088
4860.78	21.378088	21.378088
4860.78	21.378088	21.378088
4861.37	21.378088	21.378088
4864.27	21.378088	21.378088
4923.96	21.378088	21.378088
4923.96	21.378088	21.378088
4923.97	21.378088	21.378088
4923.97	21.378088	21.378088
4938.03	21.378088	21.378088
4938.03	21.378088	21.378088
5067.11	21.378088	21.378088
5067.11	21.378088	21.378088
5067.11	21.378088	21.378088
5067.11	21.378088	21.378088
5067.11	21.378088	21.378088
5067.12	21.378088	21.378088
5067.12	21.378088	21.378088
5067.12	21.378088	21.378088
5067.12	21.378088	21.378088
5067.12	21.378088	21.378088
5067.12	21.378088	21.378088
5067.12	21.378088	21.378088
5067.13	21.378088	21.378088
5067.13	21.378088	21.378088
5067.13	21.378088	21.378088
5067.13	21.378088	21.378088
5067.13	21.378088	21.378088
5067.13	21.378088	21.378088
5067.14	21.378088	21.378088
5067.14	21.378088	21.378088
5067.14	21.378088	21.378088
5067.14	21.378088	21.378088
5067.14	21.378088	21.378088
5067.15	21.378088	21.378088
5067.15	21.378088	21.378088
5067.15	21.378088	21.378088
5067.15	21.378088	21.378088
5067.81	21.378088	21.378088
5070.83	21.378088	21.378088
5148.32	21.378088	21.378088
5148.32	21.378088	21.378088
5148.33	21.378088	21.378088
5148.33	21.378088	21.378088
5148.34	21.378088	21.378088
5148.34	21.378088	21.378088
5149.86	21.378088	21.378088
5154.31	21.378088	21.378088
5302.96	21.378088	21.378088
5302.96	21.378088	21.378088
5302.96	21.378088	21.378088
5302.96	21.378088	21.378088
5302.97	21.378088	21.378088
5302.97	21.378088	21.378088
5302.97	21.378088	21.378088
5302.97	21.378088	21.378088
5302.97	21.378088	21.378088
5302.97	21.378088	21.378088
5302.97	21.378088	21.378088
5302.98	21.378088	21.378088
5302.98	21.378088	21.378088
5302.98	21.378088	21.378088
5302.98	21.378088	21.378088
5302.98	21.378088	21.378088
5302.98	21.378088	21.378088
5302.98	21.378088	21.378088
5302.99	21.378088	21.378088
5302.99	21.378088	21.378088
5302.99	21.378088	21.378088
5302.99	21.378088	21.378088
5302.99	21.378088	21.378088
5302.99	21.378088	21.378088
5303.00	21.378088	21.378088
5303.01	21.378088	21.378088
5303.02	21.378088	21.378088
5303.54	21.378088	21.378088
5306.37	21.378088	21.378088
5369.89	21.378088	21.378088
5369.89	21.378088	21.378088
5369.89	21.378088	21.378088
5369.89	21.378088	21.378088
5369.89	21.378088	21.378088
5369.90	21.378088	21.378088
5369.90	21.378088	21.378088
5369.90	21.378088	21.378088
5369.90	21.378088	21.378088
5369.90	21.378088	21.378088
5369.91	21.378088	21.378088
5369.92	21.378088	21.378088
5370.60	21.378088	21.378088
5373.92	21.378088	21.378088
5494.78	21.378088	21.378088
5494.78	21.378088	21.378088
5494.79	21.378088	21.378088
5494.79	21.378088	21.378088
5494.79	21.378088	21.378088
5494.79	21.378088	21.378088
5494.79	21.378088	21.378088
5494.79	21.378088	21.378088
5494.80	21.378088	21.378088
5494.80	21.378088	21.378088
5494.80	21.378088	21.378088
5494.80	21.378088	21.378088
5494.80	21.378088	21.378088
5494.80	21.378088	21.378088
5494.80	21.378088	21.378088
5494.81	21.378088	21.378088
5494.81	21.378088	21.378088
5494.81	21.378088	21.378088
5494.81	21.378088	21.378088
5494.81	21.378088	21.378088
5494.81	21.378088	21.378088
5494.82	21.378088	21.378088
5494.82	21.378088	21.378088
5494.82	21.378088	21.378088
5495.04	21.378088	21.378088
5498.07	21.378088	21.378088
5561.72	21.378088	21.378088
5561.72	21.378088	21.378088
5561.72	21.378088	21.378088
5561.73	21.378088	21.378088
5561.73	21.378088	21.378088
5561.73	21.378088	21.378088
5561.73	21.378088	21.378088
5561.73	21.378088	21.378088
5561.74	21.378088	21.378088
5562.30	21.378088	21.378088
5564.95	21.378088	21.378088
5713.52	21.378088	21.378088
5713.52	21.378088	21.378088
5713.52	21.378088	21.378088
5713.52	21.378088	21.378088
5713.53	21.378088	21.378088
5713.53	21.378088	21.378088
5713.53	21.378088	21.378088
5713.53	21.378088	21.378088
5713.53	21.378088	21.378088
5713.54	21.378088	21.378088
5713.54	21.378088	21.378088
5713.54	21.378088	21.378088
5713.54	21.378088	21.378088
5713.54	21.378088	21.378088
5713.54	21.378088	21.378088
5713.54	21.378088	21.378088
5713.55	21.378088	21.378088
5713.55	21.378088	21.378088
5713.55	21.378088	21.378088
5713.55	21.378088	21.378088
5713.55	21.378088	21.378088
5713.56	21.378088	21.378088
5713.56	21.378088	21.378088
5713.56	21.378088	21.378088
5713.56	21.378088	21.378088
5713.56	21.378088	21.378088
5713.57	21.378088	21.378088
5714.13	21.378088	21.378088
5717.06	21.378088	21.378088
5786.64	21.378088	21.378088
5786.64	21.378088	21.378088
5786.65	21.378088	21.378088
5786.65	21.378088	21.378088
5786.65	21.378088	21.378088
5786.65	21.378088	21.378088
5786.65	21.378088	21.378088
5786.66	21.378088	21.378088
5786.66	21.378088	21.378088
5786.96	21.378088	21.378088
5922.28	21.378088	21.378088
5922.28	21.378088	21.378088
5922.29	21.378088	21.378088
5922.29	21.378088	21.378088
5922.29	21.378088	21.378088
5922.29	21.378088	21.378088
5922.29	21.378088	21.378088
5922.30	21.378088	21.378088
5922.30	21.378088	21.378088
5922.30	21.378088	21.378088
5922.30	21.378088	21.378088
5922.30	21.378088	21.378088
5922.30	21.378088	21.378088
5922.31	21.378088	21.378088
5922.31	21.378088	21.378088
5922.31	21.378088	21.378088
5922.31	21.378088	21.378088
5922.31	21.378088	21.378088
5922.31	21.378088	21.378088
5922.32	21.378088	21.378088
5922.32	21.378088	21.378088
5922.32	21.378088	21.378088
5922.32	21.378088	21.378088
5922.32	21.378088	21.378088
5922.33	21.378088	21.378088
5922.35	21.378088	21.378088
5926.08	21.378088	21.378088
5999.63	21.378088	21.378088
5999.63	21.378088	21.378088
5999.64	21.378088	21.378088
5999.64	21.378088	21.378088
5999.64	21.378088	21.378088
5999.64	21.378088	21.378088
5999.64	21.378088	21.378088
5999.66	21.378088	21.378088
5999.67	21.378088	21.378088
5999.67	21.378088	21.378088
6000.43	21.378088	21.378088
6003.55	21.378088	21.378088
6133.25	21.378088	21.378088
6133.25	21.378088	21.378088
6133.26	21.378088	21.378088
6133.26	21.378088	21.378088
6133.26	21.378088	21.378088
6133.26	21.378088	21.378088
6133.27	21.378088	21.378088
6133.27	21.378088	21.378088
6133.27	21.378088	21.378088
6133.27	21.378088	21.378088
6133.28	21.378088	21.378088
6133.28	21.378088	21.378088
6133.28	21.378088	21.378088
6133.28	21.344208	21.371312
6133.29	21.344208	21.371312
6133.29	21.344208	21.371312
6133.29	21.344208	21.371312
6133.29	21.344208	21.371312
6133.30	21.344208	21.371312
6133.30	21.344208	21.371312
6133.30	21.344208	21.371312
6133.30	21.344208	21.371312
6133.31	21.344208	21.371312
6133.31	21.344208	21.371312
6133.31	21.344208	21.371312
6133.31	21.344208	21.371312
6134.25	21.344208	21.371312
6137.58	21.344208	21.371312
6219.50	21.344208	21.371312
6219.50	21.344208	21.371312
6219.50	21.344208	21.371312
6219.50	21.344208	21.371312
6219.51	21.344208	21.371312
6219.51	21.344208	21.371312
6219.51	21.344208	21.371312
6219.51	21.344208	21.371312
6219.51	21.344208	21.371312
6219.52	21.344208	21.371312
6219.52	21.344208	21.371312
6219.52	21.344208	21.371312
6219.52	21.344208	21.370428
6220.65	21.344208	21.370428
6223.61	21.344208	21.370428
6362.70	21.344208	21.370428
6362.70	21.344208	21.370428
6362.70	21.344208	21.370428
6362.70	21.344208	21.370428
6362.70	21.344208	21.370428
6362.70	21.344208	21.370428
6362.71	21.344208	21.370428
6362.71	21.344208	21.370428
6362.71	21.344208	21.370428
6362.71	21.344208	21.370428
6362.71	21.344208	21.370428
6362.71	21.344208	21.370428
6362.71	21.344208	21.370428
6362.72	21.344208	21.370428
6362.72	21.344208	21.370428
6362.72	21.344208	21.370428
6362.72	21.344208	21.370428
6362.72	21.344208	21.370428
6362.72	21.344208	21.370428
6362.73	21.344208	21.370428
6362.73	21.344208	21.370428
6362.73	21.344208	21.370428
6362.73	21.344208	21.370428
6362.73	21.344208	21.370428
6362.73	21.344208	21.370428
6362.74	21.344208	21.370428
6362.74	21.344208	21.370428
6363.32	21.344208	21.370428
6366.00	21.344208	21.370428
6441.35	21.344208	21.370428
6441.35	21.344208	21.370428
6441.35	21.344208	21.370428
6441.35	21.344208	21.370428
6441.35	21.344208	21.370428
6441.35	21.344208	21.370428
6441.36	21.344208	21.370428
6441.36	21.344208	21.370428
6441.37	21.344208	21.370428
6441.38	21.344208	21.370428
6584.71	21.344208	21.370428
6584.72	21.344208	21.370428
6584.72	21.344208	21.370428
6584.72	21.344208	21.363652
6584.72	21.344208	21.363652
6584.72	21.344208	21.363652
6584.72	21.344208	21.363652
6584.73	21.344208	21.363652
6584.73	21.344208	21.363652
6584.73	21.344208	21.363652
6584.73	21.344208	21.363652
6584.73	21.344208	21.363652
6584.74	21.344208	21.363652
6584.74	21.344208	21.363652
6584.74	21.344208	21.363652
6584.74	21.344208	21.363652
6584.74	21.344208	21.363652
6584.74	21.344208	21.363652
6584.75	21.344208	21.363652
6584.75	21.344208	21.363652
6584.75	21.344208	21.363652
6584.75	21.344208	21.363652
6584.75	21.344208	21.363652
6584.75	21.344208	21.362768
6584.76	21.344208	21.362768
6584.77	21.344208	21.362768
6584.77	21.344208	21.362768
6585.22	21.344208	21.362768
6588.58	21.344208	21.362768
6656.55	21.344208	21.362768
6656.55	21.344208	21.362768
6656.55	21.344208	21.362768
6656.56	21.344208	21.362768
6656.56	21.344208	21.362768
6656.56	21.344208	21.362768
6656.57	21.344208	21.362768
6656.58	21.344208	21.362768
6656.94	21.344208	21.362768
6799.00	21.344208	21.362768
6799.01	21.344208	21.355992
6799.01	21.344208	21.355992
6799.01	21.344208	21.355992
6799.01	21.344208	21.355992
6799.01	21.344208	21.355992
6799.01	21.344208	21.355992
6799.02	21.344208	21.355992
6799.02	21.344208	21.355992
6799.02	21.344208	21.350100
6799.02	21.344208	21.350100
6799.02	21.344208	21.350100
6799.02	21.344208	21.350100
6799.03	21.344208	21.350100
6799.03	21.344208	21.350100
6799.03	21.344208	21.350100
6799.03	21.344208	21.350100
6799.04	21.344208	21.350100
6799.04	21.344208	21.350100
6799.04	21.344208	21.350100
6799.04	21.344208	21.350100
6799.06	21.344208	21.350100
6799.39	21.344208	21.350100
6802.43	21.344208	21.350100
6871.58	21.344208	21.350100
6871.58	21.344208	21.350100
6871.58	21.344208	21.350100
6871.58	21.344208	21.344208
6871.59	21.344208	21.344208
6871.59	21.344208	21.344208
6871.59	21.344208	21.344208
6871.59	21.344208	21.344208
6871.59	21.344208	21.344208
6871.59	21.344208	21.344208
6871.59	21.344208	21.344208
6871.60	21.344208	21.344208
7013.49	21.344208	21.344208
7013.49	21.344208	21.344208
7013.49	21.344208	21.344208
7013.49	21.344208	21.344208
7013.49	21.344208	21.344208
7013.50	21.344208	21.344208
7013.50	21.344208	21.344208
7013.50	21.344208	21.344208
7013.50	21.344208	21.344208
7013.50	21.344208	21.344208
7013.51	21.344208	21.344208
7013.51	21.344208	21.344208
7013.51	21.344208	21.344208
7013.51	21.344208	21.344208
7013.51	21.344208	21.344208
7013.52	21.344208	21.344208
7013.52	21.344208	21.344208
7013.52	21.344208	21.344208
7013.52	21.344208	21.344208
7013.52	21.344208	21.344208
7013.53	21.344208	21.344208
7013.53	21.344208	21.344208
7013.53	21.344208	21.344208
7013.53	21.344208	21.344208
7013.54	21.344208	21.344208
7014.09	21.344208	21.344208
7017.03	21.344208	21.344208
7089.40	21.344208	21.344208
7089.40	21.344208	21.344208
7089.40	21.344208	21.344208
7089.40	21.344208	21.344208
7089.40	21.344208	21.344208
7089.41	21.344208	21.344208
7089.41	21.344208	21.344208
7089.41	21.344208	21.344208
7089.41	21.344208	21.344208
7089.41	21.344208	21.344208
7089.41	21.344208	21.344208
7089.42	21.344208	21.344208
7089.89	21.344208	21.344208
7092.99	21.344208	21.344208
7232.17	21.344208	21.344208
7232.18	21.344208	21.344208
7232.18	21.344208	21.344208
7232.18	21.344208	21.344208
7232.18	21.344208	21.344208
7232.19	21.344208	21.344208
7232.19	21.344208	21.344208
7232.19	21.344208	21.344208
7232.19	21.344208	21.344208
7232.19	21.344208	21.344208
7232.20	21.344208	21.344208
7232.20	21.344208	21.344208
7232.20	21.344208	21.344208
7232.20	21.344208	21.344208
7232.21	21.344208	21.344208
7232.21	21.344208	21.344208
7232.21	21.344208	21.344208
7232.21	21.344208	21.344208
7232.21	21.344208	21.344208
7232.22	21.344208	21.344208
7232.22	21.344208	21.344208
7232.22	21.344208	21.344208
7232.22	21.344208	21.344208
7232.22	21.344208	21.344208
7232.23	21.344208	21.344208
7232.23	21.344208	21.344208
7236.30	21.344208	21.344208
7305.13	21.344208	21.344208
7305.13	21.344208	21.344208
7305.13	21.344208	21.344208
7305.13	21.344208	21.344208
7305.13	21.344208	21.344208
7305.14	21.344208	21.344208
7305.14	21.344208	21.344208
7305.15	21.344208	21.344208
7305.15	21.344208	21.344208
7306.70	21.344208	21.344208
7309.42	21.344208	21.344208
7436.95	21.344208	21.344208
7436.95	21.344208	21.344208
7436.95	21.344208	21.344208
7436.96	21.344208	21.344208
7436.96	21.344208	21.344208
7436.96	21.344208	21.344208
7436.96	21.344208	21.344208
7436.96	21.344208	21.344208
7436.97	21.344208	21.344208
7436.97	21.344208	21.344208
7436.97	21.344208	21.344208
7436.97	21.344208	21.344208
7436.97	21.344208	21.344208
7436.97	21.344208	21.344208
7436.98	21.344208	21.344208
7436.98	21.344208	21.344208
7436.98	21.344208	21.344208
7436.98	21.344208	21.344208
7436.98	21.344208	21.344208
7436.99	21.344208	21.344208
7436.99	21.344208	21.344208
7436.99	21.344208	21.344208
7436.99	21.344208	21.344208
7436.99	21.344208	21.344208
7437.00	21.344208	21.344208
7437.00	21.344208	21.344208
7437.01	21.344208	21.344208
7437.31	21.344208	21.344208
7503.11	21.344208	21.344208
7503.11	21.344208	21.344208
7503.11	21.344208	21.344208
7503.11	21.344208	21.344208
7503.12	21.344208	21.344208
7503.12	21.344208	21.344208
7503.12	21.344208	21.344208
7503.12	21.344208	21.344208
7503.12	21.344208	21.344208
7503.13	21.344208	21.344208
7503.13	21.333818	21.342130
7503.15	21.333818	21.342130
7503.16	21.333818	21.342130
7503.86	21.333818	21.342130
7507.02	21.333818	21.342130
7643.10	21.333818	21.342130
7643.11	21.333818	21.342130
7643.11	21.333818	21.342130
7643.11	21.333818	21.342130
7643.11	21.333818	21.342130
7643.11	21.333818	21.342130
7643.12	21.333818	21.342130
7643.12	21.333818	21.342130
7643.12	21.333818	21.342130
7643.13	21.333818	21.342130
7643.13	21.333818	21.342130
7643.13	21.333818	21.342130
7643.14	21.333818	21.342130
7643.14	21.333818	21.342130
7643.14	21.333818	21.342130
7643.14	21.333818	21.342130
7643.15	21.333818	21.342130
7643.15	21.333818	21.342130
7643.15	21.333818	21.342130
7643.15	21.333818	21.342130
7643.16	21.333818	21.342130
7643.16	21.333818	21.342130
7643.16	21.333818	21.342130
7643.17	21.333818	21.340052
7643.17	21.333818	21.340052
7643.17	21.333818	21.340052
7644.35	21.333818	21.340052
7647.13	21.333818	21.340052
7722.87	21.333818	21.340052
7722.87	21.333818	21.340052
7722.87	21.333818	21.340052
7722.88	21.333818	21.340052
7722.88	21.333818	21.337974
7722.88	21.333818	21.337974
7722.88	21.333818	21.337974
7722.88	21.333818	21.337354
7722.89	21.333818	21.337354
7722.89	21.333818	21.337354
7722.90	21.333818	21.337354
7722.90	21.333818	21.337354
7723.19	21.333818	21.337354
7852.83	21.333818	21.337354
7852.83	21.333818	21.337354
7852.83	21.333818	21.337354
7852.84	21.333818	21.337354
7852.84	21.333818	21.337354
7852.84	21.333818	21.337354
7852.84	21.333818	21.337354
7852.84	21.333818	21.337354
7852.84	21.333818	21.337354
7852.85	21.333818	21.337354
7852.85	21.333818	21.335276
7852.85	21.333818	21.335276
7852.85	21.333818	21.335276
7852.85	21.333818	21.335276
7852.86	21.333818	21.335276
7852.86	21.333818	21.335276
7852.86	21.333818	21.335276
7852.86	21.333818	21.335276
7852.86	21.333818	21.335276
7852.87	21.333818	21.335276
7852.87	21.333818	21.335276
7852.87	21.333818	21.335276
7852.87	21.333818	21.335276
7852.88	21.333818	21.335276
7852.89	21.333818	21.335276
7853.24	21.333818	21.333818
7921.75	21.333818	21.333818
7921.75	21.333818	21.333818
7921.76	21.333818	21.333818
7921.76	21.333818	21.333818
7921.76	21.333818	21.333818
7921.77	21.333818	21.333818
7921.77	21.333818	21.333818
7921.78	21.333818	21.333818
7921.78	21.333818	21.333818
7921.80	21.333818	21.333818
7922.27	21.333818	21.333818
7925.15	21.333818	21.333818
8053.89	21.333818	21.333818
8053.89	21.333818	21.333818
8053.90	21.302847	21.327624
8053.90	21.302847	21.327624
8053.90	21.302847	21.327624
8053.90	21.302847	21.327624
8053.90	21.302847	21.327624
8053.90	21.302847	21.327624
8053.91	21.302847	21.327624
8053.91	21.302847	21.327624
8053.91	21.302847	21.327624
8053.91	21.302847	21.327624
8053.91	21.302847	21.327624
8053.92	21.302847	21.327624
8053.92	21.302847	21.327624
8053.92	21.302847	21.327624
8053.92	21.302847	21.327624
8053.92	21.302847	21.327624
8053.92	21.302847	21.327624
8053.93	21.302847	21.327624
8053.93	21.302847	21.327624
8053.93	21.302847	21.327624
8053.93	21.302847	21.327624
8053.93	21.302847	21.327624
8053.93	21.302847	21.327624
8053.95	21.302847	21.327624
8054.29	21.302847	21.327624
8123.19	21.302847	21.327624
8123.19	21.302847	21.321430
8123.19	21.302847	21.321430
8123.19	21.302847	21.321430
8123.19	21.302847	21.321430
8123.20	21.302847	21.321430
8123.20	21.302847	21.321430
8123.20	21.302847	21.318246
8123.21	21.302847	21.318246
8123.21	21.302847	21.318246
8123.21	21.302847	21.312051
8123.78	21.302847	21.305857
8126.60	21.302847	21.305857
8260.22	21.302847	21.302847
8260.22	21.302847	21.302847
8260.22	21.302847	21.302847
8260.22	21.302847	21.302847
8260.23	21.302847	21.302847
8260.23	21.302847	21.302847
8260.23	21.302847	21.302847
8260.23	21.302847	21.302847
8260.23	21.302847	21.302847
8260.24	21.302847	21.302847
8260.24	21.302847	21.302847
8260.24	21.302847	21.302847
8260.24	21.302847	21.302847
8260.24	21.302847	21.302847
8260.25	21.302847	21.302847
8260.25	21.302847	21.302847
8260.25	21.302847	21.302847
8260.25	21.302847	21.302847
8260.25	21.302847	21.302847
8260.26	21.302847	21.302847
8260.26	21.302847	21.302847
8260.26	21.302847	21.302847
8260.26	21.302847	21.302847
8260.26	21.302847	21.302847
8260.27	21.302847	21.302847
8260.28	21.302847	21.302847
8260.28	21.302847	21.302847
8260.75	21.302847	21.302847
8263.63	21.302847	21.302847
8333.04	21.302847	21.302847
8333.04	21.302847	21.302847
8333.04	21.302847	21.302847
8333.05	21.302847	21.302847
8333.05	21.302847	21.302847
8360.52	21.302847	21.302847
8360.52	21.302847	21.302847
8360.53	21.302847	21.302847
8360.53	21.302847	21.302847
8509.79	21.302847	21.302847
8509.79	21.302847	21.302847
8509.79	21.302847	21.302847
8509.79	21.302847	21.302847
8509.79	21.302847	21.302847
8509.80	21.302847	21.302847
8509.80	21.302847	21.302847
8509.80	21.302847	21.302847
8509.80	21.302847	21.302847
8509.81	21.302847	21.302847
8509.81	21.302847	21.302847
8509.81	21.302847	21.302847
8509.82	21.302847	21.302847
8509.82	21.302847	21.302847
8509.82	21.302847	21.302847
8509.82	21.302847	21.302847
8509.82	21.302847	21.302847
8509.83	21.302847	21.302847
8509.83	21.302847	21.302847
8509.83	21.302847	21.302847
8509.83	21.302847	21.302847
8509.84	21.302847	21.302847
8509.84	21.302847	21.302847
8509.84	21.302847	21.302847
8509.85	21.302847	21.302847
8509.85	21.302847	21.302847
8510.36	21.302847	21.302847
8514.24	21.302847	21.302847
8590.04	21.302847	21.302847
8590.04	21.302847	21.302847
8590.04	21.302847	21.302847
8590.05	21.302847	21.302847
8590.05	21.302847	21.302847
8590.05	21.302847	21.302847
8590.06	21.302847	21.302847
8590.06	21.302847	21.302847
8590.06	21.302847	21.302847
8590.06	21.302847	21.302847
8590.63	21.302847	21.302847
8593.51	21.302847	21.302847
8732.64	21.302847	21.302847
8732.65	21.302847	21.302847
8732.65	21.302847	21.302847
8732.65	21.302847	21.302847
8732.65	21.302847	21.302847
8732.65	21.302847	21.302847
8732.65	21.302847	21.302847
8732.66	21.302847	21.302847
8732.66	21.302847	21.302847
8732.66	21.302847	21.302847
8732.66	21.302847	21.302847
8732.66	21.302847	21.302847
8732.66	21.302847	21.302847
8732.67	21.302847	21.302847
8732.67	21.302847	21.302847
8732.67	21.302847	21.302847
8732.67	21.302847	21.302847
8732.67	21.302847	21.302847
8732.67	21.302847	21.302847
8732.68	21.302847	21.302847
8732.68	21.302847	21.302847
8732.68	21.302847	21.302847
8732.68	21.302847	21.302847
8732.68	21.302847	21.302847
8732.69	21.302847	21.302847
8732.69	21.302847	21.302847
8732.69	21.302847	21.302847
8732.69	21.302847	21.302847
8733.17	21.302847	21.302847
8735.99	21.302847	21.302847
8802.85	21.302847	21.302847
8802.85	21.302847	21.302847
8802.86	21.302847	21.302847
8802.86	21.302847	21.302847
8802.86	21.302847	21.302847
8802.86	21.302847	21.302847
8802.86	21.302847	21.302847
8802.87	21.302847	21.302847
8802.87	21.302847	21.302847
8802.88	21.302847	21.302847
8802.89	21.302847	21.302847
8803.41	21.302847	21.302847
8806.25	21.302847	21.302847
8956.09	21.302847	21.302847
8956.09	21.302847	21.302847
8956.09	21.302847	21.302847
8956.10	21.302847	21.302847
8956.10	21.302847	21.302847
8956.10	21.302847	21.302847
8956.10	21.302847	21.302847
8956.10	21.302847	21.302847
8956.11	21.302847	21.302847
8956.11	21.302847	21.302847
8956.11	21.302847	21.302847
8956.11	21.302847	21.302847
8956.11	21.302847	21.302847
8956.12	21.302847	21.302847
8956.12	21.302847	21.302847
8956.12	21.302847	21.302847
8956.12	21.302847	21.302847
8956.12	21.302847	21.302847
8956.13	21.302847	21.302847
8956.13	21.302847	21.302847
8956.13	21.302847	21.302847
8956.13	21.302847	21.302847
8956.13	21.302847	21.302847
8956.13	21.302847	21.302847
8956.14	21.302847	21.302847
8956.14	21.302847	21.302847
8956.15	21.302847	21.302847
8956.68	21.302847	21.302847
8960.07	21.302847	21.302847
9037.20	21.302847	21.302847
9037.21	21.302847	21.302847
9037.21	21.302847	21.302847
9037.21	21.302847	21.302847
9037.21	21.302847	21.302847
9037.21	21.302847	21.302847
9037.22	21.302847	21.302847
9037.22	21.302847	21.302847
9037.23	21.302847	21.302847
9037.24	21.302847	21.302847
9037.76	21.302847	21.302847
9040.79	21.302847	21.302847
9181.55	21.302847	21.302847
9181.55	21.302847	21.302847
9181.55	21.302847	21.302847
9181.55	21.302847	21.302847
9181.55	21.302847	21.302847
9181.55	21.302847	21.302847
9181.56	21.302847	21.302847
9181.56	21.302847	21.302847
9181.56	21.302847	21.302847
9181.56	21.302847	21.302847
9181.56	21.302847	21.302847
9181.56	21.302847	21.302847
9181.57	21.302847	21.302847
9181.57	21.302847	21.302847
9181.57	21.302847	21.302847
9181.57	21.302847	21.302847
9181.57	21.302847	21.302847
9181.57	21.302847	21.302847
9181.58	21.302847	21.302847
9181.58	21.302847	21.302847
9181.58	21.302847	21.302847
9181.58	21.302847	21.302847
9181.58	21.302847	21.302847
9181.59	21.302847	21.302847
9181.59	21.302847	21.302847
9181.59	21.302847	21.302847
9181.59	21.302847	21.302847
9181.59	21.302847	21.302847
9184.88	21.302847	21.302847
9255.81	21.302847	21.302847
9255.81	21.302847	21.302847
9255.81	21.302847	21.302847
9255.82	21.302847	21.302847
9255.82	21.302847	21.302847
9255.82	21.302847	21.302847
9255.82	21.302847	21.302847
9255.83	21.302847	21.302847
9255.84	21.302847	21.302847
9255.85	21.302847	21.302847
9255.86	21.302847	21.302847
9256.21	21.302847	21.302847
9259.25	21.302847	21.302847
9407.53	21.302847	21.302847
9407.53	21.302847	21.302847
9407.53	21.302847	21.302847
9407.54	21.302847	21.302847
9407.54	21.302847	21.302847
9407.54	21.302847	21.302847
9407.54	21.302847	21.302847
9407.54	21.302847	21.302847
9407.55	21.302847	21.302847
9407.55	21.302847	21.302847
9407.55	21.302847	21.302847
9407.55	21.302847	21.302847
9407.55	21.302847	21.302847
9407.56	21.302847	21.302847
9407.56	21.302847	21.302847
9407.56	21.302847	21.302847
9407.56	21.302847	21.302847
9407.56	21.302847	21.302847
9407.57	21.302847	21.302847
9407.57	21.302847	21.302847
9407.57	21.302847	21.302847
9407.57	21.302847	21.302847
9407.57	21.302847	21.302847
9407.58	21.302847	21.302847
9407.58	21.302847	21.302847
9407.58	21.302847	21.302847
9407.59	21.302847	21.302847
9407.59	21.302847	21.302847
9408.31	21.302847	21.302847
9411.23	21.302847	21.302847
9484.16	21.302847	21.302847
9484.16	21.302847	21.302847
9484.17	21.302847	21.302847
9484.17	21.302847	21.302847
9484.17	21.302847	21.302847
9484.17	21.302847	21.302847
9484.18	21.302847	21.302847
9484.18	21.302847	21.302847
9484.18	21.302847	21.302847
9484.19	21.302847	21.302847
9484.19	21.302847	21.302847
9484.20	21.302847	21.302847
9484.21	21.302847	21.302847
9485.16	21.302847	21.302847
9487.96	21.302847	21.302847
9638.62	21.302847	21.302847
9638.63	21.302847	21.302847
9638.63	21.302847	21.302847
9638.63	21.302847	21.302847
9638.63	21.302847	21.302847
9638.64	21.302847	21.302847
9638.64	21.302847	21.302847
9638.64	21.302847	21.302847
9638.65	21.302847	21.302847
9638.65	21.302847	21.302847
9638.65	21.302847	21.302847
9638.65	21.302847	21.302847
9638.66	21.302847	21.302847
9638.66	21.302847	21.302847
9638.66	21.302847	21.302847
9638.67	21.302847	21.302847
9638.67	21.302847	21.302847
9638.67	21.302847	21.302847
9638.67	21.302847	21.302847
9638.68	21.302847	21.302847
9638.68	21.302847	21.302847
9638.68	21.302847	21.302847
9638.69	21.302847	21.302847
9638.69	21.302847	21.302847
9638.69	21.302847	21.302847
9638.70	21.302847	21.302847
9638.70	21.302847	21.302847
9639.32	21.302847	21.302847
9710.39	21.302847	21.302847
9710.39	21.302847	21.302847
9710.40	21.302847	21.302847
9710.40	21.302847	21.302847
9710.40	21.302847	21.302847
9710.40	21.302847	21.302847
9710.40	21.302847	21.302847
9710.41	21.302847	21.302847
9710.41	21.302847	21.302847
9710.41	21.302847	21.302847
9711.01	21.302847	21.302847
9713.78	21.302847	21.302847
9853.29	21.302847	21.302847
9853.29	21.302847	21.302847
9853.29	21.302847	21.302847
9853.29	21.302847	21.302847
9853.30	21.302847	21.302847
9853.30	21.302847	21.302847
9853.30	21.302847	21.302847
9853.30	21.302847	21.302847
9853.30	21.302847	21.302847
9853.31	21.302847	21.302847
9853.31	21.302847	21.302847
9853.31	21.302847	21.302847
9853.31	21.302847	21.302847
9853.31	21.302847	21.302847
9853.32	21.302847	21.302847
9853.32	21.302847	21.302847
9853.32	21.302847	21.302847
9853.32	21.302847	21.302847
9853.33	21.302847	21.302847
9853.33	21.302847	21.302847
9853.33	21.302847	21.302847
9853.33	21.302847	21.302847
9853.33	21.302847	21.302847
9853.34	21.302847	21.302847
9853.34	21.302847	21.302847
9853.34	21.302847	21.302847
9853.35	21.302847	21.302847
9853.75	21.302847	21.302847
9856.73	21.302847	21.302847
9926.86	21.302847	21.302847
9926.86	21.302847	21.302847
9926.86	21.302847	21.302847
9926.86	21.302847	21.302847
9926.87	21.302847	21.302847
9926.87	21.302847	21.302847
9926.87	21.302847	21.302847
9926.88	21.302847	21.302847
9926.88	21.302847	21.302847
9926.89	21.302847	21.302847
9927.33	21.302847	21.302847
9930.31	21.302847	21.302847
