2025-01-26 22:45:57,501 - INFO - Starting training process...
2025-01-26 22:45:57,501 - INFO - Loading data...
2025-01-26 22:45:59,762 - INFO - Loaded 5238 code samples
2025-01-26 22:45:59,763 - INFO - 
Problem 0 statistics:
2025-01-26 22:45:59,769 - INFO -   Mean: 22.5370
2025-01-26 22:45:59,770 - INFO -   Std: 10.4246
2025-01-26 22:45:59,770 - INFO -   Min: 11.2571
2025-01-26 22:45:59,770 - INFO -   Max: 217.8638
2025-01-26 22:45:59,771 - INFO - Preparing training and test data...
2025-01-26 22:46:18,664 - INFO - 
Training data distribution:
2025-01-26 22:46:20,646 - INFO -   Minimal diff [0.01, 0.05): 1500 pairs (from 1725896 total)
2025-01-26 22:46:22,711 - INFO -   Small diff [0.05, 0.15): 3000 pairs (from 2806292 total)
2025-01-26 22:46:24,727 - INFO -   Medium diff [0.15, 0.5): 6000 pairs (from 2367294 total)
2025-01-26 22:46:26,522 - INFO -   Large diff [0.50, ¡Þ): 9000 pairs (from 1050689 total)
2025-01-26 22:46:26,522 - INFO - Final training set size: 19500 pairs
2025-01-26 22:46:27,834 - INFO - 
Test data distribution:
2025-01-26 22:46:27,834 - INFO -   Minimal diff [0.01, 0.05): 400 pairs
2025-01-26 22:46:27,834 - INFO -   Small diff [0.05, 0.15): 600 pairs
2025-01-26 22:46:27,835 - INFO -   Medium diff [0.15, 0.5): 1000 pairs
2025-01-26 22:46:27,835 - INFO -   Large diff [0.50, ¡Þ): 0 pairs
2025-01-26 22:46:27,835 - INFO - Final test set size: 2000 pairs
2025-01-26 22:46:29,667 - INFO - Starting training...
2025-01-26 22:46:29,667 - INFO - Total training pairs: 19500
2025-01-26 22:46:29,667 - INFO - Batch size: 64
2025-01-26 22:46:29,667 - INFO - Max epochs: 200
2025-01-26 22:46:36,566 - INFO - Epoch 1 Results:
2025-01-26 22:46:36,566 - INFO -   Average Loss: 0.7473
2025-01-26 22:46:36,566 - INFO -   Training Accuracy: 0.6666
2025-01-26 22:46:36,575 - INFO - Model saved to ./results/best_model_epoch_1.pth
2025-01-26 22:46:36,575 - INFO -   New best loss achieved! Model saved.
2025-01-26 22:46:43,410 - INFO - Epoch 2 Results:
2025-01-26 22:46:43,411 - INFO -   Average Loss: 0.7064
2025-01-26 22:46:43,411 - INFO -   Training Accuracy: 0.7135
2025-01-26 22:46:43,425 - INFO - Model saved to ./results/best_model_epoch_2.pth
2025-01-26 22:46:43,425 - INFO -   New best loss achieved! Model saved.
2025-01-26 22:46:50,325 - INFO - Epoch 3 Results:
2025-01-26 22:46:50,325 - INFO -   Average Loss: 0.6942
2025-01-26 22:46:50,325 - INFO -   Training Accuracy: 0.7307
2025-01-26 22:46:50,331 - INFO - Model saved to ./results/best_model_epoch_3.pth
2025-01-26 22:46:50,331 - INFO -   New best loss achieved! Model saved.
2025-01-26 22:46:57,286 - INFO - Epoch 4 Results:
2025-01-26 22:46:57,286 - INFO -   Average Loss: 0.6841
2025-01-26 22:46:57,286 - INFO -   Training Accuracy: 0.7399
2025-01-26 22:46:57,291 - INFO - Model saved to ./results/best_model_epoch_4.pth
2025-01-26 22:46:57,292 - INFO -   New best loss achieved! Model saved.
2025-01-26 22:47:04,455 - INFO - Epoch 5 Results:
2025-01-26 22:47:04,455 - INFO -   Average Loss: 0.6741
2025-01-26 22:47:04,455 - INFO -   Training Accuracy: 0.7531
2025-01-26 22:47:04,461 - INFO - Model saved to ./results/best_model_epoch_5.pth
2025-01-26 22:47:04,461 - INFO -   New best loss achieved! Model saved.
2025-01-26 22:47:11,319 - INFO - Epoch 6 Results:
2025-01-26 22:47:11,319 - INFO -   Average Loss: 0.6692
2025-01-26 22:47:11,319 - INFO -   Training Accuracy: 0.7542
2025-01-26 22:47:11,334 - INFO - Model saved to ./results/best_model_epoch_6.pth
2025-01-26 22:47:11,334 - INFO -   New best loss achieved! Model saved.
2025-01-26 22:47:18,179 - INFO - Epoch 7 Results:
2025-01-26 22:47:18,179 - INFO -   Average Loss: 0.6633
2025-01-26 22:47:18,179 - INFO -   Training Accuracy: 0.7612
2025-01-26 22:47:18,185 - INFO - Model saved to ./results/best_model_epoch_7.pth
2025-01-26 22:47:18,185 - INFO -   New best loss achieved! Model saved.
2025-01-26 22:47:25,010 - INFO - Epoch 8 Results:
2025-01-26 22:47:25,010 - INFO -   Average Loss: 0.6586
2025-01-26 22:47:25,010 - INFO -   Training Accuracy: 0.7645
2025-01-26 22:47:25,016 - INFO - Model saved to ./results/best_model_epoch_8.pth
2025-01-26 22:47:25,017 - INFO -   New best loss achieved! Model saved.
2025-01-26 22:47:31,840 - INFO - Epoch 9 Results:
2025-01-26 22:47:31,840 - INFO -   Average Loss: 0.6525
2025-01-26 22:47:31,840 - INFO -   Training Accuracy: 0.7739
2025-01-26 22:47:31,846 - INFO - Model saved to ./results/best_model_epoch_9.pth
2025-01-26 22:47:31,846 - INFO -   New best loss achieved! Model saved.
2025-01-26 22:47:38,712 - INFO - Epoch 10 Results:
2025-01-26 22:47:38,712 - INFO -   Average Loss: 0.6525
2025-01-26 22:47:38,712 - INFO -   Training Accuracy: 0.7696
2025-01-26 22:47:38,712 - INFO -   No improvement for 1 epochs
2025-01-26 22:47:45,547 - INFO - Epoch 11 Results:
2025-01-26 22:47:45,547 - INFO -   Average Loss: 0.6454
2025-01-26 22:47:45,547 - INFO -   Training Accuracy: 0.7774
2025-01-26 22:47:45,562 - INFO - Model saved to ./results/best_model_epoch_11.pth
2025-01-26 22:47:45,562 - INFO -   New best loss achieved! Model saved.
2025-01-26 22:47:52,485 - INFO - Epoch 12 Results:
2025-01-26 22:47:52,485 - INFO -   Average Loss: 0.6439
2025-01-26 22:47:52,485 - INFO -   Training Accuracy: 0.7793
2025-01-26 22:47:52,500 - INFO - Model saved to ./results/best_model_epoch_12.pth
2025-01-26 22:47:52,500 - INFO -   New best loss achieved! Model saved.
2025-01-26 22:47:59,544 - INFO - Epoch 13 Results:
2025-01-26 22:47:59,544 - INFO -   Average Loss: 0.6422
2025-01-26 22:47:59,544 - INFO -   Training Accuracy: 0.7785
2025-01-26 22:47:59,550 - INFO - Model saved to ./results/best_model_epoch_13.pth
2025-01-26 22:47:59,550 - INFO -   New best loss achieved! Model saved.
2025-01-26 22:48:06,590 - INFO - Epoch 14 Results:
2025-01-26 22:48:06,590 - INFO -   Average Loss: 0.6388
2025-01-26 22:48:06,590 - INFO -   Training Accuracy: 0.7802
2025-01-26 22:48:06,596 - INFO - Model saved to ./results/best_model_epoch_14.pth
2025-01-26 22:48:06,596 - INFO -   New best loss achieved! Model saved.
2025-01-26 22:48:13,859 - INFO - Epoch 15 Results:
2025-01-26 22:48:13,859 - INFO -   Average Loss: 0.6357
2025-01-26 22:48:13,859 - INFO -   Training Accuracy: 0.7852
2025-01-26 22:48:13,874 - INFO - Model saved to ./results/best_model_epoch_15.pth
2025-01-26 22:48:13,874 - INFO -   New best loss achieved! Model saved.
2025-01-26 22:48:20,896 - INFO - Epoch 16 Results:
2025-01-26 22:48:20,896 - INFO -   Average Loss: 0.6340
2025-01-26 22:48:20,896 - INFO -   Training Accuracy: 0.7854
2025-01-26 22:48:20,902 - INFO - Model saved to ./results/best_model_epoch_16.pth
2025-01-26 22:48:20,902 - INFO -   New best loss achieved! Model saved.
2025-01-26 22:48:27,953 - INFO - Epoch 17 Results:
2025-01-26 22:48:27,953 - INFO -   Average Loss: 0.6269
2025-01-26 22:48:27,953 - INFO -   Training Accuracy: 0.7927
2025-01-26 22:48:27,959 - INFO - Model saved to ./results/best_model_epoch_17.pth
2025-01-26 22:48:27,960 - INFO -   New best loss achieved! Model saved.
2025-01-26 22:48:34,887 - INFO - Epoch 18 Results:
2025-01-26 22:48:34,887 - INFO -   Average Loss: 0.6244
2025-01-26 22:48:34,887 - INFO -   Training Accuracy: 0.7942
2025-01-26 22:48:34,892 - INFO - Model saved to ./results/best_model_epoch_18.pth
2025-01-26 22:48:34,894 - INFO -   New best loss achieved! Model saved.
2025-01-26 22:48:41,986 - INFO - Epoch 19 Results:
2025-01-26 22:48:41,986 - INFO -   Average Loss: 0.6229
2025-01-26 22:48:41,987 - INFO -   Training Accuracy: 0.7947
2025-01-26 22:48:41,992 - INFO - Model saved to ./results/best_model_epoch_19.pth
2025-01-26 22:48:41,992 - INFO -   New best loss achieved! Model saved.
2025-01-26 22:48:49,219 - INFO - Epoch 20 Results:
2025-01-26 22:48:49,219 - INFO -   Average Loss: 0.6221
2025-01-26 22:48:49,219 - INFO -   Training Accuracy: 0.7953
2025-01-26 22:48:49,225 - INFO - Model saved to ./results/best_model_epoch_20.pth
2025-01-26 22:48:49,225 - INFO -   New best loss achieved! Model saved.
2025-01-26 22:48:56,225 - INFO - Epoch 21 Results:
2025-01-26 22:48:56,225 - INFO -   Average Loss: 0.6176
2025-01-26 22:48:56,225 - INFO -   Training Accuracy: 0.7996
2025-01-26 22:48:56,231 - INFO - Model saved to ./results/best_model_epoch_21.pth
2025-01-26 22:48:56,231 - INFO -   New best loss achieved! Model saved.
2025-01-26 22:49:03,375 - INFO - Epoch 22 Results:
2025-01-26 22:49:03,375 - INFO -   Average Loss: 0.6136
2025-01-26 22:49:03,375 - INFO -   Training Accuracy: 0.8029
2025-01-26 22:49:03,381 - INFO - Model saved to ./results/best_model_epoch_22.pth
2025-01-26 22:49:03,381 - INFO -   New best loss achieved! Model saved.
2025-01-26 22:49:10,275 - INFO - Epoch 23 Results:
2025-01-26 22:49:10,275 - INFO -   Average Loss: 0.6131
2025-01-26 22:49:10,275 - INFO -   Training Accuracy: 0.8022
2025-01-26 22:49:10,290 - INFO - Model saved to ./results/best_model_epoch_23.pth
2025-01-26 22:49:10,290 - INFO -   New best loss achieved! Model saved.
2025-01-26 22:49:17,266 - INFO - Epoch 24 Results:
2025-01-26 22:49:17,266 - INFO -   Average Loss: 0.6111
2025-01-26 22:49:17,267 - INFO -   Training Accuracy: 0.8030
2025-01-26 22:49:17,272 - INFO - Model saved to ./results/best_model_epoch_24.pth
2025-01-26 22:49:17,272 - INFO -   New best loss achieved! Model saved.
2025-01-26 22:49:24,164 - INFO - Epoch 25 Results:
2025-01-26 22:49:24,164 - INFO -   Average Loss: 0.6067
2025-01-26 22:49:24,164 - INFO -   Training Accuracy: 0.8082
2025-01-26 22:49:24,171 - INFO - Model saved to ./results/best_model_epoch_25.pth
2025-01-26 22:49:24,171 - INFO -   New best loss achieved! Model saved.
2025-01-26 22:49:31,076 - INFO - Epoch 26 Results:
2025-01-26 22:49:31,076 - INFO -   Average Loss: 0.6054
2025-01-26 22:49:31,076 - INFO -   Training Accuracy: 0.8079
2025-01-26 22:49:31,081 - INFO - Model saved to ./results/best_model_epoch_26.pth
2025-01-26 22:49:31,081 - INFO -   New best loss achieved! Model saved.
2025-01-26 22:49:38,149 - INFO - Epoch 27 Results:
2025-01-26 22:49:38,149 - INFO -   Average Loss: 0.6050
2025-01-26 22:49:38,149 - INFO -   Training Accuracy: 0.8075
2025-01-26 22:49:38,155 - INFO - Model saved to ./results/best_model_epoch_27.pth
2025-01-26 22:49:38,156 - INFO -   New best loss achieved! Model saved.
2025-01-26 22:49:45,055 - INFO - Epoch 28 Results:
2025-01-26 22:49:45,055 - INFO -   Average Loss: 0.6012
2025-01-26 22:49:45,055 - INFO -   Training Accuracy: 0.8117
2025-01-26 22:49:45,061 - INFO - Model saved to ./results/best_model_epoch_28.pth
2025-01-26 22:49:45,061 - INFO -   New best loss achieved! Model saved.
2025-01-26 22:49:52,063 - INFO - Epoch 29 Results:
2025-01-26 22:49:52,063 - INFO -   Average Loss: 0.6023
2025-01-26 22:49:52,063 - INFO -   Training Accuracy: 0.8093
2025-01-26 22:49:52,063 - INFO -   No improvement for 1 epochs
2025-01-26 22:49:59,190 - INFO - Epoch 30 Results:
2025-01-26 22:49:59,190 - INFO -   Average Loss: 0.5939
2025-01-26 22:49:59,190 - INFO -   Training Accuracy: 0.8157
2025-01-26 22:49:59,205 - INFO - Model saved to ./results/best_model_epoch_30.pth
2025-01-26 22:49:59,205 - INFO -   New best loss achieved! Model saved.
2025-01-26 22:50:06,279 - INFO - Epoch 31 Results:
2025-01-26 22:50:06,279 - INFO -   Average Loss: 0.5934
2025-01-26 22:50:06,279 - INFO -   Training Accuracy: 0.8171
2025-01-26 22:50:06,284 - INFO - Model saved to ./results/best_model_epoch_31.pth
2025-01-26 22:50:06,284 - INFO -   New best loss achieved! Model saved.
2025-01-26 22:50:13,701 - INFO - Epoch 32 Results:
2025-01-26 22:50:13,702 - INFO -   Average Loss: 0.5882
2025-01-26 22:50:13,702 - INFO -   Training Accuracy: 0.8208
2025-01-26 22:50:13,707 - INFO - Model saved to ./results/best_model_epoch_32.pth
2025-01-26 22:50:13,707 - INFO -   New best loss achieved! Model saved.
2025-01-26 22:50:21,122 - INFO - Epoch 33 Results:
2025-01-26 22:50:21,122 - INFO -   Average Loss: 0.5892
2025-01-26 22:50:21,122 - INFO -   Training Accuracy: 0.8203
2025-01-26 22:50:21,122 - INFO -   No improvement for 1 epochs
2025-01-26 22:50:28,230 - INFO - Epoch 34 Results:
2025-01-26 22:50:28,231 - INFO -   Average Loss: 0.5861
2025-01-26 22:50:28,231 - INFO -   Training Accuracy: 0.8228
2025-01-26 22:50:28,237 - INFO - Model saved to ./results/best_model_epoch_34.pth
2025-01-26 22:50:28,237 - INFO -   New best loss achieved! Model saved.
2025-01-26 22:50:35,169 - INFO - Epoch 35 Results:
2025-01-26 22:50:35,169 - INFO -   Average Loss: 0.5866
2025-01-26 22:50:35,169 - INFO -   Training Accuracy: 0.8199
2025-01-26 22:50:35,170 - INFO -   No improvement for 1 epochs
2025-01-26 22:50:42,230 - INFO - Epoch 36 Results:
2025-01-26 22:50:42,231 - INFO -   Average Loss: 0.5848
2025-01-26 22:50:42,231 - INFO -   Training Accuracy: 0.8229
2025-01-26 22:50:42,236 - INFO - Model saved to ./results/best_model_epoch_36.pth
2025-01-26 22:50:42,236 - INFO -   New best loss achieved! Model saved.
2025-01-26 22:50:49,333 - INFO - Epoch 37 Results:
2025-01-26 22:50:49,333 - INFO -   Average Loss: 0.5832
2025-01-26 22:50:49,333 - INFO -   Training Accuracy: 0.8236
2025-01-26 22:50:49,338 - INFO - Model saved to ./results/best_model_epoch_37.pth
2025-01-26 22:50:49,338 - INFO -   New best loss achieved! Model saved.
2025-01-26 22:50:56,504 - INFO - Epoch 38 Results:
2025-01-26 22:50:56,504 - INFO -   Average Loss: 0.5774
2025-01-26 22:50:56,504 - INFO -   Training Accuracy: 0.8288
2025-01-26 22:50:56,519 - INFO - Model saved to ./results/best_model_epoch_38.pth
2025-01-26 22:50:56,519 - INFO -   New best loss achieved! Model saved.
2025-01-26 22:51:03,831 - INFO - Epoch 39 Results:
2025-01-26 22:51:03,831 - INFO -   Average Loss: 0.5776
2025-01-26 22:51:03,831 - INFO -   Training Accuracy: 0.8274
2025-01-26 22:51:03,831 - INFO -   No improvement for 1 epochs
2025-01-26 22:51:11,512 - INFO - Epoch 40 Results:
2025-01-26 22:51:11,512 - INFO -   Average Loss: 0.5748
2025-01-26 22:51:11,512 - INFO -   Training Accuracy: 0.8321
2025-01-26 22:51:11,519 - INFO - Model saved to ./results/best_model_epoch_40.pth
2025-01-26 22:51:11,519 - INFO -   New best loss achieved! Model saved.
2025-01-26 22:51:19,184 - INFO - Epoch 41 Results:
2025-01-26 22:51:19,185 - INFO -   Average Loss: 0.5782
2025-01-26 22:51:19,185 - INFO -   Training Accuracy: 0.8267
2025-01-26 22:51:19,185 - INFO -   No improvement for 1 epochs
2025-01-26 22:51:26,942 - INFO - Epoch 42 Results:
2025-01-26 22:51:26,943 - INFO -   Average Loss: 0.5758
2025-01-26 22:51:26,943 - INFO -   Training Accuracy: 0.8297
2025-01-26 22:51:26,943 - INFO -   No improvement for 2 epochs
2025-01-26 22:51:34,718 - INFO - Epoch 43 Results:
2025-01-26 22:51:34,718 - INFO -   Average Loss: 0.5806
2025-01-26 22:51:34,718 - INFO -   Training Accuracy: 0.8229
2025-01-26 22:51:34,718 - INFO -   No improvement for 3 epochs
2025-01-26 22:51:42,600 - INFO - Epoch 44 Results:
2025-01-26 22:51:42,600 - INFO -   Average Loss: 0.5783
2025-01-26 22:51:42,600 - INFO -   Training Accuracy: 0.8222
2025-01-26 22:51:42,600 - INFO -   No improvement for 4 epochs
2025-01-26 22:51:50,732 - INFO - Epoch 45 Results:
2025-01-26 22:51:50,732 - INFO -   Average Loss: 0.5732
2025-01-26 22:51:50,732 - INFO -   Training Accuracy: 0.8291
2025-01-26 22:51:50,736 - INFO - Model saved to ./results/best_model_epoch_45.pth
2025-01-26 22:51:50,736 - INFO -   New best loss achieved! Model saved.
2025-01-26 22:51:58,879 - INFO - Epoch 46 Results:
2025-01-26 22:51:58,879 - INFO -   Average Loss: 0.5732
2025-01-26 22:51:58,879 - INFO -   Training Accuracy: 0.8280
2025-01-26 22:51:58,879 - INFO -   No improvement for 1 epochs
2025-01-26 22:52:07,071 - INFO - Epoch 47 Results:
2025-01-26 22:52:07,071 - INFO -   Average Loss: 0.5689
2025-01-26 22:52:07,071 - INFO -   Training Accuracy: 0.8333
2025-01-26 22:52:07,076 - INFO - Model saved to ./results/best_model_epoch_47.pth
2025-01-26 22:52:07,076 - INFO -   New best loss achieved! Model saved.
2025-01-26 22:52:15,804 - INFO - Epoch 48 Results:
2025-01-26 22:52:15,804 - INFO -   Average Loss: 0.5647
2025-01-26 22:52:15,804 - INFO -   Training Accuracy: 0.8358
2025-01-26 22:52:15,819 - INFO - Model saved to ./results/best_model_epoch_48.pth
2025-01-26 22:52:15,819 - INFO -   New best loss achieved! Model saved.
2025-01-26 22:52:24,521 - INFO - Epoch 49 Results:
2025-01-26 22:52:24,521 - INFO -   Average Loss: 0.5641
2025-01-26 22:52:24,521 - INFO -   Training Accuracy: 0.8354
2025-01-26 22:52:24,526 - INFO - Model saved to ./results/best_model_epoch_49.pth
2025-01-26 22:52:24,526 - INFO -   New best loss achieved! Model saved.
2025-01-26 22:52:32,993 - INFO - Epoch 50 Results:
2025-01-26 22:52:32,993 - INFO -   Average Loss: 0.5615
2025-01-26 22:52:32,993 - INFO -   Training Accuracy: 0.8390
2025-01-26 22:52:33,000 - INFO - Model saved to ./results/best_model_epoch_50.pth
2025-01-26 22:52:33,000 - INFO -   New best loss achieved! Model saved.
2025-01-26 22:52:41,537 - INFO - Epoch 51 Results:
2025-01-26 22:52:41,537 - INFO -   Average Loss: 0.5635
2025-01-26 22:52:41,537 - INFO -   Training Accuracy: 0.8370
2025-01-26 22:52:41,537 - INFO -   No improvement for 1 epochs
2025-01-26 22:52:50,165 - INFO - Epoch 52 Results:
2025-01-26 22:52:50,165 - INFO -   Average Loss: 0.5598
2025-01-26 22:52:50,165 - INFO -   Training Accuracy: 0.8397
2025-01-26 22:52:50,170 - INFO - Model saved to ./results/best_model_epoch_52.pth
2025-01-26 22:52:50,170 - INFO -   New best loss achieved! Model saved.
2025-01-26 22:52:58,877 - INFO - Epoch 53 Results:
2025-01-26 22:52:58,877 - INFO -   Average Loss: 0.5559
2025-01-26 22:52:58,877 - INFO -   Training Accuracy: 0.8422
2025-01-26 22:52:58,891 - INFO - Model saved to ./results/best_model_epoch_53.pth
2025-01-26 22:52:58,891 - INFO -   New best loss achieved! Model saved.
2025-01-26 22:53:07,747 - INFO - Epoch 54 Results:
2025-01-26 22:53:07,747 - INFO -   Average Loss: 0.5560
2025-01-26 22:53:07,747 - INFO -   Training Accuracy: 0.8412
2025-01-26 22:53:07,747 - INFO -   No improvement for 1 epochs
2025-01-26 22:53:16,398 - INFO - Epoch 55 Results:
2025-01-26 22:53:16,398 - INFO -   Average Loss: 0.5515
2025-01-26 22:53:16,398 - INFO -   Training Accuracy: 0.8452
2025-01-26 22:53:16,403 - INFO - Model saved to ./results/best_model_epoch_55.pth
2025-01-26 22:53:16,403 - INFO -   New best loss achieved! Model saved.
2025-01-26 22:53:24,996 - INFO - Epoch 56 Results:
2025-01-26 22:53:24,997 - INFO -   Average Loss: 0.5526
2025-01-26 22:53:24,997 - INFO -   Training Accuracy: 0.8459
2025-01-26 22:53:24,997 - INFO -   No improvement for 1 epochs
2025-01-26 22:53:33,521 - INFO - Epoch 57 Results:
2025-01-26 22:53:33,521 - INFO -   Average Loss: 0.5489
2025-01-26 22:53:33,521 - INFO -   Training Accuracy: 0.8507
2025-01-26 22:53:33,527 - INFO - Model saved to ./results/best_model_epoch_57.pth
2025-01-26 22:53:33,527 - INFO -   New best loss achieved! Model saved.
2025-01-26 22:53:41,750 - INFO - Epoch 58 Results:
2025-01-26 22:53:41,751 - INFO -   Average Loss: 0.5513
2025-01-26 22:53:41,751 - INFO -   Training Accuracy: 0.8449
2025-01-26 22:53:41,751 - INFO -   No improvement for 1 epochs
2025-01-26 22:53:50,011 - INFO - Epoch 59 Results:
2025-01-26 22:53:50,011 - INFO -   Average Loss: 0.5468
2025-01-26 22:53:50,011 - INFO -   Training Accuracy: 0.8501
2025-01-26 22:53:50,016 - INFO - Model saved to ./results/best_model_epoch_59.pth
2025-01-26 22:53:50,016 - INFO -   New best loss achieved! Model saved.
2025-01-26 22:53:58,582 - INFO - Epoch 60 Results:
2025-01-26 22:53:58,582 - INFO -   Average Loss: 0.5472
2025-01-26 22:53:58,582 - INFO -   Training Accuracy: 0.8484
2025-01-26 22:53:58,582 - INFO -   No improvement for 1 epochs
2025-01-26 22:54:07,096 - INFO - Epoch 61 Results:
2025-01-26 22:54:07,096 - INFO -   Average Loss: 0.5526
2025-01-26 22:54:07,096 - INFO -   Training Accuracy: 0.8432
2025-01-26 22:54:07,096 - INFO -   No improvement for 2 epochs
2025-01-26 22:54:15,601 - INFO - Epoch 62 Results:
2025-01-26 22:54:15,601 - INFO -   Average Loss: 0.5481
2025-01-26 22:54:15,602 - INFO -   Training Accuracy: 0.8478
2025-01-26 22:54:15,602 - INFO -   No improvement for 3 epochs
2025-01-26 22:54:24,238 - INFO - Epoch 63 Results:
2025-01-26 22:54:24,238 - INFO -   Average Loss: 0.5447
2025-01-26 22:54:24,238 - INFO -   Training Accuracy: 0.8496
2025-01-26 22:54:24,253 - INFO - Model saved to ./results/best_model_epoch_63.pth
2025-01-26 22:54:24,253 - INFO -   New best loss achieved! Model saved.
2025-01-26 22:54:32,612 - INFO - Epoch 64 Results:
2025-01-26 22:54:32,612 - INFO -   Average Loss: 0.5464
2025-01-26 22:54:32,612 - INFO -   Training Accuracy: 0.8469
2025-01-26 22:54:32,612 - INFO -   No improvement for 1 epochs
2025-01-26 22:54:41,007 - INFO - Epoch 65 Results:
2025-01-26 22:54:41,007 - INFO -   Average Loss: 0.5446
2025-01-26 22:54:41,007 - INFO -   Training Accuracy: 0.8498
2025-01-26 22:54:41,012 - INFO - Model saved to ./results/best_model_epoch_65.pth
2025-01-26 22:54:41,013 - INFO -   New best loss achieved! Model saved.
2025-01-26 22:54:49,188 - INFO - Epoch 66 Results:
2025-01-26 22:54:49,188 - INFO -   Average Loss: 0.5425
2025-01-26 22:54:49,188 - INFO -   Training Accuracy: 0.8517
2025-01-26 22:54:49,193 - INFO - Model saved to ./results/best_model_epoch_66.pth
2025-01-26 22:54:49,193 - INFO -   New best loss achieved! Model saved.
2025-01-26 22:54:57,128 - INFO - Epoch 67 Results:
2025-01-26 22:54:57,128 - INFO -   Average Loss: 0.5435
2025-01-26 22:54:57,128 - INFO -   Training Accuracy: 0.8500
2025-01-26 22:54:57,128 - INFO -   No improvement for 1 epochs
2025-01-26 22:55:05,124 - INFO - Epoch 68 Results:
2025-01-26 22:55:05,124 - INFO -   Average Loss: 0.5391
2025-01-26 22:55:05,124 - INFO -   Training Accuracy: 0.8546
2025-01-26 22:55:05,130 - INFO - Model saved to ./results/best_model_epoch_68.pth
2025-01-26 22:55:05,130 - INFO -   New best loss achieved! Model saved.
2025-01-26 22:55:13,608 - INFO - Epoch 69 Results:
2025-01-26 22:55:13,608 - INFO -   Average Loss: 0.5399
2025-01-26 22:55:13,608 - INFO -   Training Accuracy: 0.8536
2025-01-26 22:55:13,608 - INFO -   No improvement for 1 epochs
2025-01-26 22:55:21,964 - INFO - Epoch 70 Results:
2025-01-26 22:55:21,964 - INFO -   Average Loss: 0.5411
2025-01-26 22:55:21,964 - INFO -   Training Accuracy: 0.8509
2025-01-26 22:55:21,964 - INFO -   No improvement for 2 epochs
2025-01-26 22:55:30,378 - INFO - Epoch 71 Results:
2025-01-26 22:55:30,378 - INFO -   Average Loss: 0.5396
2025-01-26 22:55:30,378 - INFO -   Training Accuracy: 0.8527
2025-01-26 22:55:30,378 - INFO -   No improvement for 3 epochs
2025-01-26 22:55:38,398 - INFO - Epoch 72 Results:
2025-01-26 22:55:38,398 - INFO -   Average Loss: 0.5426
2025-01-26 22:55:38,398 - INFO -   Training Accuracy: 0.8506
2025-01-26 22:55:38,398 - INFO -   No improvement for 4 epochs
2025-01-26 22:55:46,146 - INFO - Epoch 73 Results:
2025-01-26 22:55:46,147 - INFO -   Average Loss: 0.5385
2025-01-26 22:55:46,147 - INFO -   Training Accuracy: 0.8522
2025-01-26 22:55:46,152 - INFO - Model saved to ./results/best_model_epoch_73.pth
2025-01-26 22:55:46,152 - INFO -   New best loss achieved! Model saved.
2025-01-26 22:55:54,014 - INFO - Epoch 74 Results:
2025-01-26 22:55:54,014 - INFO -   Average Loss: 0.5401
2025-01-26 22:55:54,014 - INFO -   Training Accuracy: 0.8510
2025-01-26 22:55:54,015 - INFO -   No improvement for 1 epochs
2025-01-26 22:56:01,982 - INFO - Epoch 75 Results:
2025-01-26 22:56:01,982 - INFO -   Average Loss: 0.5314
2025-01-26 22:56:01,982 - INFO -   Training Accuracy: 0.8600
2025-01-26 22:56:01,987 - INFO - Model saved to ./results/best_model_epoch_75.pth
2025-01-26 22:56:01,987 - INFO -   New best loss achieved! Model saved.
2025-01-26 22:56:10,029 - INFO - Epoch 76 Results:
2025-01-26 22:56:10,029 - INFO -   Average Loss: 0.5287
2025-01-26 22:56:10,029 - INFO -   Training Accuracy: 0.8624
2025-01-26 22:56:10,035 - INFO - Model saved to ./results/best_model_epoch_76.pth
2025-01-26 22:56:10,035 - INFO -   New best loss achieved! Model saved.
2025-01-26 22:56:18,413 - INFO - Epoch 77 Results:
2025-01-26 22:56:18,413 - INFO -   Average Loss: 0.5303
2025-01-26 22:56:18,413 - INFO -   Training Accuracy: 0.8599
2025-01-26 22:56:18,413 - INFO -   No improvement for 1 epochs
2025-01-26 22:56:26,498 - INFO - Epoch 78 Results:
2025-01-26 22:56:26,498 - INFO -   Average Loss: 0.5308
2025-01-26 22:56:26,498 - INFO -   Training Accuracy: 0.8582
2025-01-26 22:56:26,498 - INFO -   No improvement for 2 epochs
2025-01-26 22:56:34,642 - INFO - Epoch 79 Results:
2025-01-26 22:56:34,642 - INFO -   Average Loss: 0.5308
2025-01-26 22:56:34,642 - INFO -   Training Accuracy: 0.8581
2025-01-26 22:56:34,642 - INFO -   No improvement for 3 epochs
2025-01-26 22:56:42,962 - INFO - Epoch 80 Results:
2025-01-26 22:56:42,962 - INFO -   Average Loss: 0.5269
2025-01-26 22:56:42,962 - INFO -   Training Accuracy: 0.8628
2025-01-26 22:56:42,969 - INFO - Model saved to ./results/best_model_epoch_80.pth
2025-01-26 22:56:42,969 - INFO -   New best loss achieved! Model saved.
2025-01-26 22:56:51,509 - INFO - Epoch 81 Results:
2025-01-26 22:56:51,509 - INFO -   Average Loss: 0.5275
2025-01-26 22:56:51,509 - INFO -   Training Accuracy: 0.8604
2025-01-26 22:56:51,510 - INFO -   No improvement for 1 epochs
2025-01-26 22:57:00,020 - INFO - Epoch 82 Results:
2025-01-26 22:57:00,020 - INFO -   Average Loss: 0.5293
2025-01-26 22:57:00,020 - INFO -   Training Accuracy: 0.8594
2025-01-26 22:57:00,020 - INFO -   No improvement for 2 epochs
2025-01-26 22:57:08,779 - INFO - Epoch 83 Results:
2025-01-26 22:57:08,779 - INFO -   Average Loss: 0.5257
2025-01-26 22:57:08,779 - INFO -   Training Accuracy: 0.8617
2025-01-26 22:57:08,784 - INFO - Model saved to ./results/best_model_epoch_83.pth
2025-01-26 22:57:08,784 - INFO -   New best loss achieved! Model saved.
2025-01-26 22:57:17,654 - INFO - Epoch 84 Results:
2025-01-26 22:57:17,655 - INFO -   Average Loss: 0.5230
2025-01-26 22:57:17,655 - INFO -   Training Accuracy: 0.8663
2025-01-26 22:57:17,660 - INFO - Model saved to ./results/best_model_epoch_84.pth
2025-01-26 22:57:17,660 - INFO -   New best loss achieved! Model saved.
2025-01-26 22:57:26,741 - INFO - Epoch 85 Results:
2025-01-26 22:57:26,742 - INFO -   Average Loss: 0.5246
2025-01-26 22:57:26,742 - INFO -   Training Accuracy: 0.8635
2025-01-26 22:57:26,742 - INFO -   No improvement for 1 epochs
2025-01-26 22:57:35,740 - INFO - Epoch 86 Results:
2025-01-26 22:57:35,740 - INFO -   Average Loss: 0.5207
2025-01-26 22:57:35,740 - INFO -   Training Accuracy: 0.8675
2025-01-26 22:57:35,745 - INFO - Model saved to ./results/best_model_epoch_86.pth
2025-01-26 22:57:35,745 - INFO -   New best loss achieved! Model saved.
2025-01-26 22:57:44,589 - INFO - Epoch 87 Results:
2025-01-26 22:57:44,589 - INFO -   Average Loss: 0.5250
2025-01-26 22:57:44,589 - INFO -   Training Accuracy: 0.8618
2025-01-26 22:57:44,589 - INFO -   No improvement for 1 epochs
2025-01-26 22:57:53,599 - INFO - Epoch 88 Results:
2025-01-26 22:57:53,599 - INFO -   Average Loss: 0.5274
2025-01-26 22:57:53,599 - INFO -   Training Accuracy: 0.8592
2025-01-26 22:57:53,599 - INFO -   No improvement for 2 epochs
2025-01-26 22:58:02,462 - INFO - Epoch 89 Results:
2025-01-26 22:58:02,462 - INFO -   Average Loss: 0.5240
2025-01-26 22:58:02,462 - INFO -   Training Accuracy: 0.8635
2025-01-26 22:58:02,462 - INFO -   No improvement for 3 epochs
2025-01-26 22:58:11,439 - INFO - Epoch 90 Results:
2025-01-26 22:58:11,439 - INFO -   Average Loss: 0.5211
2025-01-26 22:58:11,439 - INFO -   Training Accuracy: 0.8645
2025-01-26 22:58:11,440 - INFO -   No improvement for 4 epochs
2025-01-26 22:58:20,886 - INFO - Epoch 91 Results:
2025-01-26 22:58:20,886 - INFO -   Average Loss: 0.5193
2025-01-26 22:58:20,886 - INFO -   Training Accuracy: 0.8668
2025-01-26 22:58:20,891 - INFO - Model saved to ./results/best_model_epoch_91.pth
2025-01-26 22:58:20,891 - INFO -   New best loss achieved! Model saved.
2025-01-26 22:58:30,342 - INFO - Epoch 92 Results:
2025-01-26 22:58:30,342 - INFO -   Average Loss: 0.5166
2025-01-26 22:58:30,342 - INFO -   Training Accuracy: 0.8700
2025-01-26 22:58:30,348 - INFO - Model saved to ./results/best_model_epoch_92.pth
2025-01-26 22:58:30,348 - INFO -   New best loss achieved! Model saved.
2025-01-26 22:58:39,711 - INFO - Epoch 93 Results:
2025-01-26 22:58:39,711 - INFO -   Average Loss: 0.5172
2025-01-26 22:58:39,711 - INFO -   Training Accuracy: 0.8682
2025-01-26 22:58:39,711 - INFO -   No improvement for 1 epochs
2025-01-26 22:58:49,005 - INFO - Epoch 94 Results:
2025-01-26 22:58:49,005 - INFO -   Average Loss: 0.5190
2025-01-26 22:58:49,005 - INFO -   Training Accuracy: 0.8662
2025-01-26 22:58:49,005 - INFO -   No improvement for 2 epochs
2025-01-26 22:58:58,382 - INFO - Epoch 95 Results:
2025-01-26 22:58:58,382 - INFO -   Average Loss: 0.5181
2025-01-26 22:58:58,382 - INFO -   Training Accuracy: 0.8684
2025-01-26 22:58:58,382 - INFO -   No improvement for 3 epochs
2025-01-26 22:59:08,514 - INFO - Epoch 96 Results:
2025-01-26 22:59:08,514 - INFO -   Average Loss: 0.5145
2025-01-26 22:59:08,514 - INFO -   Training Accuracy: 0.8704
2025-01-26 22:59:08,520 - INFO - Model saved to ./results/best_model_epoch_96.pth
2025-01-26 22:59:08,520 - INFO -   New best loss achieved! Model saved.
2025-01-26 22:59:19,959 - INFO - Epoch 97 Results:
2025-01-26 22:59:19,959 - INFO -   Average Loss: 0.5149
2025-01-26 22:59:19,959 - INFO -   Training Accuracy: 0.8695
2025-01-26 22:59:19,960 - INFO -   No improvement for 1 epochs
2025-01-26 22:59:30,782 - INFO - Epoch 98 Results:
2025-01-26 22:59:30,782 - INFO -   Average Loss: 0.5140
2025-01-26 22:59:30,782 - INFO -   Training Accuracy: 0.8699
2025-01-26 22:59:30,788 - INFO - Model saved to ./results/best_model_epoch_98.pth
2025-01-26 22:59:30,788 - INFO -   New best loss achieved! Model saved.
2025-01-26 22:59:41,535 - INFO - Epoch 99 Results:
2025-01-26 22:59:41,535 - INFO -   Average Loss: 0.5152
2025-01-26 22:59:41,535 - INFO -   Training Accuracy: 0.8676
2025-01-26 22:59:41,535 - INFO -   No improvement for 1 epochs
2025-01-26 22:59:52,385 - INFO - Epoch 100 Results:
2025-01-26 22:59:52,385 - INFO -   Average Loss: 0.5097
2025-01-26 22:59:52,385 - INFO -   Training Accuracy: 0.8746
2025-01-26 22:59:52,391 - INFO - Model saved to ./results/best_model_epoch_100.pth
2025-01-26 22:59:52,391 - INFO -   New best loss achieved! Model saved.
2025-01-26 23:00:02,739 - INFO - Epoch 101 Results:
2025-01-26 23:00:02,739 - INFO -   Average Loss: 0.5098
2025-01-26 23:00:02,739 - INFO -   Training Accuracy: 0.8745
2025-01-26 23:00:02,739 - INFO -   No improvement for 1 epochs
2025-01-26 23:00:12,804 - INFO - Epoch 102 Results:
2025-01-26 23:00:12,804 - INFO -   Average Loss: 0.5106
2025-01-26 23:00:12,804 - INFO -   Training Accuracy: 0.8727
2025-01-26 23:00:12,804 - INFO -   No improvement for 2 epochs
2025-01-26 23:00:22,645 - INFO - Epoch 103 Results:
2025-01-26 23:00:22,645 - INFO -   Average Loss: 0.5061
2025-01-26 23:00:22,645 - INFO -   Training Accuracy: 0.8772
2025-01-26 23:00:22,651 - INFO - Model saved to ./results/best_model_epoch_103.pth
2025-01-26 23:00:22,651 - INFO -   New best loss achieved! Model saved.
2025-01-26 23:00:32,234 - INFO - Epoch 104 Results:
2025-01-26 23:00:32,234 - INFO -   Average Loss: 0.5048
2025-01-26 23:00:32,234 - INFO -   Training Accuracy: 0.8791
2025-01-26 23:00:32,239 - INFO - Model saved to ./results/best_model_epoch_104.pth
2025-01-26 23:00:32,240 - INFO -   New best loss achieved! Model saved.
2025-01-26 23:00:41,602 - INFO - Epoch 105 Results:
2025-01-26 23:00:41,602 - INFO -   Average Loss: 0.5073
2025-01-26 23:00:41,602 - INFO -   Training Accuracy: 0.8762
2025-01-26 23:00:41,602 - INFO -   No improvement for 1 epochs
2025-01-26 23:00:51,298 - INFO - Epoch 106 Results:
2025-01-26 23:00:51,298 - INFO -   Average Loss: 0.5085
2025-01-26 23:00:51,298 - INFO -   Training Accuracy: 0.8745
2025-01-26 23:00:51,298 - INFO -   No improvement for 2 epochs
2025-01-26 23:01:00,863 - INFO - Epoch 107 Results:
2025-01-26 23:01:00,863 - INFO -   Average Loss: 0.5057
2025-01-26 23:01:00,863 - INFO -   Training Accuracy: 0.8774
2025-01-26 23:01:00,863 - INFO -   No improvement for 3 epochs
2025-01-26 23:01:10,077 - INFO - Epoch 108 Results:
2025-01-26 23:01:10,078 - INFO -   Average Loss: 0.5099
2025-01-26 23:01:10,078 - INFO -   Training Accuracy: 0.8718
2025-01-26 23:01:10,078 - INFO -   No improvement for 4 epochs
2025-01-26 23:01:19,459 - INFO - Epoch 109 Results:
2025-01-26 23:01:19,459 - INFO -   Average Loss: 0.5057
2025-01-26 23:01:19,459 - INFO -   Training Accuracy: 0.8759
2025-01-26 23:01:19,459 - INFO -   No improvement for 5 epochs
2025-01-26 23:01:28,884 - INFO - Epoch 110 Results:
2025-01-26 23:01:28,884 - INFO -   Average Loss: 0.5065
2025-01-26 23:01:28,884 - INFO -   Training Accuracy: 0.8748
2025-01-26 23:01:28,884 - INFO -   No improvement for 6 epochs
2025-01-26 23:01:39,029 - INFO - Epoch 111 Results:
2025-01-26 23:01:39,029 - INFO -   Average Loss: 0.4938
2025-01-26 23:01:39,029 - INFO -   Training Accuracy: 0.8888
2025-01-26 23:01:39,035 - INFO - Model saved to ./results/best_model_epoch_111.pth
2025-01-26 23:01:39,035 - INFO -   New best loss achieved! Model saved.
2025-01-26 23:01:50,399 - INFO - Epoch 112 Results:
2025-01-26 23:01:50,399 - INFO -   Average Loss: 0.4891
2025-01-26 23:01:50,399 - INFO -   Training Accuracy: 0.8925
2025-01-26 23:01:50,404 - INFO - Model saved to ./results/best_model_epoch_112.pth
2025-01-26 23:01:50,404 - INFO -   New best loss achieved! Model saved.
2025-01-26 23:02:01,681 - INFO - Epoch 113 Results:
2025-01-26 23:02:01,681 - INFO -   Average Loss: 0.4887
2025-01-26 23:02:01,681 - INFO -   Training Accuracy: 0.8923
2025-01-26 23:02:01,688 - INFO - Model saved to ./results/best_model_epoch_113.pth
2025-01-26 23:02:01,688 - INFO -   New best loss achieved! Model saved.
2025-01-26 23:02:12,482 - INFO - Epoch 114 Results:
2025-01-26 23:02:12,482 - INFO -   Average Loss: 0.4862
2025-01-26 23:02:12,482 - INFO -   Training Accuracy: 0.8957
2025-01-26 23:02:12,488 - INFO - Model saved to ./results/best_model_epoch_114.pth
2025-01-26 23:02:12,488 - INFO -   New best loss achieved! Model saved.
2025-01-26 23:02:24,245 - INFO - Epoch 115 Results:
2025-01-26 23:02:24,246 - INFO -   Average Loss: 0.4841
2025-01-26 23:02:24,246 - INFO -   Training Accuracy: 0.8968
2025-01-26 23:02:24,251 - INFO - Model saved to ./results/best_model_epoch_115.pth
2025-01-26 23:02:24,251 - INFO -   New best loss achieved! Model saved.
2025-01-26 23:02:36,553 - INFO - Epoch 116 Results:
2025-01-26 23:02:36,553 - INFO -   Average Loss: 0.4856
2025-01-26 23:02:36,553 - INFO -   Training Accuracy: 0.8957
2025-01-26 23:02:36,553 - INFO -   No improvement for 1 epochs
2025-01-26 23:02:48,591 - INFO - Epoch 117 Results:
2025-01-26 23:02:48,591 - INFO -   Average Loss: 0.4852
2025-01-26 23:02:48,592 - INFO -   Training Accuracy: 0.8970
2025-01-26 23:02:48,592 - INFO -   No improvement for 2 epochs
2025-01-26 23:03:00,553 - INFO - Epoch 118 Results:
2025-01-26 23:03:00,553 - INFO -   Average Loss: 0.4828
2025-01-26 23:03:00,553 - INFO -   Training Accuracy: 0.8992
2025-01-26 23:03:00,559 - INFO - Model saved to ./results/best_model_epoch_118.pth
2025-01-26 23:03:00,559 - INFO -   New best loss achieved! Model saved.
2025-01-26 23:03:10,377 - INFO - Epoch 119 Results:
2025-01-26 23:03:10,377 - INFO -   Average Loss: 0.4838
2025-01-26 23:03:10,377 - INFO -   Training Accuracy: 0.8976
2025-01-26 23:03:10,377 - INFO -   No improvement for 1 epochs
2025-01-26 23:03:20,219 - INFO - Epoch 120 Results:
2025-01-26 23:03:20,219 - INFO -   Average Loss: 0.4808
2025-01-26 23:03:20,219 - INFO -   Training Accuracy: 0.8994
2025-01-26 23:03:20,230 - INFO - Model saved to ./results/best_model_epoch_120.pth
2025-01-26 23:03:20,230 - INFO -   New best loss achieved! Model saved.
2025-01-26 23:03:29,960 - INFO - Epoch 121 Results:
2025-01-26 23:03:29,960 - INFO -   Average Loss: 0.4828
2025-01-26 23:03:29,961 - INFO -   Training Accuracy: 0.8980
2025-01-26 23:03:29,961 - INFO -   No improvement for 1 epochs
2025-01-26 23:03:39,694 - INFO - Epoch 122 Results:
2025-01-26 23:03:39,694 - INFO -   Average Loss: 0.4812
2025-01-26 23:03:39,694 - INFO -   Training Accuracy: 0.9003
2025-01-26 23:03:39,694 - INFO -   No improvement for 2 epochs
2025-01-26 23:03:49,695 - INFO - Epoch 123 Results:
2025-01-26 23:03:49,695 - INFO -   Average Loss: 0.4829
2025-01-26 23:03:49,695 - INFO -   Training Accuracy: 0.8976
2025-01-26 23:03:49,695 - INFO -   No improvement for 3 epochs
2025-01-26 23:04:00,189 - INFO - Epoch 124 Results:
2025-01-26 23:04:00,189 - INFO -   Average Loss: 0.4829
2025-01-26 23:04:00,189 - INFO -   Training Accuracy: 0.8975
2025-01-26 23:04:00,189 - INFO -   No improvement for 4 epochs
2025-01-26 23:04:11,302 - INFO - Epoch 125 Results:
2025-01-26 23:04:11,302 - INFO -   Average Loss: 0.4776
2025-01-26 23:04:11,302 - INFO -   Training Accuracy: 0.9026
2025-01-26 23:04:11,318 - INFO - Model saved to ./results/best_model_epoch_125.pth
2025-01-26 23:04:11,318 - INFO -   New best loss achieved! Model saved.
2025-01-26 23:04:22,553 - INFO - Epoch 126 Results:
2025-01-26 23:04:22,553 - INFO -   Average Loss: 0.4809
2025-01-26 23:04:22,553 - INFO -   Training Accuracy: 0.8991
2025-01-26 23:04:22,553 - INFO -   No improvement for 1 epochs
2025-01-26 23:04:34,327 - INFO - Epoch 127 Results:
2025-01-26 23:04:34,327 - INFO -   Average Loss: 0.4794
2025-01-26 23:04:34,327 - INFO -   Training Accuracy: 0.9007
2025-01-26 23:04:34,327 - INFO -   No improvement for 2 epochs
2025-01-26 23:04:45,771 - INFO - Epoch 128 Results:
2025-01-26 23:04:45,771 - INFO -   Average Loss: 0.4787
2025-01-26 23:04:45,771 - INFO -   Training Accuracy: 0.9007
2025-01-26 23:04:45,771 - INFO -   No improvement for 3 epochs
2025-01-26 23:04:57,510 - INFO - Epoch 129 Results:
2025-01-26 23:04:57,510 - INFO -   Average Loss: 0.4782
2025-01-26 23:04:57,510 - INFO -   Training Accuracy: 0.9009
2025-01-26 23:04:57,510 - INFO -   No improvement for 4 epochs
2025-01-26 23:05:09,811 - INFO - Epoch 130 Results:
2025-01-26 23:05:09,811 - INFO -   Average Loss: 0.4759
2025-01-26 23:05:09,811 - INFO -   Training Accuracy: 0.9033
2025-01-26 23:05:09,817 - INFO - Model saved to ./results/best_model_epoch_130.pth
2025-01-26 23:05:09,817 - INFO -   New best loss achieved! Model saved.
2025-01-26 23:05:21,883 - INFO - Epoch 131 Results:
2025-01-26 23:05:21,883 - INFO -   Average Loss: 0.4789
2025-01-26 23:05:21,883 - INFO -   Training Accuracy: 0.9004
2025-01-26 23:05:21,883 - INFO -   No improvement for 1 epochs
2025-01-26 23:05:33,801 - INFO - Epoch 132 Results:
2025-01-26 23:05:33,801 - INFO -   Average Loss: 0.4774
2025-01-26 23:05:33,801 - INFO -   Training Accuracy: 0.9006
2025-01-26 23:05:33,801 - INFO -   No improvement for 2 epochs
2025-01-26 23:05:45,557 - INFO - Epoch 133 Results:
2025-01-26 23:05:45,558 - INFO -   Average Loss: 0.4786
2025-01-26 23:05:45,558 - INFO -   Training Accuracy: 0.9003
2025-01-26 23:05:45,558 - INFO -   No improvement for 3 epochs
2025-01-26 23:05:57,008 - INFO - Epoch 134 Results:
2025-01-26 23:05:57,008 - INFO -   Average Loss: 0.4739
2025-01-26 23:05:57,008 - INFO -   Training Accuracy: 0.9042
2025-01-26 23:05:57,014 - INFO - Model saved to ./results/best_model_epoch_134.pth
2025-01-26 23:05:57,014 - INFO -   New best loss achieved! Model saved.
2025-01-26 23:06:08,672 - INFO - Epoch 135 Results:
2025-01-26 23:06:08,672 - INFO -   Average Loss: 0.4777
2025-01-26 23:06:08,672 - INFO -   Training Accuracy: 0.9010
2025-01-26 23:06:08,672 - INFO -   No improvement for 1 epochs
2025-01-26 23:06:20,637 - INFO - Epoch 136 Results:
2025-01-26 23:06:20,638 - INFO -   Average Loss: 0.4760
2025-01-26 23:06:20,638 - INFO -   Training Accuracy: 0.9022
2025-01-26 23:06:20,638 - INFO -   No improvement for 2 epochs
2025-01-26 23:06:31,661 - INFO - Epoch 137 Results:
2025-01-26 23:06:31,661 - INFO -   Average Loss: 0.4761
2025-01-26 23:06:31,661 - INFO -   Training Accuracy: 0.9027
2025-01-26 23:06:31,661 - INFO -   No improvement for 3 epochs
2025-01-26 23:06:42,922 - INFO - Epoch 138 Results:
2025-01-26 23:06:42,922 - INFO -   Average Loss: 0.4759
2025-01-26 23:06:42,922 - INFO -   Training Accuracy: 0.9005
2025-01-26 23:06:42,922 - INFO -   No improvement for 4 epochs
2025-01-26 23:06:54,363 - INFO - Epoch 139 Results:
2025-01-26 23:06:54,365 - INFO -   Average Loss: 0.4697
2025-01-26 23:06:54,365 - INFO -   Training Accuracy: 0.9078
2025-01-26 23:06:54,370 - INFO - Model saved to ./results/best_model_epoch_139.pth
2025-01-26 23:06:54,370 - INFO -   New best loss achieved! Model saved.
2025-01-26 23:07:05,949 - INFO - Epoch 140 Results:
2025-01-26 23:07:05,949 - INFO -   Average Loss: 0.4716
2025-01-26 23:07:05,949 - INFO -   Training Accuracy: 0.9057
2025-01-26 23:07:05,949 - INFO -   No improvement for 1 epochs
2025-01-26 23:07:17,351 - INFO - Epoch 141 Results:
2025-01-26 23:07:17,351 - INFO -   Average Loss: 0.4712
2025-01-26 23:07:17,351 - INFO -   Training Accuracy: 0.9053
2025-01-26 23:07:17,351 - INFO -   No improvement for 2 epochs
2025-01-26 23:07:28,729 - INFO - Epoch 142 Results:
2025-01-26 23:07:28,729 - INFO -   Average Loss: 0.4718
2025-01-26 23:07:28,729 - INFO -   Training Accuracy: 0.9053
2025-01-26 23:07:28,729 - INFO -   No improvement for 3 epochs
2025-01-26 23:07:40,682 - INFO - Epoch 143 Results:
2025-01-26 23:07:40,682 - INFO -   Average Loss: 0.4713
2025-01-26 23:07:40,682 - INFO -   Training Accuracy: 0.9042
2025-01-26 23:07:40,682 - INFO -   No improvement for 4 epochs
2025-01-26 23:07:52,703 - INFO - Epoch 144 Results:
2025-01-26 23:07:52,703 - INFO -   Average Loss: 0.4748
2025-01-26 23:07:52,703 - INFO -   Training Accuracy: 0.9008
2025-01-26 23:07:52,703 - INFO -   No improvement for 5 epochs
2025-01-26 23:08:05,259 - INFO - Epoch 145 Results:
2025-01-26 23:08:05,259 - INFO -   Average Loss: 0.4728
2025-01-26 23:08:05,259 - INFO -   Training Accuracy: 0.9032
2025-01-26 23:08:05,259 - INFO -   No improvement for 6 epochs
2025-01-26 23:08:17,707 - INFO - Epoch 146 Results:
2025-01-26 23:08:17,707 - INFO -   Average Loss: 0.4643
2025-01-26 23:08:17,707 - INFO -   Training Accuracy: 0.9138
2025-01-26 23:08:17,712 - INFO - Model saved to ./results/best_model_epoch_146.pth
2025-01-26 23:08:17,712 - INFO -   New best loss achieved! Model saved.
2025-01-26 23:08:29,746 - INFO - Epoch 147 Results:
2025-01-26 23:08:29,746 - INFO -   Average Loss: 0.4617
2025-01-26 23:08:29,746 - INFO -   Training Accuracy: 0.9140
2025-01-26 23:08:29,753 - INFO - Model saved to ./results/best_model_epoch_147.pth
2025-01-26 23:08:29,753 - INFO -   New best loss achieved! Model saved.
2025-01-26 23:08:41,355 - INFO - Epoch 148 Results:
2025-01-26 23:08:41,355 - INFO -   Average Loss: 0.4628
2025-01-26 23:08:41,355 - INFO -   Training Accuracy: 0.9134
2025-01-26 23:08:41,356 - INFO -   No improvement for 1 epochs
2025-01-26 23:08:52,743 - INFO - Epoch 149 Results:
2025-01-26 23:08:52,743 - INFO -   Average Loss: 0.4585
2025-01-26 23:08:52,744 - INFO -   Training Accuracy: 0.9177
2025-01-26 23:08:52,748 - INFO - Model saved to ./results/best_model_epoch_149.pth
2025-01-26 23:08:52,749 - INFO -   New best loss achieved! Model saved.
2025-01-26 23:09:03,222 - INFO - Epoch 150 Results:
2025-01-26 23:09:03,222 - INFO -   Average Loss: 0.4593
2025-01-26 23:09:03,222 - INFO -   Training Accuracy: 0.9174
2025-01-26 23:09:03,222 - INFO -   No improvement for 1 epochs
2025-01-26 23:09:14,307 - INFO - Epoch 151 Results:
2025-01-26 23:09:14,307 - INFO -   Average Loss: 0.4595
2025-01-26 23:09:14,307 - INFO -   Training Accuracy: 0.9176
2025-01-26 23:09:14,308 - INFO -   No improvement for 2 epochs
2025-01-26 23:09:25,955 - INFO - Epoch 152 Results:
2025-01-26 23:09:25,955 - INFO -   Average Loss: 0.4571
2025-01-26 23:09:25,955 - INFO -   Training Accuracy: 0.9199
2025-01-26 23:09:25,961 - INFO - Model saved to ./results/best_model_epoch_152.pth
2025-01-26 23:09:25,961 - INFO -   New best loss achieved! Model saved.
2025-01-26 23:09:37,219 - INFO - Epoch 153 Results:
2025-01-26 23:09:37,219 - INFO -   Average Loss: 0.4563
2025-01-26 23:09:37,219 - INFO -   Training Accuracy: 0.9202
2025-01-26 23:09:37,225 - INFO - Model saved to ./results/best_model_epoch_153.pth
2025-01-26 23:09:37,225 - INFO -   New best loss achieved! Model saved.
2025-01-26 23:09:49,039 - INFO - Epoch 154 Results:
2025-01-26 23:09:49,039 - INFO -   Average Loss: 0.4564
2025-01-26 23:09:49,039 - INFO -   Training Accuracy: 0.9199
2025-01-26 23:09:49,040 - INFO -   No improvement for 1 epochs
2025-01-26 23:10:01,190 - INFO - Epoch 155 Results:
2025-01-26 23:10:01,190 - INFO -   Average Loss: 0.4574
2025-01-26 23:10:01,190 - INFO -   Training Accuracy: 0.9189
2025-01-26 23:10:01,190 - INFO -   No improvement for 2 epochs
2025-01-26 23:10:13,499 - INFO - Epoch 156 Results:
2025-01-26 23:10:13,499 - INFO -   Average Loss: 0.4539
2025-01-26 23:10:13,499 - INFO -   Training Accuracy: 0.9220
2025-01-26 23:10:13,505 - INFO - Model saved to ./results/best_model_epoch_156.pth
2025-01-26 23:10:13,505 - INFO -   New best loss achieved! Model saved.
2025-01-26 23:10:26,363 - INFO - Epoch 157 Results:
2025-01-26 23:10:26,364 - INFO -   Average Loss: 0.4545
2025-01-26 23:10:26,364 - INFO -   Training Accuracy: 0.9211
2025-01-26 23:10:26,364 - INFO -   No improvement for 1 epochs
2025-01-26 23:10:38,738 - INFO - Epoch 158 Results:
2025-01-26 23:10:38,738 - INFO -   Average Loss: 0.4573
2025-01-26 23:10:38,738 - INFO -   Training Accuracy: 0.9177
2025-01-26 23:10:38,738 - INFO -   No improvement for 2 epochs
2025-01-26 23:10:51,027 - INFO - Epoch 159 Results:
2025-01-26 23:10:51,027 - INFO -   Average Loss: 0.4569
2025-01-26 23:10:51,027 - INFO -   Training Accuracy: 0.9191
2025-01-26 23:10:51,027 - INFO -   No improvement for 3 epochs
2025-01-26 23:11:02,258 - INFO - Epoch 160 Results:
2025-01-26 23:11:02,258 - INFO -   Average Loss: 0.4571
2025-01-26 23:11:02,258 - INFO -   Training Accuracy: 0.9187
2025-01-26 23:11:02,258 - INFO -   No improvement for 4 epochs
2025-01-26 23:11:12,975 - INFO - Epoch 161 Results:
2025-01-26 23:11:12,975 - INFO -   Average Loss: 0.4571
2025-01-26 23:11:12,975 - INFO -   Training Accuracy: 0.9185
2025-01-26 23:11:12,975 - INFO -   No improvement for 5 epochs
2025-01-26 23:11:23,027 - INFO - Epoch 162 Results:
2025-01-26 23:11:23,027 - INFO -   Average Loss: 0.4567
2025-01-26 23:11:23,027 - INFO -   Training Accuracy: 0.9187
2025-01-26 23:11:23,027 - INFO -   No improvement for 6 epochs
2025-01-26 23:11:33,089 - INFO - Epoch 163 Results:
2025-01-26 23:11:33,089 - INFO -   Average Loss: 0.4493
2025-01-26 23:11:33,089 - INFO -   Training Accuracy: 0.9267
2025-01-26 23:11:33,095 - INFO - Model saved to ./results/best_model_epoch_163.pth
2025-01-26 23:11:33,095 - INFO -   New best loss achieved! Model saved.
2025-01-26 23:11:43,656 - INFO - Epoch 164 Results:
2025-01-26 23:11:43,656 - INFO -   Average Loss: 0.4483
2025-01-26 23:11:43,656 - INFO -   Training Accuracy: 0.9268
2025-01-26 23:11:43,662 - INFO - Model saved to ./results/best_model_epoch_164.pth
2025-01-26 23:11:43,662 - INFO -   New best loss achieved! Model saved.
2025-01-26 23:11:54,851 - INFO - Epoch 165 Results:
2025-01-26 23:11:54,851 - INFO -   Average Loss: 0.4469
2025-01-26 23:11:54,851 - INFO -   Training Accuracy: 0.9285
2025-01-26 23:11:54,857 - INFO - Model saved to ./results/best_model_epoch_165.pth
2025-01-26 23:11:54,857 - INFO -   New best loss achieved! Model saved.
2025-01-26 23:12:06,638 - INFO - Epoch 166 Results:
2025-01-26 23:12:06,638 - INFO -   Average Loss: 0.4480
2025-01-26 23:12:06,638 - INFO -   Training Accuracy: 0.9271
2025-01-26 23:12:06,638 - INFO -   No improvement for 1 epochs
2025-01-26 23:12:18,859 - INFO - Epoch 167 Results:
2025-01-26 23:12:18,859 - INFO -   Average Loss: 0.4457
2025-01-26 23:12:18,859 - INFO -   Training Accuracy: 0.9299
2025-01-26 23:12:18,865 - INFO - Model saved to ./results/best_model_epoch_167.pth
2025-01-26 23:12:18,866 - INFO -   New best loss achieved! Model saved.
2025-01-26 23:12:30,999 - INFO - Epoch 168 Results:
2025-01-26 23:12:30,999 - INFO -   Average Loss: 0.4468
2025-01-26 23:12:30,999 - INFO -   Training Accuracy: 0.9294
2025-01-26 23:12:30,999 - INFO -   No improvement for 1 epochs
2025-01-26 23:12:42,892 - INFO - Epoch 169 Results:
2025-01-26 23:12:42,892 - INFO -   Average Loss: 0.4461
2025-01-26 23:12:42,892 - INFO -   Training Accuracy: 0.9292
2025-01-26 23:12:42,892 - INFO -   No improvement for 2 epochs
2025-01-26 23:12:54,827 - INFO - Epoch 170 Results:
2025-01-26 23:12:54,827 - INFO -   Average Loss: 0.4486
2025-01-26 23:12:54,827 - INFO -   Training Accuracy: 0.9264
2025-01-26 23:12:54,827 - INFO -   No improvement for 3 epochs
2025-01-26 23:13:06,630 - INFO - Epoch 171 Results:
2025-01-26 23:13:06,630 - INFO -   Average Loss: 0.4477
2025-01-26 23:13:06,630 - INFO -   Training Accuracy: 0.9276
2025-01-26 23:13:06,630 - INFO -   No improvement for 4 epochs
2025-01-26 23:13:17,878 - INFO - Epoch 172 Results:
2025-01-26 23:13:17,878 - INFO -   Average Loss: 0.4468
2025-01-26 23:13:17,878 - INFO -   Training Accuracy: 0.9282
2025-01-26 23:13:17,878 - INFO -   No improvement for 5 epochs
2025-01-26 23:13:28,571 - INFO - Epoch 173 Results:
2025-01-26 23:13:28,571 - INFO -   Average Loss: 0.4460
2025-01-26 23:13:28,571 - INFO -   Training Accuracy: 0.9287
2025-01-26 23:13:28,572 - INFO -   No improvement for 6 epochs
2025-01-26 23:13:39,080 - INFO - Epoch 174 Results:
2025-01-26 23:13:39,080 - INFO -   Average Loss: 0.4432
2025-01-26 23:13:39,080 - INFO -   Training Accuracy: 0.9316
2025-01-26 23:13:39,085 - INFO - Model saved to ./results/best_model_epoch_174.pth
2025-01-26 23:13:39,086 - INFO -   New best loss achieved! Model saved.
2025-01-26 23:13:49,650 - INFO - Epoch 175 Results:
2025-01-26 23:13:49,650 - INFO -   Average Loss: 0.4415
2025-01-26 23:13:49,650 - INFO -   Training Accuracy: 0.9336
2025-01-26 23:13:49,656 - INFO - Model saved to ./results/best_model_epoch_175.pth
2025-01-26 23:13:49,656 - INFO -   New best loss achieved! Model saved.
2025-01-26 23:14:00,383 - INFO - Epoch 176 Results:
2025-01-26 23:14:00,383 - INFO -   Average Loss: 0.4418
2025-01-26 23:14:00,383 - INFO -   Training Accuracy: 0.9334
2025-01-26 23:14:00,383 - INFO -   No improvement for 1 epochs
2025-01-26 23:14:10,909 - INFO - Epoch 177 Results:
2025-01-26 23:14:10,909 - INFO -   Average Loss: 0.4408
2025-01-26 23:14:10,909 - INFO -   Training Accuracy: 0.9347
2025-01-26 23:14:10,915 - INFO - Model saved to ./results/best_model_epoch_177.pth
2025-01-26 23:14:10,915 - INFO -   New best loss achieved! Model saved.
2025-01-26 23:14:21,535 - INFO - Epoch 178 Results:
2025-01-26 23:14:21,535 - INFO -   Average Loss: 0.4417
2025-01-26 23:14:21,535 - INFO -   Training Accuracy: 0.9336
2025-01-26 23:14:21,535 - INFO -   No improvement for 1 epochs
2025-01-26 23:14:33,372 - INFO - Epoch 179 Results:
2025-01-26 23:14:33,372 - INFO -   Average Loss: 0.4424
2025-01-26 23:14:33,372 - INFO -   Training Accuracy: 0.9324
2025-01-26 23:14:33,372 - INFO -   No improvement for 2 epochs
2025-01-26 23:14:45,076 - INFO - Epoch 180 Results:
2025-01-26 23:14:45,076 - INFO -   Average Loss: 0.4414
2025-01-26 23:14:45,076 - INFO -   Training Accuracy: 0.9333
2025-01-26 23:14:45,076 - INFO -   No improvement for 3 epochs
2025-01-26 23:14:56,772 - INFO - Epoch 181 Results:
2025-01-26 23:14:56,772 - INFO -   Average Loss: 0.4413
2025-01-26 23:14:56,772 - INFO -   Training Accuracy: 0.9339
2025-01-26 23:14:56,772 - INFO -   No improvement for 4 epochs
2025-01-26 23:15:08,874 - INFO - Epoch 182 Results:
2025-01-26 23:15:08,874 - INFO -   Average Loss: 0.4403
2025-01-26 23:15:08,874 - INFO -   Training Accuracy: 0.9345
2025-01-26 23:15:08,880 - INFO - Model saved to ./results/best_model_epoch_182.pth
2025-01-26 23:15:08,880 - INFO -   New best loss achieved! Model saved.
2025-01-26 23:15:20,989 - INFO - Epoch 183 Results:
2025-01-26 23:15:20,989 - INFO -   Average Loss: 0.4392
2025-01-26 23:15:20,989 - INFO -   Training Accuracy: 0.9352
2025-01-26 23:15:20,995 - INFO - Model saved to ./results/best_model_epoch_183.pth
2025-01-26 23:15:20,995 - INFO -   New best loss achieved! Model saved.
2025-01-26 23:15:32,420 - INFO - Epoch 184 Results:
2025-01-26 23:15:32,420 - INFO -   Average Loss: 0.4396
2025-01-26 23:15:32,420 - INFO -   Training Accuracy: 0.9355
2025-01-26 23:15:32,421 - INFO -   No improvement for 1 epochs
2025-01-26 23:15:43,532 - INFO - Epoch 185 Results:
2025-01-26 23:15:43,532 - INFO -   Average Loss: 0.4394
2025-01-26 23:15:43,532 - INFO -   Training Accuracy: 0.9353
2025-01-26 23:15:43,533 - INFO -   No improvement for 2 epochs
2025-01-26 23:15:54,854 - INFO - Epoch 186 Results:
2025-01-26 23:15:54,854 - INFO -   Average Loss: 0.4404
2025-01-26 23:15:54,854 - INFO -   Training Accuracy: 0.9345
2025-01-26 23:15:54,854 - INFO -   No improvement for 3 epochs
2025-01-26 23:16:05,850 - INFO - Epoch 187 Results:
2025-01-26 23:16:05,850 - INFO -   Average Loss: 0.4389
2025-01-26 23:16:05,850 - INFO -   Training Accuracy: 0.9354
2025-01-26 23:16:05,856 - INFO - Model saved to ./results/best_model_epoch_187.pth
2025-01-26 23:16:05,856 - INFO -   New best loss achieved! Model saved.
2025-01-26 23:16:17,454 - INFO - Epoch 188 Results:
2025-01-26 23:16:17,455 - INFO -   Average Loss: 0.4393
2025-01-26 23:16:17,455 - INFO -   Training Accuracy: 0.9354
2025-01-26 23:16:17,455 - INFO -   No improvement for 1 epochs
2025-01-26 23:16:28,833 - INFO - Epoch 189 Results:
2025-01-26 23:16:28,833 - INFO -   Average Loss: 0.4385
2025-01-26 23:16:28,833 - INFO -   Training Accuracy: 0.9362
2025-01-26 23:16:28,838 - INFO - Model saved to ./results/best_model_epoch_189.pth
2025-01-26 23:16:28,839 - INFO -   New best loss achieved! Model saved.
2025-01-26 23:16:40,175 - INFO - Epoch 190 Results:
2025-01-26 23:16:40,175 - INFO -   Average Loss: 0.4383
2025-01-26 23:16:40,175 - INFO -   Training Accuracy: 0.9364
2025-01-26 23:16:40,180 - INFO - Model saved to ./results/best_model_epoch_190.pth
2025-01-26 23:16:40,180 - INFO -   New best loss achieved! Model saved.
2025-01-26 23:16:51,450 - INFO - Epoch 191 Results:
2025-01-26 23:16:51,450 - INFO -   Average Loss: 0.4370
2025-01-26 23:16:51,450 - INFO -   Training Accuracy: 0.9379
2025-01-26 23:16:51,457 - INFO - Model saved to ./results/best_model_epoch_191.pth
2025-01-26 23:16:51,457 - INFO -   New best loss achieved! Model saved.
2025-01-26 23:17:02,572 - INFO - Epoch 192 Results:
2025-01-26 23:17:02,572 - INFO -   Average Loss: 0.4378
2025-01-26 23:17:02,572 - INFO -   Training Accuracy: 0.9369
2025-01-26 23:17:02,572 - INFO -   No improvement for 1 epochs
2025-01-26 23:17:13,353 - INFO - Epoch 193 Results:
2025-01-26 23:17:13,353 - INFO -   Average Loss: 0.4378
2025-01-26 23:17:13,353 - INFO -   Training Accuracy: 0.9374
2025-01-26 23:17:13,353 - INFO -   No improvement for 2 epochs
2025-01-26 23:17:23,696 - INFO - Epoch 194 Results:
2025-01-26 23:17:23,696 - INFO -   Average Loss: 0.4382
2025-01-26 23:17:23,696 - INFO -   Training Accuracy: 0.9369
2025-01-26 23:17:23,696 - INFO -   No improvement for 3 epochs
2025-01-26 23:17:34,058 - INFO - Epoch 195 Results:
2025-01-26 23:17:34,058 - INFO -   Average Loss: 0.4381
2025-01-26 23:17:34,058 - INFO -   Training Accuracy: 0.9361
2025-01-26 23:17:34,058 - INFO -   No improvement for 4 epochs
2025-01-26 23:17:44,940 - INFO - Epoch 196 Results:
2025-01-26 23:17:44,940 - INFO -   Average Loss: 0.4386
2025-01-26 23:17:44,940 - INFO -   Training Accuracy: 0.9358
2025-01-26 23:17:44,940 - INFO -   No improvement for 5 epochs
2025-01-26 23:17:55,931 - INFO - Epoch 197 Results:
2025-01-26 23:17:55,931 - INFO -   Average Loss: 0.4387
2025-01-26 23:17:55,931 - INFO -   Training Accuracy: 0.9358
2025-01-26 23:17:55,931 - INFO -   No improvement for 6 epochs
2025-01-26 23:18:06,417 - INFO - Epoch 198 Results:
2025-01-26 23:18:06,418 - INFO -   Average Loss: 0.4356
2025-01-26 23:18:06,418 - INFO -   Training Accuracy: 0.9392
2025-01-26 23:18:06,424 - INFO - Model saved to ./results/best_model_epoch_198.pth
2025-01-26 23:18:06,424 - INFO -   New best loss achieved! Model saved.
2025-01-26 23:18:16,808 - INFO - Epoch 199 Results:
2025-01-26 23:18:16,808 - INFO -   Average Loss: 0.4354
2025-01-26 23:18:16,808 - INFO -   Training Accuracy: 0.9394
2025-01-26 23:18:16,813 - INFO - Model saved to ./results/best_model_epoch_199.pth
2025-01-26 23:18:16,813 - INFO -   New best loss achieved! Model saved.
2025-01-26 23:18:27,682 - INFO - Epoch 200 Results:
2025-01-26 23:18:27,682 - INFO -   Average Loss: 0.4345
2025-01-26 23:18:27,682 - INFO -   Training Accuracy: 0.9398
2025-01-26 23:18:27,687 - INFO - Model saved to ./results/best_model_epoch_200.pth
2025-01-26 23:18:27,687 - INFO -   New best loss achieved! Model saved.
2025-01-26 23:18:27,687 - INFO - 
Training completed!
2025-01-26 23:18:27,687 - INFO - Best loss achieved: 0.4345
2025-01-26 23:18:27,693 - INFO - Model saved to ./results/best_performance_predictor.pth
2025-01-26 23:18:27,693 - INFO - Starting model evaluation...
2025-01-26 23:18:29,179 - INFO - 
Per-Problem Results:
2025-01-26 23:18:29,179 - INFO - Problem 0:
2025-01-26 23:18:29,179 - INFO -   Total pairs: 2000
2025-01-26 23:18:29,179 - INFO -   Correct predictions: 1436
2025-01-26 23:18:29,179 - INFO -   Accuracy: 0.7180
2025-01-26 23:18:29,179 - INFO - 
Detailed Evaluation Results:
2025-01-26 23:18:29,179 - INFO - ==================================================
2025-01-26 23:18:29,180 - INFO - POOR:
2025-01-26 23:18:29,180 - INFO -   Performance diff: 0.3 - 0.5
2025-01-26 23:18:29,180 - INFO -   Total pairs: 223
2025-01-26 23:18:29,180 - INFO -   Correct predictions: 182
2025-01-26 23:18:29,180 - INFO -   Accuracy: 0.8161
2025-01-26 23:18:29,180 - INFO - SIGNIFICANT:
2025-01-26 23:18:29,180 - INFO -   Performance diff: 0.2 - 0.3
2025-01-26 23:18:29,180 - INFO -   Total pairs: 382
2025-01-26 23:18:29,180 - INFO -   Correct predictions: 280
2025-01-26 23:18:29,180 - INFO -   Accuracy: 0.7330
2025-01-26 23:18:29,180 - INFO - MODERATE:
2025-01-26 23:18:29,180 - INFO -   Performance diff: 0.1 - 0.2
2025-01-26 23:18:29,180 - INFO -   Total pairs: 648
2025-01-26 23:18:29,180 - INFO -   Correct predictions: 474
2025-01-26 23:18:29,180 - INFO -   Accuracy: 0.7315
2025-01-26 23:18:29,180 - INFO - SLIGHT:
2025-01-26 23:18:29,180 - INFO -   Performance diff: 0.05 - 0.1
2025-01-26 23:18:29,180 - INFO -   Total pairs: 347
2025-01-26 23:18:29,180 - INFO -   Correct predictions: 255
2025-01-26 23:18:29,180 - INFO -   Accuracy: 0.7349
2025-01-26 23:18:29,180 - INFO - MINIMAL:
2025-01-26 23:18:29,180 - INFO -   Performance diff: ¡Ü 0.05
2025-01-26 23:18:29,180 - INFO -   Total pairs: 400
2025-01-26 23:18:29,180 - INFO -   Correct predictions: 245
2025-01-26 23:18:29,180 - INFO -   Accuracy: 0.6125
2025-01-26 23:18:29,180 - INFO - 
Overall Results:
2025-01-26 23:18:29,180 - INFO - Total test pairs: 2000
2025-01-26 23:18:29,181 - INFO - Total correct predictions: 1436
2025-01-26 23:18:29,181 - INFO - Overall accuracy: 0.7180
2025-01-26 23:18:29,181 - INFO - 
Poor Code Detection Results:
2025-01-26 23:18:29,181 - INFO - Total poor code pairs: 223
2025-01-26 23:18:29,181 - INFO - Correctly identified: 182
2025-01-26 23:18:29,181 - INFO - Poor code detection accuracy: 0.8161
2025-01-26 23:18:29,184 - INFO - Evaluation results saved to ./results/evaluation_results_20250126_231829.json
