2025-01-27 06:43:40,810 - INFO - Starting training process...
2025-01-27 06:43:40,811 - INFO - Loading data...
2025-01-27 06:43:43,570 - INFO - Loaded 5918 code samples
2025-01-27 06:43:43,571 - INFO - 
Problem 0 statistics:
2025-01-27 06:43:43,571 - INFO -   Mean: 50.8945
2025-01-27 06:43:43,571 - INFO -   Std: 65.3976
2025-01-27 06:43:43,572 - INFO -   Min: 23.0212
2025-01-27 06:43:43,572 - INFO -   Max: 530.4158
2025-01-27 06:43:43,573 - INFO - Preparing training and test data...
2025-01-27 06:44:12,523 - INFO - 
Training data distribution:
2025-01-27 06:44:15,384 - INFO -   Small diff [0.01, 0.1): 4000 pairs (from 1013071 total)
2025-01-27 06:44:18,198 - INFO -   Medium diff [0.10, 0.3): 8000 pairs (from 886940 total)
2025-01-27 06:44:21,894 - INFO -   Large diff [0.30, ¡Þ): 12000 pairs (from 9039667 total)
2025-01-27 06:44:21,894 - INFO - Final training set size: 24000 pairs
2025-01-27 06:44:23,894 - INFO - 
Test data distribution:
2025-01-27 06:44:23,895 - INFO -   Small diff [0.01, 0.1): 400 pairs
2025-01-27 06:44:23,895 - INFO -   Medium diff [0.10, 0.3): 600 pairs
2025-01-27 06:44:23,895 - INFO -   Large diff [0.30, ¡Þ): 1000 pairs
2025-01-27 06:44:23,895 - INFO - Final test set size: 2000 pairs
2025-01-27 06:44:26,716 - INFO - Starting training...
2025-01-27 06:44:26,716 - INFO - Total training pairs: 24000
2025-01-27 06:44:26,716 - INFO - Batch size: 64
2025-01-27 06:44:26,716 - INFO - Max epochs: 200
2025-01-27 06:44:34,872 - INFO - Epoch 1 Results:
2025-01-27 06:44:34,872 - INFO -   Average Loss: 0.7634
2025-01-27 06:44:34,872 - INFO -   Training Accuracy: 0.6337
2025-01-27 06:44:34,878 - INFO - Model saved to ./results/best_model_epoch_1.pth
2025-01-27 06:44:34,878 - INFO -   New best loss achieved! Model saved.
2025-01-27 06:44:43,041 - INFO - Epoch 2 Results:
2025-01-27 06:44:43,042 - INFO -   Average Loss: 0.7243
2025-01-27 06:44:43,042 - INFO -   Training Accuracy: 0.6881
2025-01-27 06:44:43,052 - INFO - Model saved to ./results/best_model_epoch_2.pth
2025-01-27 06:44:43,052 - INFO -   New best loss achieved! Model saved.
2025-01-27 06:44:51,200 - INFO - Epoch 3 Results:
2025-01-27 06:44:51,200 - INFO -   Average Loss: 0.7113
2025-01-27 06:44:51,200 - INFO -   Training Accuracy: 0.7029
2025-01-27 06:44:51,206 - INFO - Model saved to ./results/best_model_epoch_3.pth
2025-01-27 06:44:51,206 - INFO -   New best loss achieved! Model saved.
2025-01-27 06:44:59,416 - INFO - Epoch 4 Results:
2025-01-27 06:44:59,417 - INFO -   Average Loss: 0.7011
2025-01-27 06:44:59,417 - INFO -   Training Accuracy: 0.7137
2025-01-27 06:44:59,423 - INFO - Model saved to ./results/best_model_epoch_4.pth
2025-01-27 06:44:59,423 - INFO -   New best loss achieved! Model saved.
2025-01-27 06:45:07,621 - INFO - Epoch 5 Results:
2025-01-27 06:45:07,621 - INFO -   Average Loss: 0.6922
2025-01-27 06:45:07,622 - INFO -   Training Accuracy: 0.7250
2025-01-27 06:45:07,627 - INFO - Model saved to ./results/best_model_epoch_5.pth
2025-01-27 06:45:07,627 - INFO -   New best loss achieved! Model saved.
2025-01-27 06:45:15,888 - INFO - Epoch 6 Results:
2025-01-27 06:45:15,888 - INFO -   Average Loss: 0.6872
2025-01-27 06:45:15,888 - INFO -   Training Accuracy: 0.7302
2025-01-27 06:45:15,894 - INFO - Model saved to ./results/best_model_epoch_6.pth
2025-01-27 06:45:15,894 - INFO -   New best loss achieved! Model saved.
2025-01-27 06:45:24,143 - INFO - Epoch 7 Results:
2025-01-27 06:45:24,143 - INFO -   Average Loss: 0.6840
2025-01-27 06:45:24,143 - INFO -   Training Accuracy: 0.7332
2025-01-27 06:45:24,148 - INFO - Model saved to ./results/best_model_epoch_7.pth
2025-01-27 06:45:24,148 - INFO -   New best loss achieved! Model saved.
2025-01-27 06:45:32,564 - INFO - Epoch 8 Results:
2025-01-27 06:45:32,564 - INFO -   Average Loss: 0.6775
2025-01-27 06:45:32,564 - INFO -   Training Accuracy: 0.7382
2025-01-27 06:45:32,570 - INFO - Model saved to ./results/best_model_epoch_8.pth
2025-01-27 06:45:32,570 - INFO -   New best loss achieved! Model saved.
2025-01-27 06:45:40,786 - INFO - Epoch 9 Results:
2025-01-27 06:45:40,786 - INFO -   Average Loss: 0.6757
2025-01-27 06:45:40,786 - INFO -   Training Accuracy: 0.7406
2025-01-27 06:45:40,792 - INFO - Model saved to ./results/best_model_epoch_9.pth
2025-01-27 06:45:40,792 - INFO -   New best loss achieved! Model saved.
2025-01-27 06:45:49,098 - INFO - Epoch 10 Results:
2025-01-27 06:45:49,098 - INFO -   Average Loss: 0.6696
2025-01-27 06:45:49,098 - INFO -   Training Accuracy: 0.7449
2025-01-27 06:45:49,104 - INFO - Model saved to ./results/best_model_epoch_10.pth
2025-01-27 06:45:49,104 - INFO -   New best loss achieved! Model saved.
2025-01-27 06:45:57,338 - INFO - Epoch 11 Results:
2025-01-27 06:45:57,338 - INFO -   Average Loss: 0.6703
2025-01-27 06:45:57,338 - INFO -   Training Accuracy: 0.7432
2025-01-27 06:45:57,338 - INFO -   No improvement for 1 epochs
2025-01-27 06:46:05,558 - INFO - Epoch 12 Results:
2025-01-27 06:46:05,558 - INFO -   Average Loss: 0.6646
2025-01-27 06:46:05,558 - INFO -   Training Accuracy: 0.7474
2025-01-27 06:46:05,568 - INFO - Model saved to ./results/best_model_epoch_12.pth
2025-01-27 06:46:05,568 - INFO -   New best loss achieved! Model saved.
2025-01-27 06:46:14,004 - INFO - Epoch 13 Results:
2025-01-27 06:46:14,004 - INFO -   Average Loss: 0.6639
2025-01-27 06:46:14,004 - INFO -   Training Accuracy: 0.7489
2025-01-27 06:46:14,010 - INFO - Model saved to ./results/best_model_epoch_13.pth
2025-01-27 06:46:14,010 - INFO -   New best loss achieved! Model saved.
2025-01-27 06:46:22,331 - INFO - Epoch 14 Results:
2025-01-27 06:46:22,331 - INFO -   Average Loss: 0.6581
2025-01-27 06:46:22,332 - INFO -   Training Accuracy: 0.7548
2025-01-27 06:46:22,337 - INFO - Model saved to ./results/best_model_epoch_14.pth
2025-01-27 06:46:22,337 - INFO -   New best loss achieved! Model saved.
2025-01-27 06:46:30,722 - INFO - Epoch 15 Results:
2025-01-27 06:46:30,722 - INFO -   Average Loss: 0.6581
2025-01-27 06:46:30,722 - INFO -   Training Accuracy: 0.7517
2025-01-27 06:46:30,722 - INFO -   No improvement for 1 epochs
2025-01-27 06:46:39,064 - INFO - Epoch 16 Results:
2025-01-27 06:46:39,064 - INFO -   Average Loss: 0.6544
2025-01-27 06:46:39,064 - INFO -   Training Accuracy: 0.7552
2025-01-27 06:46:39,069 - INFO - Model saved to ./results/best_model_epoch_16.pth
2025-01-27 06:46:39,069 - INFO -   New best loss achieved! Model saved.
2025-01-27 06:46:48,122 - INFO - Epoch 17 Results:
2025-01-27 06:46:48,122 - INFO -   Average Loss: 0.6523
2025-01-27 06:46:48,122 - INFO -   Training Accuracy: 0.7556
2025-01-27 06:46:48,133 - INFO - Model saved to ./results/best_model_epoch_17.pth
2025-01-27 06:46:48,133 - INFO -   New best loss achieved! Model saved.
2025-01-27 06:46:56,538 - INFO - Epoch 18 Results:
2025-01-27 06:46:56,538 - INFO -   Average Loss: 0.6483
2025-01-27 06:46:56,538 - INFO -   Training Accuracy: 0.7603
2025-01-27 06:46:56,545 - INFO - Model saved to ./results/best_model_epoch_18.pth
2025-01-27 06:46:56,545 - INFO -   New best loss achieved! Model saved.
2025-01-27 06:47:04,886 - INFO - Epoch 19 Results:
2025-01-27 06:47:04,887 - INFO -   Average Loss: 0.6449
2025-01-27 06:47:04,887 - INFO -   Training Accuracy: 0.7622
2025-01-27 06:47:04,892 - INFO - Model saved to ./results/best_model_epoch_19.pth
2025-01-27 06:47:04,892 - INFO -   New best loss achieved! Model saved.
2025-01-27 06:47:13,470 - INFO - Epoch 20 Results:
2025-01-27 06:47:13,470 - INFO -   Average Loss: 0.6443
2025-01-27 06:47:13,470 - INFO -   Training Accuracy: 0.7633
2025-01-27 06:47:13,476 - INFO - Model saved to ./results/best_model_epoch_20.pth
2025-01-27 06:47:13,476 - INFO -   New best loss achieved! Model saved.
2025-01-27 06:47:21,703 - INFO - Epoch 21 Results:
2025-01-27 06:47:21,703 - INFO -   Average Loss: 0.6405
2025-01-27 06:47:21,703 - INFO -   Training Accuracy: 0.7660
2025-01-27 06:47:21,709 - INFO - Model saved to ./results/best_model_epoch_21.pth
2025-01-27 06:47:21,709 - INFO -   New best loss achieved! Model saved.
2025-01-27 06:47:30,320 - INFO - Epoch 22 Results:
2025-01-27 06:47:30,320 - INFO -   Average Loss: 0.6398
2025-01-27 06:47:30,320 - INFO -   Training Accuracy: 0.7642
2025-01-27 06:47:30,326 - INFO - Model saved to ./results/best_model_epoch_22.pth
2025-01-27 06:47:30,327 - INFO -   New best loss achieved! Model saved.
2025-01-27 06:47:38,715 - INFO - Epoch 23 Results:
2025-01-27 06:47:38,715 - INFO -   Average Loss: 0.6387
2025-01-27 06:47:38,715 - INFO -   Training Accuracy: 0.7649
2025-01-27 06:47:38,721 - INFO - Model saved to ./results/best_model_epoch_23.pth
2025-01-27 06:47:38,721 - INFO -   New best loss achieved! Model saved.
2025-01-27 06:47:47,275 - INFO - Epoch 24 Results:
2025-01-27 06:47:47,275 - INFO -   Average Loss: 0.6346
2025-01-27 06:47:47,275 - INFO -   Training Accuracy: 0.7686
2025-01-27 06:47:47,281 - INFO - Model saved to ./results/best_model_epoch_24.pth
2025-01-27 06:47:47,281 - INFO -   New best loss achieved! Model saved.
2025-01-27 06:47:55,808 - INFO - Epoch 25 Results:
2025-01-27 06:47:55,808 - INFO -   Average Loss: 0.6324
2025-01-27 06:47:55,808 - INFO -   Training Accuracy: 0.7698
2025-01-27 06:47:55,814 - INFO - Model saved to ./results/best_model_epoch_25.pth
2025-01-27 06:47:55,814 - INFO -   New best loss achieved! Model saved.
2025-01-27 06:48:04,350 - INFO - Epoch 26 Results:
2025-01-27 06:48:04,350 - INFO -   Average Loss: 0.6284
2025-01-27 06:48:04,350 - INFO -   Training Accuracy: 0.7736
2025-01-27 06:48:04,355 - INFO - Model saved to ./results/best_model_epoch_26.pth
2025-01-27 06:48:04,356 - INFO -   New best loss achieved! Model saved.
2025-01-27 06:48:12,946 - INFO - Epoch 27 Results:
2025-01-27 06:48:12,947 - INFO -   Average Loss: 0.6290
2025-01-27 06:48:12,947 - INFO -   Training Accuracy: 0.7725
2025-01-27 06:48:12,947 - INFO -   No improvement for 1 epochs
2025-01-27 06:48:21,585 - INFO - Epoch 28 Results:
2025-01-27 06:48:21,585 - INFO -   Average Loss: 0.6250
2025-01-27 06:48:21,585 - INFO -   Training Accuracy: 0.7750
2025-01-27 06:48:21,590 - INFO - Model saved to ./results/best_model_epoch_28.pth
2025-01-27 06:48:21,590 - INFO -   New best loss achieved! Model saved.
2025-01-27 06:48:30,241 - INFO - Epoch 29 Results:
2025-01-27 06:48:30,241 - INFO -   Average Loss: 0.6248
2025-01-27 06:48:30,241 - INFO -   Training Accuracy: 0.7749
2025-01-27 06:48:30,247 - INFO - Model saved to ./results/best_model_epoch_29.pth
2025-01-27 06:48:30,247 - INFO -   New best loss achieved! Model saved.
2025-01-27 06:48:38,935 - INFO - Epoch 30 Results:
2025-01-27 06:48:38,935 - INFO -   Average Loss: 0.6216
2025-01-27 06:48:38,935 - INFO -   Training Accuracy: 0.7772
2025-01-27 06:48:38,950 - INFO - Model saved to ./results/best_model_epoch_30.pth
2025-01-27 06:48:38,950 - INFO -   New best loss achieved! Model saved.
2025-01-27 06:48:47,624 - INFO - Epoch 31 Results:
2025-01-27 06:48:47,625 - INFO -   Average Loss: 0.6184
2025-01-27 06:48:47,625 - INFO -   Training Accuracy: 0.7805
2025-01-27 06:48:47,630 - INFO - Model saved to ./results/best_model_epoch_31.pth
2025-01-27 06:48:47,630 - INFO -   New best loss achieved! Model saved.
2025-01-27 06:48:56,405 - INFO - Epoch 32 Results:
2025-01-27 06:48:56,405 - INFO -   Average Loss: 0.6182
2025-01-27 06:48:56,405 - INFO -   Training Accuracy: 0.7787
2025-01-27 06:48:56,410 - INFO - Model saved to ./results/best_model_epoch_32.pth
2025-01-27 06:48:56,410 - INFO -   New best loss achieved! Model saved.
2025-01-27 06:49:05,398 - INFO - Epoch 33 Results:
2025-01-27 06:49:05,398 - INFO -   Average Loss: 0.6167
2025-01-27 06:49:05,398 - INFO -   Training Accuracy: 0.7825
2025-01-27 06:49:05,410 - INFO - Model saved to ./results/best_model_epoch_33.pth
2025-01-27 06:49:05,410 - INFO -   New best loss achieved! Model saved.
2025-01-27 06:49:14,592 - INFO - Epoch 34 Results:
2025-01-27 06:49:14,592 - INFO -   Average Loss: 0.6139
2025-01-27 06:49:14,592 - INFO -   Training Accuracy: 0.7834
2025-01-27 06:49:14,603 - INFO - Model saved to ./results/best_model_epoch_34.pth
2025-01-27 06:49:14,603 - INFO -   New best loss achieved! Model saved.
2025-01-27 06:49:23,527 - INFO - Epoch 35 Results:
2025-01-27 06:49:23,527 - INFO -   Average Loss: 0.6109
2025-01-27 06:49:23,527 - INFO -   Training Accuracy: 0.7867
2025-01-27 06:49:23,532 - INFO - Model saved to ./results/best_model_epoch_35.pth
2025-01-27 06:49:23,533 - INFO -   New best loss achieved! Model saved.
2025-01-27 06:49:32,415 - INFO - Epoch 36 Results:
2025-01-27 06:49:32,415 - INFO -   Average Loss: 0.6140
2025-01-27 06:49:32,415 - INFO -   Training Accuracy: 0.7804
2025-01-27 06:49:32,415 - INFO -   No improvement for 1 epochs
2025-01-27 06:49:41,310 - INFO - Epoch 37 Results:
2025-01-27 06:49:41,311 - INFO -   Average Loss: 0.6126
2025-01-27 06:49:41,311 - INFO -   Training Accuracy: 0.7819
2025-01-27 06:49:41,311 - INFO -   No improvement for 2 epochs
2025-01-27 06:49:50,190 - INFO - Epoch 38 Results:
2025-01-27 06:49:50,190 - INFO -   Average Loss: 0.6068
2025-01-27 06:49:50,190 - INFO -   Training Accuracy: 0.7884
2025-01-27 06:49:50,196 - INFO - Model saved to ./results/best_model_epoch_38.pth
2025-01-27 06:49:50,196 - INFO -   New best loss achieved! Model saved.
2025-01-27 06:49:59,609 - INFO - Epoch 39 Results:
2025-01-27 06:49:59,609 - INFO -   Average Loss: 0.6080
2025-01-27 06:49:59,609 - INFO -   Training Accuracy: 0.7838
2025-01-27 06:49:59,609 - INFO -   No improvement for 1 epochs
2025-01-27 06:50:09,291 - INFO - Epoch 40 Results:
2025-01-27 06:50:09,291 - INFO -   Average Loss: 0.6044
2025-01-27 06:50:09,291 - INFO -   Training Accuracy: 0.7876
2025-01-27 06:50:09,297 - INFO - Model saved to ./results/best_model_epoch_40.pth
2025-01-27 06:50:09,297 - INFO -   New best loss achieved! Model saved.
2025-01-27 06:50:19,025 - INFO - Epoch 41 Results:
2025-01-27 06:50:19,026 - INFO -   Average Loss: 0.6026
2025-01-27 06:50:19,026 - INFO -   Training Accuracy: 0.7885
2025-01-27 06:50:19,032 - INFO - Model saved to ./results/best_model_epoch_41.pth
2025-01-27 06:50:19,032 - INFO -   New best loss achieved! Model saved.
2025-01-27 06:50:29,217 - INFO - Epoch 42 Results:
2025-01-27 06:50:29,217 - INFO -   Average Loss: 0.6046
2025-01-27 06:50:29,217 - INFO -   Training Accuracy: 0.7865
2025-01-27 06:50:29,217 - INFO -   No improvement for 1 epochs
2025-01-27 06:50:39,475 - INFO - Epoch 43 Results:
2025-01-27 06:50:39,475 - INFO -   Average Loss: 0.5996
2025-01-27 06:50:39,475 - INFO -   Training Accuracy: 0.7906
2025-01-27 06:50:39,490 - INFO - Model saved to ./results/best_model_epoch_43.pth
2025-01-27 06:50:39,490 - INFO -   New best loss achieved! Model saved.
2025-01-27 06:50:49,982 - INFO - Epoch 44 Results:
2025-01-27 06:50:49,982 - INFO -   Average Loss: 0.6010
2025-01-27 06:50:49,982 - INFO -   Training Accuracy: 0.7905
2025-01-27 06:50:49,982 - INFO -   No improvement for 1 epochs
2025-01-27 06:51:00,181 - INFO - Epoch 45 Results:
2025-01-27 06:51:00,181 - INFO -   Average Loss: 0.5985
2025-01-27 06:51:00,181 - INFO -   Training Accuracy: 0.7921
2025-01-27 06:51:00,187 - INFO - Model saved to ./results/best_model_epoch_45.pth
2025-01-27 06:51:00,188 - INFO -   New best loss achieved! Model saved.
2025-01-27 06:51:10,100 - INFO - Epoch 46 Results:
2025-01-27 06:51:10,100 - INFO -   Average Loss: 0.5968
2025-01-27 06:51:10,100 - INFO -   Training Accuracy: 0.7931
2025-01-27 06:51:10,105 - INFO - Model saved to ./results/best_model_epoch_46.pth
2025-01-27 06:51:10,106 - INFO -   New best loss achieved! Model saved.
2025-01-27 06:51:20,307 - INFO - Epoch 47 Results:
2025-01-27 06:51:20,307 - INFO -   Average Loss: 0.5967
2025-01-27 06:51:20,307 - INFO -   Training Accuracy: 0.7919
2025-01-27 06:51:20,312 - INFO - Model saved to ./results/best_model_epoch_47.pth
2025-01-27 06:51:20,312 - INFO -   New best loss achieved! Model saved.
2025-01-27 06:51:30,473 - INFO - Epoch 48 Results:
2025-01-27 06:51:30,473 - INFO -   Average Loss: 0.5947
2025-01-27 06:51:30,473 - INFO -   Training Accuracy: 0.7939
2025-01-27 06:51:30,478 - INFO - Model saved to ./results/best_model_epoch_48.pth
2025-01-27 06:51:30,479 - INFO -   New best loss achieved! Model saved.
2025-01-27 06:51:40,309 - INFO - Epoch 49 Results:
2025-01-27 06:51:40,309 - INFO -   Average Loss: 0.5945
2025-01-27 06:51:40,309 - INFO -   Training Accuracy: 0.7942
2025-01-27 06:51:40,314 - INFO - Model saved to ./results/best_model_epoch_49.pth
2025-01-27 06:51:40,315 - INFO -   New best loss achieved! Model saved.
2025-01-27 06:51:50,550 - INFO - Epoch 50 Results:
2025-01-27 06:51:50,550 - INFO -   Average Loss: 0.5918
2025-01-27 06:51:50,550 - INFO -   Training Accuracy: 0.7964
2025-01-27 06:51:50,555 - INFO - Model saved to ./results/best_model_epoch_50.pth
2025-01-27 06:51:50,555 - INFO -   New best loss achieved! Model saved.
2025-01-27 06:52:02,191 - INFO - Epoch 51 Results:
2025-01-27 06:52:02,191 - INFO -   Average Loss: 0.5898
2025-01-27 06:52:02,191 - INFO -   Training Accuracy: 0.7973
2025-01-27 06:52:02,196 - INFO - Model saved to ./results/best_model_epoch_51.pth
2025-01-27 06:52:02,197 - INFO -   New best loss achieved! Model saved.
2025-01-27 06:52:14,273 - INFO - Epoch 52 Results:
2025-01-27 06:52:14,273 - INFO -   Average Loss: 0.5901
2025-01-27 06:52:14,274 - INFO -   Training Accuracy: 0.7970
2025-01-27 06:52:14,274 - INFO -   No improvement for 1 epochs
2025-01-27 06:52:26,998 - INFO - Epoch 53 Results:
2025-01-27 06:52:26,998 - INFO -   Average Loss: 0.5861
2025-01-27 06:52:26,998 - INFO -   Training Accuracy: 0.8004
2025-01-27 06:52:27,014 - INFO - Model saved to ./results/best_model_epoch_53.pth
2025-01-27 06:52:27,014 - INFO -   New best loss achieved! Model saved.
2025-01-27 06:52:38,198 - INFO - Epoch 54 Results:
2025-01-27 06:52:38,198 - INFO -   Average Loss: 0.5882
2025-01-27 06:52:38,198 - INFO -   Training Accuracy: 0.7981
2025-01-27 06:52:38,198 - INFO -   No improvement for 1 epochs
2025-01-27 06:52:47,665 - INFO - Epoch 55 Results:
2025-01-27 06:52:47,665 - INFO -   Average Loss: 0.5869
2025-01-27 06:52:47,665 - INFO -   Training Accuracy: 0.8001
2025-01-27 06:52:47,665 - INFO -   No improvement for 2 epochs
2025-01-27 06:52:57,422 - INFO - Epoch 56 Results:
2025-01-27 06:52:57,422 - INFO -   Average Loss: 0.5837
2025-01-27 06:52:57,422 - INFO -   Training Accuracy: 0.8014
2025-01-27 06:52:57,427 - INFO - Model saved to ./results/best_model_epoch_56.pth
2025-01-27 06:52:57,429 - INFO -   New best loss achieved! Model saved.
2025-01-27 06:53:07,444 - INFO - Epoch 57 Results:
2025-01-27 06:53:07,444 - INFO -   Average Loss: 0.5841
2025-01-27 06:53:07,444 - INFO -   Training Accuracy: 0.8005
2025-01-27 06:53:07,444 - INFO -   No improvement for 1 epochs
2025-01-27 06:53:16,837 - INFO - Epoch 58 Results:
2025-01-27 06:53:16,837 - INFO -   Average Loss: 0.5865
2025-01-27 06:53:16,837 - INFO -   Training Accuracy: 0.7985
2025-01-27 06:53:16,837 - INFO -   No improvement for 2 epochs
2025-01-27 06:53:26,632 - INFO - Epoch 59 Results:
2025-01-27 06:53:26,632 - INFO -   Average Loss: 0.5818
2025-01-27 06:53:26,632 - INFO -   Training Accuracy: 0.8024
2025-01-27 06:53:26,637 - INFO - Model saved to ./results/best_model_epoch_59.pth
2025-01-27 06:53:26,639 - INFO -   New best loss achieved! Model saved.
2025-01-27 06:53:36,790 - INFO - Epoch 60 Results:
2025-01-27 06:53:36,790 - INFO -   Average Loss: 0.5804
2025-01-27 06:53:36,791 - INFO -   Training Accuracy: 0.8019
2025-01-27 06:53:36,796 - INFO - Model saved to ./results/best_model_epoch_60.pth
2025-01-27 06:53:36,796 - INFO -   New best loss achieved! Model saved.
2025-01-27 06:53:46,537 - INFO - Epoch 61 Results:
2025-01-27 06:53:46,537 - INFO -   Average Loss: 0.5784
2025-01-27 06:53:46,537 - INFO -   Training Accuracy: 0.8050
2025-01-27 06:53:46,542 - INFO - Model saved to ./results/best_model_epoch_61.pth
2025-01-27 06:53:46,542 - INFO -   New best loss achieved! Model saved.
2025-01-27 06:53:56,586 - INFO - Epoch 62 Results:
2025-01-27 06:53:56,586 - INFO -   Average Loss: 0.5781
2025-01-27 06:53:56,586 - INFO -   Training Accuracy: 0.8056
2025-01-27 06:53:56,592 - INFO - Model saved to ./results/best_model_epoch_62.pth
2025-01-27 06:53:56,592 - INFO -   New best loss achieved! Model saved.
2025-01-27 06:54:06,737 - INFO - Epoch 63 Results:
2025-01-27 06:54:06,737 - INFO -   Average Loss: 0.5764
2025-01-27 06:54:06,737 - INFO -   Training Accuracy: 0.8083
2025-01-27 06:54:06,746 - INFO - Model saved to ./results/best_model_epoch_63.pth
2025-01-27 06:54:06,746 - INFO -   New best loss achieved! Model saved.
2025-01-27 06:54:16,731 - INFO - Epoch 64 Results:
2025-01-27 06:54:16,731 - INFO -   Average Loss: 0.5750
2025-01-27 06:54:16,731 - INFO -   Training Accuracy: 0.8079
2025-01-27 06:54:16,736 - INFO - Model saved to ./results/best_model_epoch_64.pth
2025-01-27 06:54:16,736 - INFO -   New best loss achieved! Model saved.
2025-01-27 06:54:26,545 - INFO - Epoch 65 Results:
2025-01-27 06:54:26,545 - INFO -   Average Loss: 0.5755
2025-01-27 06:54:26,545 - INFO -   Training Accuracy: 0.8078
2025-01-27 06:54:26,545 - INFO -   No improvement for 1 epochs
2025-01-27 06:54:36,642 - INFO - Epoch 66 Results:
2025-01-27 06:54:36,642 - INFO -   Average Loss: 0.5736
2025-01-27 06:54:36,642 - INFO -   Training Accuracy: 0.8077
2025-01-27 06:54:36,657 - INFO - Model saved to ./results/best_model_epoch_66.pth
2025-01-27 06:54:36,657 - INFO -   New best loss achieved! Model saved.
2025-01-27 06:54:47,420 - INFO - Epoch 67 Results:
2025-01-27 06:54:47,420 - INFO -   Average Loss: 0.5736
2025-01-27 06:54:47,420 - INFO -   Training Accuracy: 0.8076
2025-01-27 06:54:47,420 - INFO -   No improvement for 1 epochs
2025-01-27 06:54:57,689 - INFO - Epoch 68 Results:
2025-01-27 06:54:57,690 - INFO -   Average Loss: 0.5759
2025-01-27 06:54:57,690 - INFO -   Training Accuracy: 0.8049
2025-01-27 06:54:57,690 - INFO -   No improvement for 2 epochs
2025-01-27 06:55:08,290 - INFO - Epoch 69 Results:
2025-01-27 06:55:08,290 - INFO -   Average Loss: 0.5725
2025-01-27 06:55:08,290 - INFO -   Training Accuracy: 0.8075
2025-01-27 06:55:08,295 - INFO - Model saved to ./results/best_model_epoch_69.pth
2025-01-27 06:55:08,295 - INFO -   New best loss achieved! Model saved.
2025-01-27 06:55:18,829 - INFO - Epoch 70 Results:
2025-01-27 06:55:18,829 - INFO -   Average Loss: 0.5741
2025-01-27 06:55:18,829 - INFO -   Training Accuracy: 0.8062
2025-01-27 06:55:18,829 - INFO -   No improvement for 1 epochs
2025-01-27 06:55:29,510 - INFO - Epoch 71 Results:
2025-01-27 06:55:29,510 - INFO -   Average Loss: 0.5698
2025-01-27 06:55:29,510 - INFO -   Training Accuracy: 0.8091
2025-01-27 06:55:29,514 - INFO - Model saved to ./results/best_model_epoch_71.pth
2025-01-27 06:55:29,515 - INFO -   New best loss achieved! Model saved.
2025-01-27 06:55:41,805 - INFO - Epoch 72 Results:
2025-01-27 06:55:41,805 - INFO -   Average Loss: 0.5701
2025-01-27 06:55:41,805 - INFO -   Training Accuracy: 0.8095
2025-01-27 06:55:41,805 - INFO -   No improvement for 1 epochs
2025-01-27 06:55:54,850 - INFO - Epoch 73 Results:
2025-01-27 06:55:54,850 - INFO -   Average Loss: 0.5699
2025-01-27 06:55:54,850 - INFO -   Training Accuracy: 0.8100
2025-01-27 06:55:54,850 - INFO -   No improvement for 2 epochs
2025-01-27 06:56:07,886 - INFO - Epoch 74 Results:
2025-01-27 06:56:07,886 - INFO -   Average Loss: 0.5665
2025-01-27 06:56:07,886 - INFO -   Training Accuracy: 0.8119
2025-01-27 06:56:07,892 - INFO - Model saved to ./results/best_model_epoch_74.pth
2025-01-27 06:56:07,892 - INFO -   New best loss achieved! Model saved.
2025-01-27 06:56:19,817 - INFO - Epoch 75 Results:
2025-01-27 06:56:19,817 - INFO -   Average Loss: 0.5675
2025-01-27 06:56:19,817 - INFO -   Training Accuracy: 0.8114
2025-01-27 06:56:19,817 - INFO -   No improvement for 1 epochs
2025-01-27 06:56:31,566 - INFO - Epoch 76 Results:
2025-01-27 06:56:31,566 - INFO -   Average Loss: 0.5666
2025-01-27 06:56:31,566 - INFO -   Training Accuracy: 0.8124
2025-01-27 06:56:31,566 - INFO -   No improvement for 2 epochs
2025-01-27 06:56:43,211 - INFO - Epoch 77 Results:
2025-01-27 06:56:43,212 - INFO -   Average Loss: 0.5651
2025-01-27 06:56:43,212 - INFO -   Training Accuracy: 0.8131
2025-01-27 06:56:43,217 - INFO - Model saved to ./results/best_model_epoch_77.pth
2025-01-27 06:56:43,217 - INFO -   New best loss achieved! Model saved.
2025-01-27 06:56:53,794 - INFO - Epoch 78 Results:
2025-01-27 06:56:53,794 - INFO -   Average Loss: 0.5663
2025-01-27 06:56:53,795 - INFO -   Training Accuracy: 0.8115
2025-01-27 06:56:53,795 - INFO -   No improvement for 1 epochs
2025-01-27 06:57:04,399 - INFO - Epoch 79 Results:
2025-01-27 06:57:04,399 - INFO -   Average Loss: 0.5641
2025-01-27 06:57:04,399 - INFO -   Training Accuracy: 0.8137
2025-01-27 06:57:04,407 - INFO - Model saved to ./results/best_model_epoch_79.pth
2025-01-27 06:57:04,407 - INFO -   New best loss achieved! Model saved.
2025-01-27 06:57:14,749 - INFO - Epoch 80 Results:
2025-01-27 06:57:14,750 - INFO -   Average Loss: 0.5617
2025-01-27 06:57:14,750 - INFO -   Training Accuracy: 0.8165
2025-01-27 06:57:14,755 - INFO - Model saved to ./results/best_model_epoch_80.pth
2025-01-27 06:57:14,755 - INFO -   New best loss achieved! Model saved.
2025-01-27 06:57:25,183 - INFO - Epoch 81 Results:
2025-01-27 06:57:25,183 - INFO -   Average Loss: 0.5608
2025-01-27 06:57:25,183 - INFO -   Training Accuracy: 0.8158
2025-01-27 06:57:25,189 - INFO - Model saved to ./results/best_model_epoch_81.pth
2025-01-27 06:57:25,189 - INFO -   New best loss achieved! Model saved.
2025-01-27 06:57:35,923 - INFO - Epoch 82 Results:
2025-01-27 06:57:35,923 - INFO -   Average Loss: 0.5604
2025-01-27 06:57:35,923 - INFO -   Training Accuracy: 0.8146
2025-01-27 06:57:35,930 - INFO - Model saved to ./results/best_model_epoch_82.pth
2025-01-27 06:57:35,930 - INFO -   New best loss achieved! Model saved.
2025-01-27 06:57:46,488 - INFO - Epoch 83 Results:
2025-01-27 06:57:46,488 - INFO -   Average Loss: 0.5593
2025-01-27 06:57:46,488 - INFO -   Training Accuracy: 0.8170
2025-01-27 06:57:46,494 - INFO - Model saved to ./results/best_model_epoch_83.pth
2025-01-27 06:57:46,494 - INFO -   New best loss achieved! Model saved.
2025-01-27 06:57:56,702 - INFO - Epoch 84 Results:
2025-01-27 06:57:56,703 - INFO -   Average Loss: 0.5581
2025-01-27 06:57:56,703 - INFO -   Training Accuracy: 0.8195
2025-01-27 06:57:56,708 - INFO - Model saved to ./results/best_model_epoch_84.pth
2025-01-27 06:57:56,708 - INFO -   New best loss achieved! Model saved.
2025-01-27 06:58:06,787 - INFO - Epoch 85 Results:
2025-01-27 06:58:06,787 - INFO -   Average Loss: 0.5572
2025-01-27 06:58:06,788 - INFO -   Training Accuracy: 0.8191
2025-01-27 06:58:06,798 - INFO - Model saved to ./results/best_model_epoch_85.pth
2025-01-27 06:58:06,798 - INFO -   New best loss achieved! Model saved.
2025-01-27 06:58:17,167 - INFO - Epoch 86 Results:
2025-01-27 06:58:17,168 - INFO -   Average Loss: 0.5551
2025-01-27 06:58:17,168 - INFO -   Training Accuracy: 0.8212
2025-01-27 06:58:17,173 - INFO - Model saved to ./results/best_model_epoch_86.pth
2025-01-27 06:58:17,173 - INFO -   New best loss achieved! Model saved.
2025-01-27 06:58:27,595 - INFO - Epoch 87 Results:
2025-01-27 06:58:27,595 - INFO -   Average Loss: 0.5541
2025-01-27 06:58:27,595 - INFO -   Training Accuracy: 0.8215
2025-01-27 06:58:27,600 - INFO - Model saved to ./results/best_model_epoch_87.pth
2025-01-27 06:58:27,600 - INFO -   New best loss achieved! Model saved.
2025-01-27 06:58:38,404 - INFO - Epoch 88 Results:
2025-01-27 06:58:38,404 - INFO -   Average Loss: 0.5553
2025-01-27 06:58:38,404 - INFO -   Training Accuracy: 0.8193
2025-01-27 06:58:38,404 - INFO -   No improvement for 1 epochs
2025-01-27 06:58:49,018 - INFO - Epoch 89 Results:
2025-01-27 06:58:49,019 - INFO -   Average Loss: 0.5551
2025-01-27 06:58:49,019 - INFO -   Training Accuracy: 0.8209
2025-01-27 06:58:49,019 - INFO -   No improvement for 2 epochs
2025-01-27 06:59:00,260 - INFO - Epoch 90 Results:
2025-01-27 06:59:00,260 - INFO -   Average Loss: 0.5529
2025-01-27 06:59:00,260 - INFO -   Training Accuracy: 0.8230
2025-01-27 06:59:00,270 - INFO - Model saved to ./results/best_model_epoch_90.pth
2025-01-27 06:59:00,270 - INFO -   New best loss achieved! Model saved.
2025-01-27 06:59:11,293 - INFO - Epoch 91 Results:
2025-01-27 06:59:11,293 - INFO -   Average Loss: 0.5508
2025-01-27 06:59:11,294 - INFO -   Training Accuracy: 0.8253
2025-01-27 06:59:11,299 - INFO - Model saved to ./results/best_model_epoch_91.pth
2025-01-27 06:59:11,299 - INFO -   New best loss achieved! Model saved.
2025-01-27 06:59:22,347 - INFO - Epoch 92 Results:
2025-01-27 06:59:22,347 - INFO -   Average Loss: 0.5524
2025-01-27 06:59:22,347 - INFO -   Training Accuracy: 0.8234
2025-01-27 06:59:22,347 - INFO -   No improvement for 1 epochs
2025-01-27 06:59:33,469 - INFO - Epoch 93 Results:
2025-01-27 06:59:33,469 - INFO -   Average Loss: 0.5502
2025-01-27 06:59:33,469 - INFO -   Training Accuracy: 0.8253
2025-01-27 06:59:33,476 - INFO - Model saved to ./results/best_model_epoch_93.pth
2025-01-27 06:59:33,476 - INFO -   New best loss achieved! Model saved.
2025-01-27 06:59:44,603 - INFO - Epoch 94 Results:
2025-01-27 06:59:44,603 - INFO -   Average Loss: 0.5509
2025-01-27 06:59:44,603 - INFO -   Training Accuracy: 0.8227
2025-01-27 06:59:44,603 - INFO -   No improvement for 1 epochs
2025-01-27 06:59:56,022 - INFO - Epoch 95 Results:
2025-01-27 06:59:56,022 - INFO -   Average Loss: 0.5531
2025-01-27 06:59:56,022 - INFO -   Training Accuracy: 0.8202
2025-01-27 06:59:56,022 - INFO -   No improvement for 2 epochs
2025-01-27 07:00:07,508 - INFO - Epoch 96 Results:
2025-01-27 07:00:07,509 - INFO -   Average Loss: 0.5479
2025-01-27 07:00:07,509 - INFO -   Training Accuracy: 0.8253
2025-01-27 07:00:07,514 - INFO - Model saved to ./results/best_model_epoch_96.pth
2025-01-27 07:00:07,514 - INFO -   New best loss achieved! Model saved.
2025-01-27 07:00:18,671 - INFO - Epoch 97 Results:
2025-01-27 07:00:18,671 - INFO -   Average Loss: 0.5461
2025-01-27 07:00:18,671 - INFO -   Training Accuracy: 0.8288
2025-01-27 07:00:18,676 - INFO - Model saved to ./results/best_model_epoch_97.pth
2025-01-27 07:00:18,676 - INFO -   New best loss achieved! Model saved.
2025-01-27 07:00:28,840 - INFO - Epoch 98 Results:
2025-01-27 07:00:28,840 - INFO -   Average Loss: 0.5478
2025-01-27 07:00:28,841 - INFO -   Training Accuracy: 0.8252
2025-01-27 07:00:28,841 - INFO -   No improvement for 1 epochs
2025-01-27 07:00:39,304 - INFO - Epoch 99 Results:
2025-01-27 07:00:39,304 - INFO -   Average Loss: 0.5445
2025-01-27 07:00:39,304 - INFO -   Training Accuracy: 0.8285
2025-01-27 07:00:39,309 - INFO - Model saved to ./results/best_model_epoch_99.pth
2025-01-27 07:00:39,309 - INFO -   New best loss achieved! Model saved.
2025-01-27 07:00:50,565 - INFO - Epoch 100 Results:
2025-01-27 07:00:50,565 - INFO -   Average Loss: 0.5494
2025-01-27 07:00:50,565 - INFO -   Training Accuracy: 0.8227
2025-01-27 07:00:50,565 - INFO -   No improvement for 1 epochs
2025-01-27 07:01:01,736 - INFO - Epoch 101 Results:
2025-01-27 07:01:01,736 - INFO -   Average Loss: 0.5492
2025-01-27 07:01:01,736 - INFO -   Training Accuracy: 0.8227
2025-01-27 07:01:01,736 - INFO -   No improvement for 2 epochs
2025-01-27 07:01:12,691 - INFO - Epoch 102 Results:
2025-01-27 07:01:12,692 - INFO -   Average Loss: 0.5466
2025-01-27 07:01:12,692 - INFO -   Training Accuracy: 0.8247
2025-01-27 07:01:12,692 - INFO -   No improvement for 3 epochs
2025-01-27 07:01:23,343 - INFO - Epoch 103 Results:
2025-01-27 07:01:23,343 - INFO -   Average Loss: 0.5461
2025-01-27 07:01:23,343 - INFO -   Training Accuracy: 0.8252
2025-01-27 07:01:23,343 - INFO -   No improvement for 4 epochs
2025-01-27 07:01:34,053 - INFO - Epoch 104 Results:
2025-01-27 07:01:34,053 - INFO -   Average Loss: 0.5441
2025-01-27 07:01:34,053 - INFO -   Training Accuracy: 0.8267
2025-01-27 07:01:34,058 - INFO - Model saved to ./results/best_model_epoch_104.pth
2025-01-27 07:01:34,058 - INFO -   New best loss achieved! Model saved.
2025-01-27 07:01:45,362 - INFO - Epoch 105 Results:
2025-01-27 07:01:45,362 - INFO -   Average Loss: 0.5447
2025-01-27 07:01:45,362 - INFO -   Training Accuracy: 0.8269
2025-01-27 07:01:45,362 - INFO -   No improvement for 1 epochs
2025-01-27 07:01:56,886 - INFO - Epoch 106 Results:
2025-01-27 07:01:56,886 - INFO -   Average Loss: 0.5433
2025-01-27 07:01:56,886 - INFO -   Training Accuracy: 0.8287
2025-01-27 07:01:56,892 - INFO - Model saved to ./results/best_model_epoch_106.pth
2025-01-27 07:01:56,893 - INFO -   New best loss achieved! Model saved.
2025-01-27 07:02:08,810 - INFO - Epoch 107 Results:
2025-01-27 07:02:08,810 - INFO -   Average Loss: 0.5435
2025-01-27 07:02:08,810 - INFO -   Training Accuracy: 0.8280
2025-01-27 07:02:08,810 - INFO -   No improvement for 1 epochs
2025-01-27 07:02:21,001 - INFO - Epoch 108 Results:
2025-01-27 07:02:21,001 - INFO -   Average Loss: 0.5411
2025-01-27 07:02:21,002 - INFO -   Training Accuracy: 0.8283
2025-01-27 07:02:21,007 - INFO - Model saved to ./results/best_model_epoch_108.pth
2025-01-27 07:02:21,007 - INFO -   New best loss achieved! Model saved.
2025-01-27 07:02:33,053 - INFO - Epoch 109 Results:
2025-01-27 07:02:33,054 - INFO -   Average Loss: 0.5392
2025-01-27 07:02:33,054 - INFO -   Training Accuracy: 0.8288
2025-01-27 07:02:33,060 - INFO - Model saved to ./results/best_model_epoch_109.pth
2025-01-27 07:02:33,060 - INFO -   New best loss achieved! Model saved.
2025-01-27 07:02:44,989 - INFO - Epoch 110 Results:
2025-01-27 07:02:44,990 - INFO -   Average Loss: 0.5372
2025-01-27 07:02:44,990 - INFO -   Training Accuracy: 0.8314
2025-01-27 07:02:44,995 - INFO - Model saved to ./results/best_model_epoch_110.pth
2025-01-27 07:02:44,995 - INFO -   New best loss achieved! Model saved.
2025-01-27 07:02:56,879 - INFO - Epoch 111 Results:
2025-01-27 07:02:56,879 - INFO -   Average Loss: 0.5368
2025-01-27 07:02:56,879 - INFO -   Training Accuracy: 0.8334
2025-01-27 07:02:56,886 - INFO - Model saved to ./results/best_model_epoch_111.pth
2025-01-27 07:02:56,886 - INFO -   New best loss achieved! Model saved.
2025-01-27 07:03:07,959 - INFO - Epoch 112 Results:
2025-01-27 07:03:07,959 - INFO -   Average Loss: 0.5428
2025-01-27 07:03:07,959 - INFO -   Training Accuracy: 0.8252
2025-01-27 07:03:07,959 - INFO -   No improvement for 1 epochs
2025-01-27 07:03:19,093 - INFO - Epoch 113 Results:
2025-01-27 07:03:19,093 - INFO -   Average Loss: 0.5359
2025-01-27 07:03:19,093 - INFO -   Training Accuracy: 0.8340
2025-01-27 07:03:19,098 - INFO - Model saved to ./results/best_model_epoch_113.pth
2025-01-27 07:03:19,098 - INFO -   New best loss achieved! Model saved.
2025-01-27 07:03:30,656 - INFO - Epoch 114 Results:
2025-01-27 07:03:30,656 - INFO -   Average Loss: 0.5372
2025-01-27 07:03:30,656 - INFO -   Training Accuracy: 0.8315
2025-01-27 07:03:30,656 - INFO -   No improvement for 1 epochs
2025-01-27 07:03:42,369 - INFO - Epoch 115 Results:
2025-01-27 07:03:42,369 - INFO -   Average Loss: 0.5378
2025-01-27 07:03:42,369 - INFO -   Training Accuracy: 0.8322
2025-01-27 07:03:42,369 - INFO -   No improvement for 2 epochs
2025-01-27 07:03:54,402 - INFO - Epoch 116 Results:
2025-01-27 07:03:54,402 - INFO -   Average Loss: 0.5353
2025-01-27 07:03:54,402 - INFO -   Training Accuracy: 0.8328
2025-01-27 07:03:54,417 - INFO - Model saved to ./results/best_model_epoch_116.pth
2025-01-27 07:03:54,417 - INFO -   New best loss achieved! Model saved.
2025-01-27 07:04:06,014 - INFO - Epoch 117 Results:
2025-01-27 07:04:06,014 - INFO -   Average Loss: 0.5352
2025-01-27 07:04:06,014 - INFO -   Training Accuracy: 0.8331
2025-01-27 07:04:06,019 - INFO - Model saved to ./results/best_model_epoch_117.pth
2025-01-27 07:04:06,020 - INFO -   New best loss achieved! Model saved.
2025-01-27 07:04:17,110 - INFO - Epoch 118 Results:
2025-01-27 07:04:17,110 - INFO -   Average Loss: 0.5367
2025-01-27 07:04:17,110 - INFO -   Training Accuracy: 0.8313
2025-01-27 07:04:17,110 - INFO -   No improvement for 1 epochs
2025-01-27 07:04:28,008 - INFO - Epoch 119 Results:
2025-01-27 07:04:28,008 - INFO -   Average Loss: 0.5369
2025-01-27 07:04:28,009 - INFO -   Training Accuracy: 0.8311
2025-01-27 07:04:28,009 - INFO -   No improvement for 2 epochs
2025-01-27 07:04:38,722 - INFO - Epoch 120 Results:
2025-01-27 07:04:38,722 - INFO -   Average Loss: 0.5337
2025-01-27 07:04:38,722 - INFO -   Training Accuracy: 0.8343
2025-01-27 07:04:38,728 - INFO - Model saved to ./results/best_model_epoch_120.pth
2025-01-27 07:04:38,728 - INFO -   New best loss achieved! Model saved.
2025-01-27 07:04:49,191 - INFO - Epoch 121 Results:
2025-01-27 07:04:49,192 - INFO -   Average Loss: 0.5325
2025-01-27 07:04:49,192 - INFO -   Training Accuracy: 0.8358
2025-01-27 07:04:49,198 - INFO - Model saved to ./results/best_model_epoch_121.pth
2025-01-27 07:04:49,198 - INFO -   New best loss achieved! Model saved.
2025-01-27 07:04:59,371 - INFO - Epoch 122 Results:
2025-01-27 07:04:59,371 - INFO -   Average Loss: 0.5369
2025-01-27 07:04:59,372 - INFO -   Training Accuracy: 0.8303
2025-01-27 07:04:59,372 - INFO -   No improvement for 1 epochs
2025-01-27 07:05:10,291 - INFO - Epoch 123 Results:
2025-01-27 07:05:10,291 - INFO -   Average Loss: 0.5335
2025-01-27 07:05:10,291 - INFO -   Training Accuracy: 0.8337
2025-01-27 07:05:10,291 - INFO -   No improvement for 2 epochs
2025-01-27 07:05:20,308 - INFO - Epoch 124 Results:
2025-01-27 07:05:20,308 - INFO -   Average Loss: 0.5301
2025-01-27 07:05:20,308 - INFO -   Training Accuracy: 0.8358
2025-01-27 07:05:20,314 - INFO - Model saved to ./results/best_model_epoch_124.pth
2025-01-27 07:05:20,314 - INFO -   New best loss achieved! Model saved.
2025-01-27 07:05:30,342 - INFO - Epoch 125 Results:
2025-01-27 07:05:30,343 - INFO -   Average Loss: 0.5325
2025-01-27 07:05:30,343 - INFO -   Training Accuracy: 0.8337
2025-01-27 07:05:30,343 - INFO -   No improvement for 1 epochs
2025-01-27 07:05:40,218 - INFO - Epoch 126 Results:
2025-01-27 07:05:40,218 - INFO -   Average Loss: 0.5322
2025-01-27 07:05:40,218 - INFO -   Training Accuracy: 0.8351
2025-01-27 07:05:40,218 - INFO -   No improvement for 2 epochs
2025-01-27 07:05:51,396 - INFO - Epoch 127 Results:
2025-01-27 07:05:51,396 - INFO -   Average Loss: 0.5304
2025-01-27 07:05:51,396 - INFO -   Training Accuracy: 0.8352
2025-01-27 07:05:51,397 - INFO -   No improvement for 3 epochs
2025-01-27 07:06:01,794 - INFO - Epoch 128 Results:
2025-01-27 07:06:01,794 - INFO -   Average Loss: 0.5323
2025-01-27 07:06:01,794 - INFO -   Training Accuracy: 0.8352
2025-01-27 07:06:01,794 - INFO -   No improvement for 4 epochs
2025-01-27 07:06:11,912 - INFO - Epoch 129 Results:
2025-01-27 07:06:11,912 - INFO -   Average Loss: 0.5282
2025-01-27 07:06:11,912 - INFO -   Training Accuracy: 0.8378
2025-01-27 07:06:11,918 - INFO - Model saved to ./results/best_model_epoch_129.pth
2025-01-27 07:06:11,918 - INFO -   New best loss achieved! Model saved.
2025-01-27 07:06:22,614 - INFO - Epoch 130 Results:
2025-01-27 07:06:22,615 - INFO -   Average Loss: 0.5293
2025-01-27 07:06:22,615 - INFO -   Training Accuracy: 0.8355
2025-01-27 07:06:22,615 - INFO -   No improvement for 1 epochs
2025-01-27 07:06:33,803 - INFO - Epoch 131 Results:
2025-01-27 07:06:33,803 - INFO -   Average Loss: 0.5312
2025-01-27 07:06:33,803 - INFO -   Training Accuracy: 0.8353
2025-01-27 07:06:33,803 - INFO -   No improvement for 2 epochs
2025-01-27 07:06:44,841 - INFO - Epoch 132 Results:
2025-01-27 07:06:44,841 - INFO -   Average Loss: 0.5282
2025-01-27 07:06:44,841 - INFO -   Training Accuracy: 0.8361
2025-01-27 07:06:44,846 - INFO - Model saved to ./results/best_model_epoch_132.pth
2025-01-27 07:06:44,846 - INFO -   New best loss achieved! Model saved.
2025-01-27 07:06:55,978 - INFO - Epoch 133 Results:
2025-01-27 07:06:55,978 - INFO -   Average Loss: 0.5328
2025-01-27 07:06:55,978 - INFO -   Training Accuracy: 0.8299
2025-01-27 07:06:55,978 - INFO -   No improvement for 1 epochs
2025-01-27 07:07:06,920 - INFO - Epoch 134 Results:
2025-01-27 07:07:06,920 - INFO -   Average Loss: 0.5316
2025-01-27 07:07:06,920 - INFO -   Training Accuracy: 0.8327
2025-01-27 07:07:06,920 - INFO -   No improvement for 2 epochs
2025-01-27 07:07:18,254 - INFO - Epoch 135 Results:
2025-01-27 07:07:18,254 - INFO -   Average Loss: 0.5318
2025-01-27 07:07:18,254 - INFO -   Training Accuracy: 0.8311
2025-01-27 07:07:18,254 - INFO -   No improvement for 3 epochs
2025-01-27 07:07:29,762 - INFO - Epoch 136 Results:
2025-01-27 07:07:29,763 - INFO -   Average Loss: 0.5137
2025-01-27 07:07:29,763 - INFO -   Training Accuracy: 0.8511
2025-01-27 07:07:29,768 - INFO - Model saved to ./results/best_model_epoch_136.pth
2025-01-27 07:07:29,768 - INFO -   New best loss achieved! Model saved.
2025-01-27 07:07:41,654 - INFO - Epoch 137 Results:
2025-01-27 07:07:41,654 - INFO -   Average Loss: 0.5112
2025-01-27 07:07:41,654 - INFO -   Training Accuracy: 0.8556
2025-01-27 07:07:41,659 - INFO - Model saved to ./results/best_model_epoch_137.pth
2025-01-27 07:07:41,659 - INFO -   New best loss achieved! Model saved.
2025-01-27 07:07:54,615 - INFO - Epoch 138 Results:
2025-01-27 07:07:54,615 - INFO -   Average Loss: 0.5109
2025-01-27 07:07:54,615 - INFO -   Training Accuracy: 0.8537
2025-01-27 07:07:54,621 - INFO - Model saved to ./results/best_model_epoch_138.pth
2025-01-27 07:07:54,621 - INFO -   New best loss achieved! Model saved.
2025-01-27 07:08:07,885 - INFO - Epoch 139 Results:
2025-01-27 07:08:07,885 - INFO -   Average Loss: 0.5095
2025-01-27 07:08:07,885 - INFO -   Training Accuracy: 0.8572
2025-01-27 07:08:07,890 - INFO - Model saved to ./results/best_model_epoch_139.pth
2025-01-27 07:08:07,890 - INFO -   New best loss achieved! Model saved.
2025-01-27 07:08:20,380 - INFO - Epoch 140 Results:
2025-01-27 07:08:20,380 - INFO -   Average Loss: 0.5086
2025-01-27 07:08:20,380 - INFO -   Training Accuracy: 0.8565
2025-01-27 07:08:20,386 - INFO - Model saved to ./results/best_model_epoch_140.pth
2025-01-27 07:08:20,386 - INFO -   New best loss achieved! Model saved.
2025-01-27 07:08:32,621 - INFO - Epoch 141 Results:
2025-01-27 07:08:32,622 - INFO -   Average Loss: 0.5065
2025-01-27 07:08:32,622 - INFO -   Training Accuracy: 0.8592
2025-01-27 07:08:32,627 - INFO - Model saved to ./results/best_model_epoch_141.pth
2025-01-27 07:08:32,627 - INFO -   New best loss achieved! Model saved.
2025-01-27 07:08:44,921 - INFO - Epoch 142 Results:
2025-01-27 07:08:44,921 - INFO -   Average Loss: 0.5056
2025-01-27 07:08:44,921 - INFO -   Training Accuracy: 0.8598
2025-01-27 07:08:44,927 - INFO - Model saved to ./results/best_model_epoch_142.pth
2025-01-27 07:08:44,927 - INFO -   New best loss achieved! Model saved.
2025-01-27 07:08:57,322 - INFO - Epoch 143 Results:
2025-01-27 07:08:57,322 - INFO -   Average Loss: 0.5061
2025-01-27 07:08:57,322 - INFO -   Training Accuracy: 0.8597
2025-01-27 07:08:57,322 - INFO -   No improvement for 1 epochs
2025-01-27 07:09:09,599 - INFO - Epoch 144 Results:
2025-01-27 07:09:09,599 - INFO -   Average Loss: 0.5074
2025-01-27 07:09:09,599 - INFO -   Training Accuracy: 0.8576
2025-01-27 07:09:09,599 - INFO -   No improvement for 2 epochs
2025-01-27 07:09:22,094 - INFO - Epoch 145 Results:
2025-01-27 07:09:22,094 - INFO -   Average Loss: 0.5054
2025-01-27 07:09:22,094 - INFO -   Training Accuracy: 0.8607
2025-01-27 07:09:22,100 - INFO - Model saved to ./results/best_model_epoch_145.pth
2025-01-27 07:09:22,100 - INFO -   New best loss achieved! Model saved.
2025-01-27 07:09:34,444 - INFO - Epoch 146 Results:
2025-01-27 07:09:34,444 - INFO -   Average Loss: 0.5038
2025-01-27 07:09:34,444 - INFO -   Training Accuracy: 0.8620
2025-01-27 07:09:34,450 - INFO - Model saved to ./results/best_model_epoch_146.pth
2025-01-27 07:09:34,450 - INFO -   New best loss achieved! Model saved.
2025-01-27 07:09:46,040 - INFO - Epoch 147 Results:
2025-01-27 07:09:46,040 - INFO -   Average Loss: 0.5026
2025-01-27 07:09:46,040 - INFO -   Training Accuracy: 0.8624
2025-01-27 07:09:46,046 - INFO - Model saved to ./results/best_model_epoch_147.pth
2025-01-27 07:09:46,046 - INFO -   New best loss achieved! Model saved.
2025-01-27 07:09:57,262 - INFO - Epoch 148 Results:
2025-01-27 07:09:57,263 - INFO -   Average Loss: 0.5035
2025-01-27 07:09:57,263 - INFO -   Training Accuracy: 0.8613
2025-01-27 07:09:57,263 - INFO -   No improvement for 1 epochs
2025-01-27 07:10:08,222 - INFO - Epoch 149 Results:
2025-01-27 07:10:08,222 - INFO -   Average Loss: 0.5027
2025-01-27 07:10:08,222 - INFO -   Training Accuracy: 0.8623
2025-01-27 07:10:08,222 - INFO -   No improvement for 2 epochs
2025-01-27 07:10:19,413 - INFO - Epoch 150 Results:
2025-01-27 07:10:19,413 - INFO -   Average Loss: 0.5027
2025-01-27 07:10:19,413 - INFO -   Training Accuracy: 0.8608
2025-01-27 07:10:19,413 - INFO -   No improvement for 3 epochs
2025-01-27 07:10:30,129 - INFO - Epoch 151 Results:
2025-01-27 07:10:30,129 - INFO -   Average Loss: 0.5012
2025-01-27 07:10:30,129 - INFO -   Training Accuracy: 0.8628
2025-01-27 07:10:30,144 - INFO - Model saved to ./results/best_model_epoch_151.pth
2025-01-27 07:10:30,145 - INFO -   New best loss achieved! Model saved.
2025-01-27 07:10:40,764 - INFO - Epoch 152 Results:
2025-01-27 07:10:40,764 - INFO -   Average Loss: 0.5007
2025-01-27 07:10:40,764 - INFO -   Training Accuracy: 0.8631
2025-01-27 07:10:40,770 - INFO - Model saved to ./results/best_model_epoch_152.pth
2025-01-27 07:10:40,770 - INFO -   New best loss achieved! Model saved.
2025-01-27 07:10:51,399 - INFO - Epoch 153 Results:
2025-01-27 07:10:51,399 - INFO -   Average Loss: 0.5011
2025-01-27 07:10:51,399 - INFO -   Training Accuracy: 0.8634
2025-01-27 07:10:51,399 - INFO -   No improvement for 1 epochs
2025-01-27 07:11:01,874 - INFO - Epoch 154 Results:
2025-01-27 07:11:01,874 - INFO -   Average Loss: 0.4988
2025-01-27 07:11:01,874 - INFO -   Training Accuracy: 0.8653
2025-01-27 07:11:01,880 - INFO - Model saved to ./results/best_model_epoch_154.pth
2025-01-27 07:11:01,880 - INFO -   New best loss achieved! Model saved.
2025-01-27 07:11:12,256 - INFO - Epoch 155 Results:
2025-01-27 07:11:12,256 - INFO -   Average Loss: 0.5019
2025-01-27 07:11:12,256 - INFO -   Training Accuracy: 0.8616
2025-01-27 07:11:12,256 - INFO -   No improvement for 1 epochs
2025-01-27 07:11:22,521 - INFO - Epoch 156 Results:
2025-01-27 07:11:22,521 - INFO -   Average Loss: 0.5008
2025-01-27 07:11:22,521 - INFO -   Training Accuracy: 0.8618
2025-01-27 07:11:22,521 - INFO -   No improvement for 2 epochs
2025-01-27 07:11:32,810 - INFO - Epoch 157 Results:
2025-01-27 07:11:32,810 - INFO -   Average Loss: 0.4983
2025-01-27 07:11:32,810 - INFO -   Training Accuracy: 0.8662
2025-01-27 07:11:32,816 - INFO - Model saved to ./results/best_model_epoch_157.pth
2025-01-27 07:11:32,816 - INFO -   New best loss achieved! Model saved.
2025-01-27 07:11:43,290 - INFO - Epoch 158 Results:
2025-01-27 07:11:43,290 - INFO -   Average Loss: 0.4979
2025-01-27 07:11:43,290 - INFO -   Training Accuracy: 0.8654
2025-01-27 07:11:43,296 - INFO - Model saved to ./results/best_model_epoch_158.pth
2025-01-27 07:11:43,296 - INFO -   New best loss achieved! Model saved.
2025-01-27 07:11:53,916 - INFO - Epoch 159 Results:
2025-01-27 07:11:53,916 - INFO -   Average Loss: 0.4968
2025-01-27 07:11:53,916 - INFO -   Training Accuracy: 0.8667
2025-01-27 07:11:53,922 - INFO - Model saved to ./results/best_model_epoch_159.pth
2025-01-27 07:11:53,922 - INFO -   New best loss achieved! Model saved.
2025-01-27 07:12:04,934 - INFO - Epoch 160 Results:
2025-01-27 07:12:04,934 - INFO -   Average Loss: 0.4981
2025-01-27 07:12:04,934 - INFO -   Training Accuracy: 0.8645
2025-01-27 07:12:04,934 - INFO -   No improvement for 1 epochs
2025-01-27 07:12:16,217 - INFO - Epoch 161 Results:
2025-01-27 07:12:16,217 - INFO -   Average Loss: 0.4981
2025-01-27 07:12:16,217 - INFO -   Training Accuracy: 0.8632
2025-01-27 07:12:16,217 - INFO -   No improvement for 2 epochs
2025-01-27 07:12:27,673 - INFO - Epoch 162 Results:
2025-01-27 07:12:27,673 - INFO -   Average Loss: 0.4966
2025-01-27 07:12:27,673 - INFO -   Training Accuracy: 0.8665
2025-01-27 07:12:27,679 - INFO - Model saved to ./results/best_model_epoch_162.pth
2025-01-27 07:12:27,679 - INFO -   New best loss achieved! Model saved.
2025-01-27 07:12:39,095 - INFO - Epoch 163 Results:
2025-01-27 07:12:39,095 - INFO -   Average Loss: 0.4953
2025-01-27 07:12:39,095 - INFO -   Training Accuracy: 0.8679
2025-01-27 07:12:39,100 - INFO - Model saved to ./results/best_model_epoch_163.pth
2025-01-27 07:12:39,100 - INFO -   New best loss achieved! Model saved.
2025-01-27 07:12:50,083 - INFO - Epoch 164 Results:
2025-01-27 07:12:50,083 - INFO -   Average Loss: 0.4972
2025-01-27 07:12:50,083 - INFO -   Training Accuracy: 0.8660
2025-01-27 07:12:50,083 - INFO -   No improvement for 1 epochs
2025-01-27 07:13:01,097 - INFO - Epoch 165 Results:
2025-01-27 07:13:01,097 - INFO -   Average Loss: 0.4968
2025-01-27 07:13:01,097 - INFO -   Training Accuracy: 0.8658
2025-01-27 07:13:01,097 - INFO -   No improvement for 2 epochs
2025-01-27 07:13:11,909 - INFO - Epoch 166 Results:
2025-01-27 07:13:11,909 - INFO -   Average Loss: 0.4979
2025-01-27 07:13:11,909 - INFO -   Training Accuracy: 0.8651
2025-01-27 07:13:11,909 - INFO -   No improvement for 3 epochs
2025-01-27 07:13:22,640 - INFO - Epoch 167 Results:
2025-01-27 07:13:22,640 - INFO -   Average Loss: 0.4960
2025-01-27 07:13:22,640 - INFO -   Training Accuracy: 0.8672
2025-01-27 07:13:22,640 - INFO -   No improvement for 4 epochs
2025-01-27 07:13:33,341 - INFO - Epoch 168 Results:
2025-01-27 07:13:33,341 - INFO -   Average Loss: 0.4963
2025-01-27 07:13:33,341 - INFO -   Training Accuracy: 0.8663
2025-01-27 07:13:33,341 - INFO -   No improvement for 5 epochs
2025-01-27 07:13:43,846 - INFO - Epoch 169 Results:
2025-01-27 07:13:43,847 - INFO -   Average Loss: 0.4927
2025-01-27 07:13:43,847 - INFO -   Training Accuracy: 0.8692
2025-01-27 07:13:43,862 - INFO - Model saved to ./results/best_model_epoch_169.pth
2025-01-27 07:13:43,862 - INFO -   New best loss achieved! Model saved.
2025-01-27 07:13:54,366 - INFO - Epoch 170 Results:
2025-01-27 07:13:54,366 - INFO -   Average Loss: 0.4945
2025-01-27 07:13:54,366 - INFO -   Training Accuracy: 0.8683
2025-01-27 07:13:54,366 - INFO -   No improvement for 1 epochs
2025-01-27 07:14:04,624 - INFO - Epoch 171 Results:
2025-01-27 07:14:04,624 - INFO -   Average Loss: 0.4924
2025-01-27 07:14:04,624 - INFO -   Training Accuracy: 0.8700
2025-01-27 07:14:04,629 - INFO - Model saved to ./results/best_model_epoch_171.pth
2025-01-27 07:14:04,630 - INFO -   New best loss achieved! Model saved.
2025-01-27 07:14:14,949 - INFO - Epoch 172 Results:
2025-01-27 07:14:14,951 - INFO -   Average Loss: 0.4948
2025-01-27 07:14:14,951 - INFO -   Training Accuracy: 0.8672
2025-01-27 07:14:14,951 - INFO -   No improvement for 1 epochs
2025-01-27 07:14:25,840 - INFO - Epoch 173 Results:
2025-01-27 07:14:25,840 - INFO -   Average Loss: 0.4900
2025-01-27 07:14:25,840 - INFO -   Training Accuracy: 0.8715
2025-01-27 07:14:25,845 - INFO - Model saved to ./results/best_model_epoch_173.pth
2025-01-27 07:14:25,845 - INFO -   New best loss achieved! Model saved.
2025-01-27 07:14:37,119 - INFO - Epoch 174 Results:
2025-01-27 07:14:37,119 - INFO -   Average Loss: 0.4904
2025-01-27 07:14:37,119 - INFO -   Training Accuracy: 0.8717
2025-01-27 07:14:37,120 - INFO -   No improvement for 1 epochs
2025-01-27 07:14:49,060 - INFO - Epoch 175 Results:
2025-01-27 07:14:49,060 - INFO -   Average Loss: 0.4928
2025-01-27 07:14:49,060 - INFO -   Training Accuracy: 0.8685
2025-01-27 07:14:49,060 - INFO -   No improvement for 2 epochs
2025-01-27 07:15:00,970 - INFO - Epoch 176 Results:
2025-01-27 07:15:00,970 - INFO -   Average Loss: 0.4935
2025-01-27 07:15:00,970 - INFO -   Training Accuracy: 0.8679
2025-01-27 07:15:00,970 - INFO -   No improvement for 3 epochs
2025-01-27 07:15:13,184 - INFO - Epoch 177 Results:
2025-01-27 07:15:13,184 - INFO -   Average Loss: 0.4916
2025-01-27 07:15:13,184 - INFO -   Training Accuracy: 0.8701
2025-01-27 07:15:13,184 - INFO -   No improvement for 4 epochs
2025-01-27 07:15:25,170 - INFO - Epoch 178 Results:
2025-01-27 07:15:25,171 - INFO -   Average Loss: 0.4931
2025-01-27 07:15:25,171 - INFO -   Training Accuracy: 0.8684
2025-01-27 07:15:25,171 - INFO -   No improvement for 5 epochs
2025-01-27 07:15:36,276 - INFO - Epoch 179 Results:
2025-01-27 07:15:36,276 - INFO -   Average Loss: 0.4892
2025-01-27 07:15:36,276 - INFO -   Training Accuracy: 0.8729
2025-01-27 07:15:36,283 - INFO - Model saved to ./results/best_model_epoch_179.pth
2025-01-27 07:15:36,283 - INFO -   New best loss achieved! Model saved.
2025-01-27 07:15:47,142 - INFO - Epoch 180 Results:
2025-01-27 07:15:47,142 - INFO -   Average Loss: 0.4926
2025-01-27 07:15:47,142 - INFO -   Training Accuracy: 0.8675
2025-01-27 07:15:47,142 - INFO -   No improvement for 1 epochs
2025-01-27 07:15:57,806 - INFO - Epoch 181 Results:
2025-01-27 07:15:57,806 - INFO -   Average Loss: 0.4902
2025-01-27 07:15:57,806 - INFO -   Training Accuracy: 0.8720
2025-01-27 07:15:57,806 - INFO -   No improvement for 2 epochs
2025-01-27 07:16:08,209 - INFO - Epoch 182 Results:
2025-01-27 07:16:08,209 - INFO -   Average Loss: 0.4912
2025-01-27 07:16:08,209 - INFO -   Training Accuracy: 0.8708
2025-01-27 07:16:08,209 - INFO -   No improvement for 3 epochs
2025-01-27 07:16:19,155 - INFO - Epoch 183 Results:
2025-01-27 07:16:19,155 - INFO -   Average Loss: 0.4890
2025-01-27 07:16:19,155 - INFO -   Training Accuracy: 0.8720
2025-01-27 07:16:19,170 - INFO - Model saved to ./results/best_model_epoch_183.pth
2025-01-27 07:16:19,170 - INFO -   New best loss achieved! Model saved.
2025-01-27 07:16:30,086 - INFO - Epoch 184 Results:
2025-01-27 07:16:30,086 - INFO -   Average Loss: 0.4909
2025-01-27 07:16:30,086 - INFO -   Training Accuracy: 0.8702
2025-01-27 07:16:30,086 - INFO -   No improvement for 1 epochs
2025-01-27 07:16:41,211 - INFO - Epoch 185 Results:
2025-01-27 07:16:41,212 - INFO -   Average Loss: 0.4917
2025-01-27 07:16:41,212 - INFO -   Training Accuracy: 0.8693
2025-01-27 07:16:41,212 - INFO -   No improvement for 2 epochs
2025-01-27 07:16:51,660 - INFO - Epoch 186 Results:
2025-01-27 07:16:51,660 - INFO -   Average Loss: 0.4908
2025-01-27 07:16:51,660 - INFO -   Training Accuracy: 0.8702
2025-01-27 07:16:51,660 - INFO -   No improvement for 3 epochs
2025-01-27 07:17:02,278 - INFO - Epoch 187 Results:
2025-01-27 07:17:02,278 - INFO -   Average Loss: 0.4927
2025-01-27 07:17:02,278 - INFO -   Training Accuracy: 0.8678
2025-01-27 07:17:02,278 - INFO -   No improvement for 4 epochs
2025-01-27 07:17:12,698 - INFO - Epoch 188 Results:
2025-01-27 07:17:12,699 - INFO -   Average Loss: 0.4895
2025-01-27 07:17:12,699 - INFO -   Training Accuracy: 0.8716
2025-01-27 07:17:12,699 - INFO -   No improvement for 5 epochs
2025-01-27 07:17:23,302 - INFO - Epoch 189 Results:
2025-01-27 07:17:23,302 - INFO -   Average Loss: 0.4889
2025-01-27 07:17:23,302 - INFO -   Training Accuracy: 0.8707
2025-01-27 07:17:23,308 - INFO - Model saved to ./results/best_model_epoch_189.pth
2025-01-27 07:17:23,308 - INFO -   New best loss achieved! Model saved.
2025-01-27 07:17:33,823 - INFO - Epoch 190 Results:
2025-01-27 07:17:33,823 - INFO -   Average Loss: 0.4919
2025-01-27 07:17:33,823 - INFO -   Training Accuracy: 0.8684
2025-01-27 07:17:33,823 - INFO -   No improvement for 1 epochs
2025-01-27 07:17:44,092 - INFO - Epoch 191 Results:
2025-01-27 07:17:44,093 - INFO -   Average Loss: 0.4866
2025-01-27 07:17:44,093 - INFO -   Training Accuracy: 0.8737
2025-01-27 07:17:44,099 - INFO - Model saved to ./results/best_model_epoch_191.pth
2025-01-27 07:17:44,099 - INFO -   New best loss achieved! Model saved.
2025-01-27 07:17:54,177 - INFO - Epoch 192 Results:
2025-01-27 07:17:54,178 - INFO -   Average Loss: 0.4859
2025-01-27 07:17:54,178 - INFO -   Training Accuracy: 0.8730
2025-01-27 07:17:54,184 - INFO - Model saved to ./results/best_model_epoch_192.pth
2025-01-27 07:17:54,184 - INFO -   New best loss achieved! Model saved.
2025-01-27 07:18:04,279 - INFO - Epoch 193 Results:
2025-01-27 07:18:04,279 - INFO -   Average Loss: 0.4845
2025-01-27 07:18:04,279 - INFO -   Training Accuracy: 0.8760
2025-01-27 07:18:04,294 - INFO - Model saved to ./results/best_model_epoch_193.pth
2025-01-27 07:18:04,294 - INFO -   New best loss achieved! Model saved.
2025-01-27 07:18:14,376 - INFO - Epoch 194 Results:
2025-01-27 07:18:14,376 - INFO -   Average Loss: 0.4865
2025-01-27 07:18:14,378 - INFO -   Training Accuracy: 0.8736
2025-01-27 07:18:14,378 - INFO -   No improvement for 1 epochs
2025-01-27 07:18:24,298 - INFO - Epoch 195 Results:
2025-01-27 07:18:24,298 - INFO -   Average Loss: 0.4834
2025-01-27 07:18:24,298 - INFO -   Training Accuracy: 0.8770
2025-01-27 07:18:24,303 - INFO - Model saved to ./results/best_model_epoch_195.pth
2025-01-27 07:18:24,304 - INFO -   New best loss achieved! Model saved.
2025-01-27 07:18:33,895 - INFO - Epoch 196 Results:
2025-01-27 07:18:33,895 - INFO -   Average Loss: 0.4824
2025-01-27 07:18:33,895 - INFO -   Training Accuracy: 0.8787
2025-01-27 07:18:33,901 - INFO - Model saved to ./results/best_model_epoch_196.pth
2025-01-27 07:18:33,901 - INFO -   New best loss achieved! Model saved.
2025-01-27 07:18:43,011 - INFO - Epoch 197 Results:
2025-01-27 07:18:43,011 - INFO -   Average Loss: 0.4847
2025-01-27 07:18:43,011 - INFO -   Training Accuracy: 0.8752
2025-01-27 07:18:43,011 - INFO -   No improvement for 1 epochs
2025-01-27 07:18:52,201 - INFO - Epoch 198 Results:
2025-01-27 07:18:52,201 - INFO -   Average Loss: 0.4854
2025-01-27 07:18:52,202 - INFO -   Training Accuracy: 0.8743
2025-01-27 07:18:52,202 - INFO -   No improvement for 2 epochs
2025-01-27 07:19:01,345 - INFO - Epoch 199 Results:
2025-01-27 07:19:01,346 - INFO -   Average Loss: 0.4841
2025-01-27 07:19:01,346 - INFO -   Training Accuracy: 0.8758
2025-01-27 07:19:01,346 - INFO -   No improvement for 3 epochs
2025-01-27 07:19:10,526 - INFO - Epoch 200 Results:
2025-01-27 07:19:10,526 - INFO -   Average Loss: 0.4849
2025-01-27 07:19:10,527 - INFO -   Training Accuracy: 0.8742
2025-01-27 07:19:10,527 - INFO -   No improvement for 4 epochs
2025-01-27 07:19:10,527 - INFO - 
Training completed!
2025-01-27 07:19:10,527 - INFO - Best loss achieved: 0.4824
2025-01-27 07:19:10,532 - INFO - Model saved to ./results/best_performance_predictor.pth
2025-01-27 07:19:10,532 - INFO - Starting model evaluation...
2025-01-27 07:19:11,961 - INFO - 
Per-Problem Results:
2025-01-27 07:19:11,961 - INFO - Problem 0:
2025-01-27 07:19:11,961 - INFO -   Total pairs: 2000
2025-01-27 07:19:11,961 - INFO -   Correct predictions: 1507
2025-01-27 07:19:11,962 - INFO -   Accuracy: 0.7535
2025-01-27 07:19:11,962 - INFO - 
Detailed Evaluation Results:
2025-01-27 07:19:11,962 - INFO - ==================================================
2025-01-27 07:19:11,962 - INFO - VERY_POOR:
2025-01-27 07:19:11,962 - INFO -   Performance diff: > 0.5
2025-01-27 07:19:11,962 - INFO -   Total pairs: 946
2025-01-27 07:19:11,962 - INFO -   Correct predictions: 847
2025-01-27 07:19:11,962 - INFO -   Accuracy: 0.8953
2025-01-27 07:19:11,962 - INFO - POOR:
2025-01-27 07:19:11,962 - INFO -   Performance diff: 0.3 - 0.5
2025-01-27 07:19:11,962 - INFO -   Total pairs: 54
2025-01-27 07:19:11,962 - INFO -   Correct predictions: 39
2025-01-27 07:19:11,962 - INFO -   Accuracy: 0.7222
2025-01-27 07:19:11,962 - INFO - SIGNIFICANT:
2025-01-27 07:19:11,962 - INFO -   Performance diff: 0.2 - 0.3
2025-01-27 07:19:11,962 - INFO -   Total pairs: 209
2025-01-27 07:19:11,962 - INFO -   Correct predictions: 123
2025-01-27 07:19:11,962 - INFO -   Accuracy: 0.5885
2025-01-27 07:19:11,962 - INFO - MODERATE:
2025-01-27 07:19:11,962 - INFO -   Performance diff: 0.1 - 0.2
2025-01-27 07:19:11,962 - INFO -   Total pairs: 391
2025-01-27 07:19:11,962 - INFO -   Correct predictions: 263
2025-01-27 07:19:11,962 - INFO -   Accuracy: 0.6726
2025-01-27 07:19:11,963 - INFO - SLIGHT:
2025-01-27 07:19:11,963 - INFO -   Performance diff: 0.05 - 0.1
2025-01-27 07:19:11,963 - INFO -   Total pairs: 228
2025-01-27 07:19:11,963 - INFO -   Correct predictions: 151
2025-01-27 07:19:11,963 - INFO -   Accuracy: 0.6623
2025-01-27 07:19:11,963 - INFO - MINIMAL:
2025-01-27 07:19:11,963 - INFO -   Performance diff: ¡Ü 0.05
2025-01-27 07:19:11,963 - INFO -   Total pairs: 172
2025-01-27 07:19:11,963 - INFO -   Correct predictions: 84
2025-01-27 07:19:11,963 - INFO -   Accuracy: 0.4884
2025-01-27 07:19:11,963 - INFO - 
Overall Results:
2025-01-27 07:19:11,963 - INFO - Total test pairs: 2000
2025-01-27 07:19:11,963 - INFO - Total correct predictions: 1507
2025-01-27 07:19:11,963 - INFO - Overall accuracy: 0.7535
2025-01-27 07:19:11,963 - INFO - 
Poor Code Detection Results:
2025-01-27 07:19:11,963 - INFO - Total poor code pairs: 1000
2025-01-27 07:19:11,963 - INFO - Correctly identified: 886
2025-01-27 07:19:11,963 - INFO - Poor code detection accuracy: 0.8860
2025-01-27 07:19:11,966 - INFO - Evaluation results saved to ./results/evaluation_results_20250127_071911.json
