8.66	49.884079	inf
65.19	49.884079	inf
65.20	49.884079	inf
65.21	49.884079	inf
183.11	49.884079	53.453996
183.11	49.884079	49.971494
183.11	49.884079	49.929299
183.11	49.884079	49.903020
183.11	49.884079	49.903020
183.11	49.884079	49.903020
183.12	49.884079	49.903020
183.12	49.884079	49.884079
183.12	49.884079	49.884079
183.12	49.884079	49.884079
183.12	49.884079	49.884079
183.12	49.884079	49.884079
183.12	49.884079	49.884079
183.12	49.884079	49.884079
183.12	49.884079	49.884079
183.12	49.884079	49.884079
183.12	49.884079	49.884079
183.12	49.884079	49.884079
183.13	49.884079	49.884079
183.13	49.884079	49.884079
183.13	49.884079	49.884079
183.13	49.884079	49.884079
183.13	49.884079	49.884079
183.13	49.884079	49.884079
183.14	49.884079	49.884079
183.15	49.884079	49.884079
184.62	49.884079	49.884079
243.15	49.841480	49.875559
243.16	49.693840	49.837511
243.16	49.693840	49.837511
243.16	49.693840	49.837511
243.16	49.693840	49.837511
249.22	49.628323	49.786360
363.88	49.628323	49.786360
363.88	49.628323	49.786360
363.88	49.628323	49.786360
363.88	49.628323	49.786360
363.88	49.628323	49.786360
363.88	49.628323	49.786360
363.88	49.628323	49.786360
363.88	49.628323	49.786360
363.88	49.628323	49.786360
363.89	49.628323	49.786360
363.89	49.628323	49.786360
363.89	49.628323	49.786360
363.89	49.628323	49.786360
363.89	49.628323	49.786360
363.89	49.628323	49.786360
363.89	49.628323	49.786360
363.89	49.628323	49.786360
363.89	49.628323	49.786360
363.89	49.628323	49.786360
363.89	49.628323	49.786360
363.89	49.628323	49.786360
363.90	49.628323	49.786360
363.91	49.628323	49.786360
363.93	49.628323	49.786360
363.93	49.628323	49.786360
365.37	49.628323	49.748312
432.80	49.628323	49.736871
456.10	49.628323	49.702228
456.10	49.628323	49.702228
468.90	49.628323	49.702228
468.90	49.628323	49.702228
470.64	49.628323	49.702228
573.38	49.628323	49.702228
573.38	49.628323	49.675622
573.38	49.628323	49.675622
573.38	49.628323	49.675622
573.38	49.628323	49.675622
573.38	49.628323	49.675622
573.38	49.628323	49.675622
573.39	49.628323	49.673666
573.39	49.628323	49.673666
573.40	49.628323	49.673666
573.40	49.628323	49.673666
573.40	49.628323	49.673666
573.40	49.628323	49.673666
573.40	49.628323	49.673666
573.40	49.628323	49.673666
573.40	49.628323	49.673666
573.40	49.628323	49.673666
573.40	49.628323	49.673666
573.40	49.628323	49.673666
573.40	49.555149	49.645927
573.41	49.555149	49.645927
573.42	49.555149	49.645927
573.42	49.555149	49.645927
574.68	49.555149	49.645927
623.62	49.555149	49.645927
623.62	49.555149	49.645927
623.62	49.555149	49.645927
623.62	49.555149	49.645927
623.62	49.555149	49.645927
623.62	49.555149	49.645927
623.62	49.555149	49.645927
623.62	49.555149	49.645927
623.63	49.555149	49.645927
623.65	49.555149	49.645927
623.66	49.555149	49.645927
623.67	49.555149	49.645927
624.98	49.555149	49.645927
725.14	49.555149	49.645927
725.14	49.555149	49.645927
725.14	49.555149	49.645927
725.14	49.555149	49.645927
725.14	49.555149	49.645927
725.14	49.555149	49.645927
725.14	49.555149	49.645927
725.14	49.555149	49.645927
725.14	49.555149	49.645927
725.14	49.555149	49.645927
725.14	49.555149	49.645927
725.15	49.529182	49.612996
725.15	49.529182	49.612996
725.15	49.529182	49.612996
725.15	49.529182	49.612996
725.15	49.529182	49.612996
725.15	49.529182	49.612996
725.15	49.529182	49.612996
725.15	49.529182	49.612996
725.15	49.529182	49.612996
725.16	49.529182	49.612996
725.16	49.529182	49.612996
725.16	49.529182	49.612996
725.17	49.529182	49.612996
725.17	49.529182	49.612996
726.42	49.529182	49.612996
774.10	49.529182	49.612996
774.11	49.529182	49.607231
774.11	49.491615	49.571901
774.11	49.491615	49.571901
774.11	49.491615	49.571901
774.11	49.491615	49.571901
774.11	49.491615	49.571901
774.11	49.491615	49.571901
774.11	49.491615	49.571901
774.13	49.491615	49.571901
775.38	49.491615	49.571901
875.67	49.491615	49.571901
875.68	49.491615	49.571901
875.69	49.491615	49.571901
875.69	49.491615	49.571901
875.70	49.491615	49.546596
875.70	49.491615	49.546596
875.71	49.491615	49.546596
875.71	49.491615	49.546596
875.72	49.491615	49.546596
875.72	49.491615	49.546596
875.73	49.491615	49.546596
875.74	49.491615	49.546596
875.74	49.491615	49.546596
875.74	49.491615	49.546596
875.74	49.491615	49.546596
875.75	49.491615	49.546596
875.77	49.491615	49.546596
875.77	49.491615	49.546596
875.77	49.491615	49.546596
875.78	49.491615	49.546596
875.79	49.491615	49.546596
875.80	49.491615	49.546596
875.80	49.491615	49.546596
875.80	49.491615	49.546596
875.80	49.491615	49.546596
875.80	49.491615	49.546596
875.80	49.491615	49.546596
876.94	49.491615	49.546596
929.90	49.491615	49.546596
929.90	49.491615	49.546596
929.91	49.491615	49.534104
929.92	49.491615	49.534104
929.92	49.491615	49.519254
929.92	49.491615	49.519254
929.93	49.491615	49.519254
929.94	49.491615	49.519254
929.94	49.491615	49.506548
929.94	49.491615	49.506548
929.95	49.491615	49.506548
929.96	49.491615	49.506548
929.97	49.491615	49.506548
929.97	49.491615	49.506548
1031.21	49.491615	49.506548
1031.23	49.049377	49.410587
1031.24	49.049377	49.410587
1031.24	49.049377	49.410587
1031.24	49.049377	49.410587
1031.24	49.049377	49.410587
1031.25	49.049377	49.410587
1031.25	49.049377	49.410587
1031.25	49.049377	49.410587
1031.25	49.049377	49.410587
1031.25	49.049377	49.410587
1031.25	49.049377	49.410587
1031.26	49.049377	49.410587
1031.26	49.049377	49.410587
1031.27	49.049377	49.410587
1031.27	49.049377	49.410587
1031.28	49.049377	49.410587
1031.28	49.049377	49.410587
1031.28	49.049377	49.410587
1031.29	49.049377	49.410587
1031.30	49.049377	49.410587
1031.31	49.049377	49.410587
1031.31	49.049377	49.410587
1031.31	49.049377	49.410587
1031.32	49.049377	49.410587
1031.32	49.049377	49.403168
1031.32	49.049377	49.403168
1032.45	49.049377	49.403168
1084.35	49.049377	49.403168
1084.36	49.049377	49.403168
1084.37	49.049377	49.403168
1084.38	49.049377	49.375591
1084.38	49.049377	49.375591
1084.39	49.049377	49.375591
1084.40	49.049377	49.375591
1084.41	49.049377	49.375591
1084.42	49.049377	49.375591
1084.44	49.049377	49.375591
1085.61	49.049377	49.375591
1192.69	49.049377	49.374911
1192.69	49.049377	49.374911
1192.69	49.049377	49.374911
1192.69	49.049377	49.374911
1192.69	49.049377	49.349516
1192.69	49.049377	49.349516
1192.69	49.049377	49.349516
1192.69	49.049377	49.349516
1192.69	49.049377	49.349516
1192.69	49.049377	49.349516
1192.69	49.049377	49.349516
1192.70	49.049377	49.349516
1192.70	49.049377	49.349516
1192.70	49.049377	49.349516
1192.70	49.049377	49.349516
1192.70	49.049377	49.314038
1192.70	49.049377	49.314038
1192.70	49.049377	49.314038
1192.70	49.049377	49.314038
1192.70	49.049377	49.314038
1192.70	49.049377	49.265023
1192.70	49.049377	49.265023
1192.71	49.049377	49.265023
1192.71	49.049377	49.265023
1192.72	49.049377	49.265023
1192.73	49.049377	49.265023
1192.74	49.049377	49.265023
1192.74	49.049377	49.265023
1193.95	49.049377	49.265023
1242.95	49.049377	49.265023
1242.95	49.049377	49.265023
1242.95	49.049377	49.265023
1242.95	49.049377	49.265023
1242.95	49.049377	49.265023
1242.96	49.049377	49.265023
1242.96	49.049377	49.265023
1242.96	49.049377	49.265023
1242.96	49.049377	49.201971
1242.96	49.049377	49.186357
1242.96	49.049377	49.186357
1242.97	49.049377	49.186357
1242.97	49.049377	49.186357
1242.98	48.994469	49.122405
1244.21	48.994469	49.122405
1341.87	48.994469	49.122405
1341.88	48.994469	49.122405
1341.90	48.994469	49.122405
1341.90	48.994469	49.077148
1341.90	48.994469	49.077148
1341.90	48.994469	49.077148
1341.91	48.994469	49.077148
1341.91	48.994469	49.077148
1341.92	48.994469	49.077148
1341.94	48.994469	49.077148
1341.94	48.994469	49.077148
1341.94	48.994469	49.077148
1341.96	48.994469	49.077148
1341.97	48.994469	49.077148
1341.98	48.994469	49.077148
1341.99	48.994469	49.077148
1342.00	48.994469	49.077148
1342.01	48.994469	49.077148
1342.01	48.994469	49.077148
1342.03	48.994469	49.077148
1342.04	48.994469	49.077148
1342.04	48.994469	49.038396
1342.05	48.994469	49.038396
1342.06	48.994469	49.038396
1342.06	48.994469	49.038396
1343.17	48.994469	49.038396
1396.00	48.994469	49.038396
1396.01	48.994469	49.038396
1396.02	48.994469	49.038396
1396.02	48.994469	49.038396
1396.03	48.994469	49.038396
1396.03	48.994469	49.027414
1396.03	48.994469	49.027414
1396.04	48.994469	49.027414
1396.05	48.994469	49.027414
1396.06	48.994469	49.027414
1396.07	48.994469	49.027414
1396.08	48.994469	49.027414
1396.10	48.994469	49.027414
1498.11	48.994469	49.027414
1498.11	48.994469	49.027414
1498.12	48.994469	49.027414
1498.13	48.994469	49.027414
1498.13	48.994469	49.027414
1498.14	48.994469	49.027414
1498.15	48.994469	49.027414
1498.15	48.994469	49.027414
1498.15	48.994469	49.027414
1498.16	48.994469	49.027414
1498.16	48.994469	49.027414
1498.17	48.439674	48.905473
1498.18	48.439674	48.905473
1498.19	48.439674	48.905473
1498.20	48.439674	48.905473
1498.21	48.439674	48.905473
1498.21	48.439674	48.905473
1498.21	48.439674	48.905473
1498.21	48.439674	48.905473
1498.21	48.439674	48.905473
1498.22	48.439674	48.905473
1498.23	48.439674	48.905473
1498.24	48.439674	48.884857
1498.26	48.439674	48.884857
1498.27	48.439674	48.884857
1498.28	48.439674	48.884857
1498.28	48.439674	48.884857
1498.29	48.439674	48.884857
1499.34	48.439674	48.884857
1559.30	48.439674	48.884857
1559.31	48.439674	48.884857
1559.32	48.439674	48.884857
1559.33	48.439674	48.884857
1559.34	48.439674	48.884499
1559.35	48.439674	48.884499
1559.35	48.439674	48.884499
1559.36	48.439674	48.884499
1559.37	48.439674	48.884499
1559.39	48.439674	48.884499
1559.40	48.439674	48.884499
1559.41	48.439674	48.884499
1579.61	48.409794	48.756940
1677.61	48.409794	48.756940
1677.62	48.409794	48.756940
1677.62	48.409794	48.756940
1677.63	48.409794	48.756940
1677.64	48.409794	48.756940
1677.65	48.409794	48.756940
1677.65	48.409794	48.756940
1677.65	48.409794	48.756940
1677.66	48.409794	48.756940
1677.68	48.409794	48.756940
1677.69	48.409794	48.756940
1677.69	48.409794	48.756940
1677.69	48.409794	48.756940
1677.70	48.409794	48.756940
1677.71	48.409794	48.756940
1677.72	48.409794	48.756940
1677.72	48.409794	48.756940
1677.74	48.409794	48.756940
1677.74	48.409794	48.756940
1677.75	48.409794	48.756940
1677.75	48.409794	48.756940
1677.76	48.409794	48.756940
1677.77	48.409794	48.756940
1677.78	48.409794	48.756940
1677.79	48.409794	48.756940
1677.79	48.409794	48.756940
1677.79	48.409794	48.756940
1678.85	48.409794	48.756940
1730.18	48.409794	48.756940
1730.20	48.409794	48.756940
1771.77	48.409794	48.756940
1771.79	48.409794	48.756940
1771.82	48.409794	48.752847
1878.44	48.409794	48.752847
1878.45	48.409794	48.752847
1878.45	48.409794	48.752847
1878.46	48.409794	48.752847
1878.47	48.409794	48.752847
1878.47	48.409794	48.752847
1878.47	48.409794	48.752847
1878.48	48.409794	48.752847
1878.49	48.409794	48.752847
1878.49	48.409794	48.752847
1878.50	48.409794	48.642035
1878.52	48.409794	48.642035
1878.52	48.409794	48.642035
1878.52	48.409794	48.642035
1878.53	48.409794	48.642035
1878.53	48.409794	48.642035
1878.54	48.409794	48.642035
1878.55	48.409794	48.642035
1878.56	48.409794	48.642035
1878.56	48.409794	48.642035
1878.57	48.409794	48.642035
1878.57	48.409794	48.642035
1878.57	48.409794	48.642035
1878.59	48.409794	48.642035
1878.60	48.409794	48.642035
1878.60	48.409794	48.642035
1878.60	48.409794	48.642035
1879.69	48.409794	48.642035
1932.80	48.409794	48.612381
1932.81	48.409794	48.612381
1932.86	48.201912	48.463504
1932.87	48.201912	48.463504
2035.03	48.201912	48.455677
2035.04	48.201912	48.455677
2035.05	48.201912	48.455677
2035.05	48.201912	48.455677
2035.06	48.201912	48.455677
2035.07	48.201912	48.455677
2035.08	48.201912	48.455677
2035.08	48.201912	48.455677
2035.10	48.201912	48.455677
2035.12	48.201912	48.455677
2035.13	48.201912	48.455677
2035.14	48.201912	48.455677
2035.15	48.201912	48.455677
2035.15	48.201912	48.455677
2035.15	48.201912	48.455677
2035.16	48.201912	48.455677
2035.16	48.201912	48.455677
2035.17	48.201912	48.455677
2035.18	48.201912	48.455677
2035.19	48.201912	48.433237
2035.20	48.201912	48.433237
2035.21	48.201912	48.433237
2035.21	48.201912	48.433237
2035.22	48.201912	48.433237
2035.23	48.201912	48.433237
2035.24	48.201912	48.433237
2036.27	48.201912	48.433237
2099.89	48.201912	48.433237
2099.90	48.201912	48.433237
2099.91	48.201912	48.433237
2099.92	48.201912	48.433237
2099.92	48.201912	48.433237
2099.93	48.201912	48.411690
2099.94	48.201912	48.411690
2099.95	48.201912	48.411690
2099.96	48.201912	48.411690
2099.98	48.201912	48.411690
2099.99	48.201912	48.411690
2099.99	48.201912	48.411690
2101.16	48.201912	48.411690
2222.32	48.201912	48.411690
2222.33	48.201912	48.411690
2222.34	48.201912	48.411690
2222.35	48.201912	48.411690
2222.36	48.201912	48.411690
2222.36	48.201912	48.411690
2222.37	48.201912	48.411690
2222.37	48.201912	48.411690
2222.37	48.201912	48.411690
2222.38	48.201912	48.411690
2222.39	48.201912	48.411690
2222.40	48.201912	48.411690
2222.40	48.201912	48.411690
2222.40	48.201912	48.411690
2222.42	48.201912	48.411690
2222.42	48.201912	48.411690
2222.43	48.201912	48.411690
2222.44	48.201912	48.411690
2222.45	48.201912	48.411690
2222.46	48.201912	48.411690
2222.47	48.201912	48.411690
2222.47	48.201912	48.411690
2222.48	48.201912	48.411690
2222.49	48.201912	48.411690
2222.50	48.201912	48.411690
2222.50	48.201912	48.411690
2222.50	48.201912	48.411690
2222.51	48.201912	48.411690
2222.52	48.201912	48.411690
2223.58	48.201912	48.411690
2282.60	48.201912	48.411690
2282.62	48.201912	48.381109
2282.63	48.201912	48.381109
2282.63	48.201912	48.381109
2282.64	48.201912	48.381109
2282.65	48.201912	48.381109
2282.66	48.121624	48.317352
2282.66	48.121624	48.317352
2282.67	48.121624	48.317352
2282.68	48.121624	48.317352
2282.69	48.121624	48.317352
2282.70	48.121624	48.317352
2283.86	48.121624	48.312985
2394.31	48.121624	48.312985
2394.32	48.121624	48.312985
2394.33	48.121624	48.312985
2394.33	48.121624	48.312985
2394.34	48.121624	48.312985
2394.35	48.121624	48.312985
2394.35	48.121624	48.312985
2394.36	48.121624	48.312985
2394.37	48.121624	48.312985
2394.38	48.121624	48.312985
2394.39	48.121624	48.312985
2394.40	48.121624	48.312985
2394.40	48.121624	48.312985
2394.42	48.121624	48.312985
2394.42	48.121624	48.312985
2394.44	48.121624	48.312985
2394.47	48.121624	48.312985
2394.48	48.121624	48.312985
2394.48	48.121624	48.312985
2394.48	48.121624	48.312985
2394.51	48.121624	48.312985
2394.51	48.121624	48.312985
2394.52	48.121624	48.312985
2395.54	48.121624	48.312985
2462.68	48.121624	48.312985
2462.68	48.121624	48.312985
2462.68	48.121624	48.312985
2462.68	48.121624	48.312985
2462.68	48.121624	48.253742
2462.68	48.121624	48.253742
2462.69	48.121624	48.253742
2462.69	48.121624	48.195316
2462.69	48.121624	48.195316
2462.69	48.121624	48.195316
2462.69	48.121624	48.195316
2578.27	48.121624	48.195316
2578.27	48.121624	48.195316
2578.27	48.121624	48.195316
2578.27	48.121624	48.195316
2819.83	48.121624	48.195316
2819.83	48.121624	48.195316
2819.83	48.121624	48.195316
2819.84	48.121624	48.195316
2819.84	48.121624	48.195316
2819.84	48.121624	48.195316
2819.84	48.121624	48.195316
2819.84	48.121624	48.195316
2819.84	48.121624	48.195316
2819.85	48.121624	48.195316
2819.85	48.121624	48.195316
2819.85	48.121624	48.195316
2819.85	48.121624	48.137682
2819.85	48.121624	48.137682
2819.85	48.121624	48.137682
2819.85	48.121624	48.137682
2819.85	48.121624	48.137682
2819.86	48.121624	48.137682
2819.86	48.121624	48.137682
2819.86	48.121624	48.137682
2819.86	48.121624	48.137682
2819.86	48.121624	48.137682
2819.86	48.121624	48.137682
2819.86	48.121624	48.121624
2819.86	48.121624	48.121624
2819.86	48.121624	48.121624
2881.36	48.121624	48.121624
2881.36	48.121624	48.121624
2881.36	48.121624	48.121624
2881.37	48.121624	48.121624
2881.38	48.121624	48.121624
2881.39	48.121624	48.121624
2881.40	48.121624	48.121624
2881.41	48.121624	48.121624
2881.41	48.121624	48.121624
2881.42	48.121624	48.121624
2881.43	48.121624	48.121624
2881.44	48.121624	48.121624
2881.45	48.121624	48.121624
2882.70	48.121624	48.121624
2999.96	48.121624	48.121624
2999.96	48.121624	48.121624
2999.96	48.121624	48.121624
2999.96	48.121624	48.121624
2999.96	48.121624	48.121624
2999.96	48.121624	48.121624
2999.96	48.121624	48.121624
2999.96	48.121624	48.121624
2999.96	48.121624	48.121624
2999.97	48.121624	48.121624
2999.97	48.121624	48.121624
2999.97	48.121624	48.121624
2999.97	48.121624	48.121624
2999.97	48.121624	48.121624
2999.97	48.121624	48.121624
2999.97	48.121624	48.121624
2999.98	48.121624	48.121624
2999.98	48.121624	48.121624
2999.98	48.121624	48.121624
2999.98	48.121624	48.121624
2999.98	48.121624	48.121624
2999.98	48.121624	48.121624
2999.98	48.121624	48.121624
2999.98	48.121624	48.121624
2999.98	48.121624	48.121624
2999.99	48.121624	48.121624
3001.26	48.121624	48.121624
3065.19	48.121624	48.121624
3065.19	48.121624	48.121624
3101.87	48.121624	48.121624
3101.87	48.121624	48.121624
3101.87	48.121624	48.121624
3101.88	48.121624	48.121624
3101.88	48.121624	48.121624
3101.88	48.121624	48.121624
3101.88	48.121624	48.121624
3225.67	48.121624	48.121624
3225.67	48.121624	48.121624
3225.67	48.121624	48.121624
3225.68	48.121624	48.121624
3225.68	48.121624	48.121624
3225.68	48.121624	48.121624
3225.68	48.121624	48.121624
3225.68	48.121624	48.121624
3225.68	48.121624	48.121624
3225.68	48.121624	48.121624
3225.68	48.121624	48.121624
3225.69	48.121624	48.121624
3225.69	48.121624	48.121624
3225.69	48.121624	48.121624
3225.69	48.121624	48.121624
3225.69	48.121624	48.121624
3225.69	48.121624	48.121624
3225.69	48.121624	48.121624
3225.69	48.121624	48.121624
3225.70	48.121624	48.121624
3225.70	48.121624	48.121624
3225.70	48.121624	48.121624
3225.70	48.121624	48.121624
3225.70	48.121624	48.121624
3225.70	48.121624	48.121624
3226.93	48.121624	48.121624
3302.02	48.121624	48.121624
3302.02	47.975323	48.092364
3302.02	47.975323	48.092364
3302.02	47.960476	48.060134
3302.02	47.960476	48.060134
3390.50	47.960476	48.060134
3390.50	47.960476	48.060134
3390.50	47.960476	48.060134
3390.51	47.960476	48.060134
3390.51	47.960476	48.060134
3523.22	47.960476	48.060134
3523.22	47.960476	48.060134
3523.22	47.960476	48.060134
3523.23	47.960476	48.060134
3523.23	47.960476	48.060134
3523.23	47.960476	48.060134
3523.23	47.960476	48.060134
3523.23	47.960476	48.060134
3523.23	47.960476	48.060134
3523.24	47.960476	48.060134
3523.24	47.960476	48.060134
3523.24	47.960476	48.060134
3523.24	47.960476	48.060134
3523.24	47.960476	48.060134
3523.24	47.960476	48.060134
3523.24	47.960476	48.060134
3523.25	47.960476	48.060134
3523.25	47.960476	48.060134
3523.25	47.960476	48.060134
3523.25	47.960476	48.060134
3523.25	47.960476	48.060134
3523.25	47.960476	48.060134
3523.26	47.960476	48.060134
3523.27	47.960476	48.060134
3523.28	47.960476	48.060134
3523.29	47.960476	48.060134
3524.81	47.960476	48.060134
3601.84	47.960476	48.060134
3601.84	47.960476	48.060134
3601.84	47.960476	48.060134
3678.34	47.960476	48.060134
3678.34	47.960476	48.060134
3678.34	47.960476	48.060134
3678.34	47.960476	48.060134
3678.34	47.960476	48.060134
3678.34	47.960476	48.060134
3678.34	47.960476	48.060134
3678.35	47.960476	48.060134
3678.35	47.960476	48.060134
3678.35	47.960476	48.060134
3813.02	47.960476	48.060134
3813.02	47.960476	48.060134
3813.02	47.960476	48.060134
3813.02	47.960476	48.060134
3813.03	47.960476	48.060134
3813.03	47.960476	48.060134
3813.03	47.960476	48.060134
3813.03	47.960476	48.060134
3813.03	47.960476	48.060134
3813.03	47.960476	48.060134
3813.03	47.960476	48.060134
3813.04	47.960476	48.060134
3813.04	47.960476	48.060134
3813.04	47.960476	48.060134
3813.04	47.960476	48.060134
3813.04	47.960476	48.060134
3813.04	47.960476	48.060134
3813.05	47.960476	48.060134
3813.05	47.960476	48.060134
3813.05	47.960476	48.060134
3813.05	47.960476	48.060134
3813.05	47.960476	48.060134
3813.05	47.960476	48.060134
3813.05	47.960476	48.060134
3813.07	47.960476	48.060134
3813.07	47.960476	48.060134
3814.57	47.960476	48.060134
3893.71	47.960476	48.060134
3893.71	47.960476	48.060134
3893.71	47.960476	48.060134
3893.71	47.960476	48.060134
3893.71	47.960476	48.060134
3893.71	47.960476	48.060134
3893.72	47.960476	48.060134
3893.72	47.960476	48.060134
3893.72	47.960476	48.060134
3893.72	47.960476	48.060134
3893.72	47.960476	48.060134
3893.74	47.960476	48.060134
3893.74	47.960476	48.060134
3895.27	47.960476	48.060134
4028.31	47.960476	48.060134
4028.31	47.960476	48.060134
4028.31	47.960476	48.060134
4028.31	47.960476	48.060134
4028.32	47.960476	48.060134
4028.32	47.960476	48.060134
4028.32	47.960476	48.060134
4028.32	47.960476	48.060134
4028.32	47.960476	48.060134
4028.32	47.960476	48.060134
4028.33	47.960476	48.060134
4028.33	47.960476	48.060134
4028.33	47.960476	48.060134
4028.33	47.960476	48.060134
4028.33	47.960476	48.060134
4028.33	47.960476	48.060134
4028.33	47.960476	48.060134
4028.34	47.960476	48.060134
4028.34	47.960476	48.060134
4028.34	47.960476	48.060134
4028.34	47.960476	48.060134
4028.34	47.960476	48.060134
4028.34	47.960476	48.060134
4028.34	47.960476	48.060134
4028.35	47.960476	48.060134
4028.35	47.960476	48.060134
4028.35	47.960476	48.060134
4028.35	47.960476	48.060134
4028.35	47.960476	48.060134
4029.89	47.960476	48.060134
4111.79	47.960476	48.060134
4111.79	47.960476	48.060134
4111.79	47.960476	48.060134
4111.79	47.960476	48.060134
4111.79	47.960476	48.060134
4111.79	47.960476	48.060134
4111.79	47.960476	48.060134
4111.80	47.960476	48.060134
4111.80	47.960476	48.060134
4111.81	47.960476	48.060134
4111.82	47.960476	48.060134
4111.85	47.960476	48.060134
4113.42	47.960476	48.060134
4256.19	47.960476	48.060134
4256.19	47.960476	48.060134
4256.19	47.960476	48.060134
4256.19	47.960476	48.060134
4256.20	47.960476	48.060134
4256.20	47.960476	48.060134
4256.20	47.960476	48.060134
4256.20	47.960476	48.060134
4256.20	47.960476	48.060134
4256.20	47.960476	48.060134
4256.20	47.960476	48.060134
4256.21	47.960476	48.060134
4256.21	47.960476	48.060134
4256.21	47.960476	48.060134
4256.21	47.960476	48.060134
4256.21	47.960476	48.060134
4256.22	47.960476	48.060134
4256.22	47.960476	48.060134
4256.22	47.960476	48.060134
4256.22	47.960476	48.060134
4256.22	47.960476	48.060134
4256.23	47.960476	48.060134
4256.23	47.960476	48.060134
4256.23	47.960476	48.060134
4256.24	47.960476	48.060134
4256.25	47.960476	48.060134
4257.74	47.960476	48.060134
4332.04	47.960476	48.060134
4332.04	47.960476	48.060134
4332.05	47.960476	48.060134
4332.05	47.960476	48.060134
4332.05	47.960476	48.060134
4332.05	47.960476	48.060134
4332.06	47.960476	48.060134
4332.07	47.960476	48.060134
4333.63	47.960476	48.060134
4469.92	47.960476	48.060134
4469.92	47.960476	48.060134
4469.92	47.960476	48.049697
4469.93	47.960476	48.049697
4469.93	47.960476	48.049697
4469.93	47.960476	48.049697
4469.93	47.960476	48.040034
4469.93	47.960476	48.040034
4469.93	47.960476	48.040034
4469.94	47.960476	48.040034
4469.94	47.960476	48.040034
4469.94	47.960476	48.040034
4469.94	47.960476	48.040034
4469.94	47.960476	48.040034
4469.94	47.960476	48.040034
4469.94	47.960476	48.040034
4469.95	47.960476	48.040034
4469.95	47.960476	48.040034
4469.95	47.960476	48.040034
4469.95	47.960476	48.040034
4469.95	47.960476	48.040034
4469.95	47.960476	48.040034
4469.95	47.960476	48.040034
4469.96	47.960476	48.040034
4469.96	47.960476	48.040034
4469.96	47.960476	48.040034
4469.96	47.960476	48.040034
4469.96	47.960476	48.040034
4469.96	47.960476	48.040034
4471.43	47.960476	48.040034
4576.78	47.960476	48.040034
4576.78	47.960476	48.040034
4576.78	47.960476	48.040034
4576.78	47.960476	48.040034
4576.78	47.960476	48.040034
4576.78	47.960476	48.040034
4576.79	47.960476	48.040034
4576.79	47.960476	48.040034
4576.79	47.960476	48.040034
4576.79	47.960476	48.040034
4576.79	47.960476	48.040034
4576.79	47.960476	48.040034
4576.80	47.960476	48.040034
4576.80	47.960476	48.040034
4721.36	47.960476	48.040034
4729.73	47.960476	48.040034
4729.73	47.960476	48.040034
4729.73	47.960476	48.040034
4729.73	47.960476	48.040034
4729.74	47.960476	48.040034
4729.74	47.960476	48.040034
4729.74	47.960476	48.040034
4729.74	47.960476	48.040034
4729.74	47.960476	48.040034
4729.74	47.960476	48.040034
4729.75	47.960476	48.040034
4729.75	47.960476	48.040034
4729.75	47.960476	48.040034
4729.75	47.960476	48.040034
4729.75	47.960476	48.040034
4729.75	47.960476	48.040034
4729.76	47.960476	48.040034
4729.76	47.960476	48.040034
4729.76	47.960476	48.040034
4729.76	47.960476	48.040034
4729.76	47.960476	48.040034
4729.76	47.960476	48.040034
4729.77	47.960476	48.040034
4729.77	47.960476	48.040034
4729.78	47.960476	48.040034
4729.78	47.960476	48.040034
4729.79	47.960476	48.040034
4729.80	47.960476	48.040034
4803.03	47.960476	48.040034
4803.03	47.960476	48.040034
4803.04	47.960476	48.040034
4803.04	47.960476	48.040034
4803.04	47.960476	48.040034
4803.04	47.960476	48.040034
4803.04	47.960476	48.040034
4803.04	47.960476	48.040034
4803.04	47.960476	48.040034
4803.05	47.960476	48.040034
4803.05	47.960476	48.040034
4803.06	47.960476	48.040034
4803.07	47.960476	48.040034
4803.08	47.960476	48.040034
4804.88	47.960476	48.040034
4945.03	47.960476	48.040034
4945.03	47.960476	48.040034
4945.03	47.960476	48.040034
4945.03	47.960476	48.040034
4945.03	47.960476	48.040034
4945.03	47.960476	48.040034
4945.03	47.960476	48.040034
4945.03	47.960476	48.040034
4945.04	47.960476	48.040034
4945.04	47.960476	48.040034
4945.04	47.960476	48.040034
4945.04	47.960476	48.040034
4945.04	47.960476	48.040034
4945.04	47.960476	48.040034
4945.04	47.960476	48.040034
4945.04	47.960476	48.040034
4945.05	47.960476	48.040034
4945.05	47.960476	48.040034
4945.05	47.960476	48.040034
4945.05	47.960476	48.040034
4945.05	47.960476	48.040034
4945.05	47.960476	48.040034
4945.06	47.960476	48.040034
4945.06	47.960476	48.040034
4945.06	47.960476	48.040034
4945.07	47.960476	48.017465
4945.08	47.960476	48.017465
4945.08	47.960476	48.017465
4946.42	47.960476	48.017465
5019.46	47.960476	48.017465
5019.46	47.960476	48.017465
5019.46	47.960476	48.017465
5019.46	47.960476	48.017465
5019.46	47.960476	48.017465
5019.47	47.960476	48.017465
5019.47	47.960476	48.017465
5019.47	47.960476	48.017465
5019.47	47.960476	48.017465
5019.47	47.876343	47.978072
5019.47	47.876343	47.978072
5019.47	47.876343	47.978072
5019.49	47.876343	47.978072
5019.49	47.876343	47.978072
5020.93	47.876343	47.978072
5157.69	47.876343	47.978072
5157.69	47.876343	47.978072
5157.69	47.876343	47.978072
5157.70	47.876343	47.978072
5157.70	47.876343	47.978072
5157.70	47.876343	47.978072
5157.70	47.876343	47.978072
5157.70	47.876343	47.978072
5157.71	47.876343	47.978072
5157.71	47.876343	47.978072
5157.71	47.876343	47.978072
5157.71	47.876343	47.978072
5157.71	47.876343	47.978072
5157.72	47.876343	47.978072
5157.72	47.876343	47.978072
5157.72	47.876343	47.978072
5157.72	47.876343	47.978072
5157.72	47.876343	47.978072
5157.72	47.876343	47.978072
5157.73	47.876343	47.978072
5157.73	47.876343	47.978072
5157.73	47.876343	47.978072
5157.73	47.876343	47.978072
5157.73	47.876343	47.978072
5157.74	47.876343	47.978072
5157.74	47.876343	47.978072
5157.75	47.876343	47.978072
5159.20	47.876343	47.978072
5224.54	47.876343	47.978072
5224.54	47.876343	47.978072
5224.54	47.876343	47.978072
5224.55	47.876343	47.978072
5224.55	47.876343	47.978072
5224.55	47.876343	47.978072
5224.55	47.876343	47.978072
5224.55	47.876343	47.978072
5224.56	47.876343	47.978072
5224.57	47.876343	47.978072
5224.58	47.876343	47.978072
5224.59	47.876343	47.978072
5225.73	47.876343	47.978072
5346.04	47.876343	47.978072
5346.05	47.876343	47.978072
5346.05	47.876343	47.978072
5346.05	47.876343	47.978072
5346.05	47.876343	47.978072
5346.05	47.876343	47.978072
5346.05	47.876343	47.978072
5346.05	47.876343	47.978072
5346.05	47.876343	47.978072
5346.06	47.876343	47.978072
5346.06	47.876343	47.978072
5346.06	47.876343	47.978072
5346.06	47.876343	47.978072
5346.06	47.876343	47.978072
5346.06	47.876343	47.978072
5346.06	47.876343	47.978072
5346.07	47.876343	47.978072
5346.07	47.876343	47.978072
5346.07	47.876343	47.978072
5346.07	47.876343	47.978072
5346.07	47.876343	47.978072
5346.07	47.876343	47.978072
5346.08	47.876343	47.978072
5346.08	47.876343	47.978072
5346.09	47.797127	47.923610
5346.09	47.797127	47.923610
5346.10	47.797127	47.923610
5346.11	47.797127	47.923610
5346.12	47.797127	47.923610
5347.28	47.797127	47.923610
5418.45	47.797127	47.923610
5418.45	47.797127	47.923610
5418.45	47.797127	47.923610
5418.45	47.797127	47.923610
5418.45	47.797127	47.923610
5418.46	47.797127	47.923610
5418.46	47.797127	47.923610
5418.46	47.797127	47.923610
5429.15	47.797127	47.923610
5429.15	47.797127	47.923610
5429.15	47.797127	47.923610
5429.15	47.797127	47.923610
5429.15	47.797127	47.923610
5429.15	47.797127	47.923610
5562.39	47.797127	47.923610
5562.39	47.797127	47.923610
5562.39	47.797127	47.923610
5562.40	47.797127	47.923610
5562.40	47.797127	47.923610
5562.40	47.797127	47.923180
5562.40	47.797127	47.923180
5562.40	47.797127	47.923180
5562.40	47.797127	47.923180
5562.40	47.797127	47.923180
5562.41	47.797127	47.923180
5562.41	47.797127	47.909736
5562.41	47.797127	47.901283
5562.41	47.797127	47.901283
5562.41	47.797127	47.901283
5562.41	47.797127	47.901283
5562.41	47.797127	47.901283
5562.42	47.797127	47.901283
5562.42	47.797127	47.901283
5562.42	47.797127	47.901283
5562.42	47.797127	47.901283
5562.42	47.797127	47.901283
5562.42	47.797127	47.901283
5562.43	47.797127	47.901283
5562.43	47.797127	47.901283
5562.43	47.797127	47.901283
5562.43	47.797127	47.901283
5562.44	47.797127	47.901283
5563.73	47.797127	47.901283
5639.30	47.797127	47.901283
5639.30	47.797127	47.901283
5639.30	47.797127	47.901283
5639.30	47.797127	47.896204
5639.30	47.797127	47.896204
5639.30	47.797127	47.896204
5639.30	47.797127	47.896204
5639.31	47.797127	47.896204
5639.31	47.797127	47.896204
5639.31	47.797127	47.896204
5639.31	47.797127	47.896204
5639.32	47.797127	47.877171
5640.69	47.797127	47.877171
5772.41	47.797127	47.877171
5772.42	47.797127	47.877171
5772.42	47.797127	47.877171
5772.42	47.797127	47.877171
5772.42	47.797127	47.877171
5772.42	47.797127	47.877171
5772.42	47.797127	47.877171
5772.43	47.797127	47.877171
5772.43	47.797127	47.877171
5772.43	47.797127	47.877171
5772.43	47.797127	47.877171
5772.43	47.797127	47.877171
5772.43	47.797127	47.877171
5772.43	47.797127	47.866786
5772.44	47.797127	47.866786
5772.45	47.797127	47.866786
5772.45	47.797127	47.866786
5772.45	47.797127	47.866786
5772.45	47.797127	47.866786
5772.45	47.797127	47.866786
5772.45	47.797127	47.866786
5772.46	47.797127	47.866786
5772.46	47.797127	47.866786
5772.46	47.797127	47.866786
5772.47	47.797127	47.866786
5772.47	47.797127	47.866786
5772.47	47.797127	47.866786
5773.80	47.797127	47.866786
5850.61	47.797127	47.866786
5850.61	47.797127	47.866786
5850.61	47.797127	47.866786
5850.61	47.797127	47.866786
5850.61	47.797127	47.866786
5915.99	47.797127	47.866786
5915.99	47.797127	47.866786
5915.99	47.797127	47.866786
5915.99	47.797127	47.866786
5916.00	47.797127	47.866786
5916.00	47.797127	47.866786
5916.00	47.797127	47.866786
6066.78	47.797127	47.866786
6066.78	47.797127	47.866786
6066.78	47.797127	47.866786
6066.78	47.797127	47.866786
6066.78	47.797127	47.866786
6066.79	47.797127	47.866786
6082.71	47.797127	47.866786
6082.71	47.797127	47.866786
6082.71	47.797127	47.866786
6082.72	47.797127	47.866786
6082.72	47.797127	47.866786
6082.72	47.797127	47.852082
6082.72	47.797127	47.852082
6082.72	47.797127	47.852082
6082.72	47.797127	47.852039
6082.73	47.797127	47.852039
6082.73	47.797127	47.852039
6082.73	47.797127	47.852039
6082.73	47.797127	47.852039
6082.73	47.797127	47.852039
6082.73	47.797127	47.852039
6082.74	47.797127	47.852039
6082.74	47.797127	47.852039
6082.74	47.797127	47.852039
6082.74	47.797127	47.852039
6082.74	47.797127	47.852039
6156.59	47.797127	47.852039
6156.59	47.797127	47.852039
6156.59	47.797127	47.852039
6156.59	47.797127	47.852039
6156.59	47.797127	47.852039
6156.59	47.797127	47.852039
6156.60	47.797127	47.852039
6156.60	47.797127	47.852039
6156.61	47.797127	47.852039
6156.62	47.797127	47.852039
6156.63	47.797127	47.852039
6156.64	47.797127	47.852039
6156.65	47.797127	47.852039
6158.01	47.797127	47.852039
6296.04	47.797127	47.852039
6296.04	47.797127	47.852039
6296.04	47.797127	47.852039
6296.04	47.797127	47.852039
6296.04	47.797127	47.852039
6296.04	47.797127	47.852039
6296.05	47.797127	47.852039
6296.05	47.797127	47.852039
6296.05	47.797127	47.852039
6296.05	47.797127	47.852039
6296.05	47.797127	47.852039
6296.05	47.797127	47.852039
6296.05	47.797127	47.852039
6296.06	47.797127	47.852039
6296.06	47.797127	47.852039
6296.06	47.797127	47.852039
6296.06	47.797127	47.852039
6296.06	47.797127	47.852039
6296.06	47.797127	47.852039
6333.27	47.797127	47.852039
6333.27	47.797127	47.852039
6333.27	47.797127	47.852039
6333.28	47.797127	47.852039
6333.28	47.797127	47.852039
6333.28	47.797127	47.852039
6333.28	47.797127	47.852039
6333.28	47.797127	47.852039
6333.28	47.797127	47.852039
6333.28	47.797127	47.852039
6333.29	47.797127	47.852039
6406.52	47.797127	47.852039
6406.52	47.797127	47.852039
6406.52	47.797127	47.852039
6406.53	47.797127	47.852039
6406.53	47.797127	47.852039
6406.53	47.797127	47.852039
6406.53	47.797127	47.852039
6406.54	47.797127	47.852039
6406.54	47.797127	47.852039
6406.54	47.797127	47.852039
6406.54	47.797127	47.852039
6406.54	47.797127	47.852039
6407.99	47.797127	47.852039
6540.34	47.797127	47.852039
6540.34	47.797127	47.852039
6540.34	47.797127	47.852039
6540.34	47.797127	47.852039
6540.35	47.797127	47.852039
6540.35	47.797127	47.852039
6540.35	47.797127	47.852039
6540.35	47.797127	47.852039
6540.35	47.797127	47.852039
6540.36	47.797127	47.852039
6540.36	47.797127	47.852039
6540.36	47.797127	47.852039
6540.36	47.797127	47.852039
6540.36	47.797127	47.852039
6540.36	47.797127	47.852039
6540.37	47.797127	47.852039
6540.37	47.797127	47.852039
6540.37	47.797127	47.852039
6540.37	47.797127	47.852039
6540.37	47.797127	47.852039
6540.38	47.797127	47.852039
6540.38	47.797127	47.852039
6540.38	47.797127	47.852039
6540.39	47.797127	47.852039
6540.39	47.797127	47.852039
6540.40	47.797127	47.852039
6540.42	47.797127	47.852039
6541.76	47.797127	47.852039
6625.03	47.797127	47.852039
6625.03	47.797127	47.852039
6625.03	47.797127	47.852039
6625.03	47.797127	47.852039
6625.04	47.797127	47.852039
6625.04	47.797127	47.852039
6625.04	47.797127	47.852039
6625.04	47.797127	47.852039
6625.04	47.797127	47.852039
6625.04	47.797127	47.852039
6625.05	47.797127	47.852039
6625.05	47.797127	47.852039
6626.48	47.797127	47.852039
6760.72	47.797127	47.852039
6760.72	47.797127	47.852039
6760.72	47.797127	47.852039
6760.72	47.797127	47.852039
6760.72	47.797127	47.852039
6760.72	47.797127	47.852039
6760.73	47.797127	47.852039
6760.73	47.797127	47.852039
6760.73	47.797127	47.839814
6760.73	47.797127	47.839814
6760.73	47.797127	47.839814
6760.73	47.797127	47.839814
6760.74	47.797127	47.839814
6760.74	47.797127	47.839814
6760.74	47.797127	47.839814
6760.74	47.797127	47.839814
6760.74	47.797127	47.839814
6760.74	47.797127	47.839814
6760.75	47.797127	47.839814
6760.75	47.797127	47.839814
6760.75	47.797127	47.834453
6760.75	47.797127	47.834453
6760.75	47.797127	47.834453
6760.75	47.797127	47.834453
6760.75	47.797127	47.834453
6760.76	47.797127	47.834453
6760.76	47.797127	47.834453
6760.76	47.797127	47.834453
6760.76	47.797127	47.834453
6762.10	47.797127	47.834453
6836.26	47.797127	47.834453
6836.27	47.797127	47.834453
6836.27	47.797127	47.834453
6836.27	47.797127	47.834453
6836.27	47.797127	47.834453
6836.27	47.797127	47.834453
6836.27	47.797127	47.834453
6836.27	47.797127	47.830449
6836.28	47.797127	47.830449
6836.28	47.797127	47.830449
6836.28	47.797127	47.830449
6849.10	47.797127	47.830449
6849.10	47.797127	47.830449
6849.10	47.797127	47.830449
6849.11	47.797127	47.830449
6966.59	47.797127	47.830449
6966.59	47.797127	47.830449
6966.59	47.797127	47.830449
6966.59	47.797127	47.830449
6966.59	47.797127	47.830449
6966.60	47.797127	47.830449
6966.60	47.797127	47.830449
6966.60	47.797127	47.830449
6966.60	47.797127	47.830449
6966.60	47.797127	47.830449
6966.60	47.797127	47.830449
6966.60	47.797127	47.830449
6966.61	47.797127	47.830449
6966.61	47.797127	47.830449
6966.62	47.797127	47.830449
6966.63	47.797127	47.830449
6966.64	47.797127	47.830449
6966.64	47.797127	47.830449
6966.65	47.797127	47.830449
6966.66	47.797127	47.830449
6966.66	47.797127	47.830449
6966.66	47.797127	47.830449
6966.67	47.797127	47.830449
6966.68	47.797127	47.830449
6966.69	47.797127	47.830449
6966.70	47.797127	47.830449
6966.70	47.797127	47.830449
6966.71	47.797127	47.830449
6966.71	47.797127	47.830449
6967.74	47.797127	47.830449
7036.81	47.797127	47.830449
7036.82	47.797127	47.830449
7036.84	47.797127	47.830449
7036.85	47.797127	47.830449
7036.86	47.797127	47.830449
7036.86	47.797127	47.830449
7036.87	47.797127	47.830449
7036.88	47.797127	47.830449
7036.89	47.797127	47.830449
7036.90	47.797127	47.830449
7036.91	47.797127	47.830449
7036.93	47.797127	47.830449
7154.78	47.797127	47.830449
7154.78	47.797127	47.830449
7154.78	47.797127	47.830449
7154.78	47.797127	47.830449
7154.78	47.797127	47.830449
7154.79	47.797127	47.830449
7154.79	47.797127	47.830449
7154.79	47.797127	47.830449
7154.79	47.797127	47.830449
7154.79	47.797127	47.830449
7154.79	47.797127	47.830449
7154.79	47.797127	47.830449
7154.80	47.797127	47.830449
7154.80	47.797127	47.826954
7154.80	47.797127	47.826954
7154.80	47.797127	47.826954
7154.80	47.797127	47.826954
7154.80	47.797127	47.826954
7154.80	47.797127	47.826954
7154.80	47.797127	47.826954
7154.81	47.797127	47.826954
7154.81	47.797127	47.826954
7154.81	47.797127	47.826954
7154.81	47.797127	47.826954
7154.81	47.797127	47.826954
7154.81	47.797127	47.826954
7154.82	47.797127	47.826954
7154.83	47.797127	47.826954
7155.99	47.797127	47.826954
7218.50	47.797127	47.826954
7218.50	47.797127	47.826954
7218.50	47.797127	47.826954
7218.50	47.797127	47.826954
7218.50	47.797127	47.826954
7218.51	47.797127	47.826954
7218.51	47.797127	47.826954
7218.52	47.797127	47.826954
7218.53	47.797127	47.826954
7218.54	47.797127	47.826954
7218.54	47.797127	47.826954
7218.56	47.797127	47.826954
7218.57	47.797127	47.826954
7218.57	47.797127	47.826954
7219.79	47.797127	47.826954
7337.17	47.797127	47.826954
7337.17	47.797127	47.826954
7337.17	47.797127	47.826954
7337.18	47.797127	47.826954
7337.18	47.797127	47.826954
7337.18	47.797127	47.826954
7337.18	47.797127	47.826954
7337.18	47.797127	47.826954
7337.18	47.715847	47.801274
7337.18	47.715847	47.801274
7337.19	47.715847	47.801274
7337.19	47.715847	47.801274
7337.19	47.715847	47.801274
7337.19	47.715847	47.801274
7337.19	47.715847	47.801274
7337.19	47.715847	47.801274
7337.20	47.715847	47.801274
7337.20	47.715847	47.801274
7337.20	47.715847	47.801274
7337.20	47.715847	47.801274
7337.20	47.715847	47.801274
7337.20	47.715847	47.801274
7337.21	47.715847	47.801274
7337.21	47.715847	47.798690
7337.22	47.715847	47.798690
7337.23	47.715847	47.798690
7337.24	47.715847	47.798690
7337.25	47.715847	47.798690
7338.35	47.715847	47.798690
7407.07	47.715847	47.798690
7407.07	47.715847	47.798690
7407.07	47.715847	47.798690
7407.07	47.715847	47.790752
7407.07	47.715847	47.790752
7407.08	47.715847	47.790752
7407.08	47.715847	47.790752
7407.08	47.715847	47.790752
7407.08	47.715847	47.790752
7407.08	47.715847	47.790752
7407.09	47.715847	47.790752
7407.10	47.715847	47.790752
7408.27	47.715847	47.790752
7525.31	47.715847	47.790752
7525.31	47.715847	47.790752
7525.32	47.715847	47.790752
7525.32	47.715847	47.790752
7525.32	47.715847	47.790752
7525.32	47.715847	47.790752
7525.32	47.715847	47.790752
7525.32	47.715847	47.790752
7525.32	47.715847	47.790752
7525.33	47.715847	47.790752
7525.33	47.715847	47.790752
7525.33	47.715847	47.790752
7525.33	47.715847	47.790752
7525.33	47.715847	47.790752
7525.33	47.715847	47.790752
7525.34	47.715847	47.790752
7525.34	47.715847	47.790752
7525.34	47.715847	47.790752
7525.34	47.715847	47.790752
7525.34	47.715847	47.790752
7525.34	47.715847	47.790752
7525.34	47.715847	47.790752
7525.35	47.715847	47.790752
7525.35	47.715847	47.790752
7525.35	47.715847	47.790752
7525.35	47.715847	47.790752
7525.35	47.715847	47.790752
7525.36	47.715847	47.790752
7592.51	47.715847	47.790752
7592.51	47.715847	47.790752
7592.51	47.715847	47.790752
7592.51	47.715847	47.790752
7592.51	47.715847	47.790752
7592.52	47.715847	47.790752
7592.52	47.715847	47.790752
7592.52	47.715847	47.790752
7592.53	47.715847	47.790752
7592.54	47.715847	47.790752
7593.70	47.715847	47.790752
7709.70	47.715847	47.790752
7709.70	47.715847	47.790752
7709.71	47.715847	47.790752
7709.71	47.715847	47.790752
7709.71	47.715847	47.790752
7709.71	47.715847	47.787368
7709.71	47.715847	47.787368
7709.71	47.715847	47.787368
7709.72	47.715847	47.787368
7709.72	47.715847	47.787368
7709.72	47.715847	47.787368
7709.72	47.715847	47.787368
7709.72	47.715847	47.787368
7709.72	47.715847	47.787368
7709.73	47.715847	47.787368
7709.73	47.715847	47.787368
7709.73	47.715847	47.787368
7709.73	47.715847	47.787368
7709.73	47.715847	47.787368
7709.73	47.715847	47.787368
7709.74	47.715847	47.787368
7709.74	47.715847	47.787368
7709.74	47.715847	47.787368
7709.74	47.715847	47.787368
7709.74	47.715847	47.787368
7709.74	47.715847	47.787368
7709.75	47.715847	47.787368
7709.76	47.715847	47.787368
7710.90	47.715847	47.787368
7776.86	47.715847	47.787368
7776.86	47.715847	47.787368
7776.86	47.715847	47.787368
7776.86	47.715847	47.787368
7776.87	47.715847	47.787368
7776.87	47.715847	47.787368
7776.87	47.715847	47.787368
7776.87	47.715847	47.787368
7776.88	47.715847	47.787368
7776.89	47.715847	47.787368
7776.90	47.715847	47.787368
7778.03	47.715847	47.787368
7901.23	47.715847	47.787368
7901.23	47.715847	47.787368
7901.24	47.715847	47.787368
7901.24	47.715847	47.787368
7901.24	47.715847	47.787368
7901.24	47.715847	47.787368
7901.24	47.715847	47.787368
7901.24	47.715847	47.787368
7901.25	47.715847	47.787368
7901.25	47.715847	47.787368
7901.25	47.715847	47.787368
7901.25	47.715847	47.787368
7901.25	47.715847	47.787368
7901.26	47.715847	47.787368
7901.26	47.715847	47.787368
7901.26	47.715847	47.787368
7901.26	47.715847	47.787368
7901.26	47.715847	47.787368
7901.27	47.715847	47.787368
7901.27	47.715847	47.787368
7901.27	47.715847	47.787368
7901.27	47.715847	47.774001
7901.27	47.715847	47.774001
7901.27	47.715847	47.774001
7901.27	47.715847	47.774001
7901.28	47.715847	47.774001
7901.29	47.715847	47.774001
7901.30	47.715847	47.774001
7902.40	47.715847	47.774001
7976.20	47.715847	47.774001
7976.20	47.715847	47.774001
7976.20	47.715847	47.774001
7976.20	47.715847	47.774001
7976.20	47.715847	47.774001
7976.21	47.715847	47.774001
7976.21	47.715847	47.774001
7976.21	47.715847	47.774001
7976.21	47.715847	47.774001
7976.21	47.715847	47.774001
7976.22	47.715847	47.774001
7976.23	47.715847	47.774001
7976.24	47.715847	47.774001
7977.36	47.715847	47.774001
8097.28	47.715847	47.774001
8097.28	47.715847	47.774001
8097.28	47.715847	47.774001
8097.28	47.715847	47.774001
8097.28	47.715847	47.774001
8097.28	47.715847	47.774001
8097.29	47.715847	47.774001
8097.29	47.715847	47.774001
8097.29	47.715847	47.774001
8097.29	47.715847	47.774001
8097.29	47.715847	47.774001
8097.30	47.715847	47.774001
8097.30	47.715847	47.774001
8097.30	47.715847	47.774001
8097.30	47.715847	47.774001
8097.30	47.715847	47.774001
8097.30	47.715847	47.774001
8097.31	47.715847	47.774001
8097.31	47.715847	47.774001
8097.31	47.715847	47.774001
8097.31	47.715847	47.774001
8097.31	47.715847	47.774001
8097.31	47.715847	47.774001
8097.32	47.715847	47.774001
8097.33	47.715847	47.774001
8097.34	47.715847	47.774001
8097.35	47.715847	47.774001
8097.35	47.715847	47.774001
8098.45	47.715847	47.774001
8164.86	47.715847	47.774001
8164.86	47.715847	47.774001
8164.86	47.715847	47.774001
8164.86	47.715847	47.774001
8164.87	47.715847	47.774001
8164.87	47.715847	47.774001
8164.87	47.715847	47.774001
8164.87	47.715847	47.774001
8164.88	47.715847	47.774001
8164.89	47.715847	47.774001
8164.90	47.715847	47.774001
8164.91	47.715847	47.757971
8164.92	47.715847	47.757971
8166.64	47.715847	47.757971
8285.20	47.715847	47.757971
8285.20	47.715847	47.757971
8285.20	47.715847	47.757971
8285.20	47.715847	47.757971
8285.20	47.715847	47.757971
8285.20	47.715847	47.757971
8285.21	47.715847	47.757971
8285.21	47.715847	47.757971
8285.21	47.715847	47.757971
8285.21	47.715847	47.757971
8285.21	47.715847	47.757971
8285.21	47.715847	47.757971
8285.22	47.715847	47.757971
8285.22	47.715847	47.757971
8285.22	47.715847	47.757971
8285.22	47.715847	47.757971
8285.22	47.715847	47.757971
8285.22	47.715847	47.757971
8285.23	47.715847	47.757971
8285.23	47.715847	47.757971
8285.23	47.715847	47.757971
8285.23	47.715847	47.757971
8285.23	47.715847	47.757971
8285.23	47.715847	47.757971
8285.24	47.715847	47.757971
8285.25	47.715847	47.757971
8285.25	47.715847	47.757971
8285.26	47.715847	47.757971
8285.27	47.715847	47.757971
8286.36	47.715847	47.757971
8356.93	47.715847	47.757971
8356.94	47.715847	47.757971
8356.95	47.715847	47.757971
8356.96	47.715847	47.757971
8356.96	47.715847	47.757971
8356.97	47.715847	47.757971
8356.98	47.715847	47.757971
8357.00	47.715847	47.757971
8357.01	47.715847	47.757971
8357.02	47.715847	47.757971
8357.04	47.715847	47.757971
8358.17	47.715847	47.757971
8476.00	47.715847	47.757971
8476.00	47.715847	47.757971
8476.00	47.715847	47.757971
8476.00	47.715847	47.757971
8476.00	47.715847	47.757971
8476.01	47.715847	47.757971
8476.01	47.715847	47.757971
8476.01	47.715847	47.757971
8476.01	47.715847	47.757971
8476.01	47.715847	47.757971
8476.02	47.715847	47.757971
8476.02	47.715847	47.757971
8476.02	47.715847	47.757971
8476.02	47.715847	47.757971
8476.02	47.715847	47.757971
8476.02	47.715847	47.757971
8476.03	47.715847	47.757971
8476.03	47.715847	47.757971
8476.03	47.715847	47.757971
8476.03	47.715847	47.757971
8476.03	47.715847	47.757971
8476.04	47.715847	47.757971
8476.04	47.715847	47.757971
8476.04	47.715847	47.757971
8476.04	47.715847	47.757971
8476.06	47.715847	47.757971
8476.07	47.715847	47.757971
8477.21	47.715847	47.757971
8540.14	47.715847	47.757971
8540.14	47.715847	47.757971
8540.14	47.715847	47.757971
8540.14	47.715847	47.757971
8540.14	47.715847	47.757971
8540.15	47.715847	47.757971
8540.15	47.715847	47.757971
8540.15	47.715847	47.757971
8540.16	47.715847	47.757971
8540.17	47.715847	47.757971
8540.18	47.715847	47.757971
8540.19	47.715847	47.757971
8541.31	47.715847	47.757971
8656.65	47.715847	47.757971
8656.65	47.715847	47.757971
8656.65	47.715847	47.757971
8656.65	47.715847	47.757971
8656.66	47.715847	47.757971
8656.66	47.715847	47.757971
8656.66	47.715847	47.757971
8656.66	47.715847	47.757971
8656.66	47.715847	47.757971
8656.67	47.715847	47.757971
8656.67	47.715847	47.757971
8656.67	47.715847	47.757971
8656.67	47.715847	47.757971
8656.67	47.715847	47.757971
8656.67	47.715847	47.757971
8656.68	47.715847	47.757971
8656.68	47.715847	47.757971
8656.68	47.715847	47.757971
8656.68	47.715847	47.757971
8656.68	47.715847	47.757971
8656.68	47.715847	47.757971
8656.69	47.715847	47.757971
8656.69	47.715847	47.757971
8656.69	47.715847	47.757971
8656.69	47.715847	47.757971
8656.69	47.715847	47.757971
8656.69	47.715847	47.757971
8656.71	47.715847	47.751890
8657.80	47.715847	47.751890
8718.41	47.715847	47.751890
8718.42	47.715847	47.751890
8718.42	47.715847	47.751890
8718.42	47.715847	47.751890
8718.42	47.715847	47.751890
8718.42	47.715847	47.751890
8718.42	47.715847	47.751890
8718.43	47.715847	47.751890
8718.43	47.715847	47.751890
8718.43	47.715847	47.751890
8718.44	47.715847	47.751890
8718.45	47.715847	47.751890
8718.46	47.715847	47.751890
8719.63	47.715847	47.751890
8834.82	47.715847	47.751890
8834.82	47.715847	47.751890
8834.83	47.715847	47.751890
8834.83	47.715847	47.751890
8834.83	47.715847	47.751890
8834.83	47.715847	47.751890
8834.83	47.715847	47.751890
8834.84	47.715847	47.751890
8834.84	47.715847	47.751890
8834.84	47.715847	47.751890
8834.84	47.715847	47.751890
8834.84	47.715847	47.751890
8834.84	47.715847	47.751890
8834.85	47.715847	47.751890
8834.85	47.715847	47.751890
8834.85	47.715847	47.751890
8834.85	47.715847	47.751890
8834.85	47.715847	47.751890
8834.85	47.715847	47.751890
8834.86	47.715847	47.751890
8834.86	47.715847	47.751890
8834.86	47.715847	47.751890
8834.86	47.715847	47.751890
8834.87	47.715847	47.746640
8834.88	47.715847	47.746640
8834.89	47.715847	47.746640
8834.90	47.715847	47.746640
8834.91	47.715847	47.746640
8835.99	47.715847	47.746640
8904.63	47.715847	47.746640
8904.64	47.715847	47.746640
8904.64	47.715847	47.746640
8904.64	47.715847	47.746640
8904.64	47.715847	47.746640
8904.64	47.715847	47.746640
8904.65	47.715847	47.746640
8904.65	47.715847	47.746640
8904.65	47.715847	47.746640
8904.66	47.715847	47.746640
8904.67	47.715847	47.746640
8904.68	47.715847	47.746640
8905.81	47.715847	47.746640
9034.27	47.715847	47.746640
9034.27	47.715847	47.746640
9034.27	47.715847	47.746640
9034.28	47.715847	47.746640
9034.28	47.715847	47.746640
9034.28	47.715847	47.746640
9034.28	47.715847	47.746640
9034.28	47.715847	47.746640
9034.28	47.715847	47.746640
9034.29	47.715847	47.746640
9034.29	47.715847	47.746640
9034.29	47.715847	47.746640
9034.29	47.715847	47.746640
9034.29	47.715847	47.746640
9034.30	47.715847	47.746640
9034.30	47.715847	47.746640
9034.30	47.715847	47.746640
9034.30	47.715847	47.746640
9034.30	47.715847	47.746640
9034.30	47.715847	47.746640
9034.31	47.715847	47.746640
9034.31	47.715847	47.746640
9034.31	47.715847	47.746640
9034.31	47.715847	47.746640
9034.31	47.715847	47.746640
9034.31	47.715847	47.746640
9034.31	47.715847	47.746640
9034.32	47.715847	47.746640
9034.32	47.715847	47.746640
9035.49	47.715847	47.746640
9098.68	47.715847	47.746640
9098.69	47.715847	47.746640
9098.69	47.715847	47.746640
9098.69	47.715847	47.746640
9098.69	47.715847	47.746640
9098.69	47.715847	47.746640
9098.70	47.715847	47.746640
9098.72	47.715847	47.746640
9098.73	47.715847	47.746640
9098.74	47.715847	47.746640
9098.75	47.715847	47.746640
9098.76	47.715847	47.746640
9099.90	47.715847	47.746640
9215.42	47.715847	47.746640
9215.42	47.715847	47.746640
9215.42	47.715847	47.746640
9215.42	47.715847	47.746640
9215.43	47.715847	47.746640
9215.43	47.715847	47.746640
9215.43	47.715847	47.746640
9215.43	47.715847	47.746640
9215.43	47.715847	47.746640
9215.43	47.715847	47.746640
9215.44	47.715847	47.746640
9215.44	47.715847	47.746640
9215.44	47.715847	47.746640
9215.44	47.715847	47.746640
9215.44	47.715847	47.746640
9215.45	47.715847	47.746640
9215.45	47.715847	47.746640
9215.45	47.715847	47.746640
9215.45	47.715847	47.746640
9215.45	47.715847	47.746640
9215.46	47.715847	47.746640
9215.46	47.715847	47.746640
9215.46	47.715847	47.746640
9215.46	47.715847	47.746640
9215.46	47.715847	47.746640
9215.47	47.715847	47.746640
9215.48	47.715847	47.746640
9215.50	47.715847	47.746640
9215.51	47.715847	47.746640
9216.59	47.715847	47.746640
9284.57	47.715847	47.746640
9284.57	47.715847	47.746640
9284.57	47.715847	47.746640
9284.58	47.715847	47.746640
9284.58	47.715847	47.746640
9284.58	47.715847	47.746640
9284.58	47.715847	47.746640
9284.59	47.715847	47.746640
9284.59	47.715847	47.746640
9284.59	47.715847	47.746640
9284.59	47.715847	47.746640
