2025-02-09 04:00:12,141 - INFO - Starting training process...
2025-02-09 04:00:12,141 - INFO - Loading data...
2025-02-09 04:00:13,473 - INFO - Loaded 2915 code samples
2025-02-09 04:00:13,473 - INFO - Performance statistics:
2025-02-09 04:00:13,474 - INFO -   Mean: 10.6621
2025-02-09 04:00:13,474 - INFO -   Std: 0.0755
2025-02-09 04:00:13,474 - INFO -   Min: 10.5913
2025-02-09 04:00:13,474 - INFO -   Max: 10.9718
2025-02-09 04:00:13,475 - INFO - Loading predefined dataset split...
2025-02-09 04:00:13,476 - INFO - Loaded split info - Train: 2332, Test: 583
2025-02-09 04:00:15,696 - INFO - Selected 9000 balanced training pairs
2025-02-09 04:00:16,071 - INFO - Selected 1000 balanced test pairs
2025-02-09 04:00:16,369 - INFO - Starting training...
2025-02-09 04:00:16,369 - INFO - Total training pairs: 9000
2025-02-09 04:00:16,369 - INFO - Batch size: 32
2025-02-09 04:00:16,369 - INFO - Max epochs: 400
2025-02-09 04:00:16,369 - INFO - 
Epoch 1/400
2025-02-09 04:00:16,369 - INFO - Processing batches...
2025-02-09 04:00:20,865 - INFO - Epoch 1 Results:
2025-02-09 04:00:20,865 - INFO -   Average Loss: 0.5845
2025-02-09 04:00:20,865 - INFO -   Training Accuracy: 0.7061
2025-02-09 04:00:20,865 - INFO -   New best loss achieved!
2025-02-09 04:00:20,865 - INFO - 
Epoch 2/400
2025-02-09 04:00:20,866 - INFO - Processing batches...
2025-02-09 04:00:25,415 - INFO - Epoch 2 Results:
2025-02-09 04:00:25,415 - INFO -   Average Loss: 0.5017
2025-02-09 04:00:25,415 - INFO -   Training Accuracy: 0.8022
2025-02-09 04:00:25,415 - INFO -   New best loss achieved!
2025-02-09 04:00:25,416 - INFO - 
Epoch 3/400
2025-02-09 04:00:25,416 - INFO - Processing batches...
2025-02-09 04:00:29,913 - INFO - Epoch 3 Results:
2025-02-09 04:00:29,913 - INFO -   Average Loss: 0.4768
2025-02-09 04:00:29,913 - INFO -   Training Accuracy: 0.8292
2025-02-09 04:00:29,913 - INFO -   New best loss achieved!
2025-02-09 04:00:29,913 - INFO - 
Epoch 4/400
2025-02-09 04:00:29,914 - INFO - Processing batches...
2025-02-09 04:00:35,128 - INFO - Epoch 4 Results:
2025-02-09 04:00:35,128 - INFO -   Average Loss: 0.4599
2025-02-09 04:00:35,128 - INFO -   Training Accuracy: 0.8467
2025-02-09 04:00:35,128 - INFO -   New best loss achieved!
2025-02-09 04:00:35,128 - INFO - 
Epoch 5/400
2025-02-09 04:00:35,128 - INFO - Processing batches...
2025-02-09 04:00:40,436 - INFO - Epoch 5 Results:
2025-02-09 04:00:40,437 - INFO -   Average Loss: 0.4507
2025-02-09 04:00:40,437 - INFO -   Training Accuracy: 0.8572
2025-02-09 04:00:40,437 - INFO -   New best loss achieved!
2025-02-09 04:00:40,437 - INFO - 
Epoch 6/400
2025-02-09 04:00:40,437 - INFO - Processing batches...
2025-02-09 04:00:46,026 - INFO - Epoch 6 Results:
2025-02-09 04:00:46,026 - INFO -   Average Loss: 0.4440
2025-02-09 04:00:46,026 - INFO -   Training Accuracy: 0.8646
2025-02-09 04:00:46,026 - INFO -   New best loss achieved!
2025-02-09 04:00:46,026 - INFO - 
Epoch 7/400
2025-02-09 04:00:46,026 - INFO - Processing batches...
2025-02-09 04:00:51,440 - INFO - Epoch 7 Results:
2025-02-09 04:00:51,440 - INFO -   Average Loss: 0.4380
2025-02-09 04:00:51,440 - INFO -   Training Accuracy: 0.8692
2025-02-09 04:00:51,440 - INFO -   New best loss achieved!
2025-02-09 04:00:51,440 - INFO - 
Epoch 8/400
2025-02-09 04:00:51,440 - INFO - Processing batches...
2025-02-09 04:00:57,130 - INFO - Epoch 8 Results:
2025-02-09 04:00:57,130 - INFO -   Average Loss: 0.4320
2025-02-09 04:00:57,130 - INFO -   Training Accuracy: 0.8763
2025-02-09 04:00:57,130 - INFO -   New best loss achieved!
2025-02-09 04:00:57,130 - INFO - 
Epoch 9/400
2025-02-09 04:00:57,130 - INFO - Processing batches...
2025-02-09 04:01:02,619 - INFO - Epoch 9 Results:
2025-02-09 04:01:02,619 - INFO -   Average Loss: 0.4307
2025-02-09 04:01:02,619 - INFO -   Training Accuracy: 0.8783
2025-02-09 04:01:02,619 - INFO -   New best loss achieved!
2025-02-09 04:01:02,619 - INFO - 
Epoch 10/400
2025-02-09 04:01:02,619 - INFO - Processing batches...
2025-02-09 04:01:07,979 - INFO - Epoch 10 Results:
2025-02-09 04:01:07,979 - INFO -   Average Loss: 0.4152
2025-02-09 04:01:07,979 - INFO -   Training Accuracy: 0.8937
2025-02-09 04:01:07,979 - INFO -   New best loss achieved!
2025-02-09 04:01:07,979 - INFO - 
Epoch 11/400
2025-02-09 04:01:07,979 - INFO - Processing batches...
2025-02-09 04:01:13,313 - INFO - Epoch 11 Results:
2025-02-09 04:01:13,314 - INFO -   Average Loss: 0.4199
2025-02-09 04:01:13,314 - INFO -   Training Accuracy: 0.8900
2025-02-09 04:01:13,314 - INFO -   No improvement for 1 epochs
2025-02-09 04:01:13,314 - INFO - 
Epoch 12/400
2025-02-09 04:01:13,314 - INFO - Processing batches...
2025-02-09 04:01:18,706 - INFO - Epoch 12 Results:
2025-02-09 04:01:18,707 - INFO -   Average Loss: 0.4145
2025-02-09 04:01:18,707 - INFO -   Training Accuracy: 0.8956
2025-02-09 04:01:18,707 - INFO -   New best loss achieved!
2025-02-09 04:01:18,707 - INFO - 
Epoch 13/400
2025-02-09 04:01:18,707 - INFO - Processing batches...
2025-02-09 04:01:23,975 - INFO - Epoch 13 Results:
2025-02-09 04:01:23,975 - INFO -   Average Loss: 0.4096
2025-02-09 04:01:23,975 - INFO -   Training Accuracy: 0.8996
2025-02-09 04:01:23,975 - INFO -   New best loss achieved!
2025-02-09 04:01:23,975 - INFO - 
Epoch 14/400
2025-02-09 04:01:23,975 - INFO - Processing batches...
2025-02-09 04:01:28,981 - INFO - Epoch 14 Results:
2025-02-09 04:01:28,981 - INFO -   Average Loss: 0.4094
2025-02-09 04:01:28,982 - INFO -   Training Accuracy: 0.9000
2025-02-09 04:01:28,982 - INFO -   New best loss achieved!
2025-02-09 04:01:28,982 - INFO - 
Epoch 15/400
2025-02-09 04:01:28,982 - INFO - Processing batches...
2025-02-09 04:01:33,853 - INFO - Epoch 15 Results:
2025-02-09 04:01:33,853 - INFO -   Average Loss: 0.4076
2025-02-09 04:01:33,853 - INFO -   Training Accuracy: 0.9024
2025-02-09 04:01:33,853 - INFO -   New best loss achieved!
2025-02-09 04:01:33,853 - INFO - 
Epoch 16/400
2025-02-09 04:01:33,853 - INFO - Processing batches...
2025-02-09 04:01:38,656 - INFO - Epoch 16 Results:
2025-02-09 04:01:38,656 - INFO -   Average Loss: 0.4016
2025-02-09 04:01:38,656 - INFO -   Training Accuracy: 0.9087
2025-02-09 04:01:38,656 - INFO -   New best loss achieved!
2025-02-09 04:01:38,656 - INFO - 
Epoch 17/400
2025-02-09 04:01:38,656 - INFO - Processing batches...
2025-02-09 04:01:43,602 - INFO - Epoch 17 Results:
2025-02-09 04:01:43,602 - INFO -   Average Loss: 0.3967
2025-02-09 04:01:43,602 - INFO -   Training Accuracy: 0.9122
2025-02-09 04:01:43,602 - INFO -   New best loss achieved!
2025-02-09 04:01:43,602 - INFO - 
Epoch 18/400
2025-02-09 04:01:43,603 - INFO - Processing batches...
2025-02-09 04:01:48,491 - INFO - Epoch 18 Results:
2025-02-09 04:01:48,491 - INFO -   Average Loss: 0.3975
2025-02-09 04:01:48,491 - INFO -   Training Accuracy: 0.9114
2025-02-09 04:01:48,491 - INFO -   No improvement for 1 epochs
2025-02-09 04:01:48,492 - INFO - 
Epoch 19/400
2025-02-09 04:01:48,492 - INFO - Processing batches...
2025-02-09 04:01:53,766 - INFO - Epoch 19 Results:
2025-02-09 04:01:53,766 - INFO -   Average Loss: 0.3900
2025-02-09 04:01:53,766 - INFO -   Training Accuracy: 0.9203
2025-02-09 04:01:53,766 - INFO -   New best loss achieved!
2025-02-09 04:01:53,766 - INFO - 
Epoch 20/400
2025-02-09 04:01:53,766 - INFO - Processing batches...
2025-02-09 04:01:59,041 - INFO - Epoch 20 Results:
2025-02-09 04:01:59,041 - INFO -   Average Loss: 0.3963
2025-02-09 04:01:59,041 - INFO -   Training Accuracy: 0.9152
2025-02-09 04:01:59,041 - INFO -   No improvement for 1 epochs
2025-02-09 04:01:59,042 - INFO - 
Epoch 21/400
2025-02-09 04:01:59,042 - INFO - Processing batches...
2025-02-09 04:02:04,163 - INFO - Epoch 21 Results:
2025-02-09 04:02:04,163 - INFO -   Average Loss: 0.3897
2025-02-09 04:02:04,163 - INFO -   Training Accuracy: 0.9211
2025-02-09 04:02:04,163 - INFO -   New best loss achieved!
2025-02-09 04:02:04,163 - INFO - 
Epoch 22/400
2025-02-09 04:02:04,164 - INFO - Processing batches...
2025-02-09 04:02:09,238 - INFO - Epoch 22 Results:
2025-02-09 04:02:09,238 - INFO -   Average Loss: 0.3851
2025-02-09 04:02:09,238 - INFO -   Training Accuracy: 0.9264
2025-02-09 04:02:09,238 - INFO -   New best loss achieved!
2025-02-09 04:02:09,240 - INFO - 
Epoch 23/400
2025-02-09 04:02:09,240 - INFO - Processing batches...
2025-02-09 04:02:14,246 - INFO - Epoch 23 Results:
2025-02-09 04:02:14,246 - INFO -   Average Loss: 0.3931
2025-02-09 04:02:14,246 - INFO -   Training Accuracy: 0.9181
2025-02-09 04:02:14,246 - INFO -   No improvement for 1 epochs
2025-02-09 04:02:14,247 - INFO - 
Epoch 24/400
2025-02-09 04:02:14,247 - INFO - Processing batches...
2025-02-09 04:02:19,440 - INFO - Epoch 24 Results:
2025-02-09 04:02:19,441 - INFO -   Average Loss: 0.3861
2025-02-09 04:02:19,441 - INFO -   Training Accuracy: 0.9258
2025-02-09 04:02:19,441 - INFO -   No improvement for 2 epochs
2025-02-09 04:02:19,441 - INFO - 
Epoch 25/400
2025-02-09 04:02:19,441 - INFO - Processing batches...
2025-02-09 04:02:24,523 - INFO - Epoch 25 Results:
2025-02-09 04:02:24,523 - INFO -   Average Loss: 0.3871
2025-02-09 04:02:24,523 - INFO -   Training Accuracy: 0.9232
2025-02-09 04:02:24,523 - INFO -   No improvement for 3 epochs
2025-02-09 04:02:24,523 - INFO - 
Epoch 26/400
2025-02-09 04:02:24,523 - INFO - Processing batches...
2025-02-09 04:02:29,522 - INFO - Epoch 26 Results:
2025-02-09 04:02:29,523 - INFO -   Average Loss: 0.3833
2025-02-09 04:02:29,523 - INFO -   Training Accuracy: 0.9273
2025-02-09 04:02:29,523 - INFO -   New best loss achieved!
2025-02-09 04:02:29,523 - INFO - 
Epoch 27/400
2025-02-09 04:02:29,523 - INFO - Processing batches...
2025-02-09 04:02:34,501 - INFO - Epoch 27 Results:
2025-02-09 04:02:34,501 - INFO -   Average Loss: 0.3814
2025-02-09 04:02:34,501 - INFO -   Training Accuracy: 0.9299
2025-02-09 04:02:34,501 - INFO -   New best loss achieved!
2025-02-09 04:02:34,502 - INFO - 
Epoch 28/400
2025-02-09 04:02:34,502 - INFO - Processing batches...
2025-02-09 04:02:39,547 - INFO - Epoch 28 Results:
2025-02-09 04:02:39,547 - INFO -   Average Loss: 0.3823
2025-02-09 04:02:39,547 - INFO -   Training Accuracy: 0.9284
2025-02-09 04:02:39,549 - INFO -   No improvement for 1 epochs
2025-02-09 04:02:39,549 - INFO - 
Epoch 29/400
2025-02-09 04:02:39,549 - INFO - Processing batches...
2025-02-09 04:02:44,547 - INFO - Epoch 29 Results:
2025-02-09 04:02:44,547 - INFO -   Average Loss: 0.3806
2025-02-09 04:02:44,547 - INFO -   Training Accuracy: 0.9310
2025-02-09 04:02:44,547 - INFO -   New best loss achieved!
2025-02-09 04:02:44,547 - INFO - 
Epoch 30/400
2025-02-09 04:02:44,548 - INFO - Processing batches...
2025-02-09 04:02:49,583 - INFO - Epoch 30 Results:
2025-02-09 04:02:49,583 - INFO -   Average Loss: 0.3772
2025-02-09 04:02:49,583 - INFO -   Training Accuracy: 0.9343
2025-02-09 04:02:49,583 - INFO -   New best loss achieved!
2025-02-09 04:02:49,584 - INFO - 
Epoch 31/400
2025-02-09 04:02:49,584 - INFO - Processing batches...
2025-02-09 04:02:54,728 - INFO - Epoch 31 Results:
2025-02-09 04:02:54,728 - INFO -   Average Loss: 0.3698
2025-02-09 04:02:54,728 - INFO -   Training Accuracy: 0.9424
2025-02-09 04:02:54,728 - INFO -   New best loss achieved!
2025-02-09 04:02:54,728 - INFO - 
Epoch 32/400
2025-02-09 04:02:54,728 - INFO - Processing batches...
2025-02-09 04:03:00,323 - INFO - Epoch 32 Results:
2025-02-09 04:03:00,323 - INFO -   Average Loss: 0.3741
2025-02-09 04:03:00,323 - INFO -   Training Accuracy: 0.9374
2025-02-09 04:03:00,323 - INFO -   No improvement for 1 epochs
2025-02-09 04:03:00,323 - INFO - 
Epoch 33/400
2025-02-09 04:03:00,323 - INFO - Processing batches...
2025-02-09 04:03:05,522 - INFO - Epoch 33 Results:
2025-02-09 04:03:05,523 - INFO -   Average Loss: 0.3755
2025-02-09 04:03:05,523 - INFO -   Training Accuracy: 0.9352
2025-02-09 04:03:05,523 - INFO -   No improvement for 2 epochs
2025-02-09 04:03:05,523 - INFO - 
Epoch 34/400
2025-02-09 04:03:05,523 - INFO - Processing batches...
2025-02-09 04:03:10,589 - INFO - Epoch 34 Results:
2025-02-09 04:03:10,590 - INFO -   Average Loss: 0.3707
2025-02-09 04:03:10,590 - INFO -   Training Accuracy: 0.9402
2025-02-09 04:03:10,590 - INFO -   No improvement for 3 epochs
2025-02-09 04:03:10,590 - INFO - 
Epoch 35/400
2025-02-09 04:03:10,590 - INFO - Processing batches...
2025-02-09 04:03:15,707 - INFO - Epoch 35 Results:
2025-02-09 04:03:15,709 - INFO -   Average Loss: 0.3708
2025-02-09 04:03:15,709 - INFO -   Training Accuracy: 0.9409
2025-02-09 04:03:15,709 - INFO -   No improvement for 4 epochs
2025-02-09 04:03:15,709 - INFO - 
Epoch 36/400
2025-02-09 04:03:15,709 - INFO - Processing batches...
2025-02-09 04:03:20,878 - INFO - Epoch 36 Results:
2025-02-09 04:03:20,879 - INFO -   Average Loss: 0.3710
2025-02-09 04:03:20,879 - INFO -   Training Accuracy: 0.9411
2025-02-09 04:03:20,879 - INFO -   No improvement for 5 epochs
2025-02-09 04:03:20,879 - INFO - 
Epoch 37/400
2025-02-09 04:03:20,879 - INFO - Processing batches...
2025-02-09 04:03:26,055 - INFO - Epoch 37 Results:
2025-02-09 04:03:26,055 - INFO -   Average Loss: 0.3678
2025-02-09 04:03:26,055 - INFO -   Training Accuracy: 0.9431
2025-02-09 04:03:26,056 - INFO -   New best loss achieved!
2025-02-09 04:03:26,056 - INFO - 
Epoch 38/400
2025-02-09 04:03:26,056 - INFO - Processing batches...
2025-02-09 04:03:31,026 - INFO - Epoch 38 Results:
2025-02-09 04:03:31,026 - INFO -   Average Loss: 0.3686
2025-02-09 04:03:31,026 - INFO -   Training Accuracy: 0.9429
2025-02-09 04:03:31,026 - INFO -   No improvement for 1 epochs
2025-02-09 04:03:31,027 - INFO - 
Epoch 39/400
2025-02-09 04:03:31,027 - INFO - Processing batches...
2025-02-09 04:03:36,036 - INFO - Epoch 39 Results:
2025-02-09 04:03:36,036 - INFO -   Average Loss: 0.3675
2025-02-09 04:03:36,036 - INFO -   Training Accuracy: 0.9446
2025-02-09 04:03:36,037 - INFO -   New best loss achieved!
2025-02-09 04:03:36,037 - INFO - 
Epoch 40/400
2025-02-09 04:03:36,037 - INFO - Processing batches...
2025-02-09 04:03:41,137 - INFO - Epoch 40 Results:
2025-02-09 04:03:41,137 - INFO -   Average Loss: 0.3718
2025-02-09 04:03:41,137 - INFO -   Training Accuracy: 0.9394
2025-02-09 04:03:41,137 - INFO -   No improvement for 1 epochs
2025-02-09 04:03:41,137 - INFO - 
Epoch 41/400
2025-02-09 04:03:41,137 - INFO - Processing batches...
2025-02-09 04:03:46,352 - INFO - Epoch 41 Results:
2025-02-09 04:03:46,352 - INFO -   Average Loss: 0.3752
2025-02-09 04:03:46,352 - INFO -   Training Accuracy: 0.9366
2025-02-09 04:03:46,352 - INFO -   No improvement for 2 epochs
2025-02-09 04:03:46,352 - INFO - 
Epoch 42/400
2025-02-09 04:03:46,352 - INFO - Processing batches...
2025-02-09 04:03:51,518 - INFO - Epoch 42 Results:
2025-02-09 04:03:51,518 - INFO -   Average Loss: 0.3723
2025-02-09 04:03:51,518 - INFO -   Training Accuracy: 0.9400
2025-02-09 04:03:51,518 - INFO -   No improvement for 3 epochs
2025-02-09 04:03:51,518 - INFO - 
Epoch 43/400
2025-02-09 04:03:51,518 - INFO - Processing batches...
2025-02-09 04:03:57,110 - INFO - Epoch 43 Results:
2025-02-09 04:03:57,110 - INFO -   Average Loss: 0.3663
2025-02-09 04:03:57,110 - INFO -   Training Accuracy: 0.9449
2025-02-09 04:03:57,110 - INFO -   New best loss achieved!
2025-02-09 04:03:57,110 - INFO - 
Epoch 44/400
2025-02-09 04:03:57,110 - INFO - Processing batches...
2025-02-09 04:04:02,167 - INFO - Epoch 44 Results:
2025-02-09 04:04:02,167 - INFO -   Average Loss: 0.3658
2025-02-09 04:04:02,167 - INFO -   Training Accuracy: 0.9456
2025-02-09 04:04:02,168 - INFO -   New best loss achieved!
2025-02-09 04:04:02,168 - INFO - 
Epoch 45/400
2025-02-09 04:04:02,168 - INFO - Processing batches...
2025-02-09 04:04:07,358 - INFO - Epoch 45 Results:
2025-02-09 04:04:07,358 - INFO -   Average Loss: 0.3641
2025-02-09 04:04:07,358 - INFO -   Training Accuracy: 0.9470
2025-02-09 04:04:07,358 - INFO -   New best loss achieved!
2025-02-09 04:04:07,358 - INFO - 
Epoch 46/400
2025-02-09 04:04:07,358 - INFO - Processing batches...
2025-02-09 04:04:12,444 - INFO - Epoch 46 Results:
2025-02-09 04:04:12,444 - INFO -   Average Loss: 0.3610
2025-02-09 04:04:12,444 - INFO -   Training Accuracy: 0.9503
2025-02-09 04:04:12,444 - INFO -   New best loss achieved!
2025-02-09 04:04:12,444 - INFO - 
Epoch 47/400
2025-02-09 04:04:12,444 - INFO - Processing batches...
2025-02-09 04:04:17,731 - INFO - Epoch 47 Results:
2025-02-09 04:04:17,731 - INFO -   Average Loss: 0.3598
2025-02-09 04:04:17,731 - INFO -   Training Accuracy: 0.9523
2025-02-09 04:04:17,731 - INFO -   New best loss achieved!
2025-02-09 04:04:17,731 - INFO - 
Epoch 48/400
2025-02-09 04:04:17,732 - INFO - Processing batches...
2025-02-09 04:04:23,106 - INFO - Epoch 48 Results:
2025-02-09 04:04:23,106 - INFO -   Average Loss: 0.3563
2025-02-09 04:04:23,106 - INFO -   Training Accuracy: 0.9567
2025-02-09 04:04:23,106 - INFO -   New best loss achieved!
2025-02-09 04:04:23,106 - INFO - 
Epoch 49/400
2025-02-09 04:04:23,106 - INFO - Processing batches...
2025-02-09 04:04:28,164 - INFO - Epoch 49 Results:
2025-02-09 04:04:28,164 - INFO -   Average Loss: 0.3607
2025-02-09 04:04:28,164 - INFO -   Training Accuracy: 0.9521
2025-02-09 04:04:28,164 - INFO -   No improvement for 1 epochs
2025-02-09 04:04:28,165 - INFO - 
Epoch 50/400
2025-02-09 04:04:28,165 - INFO - Processing batches...
2025-02-09 04:04:33,216 - INFO - Epoch 50 Results:
2025-02-09 04:04:33,216 - INFO -   Average Loss: 0.3585
2025-02-09 04:04:33,216 - INFO -   Training Accuracy: 0.9531
2025-02-09 04:04:33,216 - INFO -   No improvement for 2 epochs
2025-02-09 04:04:33,217 - INFO - 
Epoch 51/400
2025-02-09 04:04:33,217 - INFO - Processing batches...
2025-02-09 04:04:38,443 - INFO - Epoch 51 Results:
2025-02-09 04:04:38,443 - INFO -   Average Loss: 0.3597
2025-02-09 04:04:38,443 - INFO -   Training Accuracy: 0.9524
2025-02-09 04:04:38,443 - INFO -   No improvement for 3 epochs
2025-02-09 04:04:38,444 - INFO - 
Epoch 52/400
2025-02-09 04:04:38,444 - INFO - Processing batches...
2025-02-09 04:04:43,633 - INFO - Epoch 52 Results:
2025-02-09 04:04:43,633 - INFO -   Average Loss: 0.3552
2025-02-09 04:04:43,633 - INFO -   Training Accuracy: 0.9566
2025-02-09 04:04:43,633 - INFO -   New best loss achieved!
2025-02-09 04:04:43,633 - INFO - 
Epoch 53/400
2025-02-09 04:04:43,633 - INFO - Processing batches...
2025-02-09 04:04:48,863 - INFO - Epoch 53 Results:
2025-02-09 04:04:48,863 - INFO -   Average Loss: 0.3538
2025-02-09 04:04:48,863 - INFO -   Training Accuracy: 0.9583
2025-02-09 04:04:48,863 - INFO -   New best loss achieved!
2025-02-09 04:04:48,863 - INFO - 
Epoch 54/400
2025-02-09 04:04:48,863 - INFO - Processing batches...
2025-02-09 04:04:54,455 - INFO - Epoch 54 Results:
2025-02-09 04:04:54,455 - INFO -   Average Loss: 0.3563
2025-02-09 04:04:54,455 - INFO -   Training Accuracy: 0.9567
2025-02-09 04:04:54,456 - INFO -   No improvement for 1 epochs
2025-02-09 04:04:54,456 - INFO - 
Epoch 55/400
2025-02-09 04:04:54,456 - INFO - Processing batches...
2025-02-09 04:04:59,953 - INFO - Epoch 55 Results:
2025-02-09 04:04:59,953 - INFO -   Average Loss: 0.3610
2025-02-09 04:04:59,953 - INFO -   Training Accuracy: 0.9519
2025-02-09 04:04:59,953 - INFO -   No improvement for 2 epochs
2025-02-09 04:04:59,953 - INFO - 
Epoch 56/400
2025-02-09 04:04:59,953 - INFO - Processing batches...
2025-02-09 04:05:05,122 - INFO - Epoch 56 Results:
2025-02-09 04:05:05,122 - INFO -   Average Loss: 0.3560
2025-02-09 04:05:05,122 - INFO -   Training Accuracy: 0.9560
2025-02-09 04:05:05,122 - INFO -   No improvement for 3 epochs
2025-02-09 04:05:05,122 - INFO - 
Epoch 57/400
2025-02-09 04:05:05,122 - INFO - Processing batches...
2025-02-09 04:05:10,220 - INFO - Epoch 57 Results:
2025-02-09 04:05:10,220 - INFO -   Average Loss: 0.3537
2025-02-09 04:05:10,220 - INFO -   Training Accuracy: 0.9578
2025-02-09 04:05:10,220 - INFO -   New best loss achieved!
2025-02-09 04:05:10,221 - INFO - 
Epoch 58/400
2025-02-09 04:05:10,221 - INFO - Processing batches...
2025-02-09 04:05:15,583 - INFO - Epoch 58 Results:
2025-02-09 04:05:15,584 - INFO -   Average Loss: 0.3571
2025-02-09 04:05:15,584 - INFO -   Training Accuracy: 0.9548
2025-02-09 04:05:15,584 - INFO -   No improvement for 1 epochs
2025-02-09 04:05:15,584 - INFO - 
Epoch 59/400
2025-02-09 04:05:15,584 - INFO - Processing batches...
2025-02-09 04:05:20,738 - INFO - Epoch 59 Results:
2025-02-09 04:05:20,738 - INFO -   Average Loss: 0.3548
2025-02-09 04:05:20,738 - INFO -   Training Accuracy: 0.9569
2025-02-09 04:05:20,738 - INFO -   No improvement for 2 epochs
2025-02-09 04:05:20,738 - INFO - 
Epoch 60/400
2025-02-09 04:05:20,738 - INFO - Processing batches...
2025-02-09 04:05:25,954 - INFO - Epoch 60 Results:
2025-02-09 04:05:25,954 - INFO -   Average Loss: 0.3499
2025-02-09 04:05:25,954 - INFO -   Training Accuracy: 0.9628
2025-02-09 04:05:25,954 - INFO -   New best loss achieved!
2025-02-09 04:05:25,954 - INFO - 
Epoch 61/400
2025-02-09 04:05:25,954 - INFO - Processing batches...
2025-02-09 04:05:31,156 - INFO - Epoch 61 Results:
2025-02-09 04:05:31,156 - INFO -   Average Loss: 0.3521
2025-02-09 04:05:31,156 - INFO -   Training Accuracy: 0.9603
2025-02-09 04:05:31,156 - INFO -   No improvement for 1 epochs
2025-02-09 04:05:31,156 - INFO - 
Epoch 62/400
2025-02-09 04:05:31,157 - INFO - Processing batches...
2025-02-09 04:05:36,449 - INFO - Epoch 62 Results:
2025-02-09 04:05:36,449 - INFO -   Average Loss: 0.3546
2025-02-09 04:05:36,449 - INFO -   Training Accuracy: 0.9572
2025-02-09 04:05:36,449 - INFO -   No improvement for 2 epochs
2025-02-09 04:05:36,449 - INFO - 
Epoch 63/400
2025-02-09 04:05:36,449 - INFO - Processing batches...
2025-02-09 04:05:41,633 - INFO - Epoch 63 Results:
2025-02-09 04:05:41,633 - INFO -   Average Loss: 0.3532
2025-02-09 04:05:41,633 - INFO -   Training Accuracy: 0.9589
2025-02-09 04:05:41,633 - INFO -   No improvement for 3 epochs
2025-02-09 04:05:41,633 - INFO - 
Epoch 64/400
2025-02-09 04:05:41,633 - INFO - Processing batches...
2025-02-09 04:05:46,846 - INFO - Epoch 64 Results:
2025-02-09 04:05:46,846 - INFO -   Average Loss: 0.3574
2025-02-09 04:05:46,846 - INFO -   Training Accuracy: 0.9547
2025-02-09 04:05:46,846 - INFO -   No improvement for 4 epochs
2025-02-09 04:05:46,847 - INFO - 
Epoch 65/400
2025-02-09 04:05:46,847 - INFO - Processing batches...
2025-02-09 04:05:52,005 - INFO - Epoch 65 Results:
2025-02-09 04:05:52,005 - INFO -   Average Loss: 0.3576
2025-02-09 04:05:52,005 - INFO -   Training Accuracy: 0.9552
2025-02-09 04:05:52,005 - INFO -   No improvement for 5 epochs
2025-02-09 04:05:52,005 - INFO - 
Epoch 66/400
2025-02-09 04:05:52,005 - INFO - Processing batches...
2025-02-09 04:05:57,290 - INFO - Epoch 66 Results:
2025-02-09 04:05:57,291 - INFO -   Average Loss: 0.3537
2025-02-09 04:05:57,291 - INFO -   Training Accuracy: 0.9579
2025-02-09 04:05:57,291 - INFO -   No improvement for 6 epochs
2025-02-09 04:05:57,291 - INFO - 
Epoch 67/400
2025-02-09 04:05:57,291 - INFO - Processing batches...
2025-02-09 04:06:02,432 - INFO - Epoch 67 Results:
2025-02-09 04:06:02,432 - INFO -   Average Loss: 0.3536
2025-02-09 04:06:02,432 - INFO -   Training Accuracy: 0.9588
2025-02-09 04:06:02,432 - INFO -   No improvement for 7 epochs
2025-02-09 04:06:02,432 - INFO - 
Epoch 68/400
2025-02-09 04:06:02,432 - INFO - Processing batches...
2025-02-09 04:06:07,371 - INFO - Epoch 68 Results:
2025-02-09 04:06:07,371 - INFO -   Average Loss: 0.3514
2025-02-09 04:06:07,371 - INFO -   Training Accuracy: 0.9614
2025-02-09 04:06:07,371 - INFO -   No improvement for 8 epochs
2025-02-09 04:06:07,371 - INFO - 
Epoch 69/400
2025-02-09 04:06:07,371 - INFO - Processing batches...
2025-02-09 04:06:12,504 - INFO - Epoch 69 Results:
2025-02-09 04:06:12,504 - INFO -   Average Loss: 0.3505
2025-02-09 04:06:12,504 - INFO -   Training Accuracy: 0.9619
2025-02-09 04:06:12,504 - INFO -   No improvement for 9 epochs
2025-02-09 04:06:12,504 - INFO - 
Epoch 70/400
2025-02-09 04:06:12,504 - INFO - Processing batches...
2025-02-09 04:06:17,584 - INFO - Epoch 70 Results:
2025-02-09 04:06:17,584 - INFO -   Average Loss: 0.3509
2025-02-09 04:06:17,585 - INFO -   Training Accuracy: 0.9618
2025-02-09 04:06:17,585 - INFO -   No improvement for 10 epochs
2025-02-09 04:06:17,585 - INFO - Early stopping triggered after 70 epochs
2025-02-09 04:06:17,585 - INFO - 
Training completed!
2025-02-09 04:06:17,585 - INFO - Best loss achieved: 0.3499
2025-02-09 04:06:17,592 - INFO - Model saved to ./results/best_performance_predictor_9000samples.pth
2025-02-09 04:06:17,592 - INFO - Starting model evaluation...
2025-02-09 04:06:18,627 - INFO - 
Detailed Evaluation Results:
2025-02-09 04:06:18,628 - INFO - ==================================================
2025-02-09 04:06:18,628 - INFO - very_close:
2025-02-09 04:06:18,628 - INFO -   Total pairs: 250
2025-02-09 04:06:18,628 - INFO -   Correct predictions: 162
2025-02-09 04:06:18,628 - INFO -   Accuracy: 0.6480
2025-02-09 04:06:18,628 - INFO - close:
2025-02-09 04:06:18,628 - INFO -   Total pairs: 250
2025-02-09 04:06:18,628 - INFO -   Correct predictions: 207
2025-02-09 04:06:18,628 - INFO -   Accuracy: 0.8280
2025-02-09 04:06:18,628 - INFO - medium:
2025-02-09 04:06:18,628 - INFO -   Total pairs: 250
2025-02-09 04:06:18,628 - INFO -   Correct predictions: 204
2025-02-09 04:06:18,628 - INFO -   Accuracy: 0.8160
2025-02-09 04:06:18,628 - INFO - far:
2025-02-09 04:06:18,628 - INFO -   Total pairs: 250
2025-02-09 04:06:18,628 - INFO -   Correct predictions: 223
2025-02-09 04:06:18,628 - INFO -   Accuracy: 0.8920
2025-02-09 04:06:18,628 - INFO - 
Overall Results:
2025-02-09 04:06:18,628 - INFO - Total test pairs: 1000
2025-02-09 04:06:18,628 - INFO - Total correct predictions: 796
2025-02-09 04:06:18,628 - INFO - Overall accuracy: 0.7960
2025-02-09 04:06:18,630 - INFO - Evaluation results saved to ./results/evaluation_results_20250209_040618.json
