Total count: 63, Total time: 804.19s
122.7487
22.6598
46.1676
0.0000
0.0000
5.1869
20.1707
26.5221
0.0000
0.0000
1.8148
12.6335
0.0000
0.0000
2.3734
14.7486
0.0000
0.0000
5.9075
5.7889
0.0000
2.9643
0.0000
1.9141
12.2573
0.0000
0.0000
2.7784
3.7666
7.0429
0.0000
0.0000
2.0037
13.5837
0.0000
0.0000
2.8979
7.5042
0.0000
0.0000
2.3086
16.6237
1.6285
3.9111
15.2653
1.3485
11.5499
19.5017
16.0189
1.7228
8.8057
3.2300
19.9581
1.4790
11.6918
5.1767
19.4270
21.9207
83.5551
22.3335
98.1846
11.4014
63.7134
