Total count: 261, Total time: 7866.98s
45.3495
66.6697
77.8700
0.0000
0.0000
9.4710
74.8135
0.0000
0.0000
8.8291
57.4407
0.0000
2.8298
0.0000
5.7008
59.1355
0.0000
0.0000
4.9232
73.2752
0.0000
0.0000
4.0945
82.0647
0.0000
1.8435
0.0000
5.2250
75.4065
0.0000
0.0000
3.5120
41.3156
0.0000
0.0000
2.8238
80.4966
2.5110
6.4958
33.6587
9.9111
36.6548
7.5589
40.7299
6.5580
29.1584
6.5323
34.4016
2.0835
25.1251
6.5044
56.9785
1.6956
34.2630
7.3413
66.9302
1.5505
50.7190
6.6373
76.5198
7.8273
45.1366
6.8302
80.9076
2.6696
49.4658
8.2584
86.3643
2.5718
53.6317
7.5107
81.2963
2.2423
48.3545
7.3000
94.4393
2.3803
45.4488
7.0397
82.6565
6.4670
44.2174
7.3988
75.2942
3.2177
51.7822
6.3830
71.8192
3.8357
37.1061
8.7028
61.9473
1.7284
36.7611
7.5303
62.3062
2.8554
41.9460
6.6764
83.0425
3.5541
46.4668
7.9409
89.8296
3.0769
43.0394
8.0386
91.2241
2.4357
49.7330
8.2427
81.7189
1.8605
41.3837
5.2482
69.3732
2.1788
42.4357
7.4821
67.6521
4.0283
43.0266
8.3113
70.1581
2.1169
44.2190
7.5116
88.0630
2.4648
49.6393
7.5049
81.1104
4.7175
54.5959
7.7393
77.9602
2.1919
48.5395
6.3137
77.8810
2.0521
40.8793
6.4342
91.3202
1.9701
43.0129
5.4830
66.4557
1.4142
42.4657
8.1357
69.6757
1.4805
34.3846
6.8951
78.3235
2.0626
33.0875
7.4640
80.3457
1.9980
39.5969
6.2511
73.2571
2.4079
34.9592
7.7136
74.0438
3.5486
42.8410
6.1411
74.2236
3.5128
40.4697
7.2172
74.1311
1.8105
40.6813
7.3303
80.9907
3.8703
36.8690
6.4332
77.9433
2.7325
47.5656
7.2661
67.3404
5.3352
42.7090
8.1792
71.7865
1.5764
50.2265
7.4972
72.1640
4.9513
53.9540
6.3590
72.7897
2.0005
44.2762
6.5641
74.4283
1.7421
40.8939
6.5707
72.9527
2.5499
44.5017
7.4125
86.6240
2.6139
37.2046
11.2658
89.4805
3.1816
37.4914
5.5987
71.2730
3.2125
38.8817
6.2048
78.2620
3.9545
47.0641
6.9261
81.8395
2.0792
37.1377
5.5465
86.2391
2.9775
39.3944
8.3286
79.1415
2.0839
39.3750
5.8534
72.5970
3.3751
38.0231
8.0119
79.9162
2.4976
43.0235
7.4148
82.4713
2.1684
39.6762
6.5802
84.7510
3.5009
40.4757
6.1171
74.6058
2.5805
41.4556
5.6669
64.5571
2.4053
