10.94	-19.257676	inf
70.49	-19.257676	inf
70.51	-19.257676	inf
173.38	-19.257676	inf
177.02	-19.257676	-18.578548
177.03	-19.257676	-18.693987
196.79	-19.257676	-18.756491
197.98	-19.257676	-18.756491
369.48	-19.257676	-18.756491
369.78	-20.351275	-19.137154
374.97	-20.351275	-19.137154
377.59	-20.351275	-19.137154
441.90	-20.351275	-19.427067
445.97	-20.351275	-19.565760
543.53	-20.351275	-19.565760
543.54	-20.351275	-19.722637
543.55	-20.351275	-19.882481
546.35	-20.351275	-20.021753
549.70	-20.351275	-20.027449
553.16	-20.351275	-20.163427
555.34	-20.351275	-20.163427
613.80	-20.351275	-20.163427
734.59	-20.351275	-20.163427
734.60	-20.351275	-20.163427
734.62	-20.351275	-20.181655
735.46	-20.351275	-20.181655
738.98	-20.351275	-20.181655
741.26	-20.351275	-20.181655
745.36	-20.387934	-20.247862
813.05	-20.663703	-20.367510
815.17	-20.663703	-20.369050
819.33	-20.663703	-20.369050
953.70	-20.998174	-20.539716
953.71	-20.998174	-20.539716
953.72	-21.396876	-20.759592
956.45	-21.396876	-20.759592
959.32	-21.396876	-20.908866
962.52	-21.396876	-20.908866
964.25	-21.396876	-21.072075
1046.87	-21.396876	-21.072075
1051.36	-21.396876	-21.072075
1197.70	-21.396876	-21.072075
1197.71	-21.396876	-21.072075
1197.72	-21.396876	-21.134487
1202.02	-21.396876	-21.134487
1205.62	-21.396876	-21.185898
1211.21	-21.396876	-21.185898
1213.10	-21.396876	-21.185898
1213.55	-21.597860	-21.305835
1297.92	-21.597860	-21.305835
1301.08	-21.597860	-21.346102
1305.65	-21.597860	-21.400703
1453.83	-21.598274	-21.473794
1453.84	-21.598274	-21.473794
1455.77	-21.598274	-21.473794
1458.60	-21.598274	-21.473794
1461.27	-21.598274	-21.473794
1463.64	-21.598274	-21.473794
1545.73	-21.598274	-21.473794
1548.31	-21.598274	-21.495702
1552.15	-21.673490	-21.551025
1553.98	-21.673490	-21.588760
1712.20	-21.673490	-21.588760
1712.21	-21.673490	-21.588760
1714.55	-21.673490	-21.588760
1719.12	-21.699152	-21.633194
1722.51	-21.699152	-21.633194
1724.50	-21.699152	-21.633194
1726.05	-21.699152	-21.633194
1727.68	-21.699152	-21.633194
1814.30	-21.699152	-21.633194
1818.55	-21.699152	-21.633194
1967.72	-21.699152	-21.633194
1967.74	-21.699152	-21.633194
1967.75	-21.699152	-21.633194
1971.38	-21.699152	-21.633194
1975.18	-21.699152	-21.633194
1977.89	-21.699152	-21.633194
1979.65	-21.699152	-21.633194
1981.02	-21.699152	-21.633194
2064.39	-21.699152	-21.633194
2067.48	-21.699152	-21.633194
2070.57	-21.699152	-21.633194
2072.48	-21.731188	-21.659993
2236.66	-21.731188	-21.678426
2236.66	-21.731188	-21.678426
2236.66	-21.800848	-21.718941
2236.67	-21.800848	-21.718941
2241.72	-21.800848	-21.718941
2247.12	-21.800848	-21.718941
2249.37	-21.800848	-21.718941
2326.30	-21.800848	-21.718941
2330.84	-21.800848	-21.718941
2486.97	-21.800848	-21.718941
2487.00	-21.800848	-21.718941
2492.56	-21.800848	-21.718941
2493.97	-21.800848	-21.718941
2499.65	-21.800848	-21.736399
2501.18	-21.800848	-21.736399
2584.44	-21.800848	-21.736399
2587.22	-21.800848	-21.736399
2589.05	-21.800848	-21.736399
2739.51	-21.800848	-21.736399
2739.53	-21.800848	-21.753865
2739.55	-21.800848	-21.753865
2740.95	-21.800848	-21.753865
2745.13	-21.800848	-21.753865
2748.33	-21.800848	-21.758570
2751.48	-21.800848	-21.758570
2753.68	-21.800848	-21.758570
2754.80	-21.800848	-21.758570
2841.16	-21.800848	-21.758570
2845.25	-21.800848	-21.758570
2848.35	-21.800848	-21.758570
2850.53	-21.800848	-21.758570
2996.82	-21.800848	-21.758570
2996.83	-21.800848	-21.758570
2997.39	-21.800848	-21.758570
3003.01	-21.800848	-21.758570
3007.36	-21.800848	-21.758570
3011.07	-21.800848	-21.758570
3013.48	-21.800848	-21.758570
3015.19	-21.800848	-21.758570
3016.63	-21.800848	-21.758570
3093.08	-21.800848	-21.758570
3096.02	-21.800848	-21.758570
3098.07	-21.800848	-21.758570
3242.39	-21.800848	-21.758570
3242.39	-21.800848	-21.758570
3242.40	-21.800848	-21.758570
3245.81	-21.800848	-21.758570
3250.79	-21.800848	-21.758570
3254.19	-21.800848	-21.758570
3255.83	-21.800848	-21.758570
3256.96	-21.800848	-21.758869
3327.88	-21.800848	-21.758869
3334.31	-21.800848	-21.758869
3336.43	-21.800848	-21.758869
3466.89	-21.800848	-21.758869
3466.90	-21.800848	-21.758869
3473.08	-21.800848	-21.758869
3477.45	-21.800848	-21.758869
3480.96	-21.800848	-21.758869
3482.16	-21.800848	-21.758869
3483.98	-21.800848	-21.758869
3564.67	-21.800848	-21.758869
3566.92	-21.800848	-21.758869
3727.97	-21.800848	-21.758869
3727.98	-21.800848	-21.758869
3728.33	-21.800848	-21.758869
3734.01	-21.800848	-21.758869
3741.29	-21.800848	-21.758869
3744.84	-21.800848	-21.758869
3747.11	-21.800848	-21.758869
3749.02	-21.800848	-21.758869
3750.15	-21.800848	-21.758869
3835.50	-21.800848	-21.758869
3838.16	-21.800848	-21.758869
3840.86	-21.800848	-21.758869
4011.91	-21.800848	-21.758869
4011.92	-21.811926	-21.776420
4011.93	-21.811926	-21.776420
4014.23	-21.811926	-21.780999
4018.80	-21.811926	-21.780999
4021.25	-21.811926	-21.780999
4023.36	-21.811926	-21.780999
4025.09	-21.811926	-21.780999
4102.22	-21.811926	-21.780999
4106.12	-21.811926	-21.780999
4108.27	-21.811926	-21.780999
4109.65	-21.811926	-21.780999
4276.29	-21.811926	-21.780999
4276.31	-21.811926	-21.780999
4278.39	-21.811926	-21.780999
4278.40	-21.811926	-21.780999
4284.62	-21.811926	-21.780999
4286.51	-21.811926	-21.780999
4289.80	-21.811926	-21.780999
4374.86	-21.811926	-21.780999
4378.28	-21.811926	-21.780999
4381.15	-21.811926	-21.780999
4383.46	-21.811926	-21.780999
4537.53	-21.811926	-21.780999
4537.54	-21.811926	-21.780999
4537.55	-21.811926	-21.780999
4541.51	-21.811926	-21.780999
4547.76	-21.811926	-21.780999
4549.71	-21.811926	-21.780999
4551.02	-21.811926	-21.780999
4626.37	-21.811926	-21.780999
4631.69	-21.811926	-21.780999
4634.97	-21.811926	-21.780999
4636.80	-21.811926	-21.780999
4769.20	-21.811926	-21.780999
4769.21	-21.811926	-21.780999
4774.14	-21.811926	-21.780999
4777.29	-21.811926	-21.780999
4780.42	-21.811926	-21.780999
4782.55	-21.811926	-21.780999
4860.53	-21.811926	-21.780999
4864.14	-21.811926	-21.780999
4867.23	-21.811926	-21.780999
4869.33	-21.811926	-21.780999
5018.88	-21.811926	-21.780999
5018.89	-21.811926	-21.780999
5018.90	-21.811926	-21.780999
5019.81	-21.811926	-21.780999
5026.36	-21.811926	-21.780999
5031.22	-21.811926	-21.780999
5034.70	-21.811926	-21.780999
5037.47	-21.811926	-21.780999
5038.68	-21.811926	-21.780999
5119.38	-21.811926	-21.780999
5121.54	-21.811926	-21.780999
5125.74	-21.811926	-21.780999
5127.88	-21.811926	-21.780999
5273.28	-21.811926	-21.780999
5273.30	-21.811926	-21.780999
5273.32	-21.811926	-21.780999
5278.58	-21.811926	-21.780999
5282.80	-21.811926	-21.780999
5284.97	-21.811926	-21.780999
5286.93	-21.811926	-21.780999
5288.46	-21.811926	-21.780999
5366.43	-21.811926	-21.786733
5369.55	-21.811926	-21.786733
5373.18	-21.811926	-21.786733
5375.22	-21.811926	-21.786733
5538.06	-21.811926	-21.786733
5538.07	-21.811926	-21.786733
5539.72	-21.811926	-21.786733
5545.69	-21.811926	-21.786733
5549.19	-21.811926	-21.786733
5554.07	-21.811926	-21.786733
5556.09	-21.811926	-21.786733
5557.34	-21.811926	-21.786733
5641.57	-21.811926	-21.786733
5644.40	-21.811926	-21.786733
5647.24	-21.811926	-21.786733
5805.35	-21.811926	-21.786733
5805.36	-21.811926	-21.786733
5809.28	-21.811926	-21.786733
5812.83	-21.811926	-21.786733
5816.60	-21.811926	-21.786733
5818.67	-21.811926	-21.786733
5820.09	-21.811926	-21.786733
5822.57	-21.811926	-21.786733
5915.34	-21.811926	-21.786733
5917.72	-21.811926	-21.786733
5921.70	-21.811926	-21.786733
5923.75	-21.811926	-21.786733
6080.82	-21.811926	-21.786733
6080.83	-21.811926	-21.786733
6087.92	-21.811926	-21.786733
6094.77	-21.811926	-21.786733
6100.21	-21.811926	-21.786733
6103.92	-21.811926	-21.786733
6105.94	-21.811926	-21.786733
6106.78	-21.811926	-21.786733
6108.64	-21.811926	-21.787876
6190.85	-21.811926	-21.787876
6193.81	-21.811926	-21.787876
6198.17	-21.811926	-21.787876
6199.89	-21.811926	-21.787876
6339.34	-21.811926	-21.787876
6340.10	-21.811926	-21.787876
6347.10	-21.811926	-21.787876
6351.67	-21.811926	-21.787876
6354.06	-21.811926	-21.787876
6355.89	-21.811926	-21.787876
6429.03	-21.811926	-21.787876
6435.34	-21.811926	-21.787876
6437.45	-21.811926	-21.787876
6601.99	-21.811926	-21.787876
6602.00	-21.811926	-21.787876
6609.40	-21.811926	-21.787876
6614.45	-21.811926	-21.787876
6617.42	-21.811926	-21.787876
6619.69	-21.811926	-21.787876
6621.09	-21.811926	-21.787876
6622.90	-21.811926	-21.787876
6623.93	-21.811926	-21.787876
6703.58	-21.811926	-21.787876
6705.92	-21.811926	-21.787876
6847.92	-21.811926	-21.787876
6847.93	-21.811926	-21.787876
6848.08	-21.811926	-21.787876
6853.38	-21.811926	-21.787876
6857.78	-21.811926	-21.787876
6860.72	-21.811926	-21.787876
6861.62	-21.811926	-21.787876
6937.57	-21.811926	-21.787876
6941.91	-21.811926	-21.787876
7081.52	-21.811926	-21.787876
7081.53	-21.811926	-21.787876
7084.48	-21.811926	-21.787876
7090.31	-21.811926	-21.787876
7093.61	-21.811926	-21.787876
7095.30	-21.811926	-21.787876
7097.51	-21.811926	-21.787876
7098.31	-21.811926	-21.787876
7166.83	-21.811926	-21.787876
7169.12	-21.811926	-21.787876
7314.79	-21.811926	-21.787876
7314.80	-21.811926	-21.787876
7316.98	-21.811926	-21.787876
7319.15	-21.811926	-21.787876
7322.67	-21.811926	-21.787876
7326.81	-21.811926	-21.787876
7392.57	-21.811926	-21.787876
7395.58	-21.811926	-21.787876
7399.71	-21.811926	-21.787876
7554.85	-21.811926	-21.787876
7554.86	-21.811926	-21.787876
7557.01	-21.811926	-21.787876
7561.12	-21.811926	-21.787876
7564.73	-21.811926	-21.787876
7566.63	-21.811926	-21.787876
7568.55	-21.811926	-21.787876
7569.95	-21.811926	-21.787876
7643.71	-21.811926	-21.787876
7650.05	-21.811926	-21.787876
7652.37	-21.811926	-21.787876
7804.96	-21.811926	-21.787876
7811.01	-21.811926	-21.787876
7811.03	-21.811926	-21.787876
7812.54	-21.811926	-21.787876
7816.00	-21.811926	-21.787876
7819.69	-21.811926	-21.787876
7820.92	-21.811926	-21.787876
7822.79	-21.811926	-21.787876
7824.56	-21.811926	-21.787876
7894.39	-21.811926	-21.787876
7897.30	-21.811926	-21.787876
7899.55	-21.811926	-21.787876
8053.28	-21.811926	-21.787876
8067.89	-21.811926	-21.787876
8067.90	-21.811926	-21.787876
8067.91	-21.811926	-21.787876
8069.61	-21.811926	-21.787876
8071.91	-21.811926	-21.787876
8074.43	-21.811926	-21.787876
8075.57	-21.811926	-21.787876
8076.31	-21.811926	-21.787876
8150.89	-21.811926	-21.787876
8156.81	-21.811926	-21.787876
8158.75	-21.811926	-21.788769
8307.70	-21.811926	-21.788769
8307.73	-21.811926	-21.788769
8312.55	-21.811926	-21.788769
8319.02	-21.811926	-21.788769
8322.02	-21.811926	-21.788769
8324.48	-21.811926	-21.788769
8326.45	-21.857711	-21.806118
8327.81	-21.857711	-21.806118
8328.93	-21.857711	-21.806118
8404.90	-21.857711	-21.806118
8408.09	-21.857711	-21.806118
8411.01	-21.857711	-21.806118
8413.17	-21.857711	-21.806118
8571.63	-21.857711	-21.806118
8571.64	-21.857711	-21.806118
8571.65	-21.857711	-21.806118
8573.35	-21.857711	-21.806118
8576.44	-21.857711	-21.806118
8578.25	-21.857711	-21.806118
8580.91	-21.857711	-21.806118
8584.86	-21.857711	-21.806118
8658.91	-21.857711	-21.814169
8662.76	-21.857711	-21.814169
8666.20	-21.857711	-21.814169
8668.24	-21.857711	-21.814169
8827.90	-21.857711	-21.814169
8827.91	-21.857711	-21.814169
8827.91	-21.857711	-21.814169
8831.61	-21.857711	-21.814169
8836.44	-21.857711	-21.814169
8840.72	-21.857711	-21.814169
8844.50	-21.857711	-21.814169
8847.57	-21.857711	-21.814169
8848.70	-21.857711	-21.814169
8924.23	-21.857711	-21.814169
8928.22	-21.857711	-21.814169
8930.83	-21.857711	-21.814169
8932.48	-21.857711	-21.814169
9083.19	-21.857711	-21.814169
9083.20	-21.857711	-21.814169
9083.21	-21.857711	-21.814169
9085.54	-21.857711	-21.814169
9090.03	-21.857711	-21.814169
9092.71	-21.857711	-21.814169
9094.74	-21.857711	-21.814169
9097.85	-21.857711	-21.814169
9179.85	-21.857711	-21.814169
9183.48	-21.857711	-21.814169
9186.79	-21.857711	-21.814169
9188.76	-21.857711	-21.814169
9343.13	-21.857711	-21.814169
9343.14	-21.857711	-21.814169
9343.15	-21.857711	-21.814169
9345.78	-21.857711	-21.814169
9350.95	-21.857711	-21.814169
9354.41	-21.857711	-21.814169
9358.19	-21.857711	-21.814169
9360.19	-21.857711	-21.814169
9362.34	-21.857711	-21.814169
9440.07	-21.857711	-21.814169
9445.62	-21.857711	-21.814169
9447.93	-21.857711	-21.814169
9593.16	-21.857711	-21.814169
9593.17	-21.857711	-21.814169
9593.18	-21.857711	-21.814169
9596.47	-21.857711	-21.814169
9600.66	-21.857711	-21.814169
9603.46	-21.857711	-21.814169
9605.44	-21.857711	-21.814169
9607.08	-21.857711	-21.814169
9608.74	-21.857711	-21.814169
9689.99	-21.857711	-21.814169
9696.50	-21.857711	-21.814169
9698.55	-21.857711	-21.814169
9840.78	-21.857711	-21.814169
9840.79	-21.857711	-21.814169
9840.80	-21.857711	-21.814169
9840.81	-21.857711	-21.814169
9847.10	-21.857711	-21.814169
9850.09	-21.857711	-21.814169
9852.80	-21.857711	-21.814169
9854.47	-21.857711	-21.814169
9946.03	-21.857711	-21.814169
9950.10	-21.857711	-21.814169
9952.95	-21.857711	-21.814169
9955.06	-21.857711	-21.814169
10096.43	-21.857711	-21.814169
10096.44	-21.857711	-21.814169
10096.45	-21.857711	-21.814169
10096.46	-21.857711	-21.814169
10103.85	-21.857711	-21.814169
10103.86	-21.857711	-21.814169
10106.03	-21.857711	-21.814169
10109.42	-21.857711	-21.814169
10111.33	-21.857711	-21.814169
10193.52	-21.857711	-21.814169
10197.96	-21.857711	-21.814169
10200.52	-21.857711	-21.814169
10202.85	-21.857711	-21.814169
10357.61	-21.857711	-21.814169
10357.62	-21.857711	-21.814169
10357.63	-21.857711	-21.814169
10363.35	-21.857711	-21.814169
10366.03	-21.857711	-21.814169
10368.82	-21.857711	-21.814169
10371.08	-21.857711	-21.814169
10373.45	-21.857711	-21.814169
10449.64	-21.857711	-21.814169
10452.87	-21.857711	-21.814169
10458.41	-21.857711	-21.814169
10611.34	-21.857711	-21.814169
10611.35	-21.857711	-21.814169
10611.37	-21.857711	-21.814169
10614.67	-21.857711	-21.814169
10619.97	-21.857711	-21.814169
10623.25	-21.857711	-21.814169
10625.64	-21.857711	-21.814169
10628.18	-21.857711	-21.814169
10630.35	-21.857711	-21.814169
10709.66	-21.857711	-21.814169
10713.77	-21.857711	-21.814169
10716.11	-21.857711	-21.814169
10718.61	-21.857711	-21.814169
10886.92	-21.857711	-21.814169
10886.95	-21.857711	-21.814169
10891.15	-21.857711	-21.814169
10895.81	-21.857711	-21.814169
10899.38	-21.857711	-21.814169
10902.47	-21.857711	-21.814169
10904.20	-21.857711	-21.814169
10906.08	-21.857711	-21.814169
10907.16	-21.857711	-21.814169
10991.32	-21.857711	-21.814169
10995.22	-21.857711	-21.814169
10997.97	-21.857711	-21.814169
10999.96	-21.857711	-21.814169
11171.75	-21.857711	-21.814169
11171.75	-21.857711	-21.814169
11171.78	-21.857711	-21.814169
11178.23	-21.857711	-21.814169
11179.53	-21.857711	-21.814169
11185.56	-21.857711	-21.814169
11188.09	-21.857711	-21.814169
11189.59	-21.857711	-21.814169
11261.27	-21.857711	-21.814169
11265.81	-21.857711	-21.814169
11268.92	-21.857711	-21.814169
11270.84	-21.857711	-21.814169
11413.10	-21.857711	-21.814169
11413.10	-21.857711	-21.814169
11413.12	-21.857711	-21.814169
11415.18	-21.857711	-21.814169
11419.63	-21.857711	-21.814169
11423.06	-21.857711	-21.814169
11425.38	-21.857711	-21.814169
11427.15	-21.857711	-21.814169
11429.29	-21.857711	-21.814169
11504.48	-21.857711	-21.814169
11509.01	-21.857711	-21.814169
11513.00	-22.011352	-21.859889
11515.12	-22.011352	-21.859889
11659.44	-22.011352	-21.859889
11659.63	-22.011352	-21.859889
11664.45	-22.011352	-21.859889
11664.46	-22.011352	-21.859889
11667.74	-22.011352	-21.859889
11670.76	-22.011352	-21.859889
11673.47	-22.011352	-21.859889
11674.87	-22.011352	-21.859889
11756.24	-22.011352	-21.859889
11759.11	-22.011352	-21.859889
11762.96	-22.011352	-21.859889
11764.96	-22.011352	-21.859889
11922.07	-22.011352	-21.859889
11922.08	-22.011352	-21.859889
11922.08	-22.011352	-21.859889
11922.09	-22.011352	-21.859889
11926.53	-22.011352	-21.859889
11929.66	-22.011352	-21.859889
11931.36	-22.011352	-21.859889
11934.19	-22.011352	-21.859889
11936.07	-22.011352	-21.859889
12005.37	-22.011352	-21.859889
12007.90	-22.011352	-21.859889
12010.91	-22.011352	-21.862287
12012.85	-22.011352	-21.862287
12169.28	-22.011352	-21.862287
12169.29	-22.011352	-21.862287
12172.86	-22.011352	-21.862287
12177.41	-22.011352	-21.862287
12180.62	-22.011352	-21.862287
12182.71	-22.011352	-21.862287
12184.38	-22.011352	-21.862287
12185.94	-22.011352	-21.862287
12187.14	-22.011352	-21.862287
12260.08	-22.011352	-21.862287
12263.38	-22.011352	-21.862287
12268.14	-22.011352	-21.862287
12419.28	-22.011352	-21.862287
12419.29	-22.011352	-21.862287
12419.30	-22.011352	-21.862287
12422.82	-22.011352	-21.862287
12426.79	-22.011352	-21.862287
12429.48	-22.011352	-21.862287
12432.31	-22.011352	-21.862287
12434.08	-22.011352	-21.862287
12435.31	-22.011352	-21.862287
12507.24	-22.011352	-21.862287
12510.54	-22.011352	-21.862287
12512.73	-22.011352	-21.862287
12655.13	-22.011352	-21.862287
12655.14	-22.011352	-21.862287
12655.15	-22.011352	-21.862287
12660.91	-22.011352	-21.862287
12665.80	-22.011352	-21.862287
12669.21	-22.011352	-21.862287
12671.17	-22.011352	-21.862287
12672.49	-22.011352	-21.862287
12674.01	-22.011352	-21.862287
12748.73	-22.011352	-21.862287
12750.11	-22.011352	-21.862287
12754.45	-22.011352	-21.862287
12756.53	-22.011352	-21.862287
12910.56	-22.011352	-21.862287
12910.58	-22.011352	-21.862287
12910.59	-22.011352	-21.862287
12911.82	-22.011352	-21.862287
12915.84	-22.011352	-21.862287
12918.78	-22.011352	-21.862287
12921.33	-22.011352	-21.862287
12923.85	-22.011352	-21.862287
12925.40	-22.011352	-21.862287
13002.55	-22.011352	-21.862287
13005.11	-22.011352	-21.862287
13009.00	-22.011352	-21.862287
13167.53	-22.011352	-21.862287
13167.54	-22.011352	-21.862287
13167.55	-22.011352	-21.862287
13170.62	-22.011352	-21.862287
13174.68	-22.011352	-21.862287
13177.41	-22.011352	-21.862287
13180.70	-22.011352	-21.862287
13183.12	-22.011352	-21.862287
13184.35	-22.011352	-21.867240
13257.21	-22.011352	-21.867240
13260.01	-22.011352	-21.867240
13263.22	-22.011352	-21.867240
13265.11	-22.011352	-21.867240
13421.86	-22.011352	-21.867240
13421.87	-22.011352	-21.867240
13421.88	-22.011352	-21.867240
13424.08	-22.011352	-21.867240
13429.84	-22.011352	-21.867240
13433.00	-22.011352	-21.867240
13435.06	-22.011352	-21.867240
13436.97	-22.011352	-21.867240
13438.90	-22.011352	-21.867240
13516.99	-22.011352	-21.867240
13522.13	-22.011352	-21.867240
13525.35	-22.011352	-21.867240
13678.56	-22.011352	-21.867240
13678.56	-22.011352	-21.870339
13678.57	-22.011352	-21.870339
13678.57	-22.011352	-21.870339
13680.04	-22.011352	-21.870339
13687.39	-22.011352	-21.870339
13693.22	-22.011352	-21.870339
13696.96	-22.011352	-21.870339
13699.10	-22.011352	-21.870339
13773.08	-22.011352	-21.870339
13776.57	-22.011352	-21.870339
13779.21	-22.011352	-21.870339
13781.39	-22.011352	-21.870339
13922.78	-22.011352	-21.870339
13922.79	-22.011352	-21.870339
13922.80	-22.011352	-21.870339
13924.47	-22.011352	-21.870339
13929.72	-22.011352	-21.870339
13933.32	-22.011352	-21.870339
13935.72	-22.011352	-21.870339
13938.34	-22.011352	-21.870339
13940.64	-22.011352	-21.870339
