Total count: 129, Total time: 2797.57s
47.3986
82.8129
0.0000
0.0000
4.2203
99.6195
0.0000
0.0000
0.8001
100.7118
0.0000
3.3399
0.0000
2.9905
100.7024
0.0000
0.0000
1.6765
135.7929
0.0000
0.0000
4.3403
81.5594
0.0000
1.4997
0.0000
2.6071
121.8584
0.0000
0.0000
3.6571
90.6711
0.0000
0.0000
3.3082
69.9390
0.0000
1.1412
0.0000
3.0317
60.7514
11.4186
32.8182
1.5681
25.5711
8.0690
32.2171
3.7544
26.8545
12.0541
40.9889
3.2190
46.4749
6.0035
43.2708
1.6230
39.8332
13.3692
36.9080
1.9120
40.7349
8.2257
39.4242
3.4801
24.9588
8.1398
46.2549
1.7886
21.6782
5.8709
61.6454
1.1328
14.1696
11.1306
44.5730
1.7112
22.8539
7.4771
42.2863
3.9460
26.2037
6.3149
40.6435
5.7036
29.5359
6.2052
33.4538
3.1997
41.8576
7.4931
33.7519
2.1876
21.4458
8.6558
51.2910
5.8902
23.7585
4.8528
44.6400
3.4561
31.4790
7.9238
47.3052
3.5452
27.5377
6.9590
47.8652
2.3148
29.7381
7.8438
38.7813
2.2406
28.4285
5.2076
43.5313
4.3873
28.9152
8.5561
41.2595
1.8782
26.6711
10.0483
29.5556
3.1142
21.8794
9.4551
33.2598
1.7472
21.7633
