9.36	-19.259552	inf
55.72	-19.259552	inf
59.57	-21.389773	inf
61.15	-21.389773	inf
64.69	-21.389773	-19.056499
65.19	-21.389773	-19.156071
163.60	-21.389773	-19.156071
163.61	-21.389773	-19.316520
163.61	-21.389773	-19.683756
163.62	-21.389773	-19.683756
166.36	-21.389773	-20.160058
221.51	-21.389773	-20.431375
227.55	-21.389773	-20.431375
230.45	-21.389773	-20.432100
337.47	-21.389773	-20.836111
337.48	-21.389773	-21.013101
337.49	-22.139732	-21.367672
337.50	-22.139732	-21.500829
339.94	-22.139732	-21.500829
343.43	-22.139732	-21.500829
346.21	-22.139732	-21.500829
348.28	-22.139732	-21.500829
350.14	-22.139732	-21.500829
410.13	-22.197706	-21.721636
412.57	-22.197706	-21.721636
415.79	-22.197706	-21.721636
533.93	-22.198804	-21.904751
533.94	-22.207136	-22.068224
533.95	-22.207136	-22.068224
533.96	-22.207136	-22.068224
536.53	-22.207136	-22.068224
539.24	-22.207136	-22.072301
543.77	-22.207136	-22.146637
546.32	-22.207136	-22.146637
547.93	-22.207136	-22.179308
630.36	-22.207136	-22.179308
634.53	-22.207136	-22.179308
636.78	-22.207136	-22.179308
638.61	-22.207136	-22.179642
755.08	-22.207136	-22.179642
755.09	-22.207136	-22.189133
755.09	-22.207136	-22.189133
755.45	-22.232754	-22.205050
756.73	-22.232754	-22.205050
761.15	-22.237234	-22.214727
764.34	-22.237234	-22.214727
767.27	-22.237234	-22.214727
838.50	-22.237234	-22.214727
841.19	-22.237234	-22.214727
955.23	-22.237234	-22.214727
955.24	-22.237234	-22.214727
955.24	-22.237234	-22.217252
956.05	-22.237234	-22.217252
958.80	-22.237234	-22.217252
962.71	-22.237234	-22.217252
965.47	-22.237234	-22.217839
966.54	-22.237234	-22.217839
967.93	-22.237234	-22.217839
1041.42	-22.237234	-22.217839
1044.02	-22.237234	-22.217839
1046.40	-22.237234	-22.217839
1153.88	-22.237234	-22.217839
1153.88	-22.237234	-22.217839
1153.89	-22.237234	-22.217839
1153.90	-22.237234	-22.217839
1157.15	-22.237234	-22.217839
1159.26	-22.237234	-22.217839
1164.29	-22.237234	-22.217839
1166.27	-22.237234	-22.217839
1220.83	-22.237234	-22.217839
1341.38	-22.237234	-22.217839
1341.38	-22.237234	-22.222789
1341.39	-22.237234	-22.222789
1342.53	-22.237234	-22.222789
1344.47	-22.237234	-22.222789
1348.22	-22.237234	-22.222789
1350.67	-22.260055	-22.233372
1352.51	-22.260055	-22.233372
1403.96	-22.260055	-22.233372
1410.04	-22.260055	-22.233372
1412.94	-22.260055	-22.233372
1414.87	-22.260055	-22.233714
1549.44	-22.260055	-22.241767
1549.44	-22.260055	-22.241767
1549.45	-22.260055	-22.244901
1549.46	-22.260055	-22.244901
1554.80	-22.260055	-22.244901
1558.69	-22.260055	-22.244901
1559.86	-22.260055	-22.244901
1563.44	-22.260055	-22.244901
1565.49	-22.260055	-22.244901
1610.52	-22.260055	-22.244901
1615.07	-22.260055	-22.244901
1617.59	-22.260055	-22.244901
1739.83	-22.260055	-22.244901
1739.84	-22.260055	-22.244901
1739.85	-22.260055	-22.244901
1740.68	-22.285224	-22.255395
1744.61	-22.285224	-22.255395
1748.30	-22.285224	-22.255395
1750.71	-22.285224	-22.255395
1752.68	-22.285224	-22.255395
1753.67	-22.285224	-22.255395
1807.24	-22.285224	-22.255395
1810.53	-22.285224	-22.255395
1812.69	-22.285224	-22.255614
1932.12	-22.285224	-22.255614
1932.13	-22.285224	-22.255614
1932.14	-22.285224	-22.261769
1933.82	-22.285224	-22.261769
1938.27	-22.285224	-22.261769
1941.71	-22.285224	-22.261769
1945.13	-22.285224	-22.264397
1946.21	-22.285224	-22.264397
1948.74	-22.285224	-22.264397
2009.64	-22.285224	-22.264397
2012.16	-22.285224	-22.264397
2014.97	-22.285224	-22.264397
2123.39	-22.285224	-22.264397
2123.40	-22.285224	-22.264397
2123.41	-22.285224	-22.264397
2123.41	-22.285224	-22.264397
2127.29	-22.381083	-22.290153
2131.22	-22.386681	-22.316430
2132.44	-22.386681	-22.316430
2135.37	-22.386681	-22.316430
2137.28	-22.386681	-22.316430
2203.68	-22.431234	-22.350666
2203.69	-22.431234	-22.350666
2207.46	-22.431234	-22.350666
2209.21	-22.431234	-22.350666
2324.65	-22.431234	-22.372541
2324.65	-22.431234	-22.387364
2324.66	-22.431234	-22.387364
2324.67	-22.431234	-22.387364
2327.72	-22.431234	-22.387364
2333.43	-22.431234	-22.387364
2335.90	-22.431234	-22.387364
2335.91	-22.431234	-22.387364
2338.70	-22.431234	-22.387364
2414.40	-22.431234	-22.387364
2417.85	-22.431234	-22.387364
2522.78	-22.431234	-22.387364
2522.78	-22.431234	-22.387364
2522.79	-22.431234	-22.387364
2522.80	-22.431234	-22.387364
2526.50	-22.431234	-22.387364
2532.94	-22.431234	-22.399701
2533.00	-22.431234	-22.399701
2536.44	-22.431234	-22.400357
2587.07	-22.431234	-22.400357
2593.94	-22.431234	-22.400357
2594.04	-22.431234	-22.400357
2718.81	-22.431234	-22.400357
2718.81	-22.431234	-22.400357
2718.82	-22.431234	-22.400357
2718.83	-22.431234	-22.400357
2721.90	-22.431234	-22.400357
2730.01	-22.431234	-22.400357
2731.25	-22.431234	-22.400357
2734.07	-22.431234	-22.400357
2736.96	-22.431234	-22.406340
2799.60	-22.431234	-22.406340
2799.60	-22.431234	-22.406340
2805.36	-22.431234	-22.406340
2806.27	-22.431234	-22.406340
2920.64	-22.431234	-22.406340
2920.65	-22.431234	-22.406340
2920.65	-22.431234	-22.410772
2921.45	-22.431234	-22.410772
2925.66	-22.431234	-22.410772
2927.18	-22.431234	-22.410772
2931.29	-22.431234	-22.410772
2932.51	-22.431234	-22.410772
2935.00	-22.431234	-22.410772
2997.74	-22.431234	-22.410772
3004.99	-22.431234	-22.410772
3007.18	-22.444803	-22.422396
3007.69	-22.444803	-22.422396
3126.37	-22.444803	-22.422396
3126.38	-22.444803	-22.422396
3126.39	-22.444803	-22.422396
3127.25	-22.444803	-22.422396
3129.94	-22.444803	-22.422396
3131.30	-22.444803	-22.422396
3135.56	-22.444803	-22.422396
3139.10	-22.444803	-22.422396
3202.51	-22.444803	-22.426084
3204.25	-22.444803	-22.426084
3207.88	-22.444803	-22.426084
3209.56	-22.444803	-22.426084
3332.40	-22.444803	-22.426084
3332.41	-22.444803	-22.426084
3332.43	-22.444803	-22.426084
3334.47	-22.444803	-22.426084
3338.96	-22.444803	-22.426084
3341.06	-22.444803	-22.426084
3344.05	-22.444803	-22.426084
3346.37	-22.444803	-22.426084
3347.85	-22.444803	-22.426084
3409.37	-22.444803	-22.426084
3412.08	-22.444803	-22.426084
3415.90	-22.473295	-22.438543
3526.81	-22.473295	-22.438543
3526.83	-22.473295	-22.438543
3526.84	-22.473295	-22.438543
3528.22	-22.473295	-22.438543
3533.55	-22.473295	-22.438543
3534.80	-22.473295	-22.438543
3541.08	-22.473295	-22.438543
3541.28	-22.473295	-22.438543
3544.76	-22.473295	-22.438543
3605.84	-22.473295	-22.438543
3610.37	-22.473295	-22.438543
3613.20	-22.473295	-22.445396
3614.92	-22.473295	-22.445396
3728.93	-22.473295	-22.445396
3728.94	-22.473295	-22.445396
3728.95	-22.473295	-22.448021
3730.11	-22.473295	-22.448021
3735.45	-22.473295	-22.448021
3738.97	-22.473295	-22.448021
3740.69	-22.473295	-22.448021
3743.06	-22.473295	-22.448021
3745.23	-22.473295	-22.448021
3808.79	-22.473295	-22.450434
3809.70	-22.473295	-22.450434
3813.47	-22.481002	-22.459538
3926.22	-22.481002	-22.460724
3926.23	-22.481002	-22.460724
3926.24	-22.481002	-22.460724
3926.31	-22.481002	-22.460724
3930.50	-22.481002	-22.460724
3934.59	-22.481002	-22.460724
3938.07	-22.481002	-22.460724
3940.73	-22.481002	-22.461114
3942.46	-22.481002	-22.463874
4004.16	-22.481002	-22.467977
4005.31	-22.481002	-22.467977
4009.94	-22.481002	-22.467977
4011.61	-22.481002	-22.468027
4120.50	-22.481002	-22.468027
4120.51	-22.481376	-22.473194
4120.52	-22.481376	-22.473194
4121.97	-22.481376	-22.473194
4126.06	-22.481376	-22.473194
4129.40	-22.481376	-22.473194
4131.93	-22.481376	-22.473194
4134.38	-22.481376	-22.473194
4136.13	-22.481376	-22.473194
4188.27	-22.481376	-22.473194
4192.92	-22.481376	-22.473194
4301.39	-22.481376	-22.473356
4301.40	-22.481376	-22.473356
4301.40	-22.481376	-22.473356
4301.41	-22.481376	-22.473356
4306.42	-22.481376	-22.473356
4309.79	-22.488287	-22.478741
4310.93	-22.488287	-22.478741
4314.51	-22.488287	-22.478741
4316.47	-22.488287	-22.478741
4374.03	-22.488287	-22.478741
4377.58	-22.488287	-22.478741
4378.76	-22.488287	-22.478741
4378.77	-22.488287	-22.478741
