2025-02-09 04:00:00,663 - INFO - Starting training process...
2025-02-09 04:00:00,663 - INFO - Loading data...
2025-02-09 04:00:01,929 - INFO - Loaded 2915 code samples
2025-02-09 04:00:01,929 - INFO - Performance statistics:
2025-02-09 04:00:01,929 - INFO -   Mean: 10.6621
2025-02-09 04:00:01,929 - INFO -   Std: 0.0755
2025-02-09 04:00:01,929 - INFO -   Min: 10.5913
2025-02-09 04:00:01,929 - INFO -   Max: 10.9718
2025-02-09 04:00:01,930 - INFO - Loading predefined dataset split...
2025-02-09 04:00:01,931 - INFO - Loaded split info - Train: 2332, Test: 583
2025-02-09 04:00:03,943 - INFO - Selected 3000 balanced training pairs
2025-02-09 04:00:04,284 - INFO - Selected 1000 balanced test pairs
2025-02-09 04:00:04,543 - INFO - Starting training...
2025-02-09 04:00:04,544 - INFO - Total training pairs: 3000
2025-02-09 04:00:04,544 - INFO - Batch size: 32
2025-02-09 04:00:04,544 - INFO - Max epochs: 200
2025-02-09 04:00:04,544 - INFO - 
Epoch 1/200
2025-02-09 04:00:04,544 - INFO - Processing batches...
2025-02-09 04:00:05,909 - INFO - Epoch 1 Results:
2025-02-09 04:00:05,909 - INFO -   Average Loss: 0.6432
2025-02-09 04:00:05,909 - INFO -   Training Accuracy: 0.6370
2025-02-09 04:00:05,910 - INFO -   New best loss achieved!
2025-02-09 04:00:05,910 - INFO - 
Epoch 2/200
2025-02-09 04:00:05,910 - INFO - Processing batches...
2025-02-09 04:00:07,307 - INFO - Epoch 2 Results:
2025-02-09 04:00:07,307 - INFO -   Average Loss: 0.5622
2025-02-09 04:00:07,307 - INFO -   Training Accuracy: 0.7377
2025-02-09 04:00:07,308 - INFO -   New best loss achieved!
2025-02-09 04:00:07,308 - INFO - 
Epoch 3/200
2025-02-09 04:00:07,308 - INFO - Processing batches...
2025-02-09 04:00:08,646 - INFO - Epoch 3 Results:
2025-02-09 04:00:08,646 - INFO -   Average Loss: 0.5272
2025-02-09 04:00:08,646 - INFO -   Training Accuracy: 0.7750
2025-02-09 04:00:08,646 - INFO -   New best loss achieved!
2025-02-09 04:00:08,646 - INFO - 
Epoch 4/200
2025-02-09 04:00:08,646 - INFO - Processing batches...
2025-02-09 04:00:10,040 - INFO - Epoch 4 Results:
2025-02-09 04:00:10,040 - INFO -   Average Loss: 0.4981
2025-02-09 04:00:10,040 - INFO -   Training Accuracy: 0.8080
2025-02-09 04:00:10,040 - INFO -   New best loss achieved!
2025-02-09 04:00:10,040 - INFO - 
Epoch 5/200
2025-02-09 04:00:10,040 - INFO - Processing batches...
2025-02-09 04:00:11,422 - INFO - Epoch 5 Results:
2025-02-09 04:00:11,422 - INFO -   Average Loss: 0.4810
2025-02-09 04:00:11,422 - INFO -   Training Accuracy: 0.8267
2025-02-09 04:00:11,422 - INFO -   New best loss achieved!
2025-02-09 04:00:11,422 - INFO - 
Epoch 6/200
2025-02-09 04:00:11,422 - INFO - Processing batches...
2025-02-09 04:00:12,794 - INFO - Epoch 6 Results:
2025-02-09 04:00:12,794 - INFO -   Average Loss: 0.4844
2025-02-09 04:00:12,794 - INFO -   Training Accuracy: 0.8220
2025-02-09 04:00:12,794 - INFO -   No improvement for 1 epochs
2025-02-09 04:00:12,794 - INFO - 
Epoch 7/200
2025-02-09 04:00:12,794 - INFO - Processing batches...
2025-02-09 04:00:14,210 - INFO - Epoch 7 Results:
2025-02-09 04:00:14,210 - INFO -   Average Loss: 0.4632
2025-02-09 04:00:14,210 - INFO -   Training Accuracy: 0.8463
2025-02-09 04:00:14,210 - INFO -   New best loss achieved!
2025-02-09 04:00:14,211 - INFO - 
Epoch 8/200
2025-02-09 04:00:14,211 - INFO - Processing batches...
2025-02-09 04:00:15,581 - INFO - Epoch 8 Results:
2025-02-09 04:00:15,581 - INFO -   Average Loss: 0.4577
2025-02-09 04:00:15,581 - INFO -   Training Accuracy: 0.8520
2025-02-09 04:00:15,581 - INFO -   New best loss achieved!
2025-02-09 04:00:15,581 - INFO - 
Epoch 9/200
2025-02-09 04:00:15,581 - INFO - Processing batches...
2025-02-09 04:00:17,011 - INFO - Epoch 9 Results:
2025-02-09 04:00:17,011 - INFO -   Average Loss: 0.4588
2025-02-09 04:00:17,011 - INFO -   Training Accuracy: 0.8490
2025-02-09 04:00:17,011 - INFO -   No improvement for 1 epochs
2025-02-09 04:00:17,011 - INFO - 
Epoch 10/200
2025-02-09 04:00:17,012 - INFO - Processing batches...
2025-02-09 04:00:18,469 - INFO - Epoch 10 Results:
2025-02-09 04:00:18,469 - INFO -   Average Loss: 0.4518
2025-02-09 04:00:18,469 - INFO -   Training Accuracy: 0.8543
2025-02-09 04:00:18,469 - INFO -   New best loss achieved!
2025-02-09 04:00:18,470 - INFO - 
Epoch 11/200
2025-02-09 04:00:18,470 - INFO - Processing batches...
2025-02-09 04:00:19,954 - INFO - Epoch 11 Results:
2025-02-09 04:00:19,954 - INFO -   Average Loss: 0.4463
2025-02-09 04:00:19,954 - INFO -   Training Accuracy: 0.8613
2025-02-09 04:00:19,954 - INFO -   New best loss achieved!
2025-02-09 04:00:19,954 - INFO - 
Epoch 12/200
2025-02-09 04:00:19,954 - INFO - Processing batches...
2025-02-09 04:00:21,431 - INFO - Epoch 12 Results:
2025-02-09 04:00:21,432 - INFO -   Average Loss: 0.4409
2025-02-09 04:00:21,432 - INFO -   Training Accuracy: 0.8693
2025-02-09 04:00:21,432 - INFO -   New best loss achieved!
2025-02-09 04:00:21,432 - INFO - 
Epoch 13/200
2025-02-09 04:00:21,432 - INFO - Processing batches...
2025-02-09 04:00:22,951 - INFO - Epoch 13 Results:
2025-02-09 04:00:22,951 - INFO -   Average Loss: 0.4424
2025-02-09 04:00:22,951 - INFO -   Training Accuracy: 0.8640
2025-02-09 04:00:22,951 - INFO -   No improvement for 1 epochs
2025-02-09 04:00:22,951 - INFO - 
Epoch 14/200
2025-02-09 04:00:22,951 - INFO - Processing batches...
2025-02-09 04:00:24,466 - INFO - Epoch 14 Results:
2025-02-09 04:00:24,466 - INFO -   Average Loss: 0.4380
2025-02-09 04:00:24,466 - INFO -   Training Accuracy: 0.8707
2025-02-09 04:00:24,466 - INFO -   New best loss achieved!
2025-02-09 04:00:24,466 - INFO - 
Epoch 15/200
2025-02-09 04:00:24,466 - INFO - Processing batches...
2025-02-09 04:00:25,934 - INFO - Epoch 15 Results:
2025-02-09 04:00:25,934 - INFO -   Average Loss: 0.4317
2025-02-09 04:00:25,935 - INFO -   Training Accuracy: 0.8757
2025-02-09 04:00:25,935 - INFO -   New best loss achieved!
2025-02-09 04:00:25,935 - INFO - 
Epoch 16/200
2025-02-09 04:00:25,935 - INFO - Processing batches...
2025-02-09 04:00:27,444 - INFO - Epoch 16 Results:
2025-02-09 04:00:27,444 - INFO -   Average Loss: 0.4290
2025-02-09 04:00:27,444 - INFO -   Training Accuracy: 0.8817
2025-02-09 04:00:27,444 - INFO -   New best loss achieved!
2025-02-09 04:00:27,445 - INFO - 
Epoch 17/200
2025-02-09 04:00:27,445 - INFO - Processing batches...
2025-02-09 04:00:28,956 - INFO - Epoch 17 Results:
2025-02-09 04:00:28,956 - INFO -   Average Loss: 0.4305
2025-02-09 04:00:28,956 - INFO -   Training Accuracy: 0.8753
2025-02-09 04:00:28,956 - INFO -   No improvement for 1 epochs
2025-02-09 04:00:28,956 - INFO - 
Epoch 18/200
2025-02-09 04:00:28,956 - INFO - Processing batches...
2025-02-09 04:00:30,533 - INFO - Epoch 18 Results:
2025-02-09 04:00:30,533 - INFO -   Average Loss: 0.4306
2025-02-09 04:00:30,533 - INFO -   Training Accuracy: 0.8783
2025-02-09 04:00:30,533 - INFO -   No improvement for 2 epochs
2025-02-09 04:00:30,533 - INFO - 
Epoch 19/200
2025-02-09 04:00:30,533 - INFO - Processing batches...
2025-02-09 04:00:32,221 - INFO - Epoch 19 Results:
2025-02-09 04:00:32,221 - INFO -   Average Loss: 0.4336
2025-02-09 04:00:32,221 - INFO -   Training Accuracy: 0.8743
2025-02-09 04:00:32,221 - INFO -   No improvement for 3 epochs
2025-02-09 04:00:32,221 - INFO - 
Epoch 20/200
2025-02-09 04:00:32,221 - INFO - Processing batches...
2025-02-09 04:00:34,011 - INFO - Epoch 20 Results:
2025-02-09 04:00:34,011 - INFO -   Average Loss: 0.4181
2025-02-09 04:00:34,011 - INFO -   Training Accuracy: 0.8947
2025-02-09 04:00:34,011 - INFO -   New best loss achieved!
2025-02-09 04:00:34,012 - INFO - 
Epoch 21/200
2025-02-09 04:00:34,012 - INFO - Processing batches...
2025-02-09 04:00:35,857 - INFO - Epoch 21 Results:
2025-02-09 04:00:35,858 - INFO -   Average Loss: 0.4228
2025-02-09 04:00:35,858 - INFO -   Training Accuracy: 0.8883
2025-02-09 04:00:35,858 - INFO -   No improvement for 1 epochs
2025-02-09 04:00:35,858 - INFO - 
Epoch 22/200
2025-02-09 04:00:35,858 - INFO - Processing batches...
2025-02-09 04:00:37,595 - INFO - Epoch 22 Results:
2025-02-09 04:00:37,595 - INFO -   Average Loss: 0.4152
2025-02-09 04:00:37,595 - INFO -   Training Accuracy: 0.8960
2025-02-09 04:00:37,595 - INFO -   New best loss achieved!
2025-02-09 04:00:37,595 - INFO - 
Epoch 23/200
2025-02-09 04:00:37,595 - INFO - Processing batches...
2025-02-09 04:00:39,383 - INFO - Epoch 23 Results:
2025-02-09 04:00:39,383 - INFO -   Average Loss: 0.4161
2025-02-09 04:00:39,383 - INFO -   Training Accuracy: 0.8937
2025-02-09 04:00:39,383 - INFO -   No improvement for 1 epochs
2025-02-09 04:00:39,383 - INFO - 
Epoch 24/200
2025-02-09 04:00:39,383 - INFO - Processing batches...
2025-02-09 04:00:41,238 - INFO - Epoch 24 Results:
2025-02-09 04:00:41,240 - INFO -   Average Loss: 0.4178
2025-02-09 04:00:41,240 - INFO -   Training Accuracy: 0.8903
2025-02-09 04:00:41,240 - INFO -   No improvement for 2 epochs
2025-02-09 04:00:41,240 - INFO - 
Epoch 25/200
2025-02-09 04:00:41,240 - INFO - Processing batches...
2025-02-09 04:00:43,055 - INFO - Epoch 25 Results:
2025-02-09 04:00:43,056 - INFO -   Average Loss: 0.4099
2025-02-09 04:00:43,056 - INFO -   Training Accuracy: 0.8983
2025-02-09 04:00:43,056 - INFO -   New best loss achieved!
2025-02-09 04:00:43,056 - INFO - 
Epoch 26/200
2025-02-09 04:00:43,056 - INFO - Processing batches...
2025-02-09 04:00:44,937 - INFO - Epoch 26 Results:
2025-02-09 04:00:44,937 - INFO -   Average Loss: 0.4133
2025-02-09 04:00:44,937 - INFO -   Training Accuracy: 0.8980
2025-02-09 04:00:44,937 - INFO -   No improvement for 1 epochs
2025-02-09 04:00:44,938 - INFO - 
Epoch 27/200
2025-02-09 04:00:44,938 - INFO - Processing batches...
2025-02-09 04:00:46,781 - INFO - Epoch 27 Results:
2025-02-09 04:00:46,781 - INFO -   Average Loss: 0.4152
2025-02-09 04:00:46,781 - INFO -   Training Accuracy: 0.8967
2025-02-09 04:00:46,781 - INFO -   No improvement for 2 epochs
2025-02-09 04:00:46,782 - INFO - 
Epoch 28/200
2025-02-09 04:00:46,782 - INFO - Processing batches...
2025-02-09 04:00:48,614 - INFO - Epoch 28 Results:
2025-02-09 04:00:48,614 - INFO -   Average Loss: 0.4072
2025-02-09 04:00:48,614 - INFO -   Training Accuracy: 0.9033
2025-02-09 04:00:48,614 - INFO -   New best loss achieved!
2025-02-09 04:00:48,615 - INFO - 
Epoch 29/200
2025-02-09 04:00:48,615 - INFO - Processing batches...
2025-02-09 04:00:50,413 - INFO - Epoch 29 Results:
2025-02-09 04:00:50,413 - INFO -   Average Loss: 0.4095
2025-02-09 04:00:50,413 - INFO -   Training Accuracy: 0.9010
2025-02-09 04:00:50,413 - INFO -   No improvement for 1 epochs
2025-02-09 04:00:50,413 - INFO - 
Epoch 30/200
2025-02-09 04:00:50,413 - INFO - Processing batches...
2025-02-09 04:00:52,212 - INFO - Epoch 30 Results:
2025-02-09 04:00:52,212 - INFO -   Average Loss: 0.4032
2025-02-09 04:00:52,212 - INFO -   Training Accuracy: 0.9067
2025-02-09 04:00:52,212 - INFO -   New best loss achieved!
2025-02-09 04:00:52,212 - INFO - 
Epoch 31/200
2025-02-09 04:00:52,212 - INFO - Processing batches...
2025-02-09 04:00:54,102 - INFO - Epoch 31 Results:
2025-02-09 04:00:54,102 - INFO -   Average Loss: 0.4068
2025-02-09 04:00:54,102 - INFO -   Training Accuracy: 0.9043
2025-02-09 04:00:54,102 - INFO -   No improvement for 1 epochs
2025-02-09 04:00:54,102 - INFO - 
Epoch 32/200
2025-02-09 04:00:54,103 - INFO - Processing batches...
2025-02-09 04:00:56,042 - INFO - Epoch 32 Results:
2025-02-09 04:00:56,042 - INFO -   Average Loss: 0.4004
2025-02-09 04:00:56,042 - INFO -   Training Accuracy: 0.9103
2025-02-09 04:00:56,042 - INFO -   New best loss achieved!
2025-02-09 04:00:56,043 - INFO - 
Epoch 33/200
2025-02-09 04:00:56,043 - INFO - Processing batches...
2025-02-09 04:00:57,926 - INFO - Epoch 33 Results:
2025-02-09 04:00:57,926 - INFO -   Average Loss: 0.4116
2025-02-09 04:00:57,926 - INFO -   Training Accuracy: 0.9000
2025-02-09 04:00:57,926 - INFO -   No improvement for 1 epochs
2025-02-09 04:00:57,926 - INFO - 
Epoch 34/200
2025-02-09 04:00:57,926 - INFO - Processing batches...
2025-02-09 04:00:59,763 - INFO - Epoch 34 Results:
2025-02-09 04:00:59,763 - INFO -   Average Loss: 0.4012
2025-02-09 04:00:59,763 - INFO -   Training Accuracy: 0.9097
2025-02-09 04:00:59,763 - INFO -   No improvement for 2 epochs
2025-02-09 04:00:59,763 - INFO - 
Epoch 35/200
2025-02-09 04:00:59,763 - INFO - Processing batches...
2025-02-09 04:01:01,583 - INFO - Epoch 35 Results:
2025-02-09 04:01:01,583 - INFO -   Average Loss: 0.4068
2025-02-09 04:01:01,583 - INFO -   Training Accuracy: 0.9047
2025-02-09 04:01:01,583 - INFO -   No improvement for 3 epochs
2025-02-09 04:01:01,583 - INFO - 
Epoch 36/200
2025-02-09 04:01:01,583 - INFO - Processing batches...
2025-02-09 04:01:03,386 - INFO - Epoch 36 Results:
2025-02-09 04:01:03,386 - INFO -   Average Loss: 0.3921
2025-02-09 04:01:03,386 - INFO -   Training Accuracy: 0.9190
2025-02-09 04:01:03,386 - INFO -   New best loss achieved!
2025-02-09 04:01:03,386 - INFO - 
Epoch 37/200
2025-02-09 04:01:03,386 - INFO - Processing batches...
2025-02-09 04:01:05,186 - INFO - Epoch 37 Results:
2025-02-09 04:01:05,186 - INFO -   Average Loss: 0.4048
2025-02-09 04:01:05,186 - INFO -   Training Accuracy: 0.9043
2025-02-09 04:01:05,186 - INFO -   No improvement for 1 epochs
2025-02-09 04:01:05,186 - INFO - 
Epoch 38/200
2025-02-09 04:01:05,186 - INFO - Processing batches...
2025-02-09 04:01:06,967 - INFO - Epoch 38 Results:
2025-02-09 04:01:06,968 - INFO -   Average Loss: 0.3987
2025-02-09 04:01:06,968 - INFO -   Training Accuracy: 0.9123
2025-02-09 04:01:06,968 - INFO -   No improvement for 2 epochs
2025-02-09 04:01:06,968 - INFO - 
Epoch 39/200
2025-02-09 04:01:06,968 - INFO - Processing batches...
2025-02-09 04:01:08,736 - INFO - Epoch 39 Results:
2025-02-09 04:01:08,736 - INFO -   Average Loss: 0.3987
2025-02-09 04:01:08,736 - INFO -   Training Accuracy: 0.9107
2025-02-09 04:01:08,736 - INFO -   No improvement for 3 epochs
2025-02-09 04:01:08,736 - INFO - 
Epoch 40/200
2025-02-09 04:01:08,736 - INFO - Processing batches...
2025-02-09 04:01:10,500 - INFO - Epoch 40 Results:
2025-02-09 04:01:10,501 - INFO -   Average Loss: 0.4037
2025-02-09 04:01:10,501 - INFO -   Training Accuracy: 0.9053
2025-02-09 04:01:10,501 - INFO -   No improvement for 4 epochs
2025-02-09 04:01:10,501 - INFO - 
Epoch 41/200
2025-02-09 04:01:10,501 - INFO - Processing batches...
2025-02-09 04:01:12,285 - INFO - Epoch 41 Results:
2025-02-09 04:01:12,285 - INFO -   Average Loss: 0.4042
2025-02-09 04:01:12,285 - INFO -   Training Accuracy: 0.9040
2025-02-09 04:01:12,285 - INFO -   No improvement for 5 epochs
2025-02-09 04:01:12,285 - INFO - 
Epoch 42/200
2025-02-09 04:01:12,285 - INFO - Processing batches...
2025-02-09 04:01:14,090 - INFO - Epoch 42 Results:
2025-02-09 04:01:14,091 - INFO -   Average Loss: 0.3994
2025-02-09 04:01:14,091 - INFO -   Training Accuracy: 0.9110
2025-02-09 04:01:14,091 - INFO -   No improvement for 6 epochs
2025-02-09 04:01:14,091 - INFO - 
Epoch 43/200
2025-02-09 04:01:14,091 - INFO - Processing batches...
2025-02-09 04:01:15,879 - INFO - Epoch 43 Results:
2025-02-09 04:01:15,879 - INFO -   Average Loss: 0.4039
2025-02-09 04:01:15,879 - INFO -   Training Accuracy: 0.9047
2025-02-09 04:01:15,879 - INFO -   No improvement for 7 epochs
2025-02-09 04:01:15,880 - INFO - 
Epoch 44/200
2025-02-09 04:01:15,880 - INFO - Processing batches...
2025-02-09 04:01:17,683 - INFO - Epoch 44 Results:
2025-02-09 04:01:17,684 - INFO -   Average Loss: 0.4006
2025-02-09 04:01:17,684 - INFO -   Training Accuracy: 0.9093
2025-02-09 04:01:17,684 - INFO -   No improvement for 8 epochs
2025-02-09 04:01:17,684 - INFO - 
Epoch 45/200
2025-02-09 04:01:17,684 - INFO - Processing batches...
2025-02-09 04:01:19,476 - INFO - Epoch 45 Results:
2025-02-09 04:01:19,476 - INFO -   Average Loss: 0.3961
2025-02-09 04:01:19,476 - INFO -   Training Accuracy: 0.9157
2025-02-09 04:01:19,476 - INFO -   No improvement for 9 epochs
2025-02-09 04:01:19,477 - INFO - 
Epoch 46/200
2025-02-09 04:01:19,477 - INFO - Processing batches...
2025-02-09 04:01:21,264 - INFO - Epoch 46 Results:
2025-02-09 04:01:21,264 - INFO -   Average Loss: 0.3994
2025-02-09 04:01:21,264 - INFO -   Training Accuracy: 0.9087
2025-02-09 04:01:21,264 - INFO -   No improvement for 10 epochs
2025-02-09 04:01:21,264 - INFO - Early stopping triggered after 46 epochs
2025-02-09 04:01:21,264 - INFO - 
Training completed!
2025-02-09 04:01:21,264 - INFO - Best loss achieved: 0.3921
2025-02-09 04:01:21,272 - INFO - Model saved to ./results/best_performance_predictor_3000samples.pth
2025-02-09 04:01:21,272 - INFO - Starting model evaluation...
2025-02-09 04:01:22,471 - INFO - 
Detailed Evaluation Results:
2025-02-09 04:01:22,472 - INFO - ==================================================
2025-02-09 04:01:22,472 - INFO - very_close:
2025-02-09 04:01:22,472 - INFO -   Total pairs: 250
2025-02-09 04:01:22,472 - INFO -   Correct predictions: 141
2025-02-09 04:01:22,472 - INFO -   Accuracy: 0.5640
2025-02-09 04:01:22,472 - INFO - close:
2025-02-09 04:01:22,472 - INFO -   Total pairs: 250
2025-02-09 04:01:22,472 - INFO -   Correct predictions: 178
2025-02-09 04:01:22,472 - INFO -   Accuracy: 0.7120
2025-02-09 04:01:22,472 - INFO - medium:
2025-02-09 04:01:22,473 - INFO -   Total pairs: 250
2025-02-09 04:01:22,473 - INFO -   Correct predictions: 205
2025-02-09 04:01:22,473 - INFO -   Accuracy: 0.8200
2025-02-09 04:01:22,473 - INFO - far:
2025-02-09 04:01:22,473 - INFO -   Total pairs: 250
2025-02-09 04:01:22,473 - INFO -   Correct predictions: 219
2025-02-09 04:01:22,473 - INFO -   Accuracy: 0.8760
2025-02-09 04:01:22,473 - INFO - 
Overall Results:
2025-02-09 04:01:22,473 - INFO - Total test pairs: 1000
2025-02-09 04:01:22,473 - INFO - Total correct predictions: 743
2025-02-09 04:01:22,473 - INFO - Overall accuracy: 0.7430
2025-02-09 04:01:22,486 - INFO - Evaluation results saved to ./results/evaluation_results_20250209_040122.json
